
==========================================================================
global place report_tns
--------------------------------------------------------------------------
tns max 0.00

==========================================================================
global place report_wns
--------------------------------------------------------------------------
wns max 0.00

==========================================================================
global place report_worst_slack
--------------------------------------------------------------------------
worst slack max 9.03

==========================================================================
global place report_clock_min_period
--------------------------------------------------------------------------
clk period_min = 0.97 fmax = 1026.48

==========================================================================
global place report_checks -path_delay min
--------------------------------------------------------------------------
Startpoint: state[0]$_DFFE_PN1P_
            (rising edge-triggered flip-flop clocked by clk)
Endpoint: state[0]$_DFFE_PN1P_ (rising edge-triggered flip-flop clocked by clk)
Path Group: clk
Path Type: min

Fanout     Cap    Slew   Delay    Time   Description
-----------------------------------------------------------------------------
                  0.00    0.00    0.00   clock clk (rise edge)
                          0.00    0.00   clock network delay (ideal)
                  0.00    0.00    0.00 ^ state[0]$_DFFE_PN1P_/CLK (sky130_fd_sc_hd__dfstp_2)
     3    0.01    0.03    0.35    0.35 v state[0]$_DFFE_PN1P_/Q (sky130_fd_sc_hd__dfstp_2)
                                         net3 (net)
                  0.03    0.00    0.35 v _17_/A (sky130_fd_sc_hd__nor2_1)
     1    0.00    0.08    0.10    0.45 ^ _17_/Y (sky130_fd_sc_hd__nor2_1)
                                         _12_ (net)
                  0.08    0.00    0.45 ^ _18_/B1 (sky130_fd_sc_hd__a21oi_1)
     1    0.00    0.03    0.04    0.49 v _18_/Y (sky130_fd_sc_hd__a21oi_1)
                                         _00_ (net)
                  0.03    0.00    0.49 v state[0]$_DFFE_PN1P_/D (sky130_fd_sc_hd__dfstp_2)
                                  0.49   data arrival time

                  0.00    0.00    0.00   clock clk (rise edge)
                          0.00    0.00   clock network delay (ideal)
                          0.00    0.00   clock reconvergence pessimism
                                  0.00 ^ state[0]$_DFFE_PN1P_/CLK (sky130_fd_sc_hd__dfstp_2)
                         -0.01   -0.01   library hold time
                                 -0.01   data required time
-----------------------------------------------------------------------------
                                 -0.01   data required time
                                 -0.49   data arrival time
-----------------------------------------------------------------------------
                                  0.50   slack (MET)



==========================================================================
global place report_checks -path_delay max
--------------------------------------------------------------------------
Startpoint: state[5]$_DFFE_PN1P_
            (rising edge-triggered flip-flop clocked by clk)
Endpoint: state[0]$_DFFE_PN1P_ (rising edge-triggered flip-flop clocked by clk)
Path Group: clk
Path Type: max

Fanout     Cap    Slew   Delay    Time   Description
-----------------------------------------------------------------------------
                  0.00    0.00    0.00   clock clk (rise edge)
                          0.00    0.00   clock network delay (ideal)
                  0.00    0.00    0.00 ^ state[5]$_DFFE_PN1P_/CLK (sky130_fd_sc_hd__dfstp_2)
     4    0.01    0.08    0.53    0.53 ^ state[5]$_DFFE_PN1P_/Q (sky130_fd_sc_hd__dfstp_2)
                                         net8 (net)
                  0.08    0.00    0.53 ^ _15_/A (sky130_fd_sc_hd__xnor2_1)
     1    0.01    0.16    0.13    0.67 ^ _15_/Y (sky130_fd_sc_hd__xnor2_1)
                                         _10_ (net)
                  0.16    0.00    0.67 ^ _16_/B (sky130_fd_sc_hd__xnor2_1)
     1    0.00    0.12    0.14    0.80 ^ _16_/Y (sky130_fd_sc_hd__xnor2_1)
                                         _11_ (net)
                  0.12    0.00    0.80 ^ _18_/A2 (sky130_fd_sc_hd__a21oi_1)
     1    0.00    0.08    0.08    0.88 v _18_/Y (sky130_fd_sc_hd__a21oi_1)
                                         _00_ (net)
                  0.08    0.00    0.88 v state[0]$_DFFE_PN1P_/D (sky130_fd_sc_hd__dfstp_2)
                                  0.88   data arrival time

                  0.00   10.00   10.00   clock clk (rise edge)
                          0.00   10.00   clock network delay (ideal)
                          0.00   10.00   clock reconvergence pessimism
                                 10.00 ^ state[0]$_DFFE_PN1P_/CLK (sky130_fd_sc_hd__dfstp_2)
                         -0.09    9.91   library setup time
                                  9.91   data required time
-----------------------------------------------------------------------------
                                  9.91   data required time
                                 -0.88   data arrival time
-----------------------------------------------------------------------------
                                  9.03   slack (MET)



==========================================================================
global place report_checks -unconstrained
--------------------------------------------------------------------------
Startpoint: state[5]$_DFFE_PN1P_
            (rising edge-triggered flip-flop clocked by clk)
Endpoint: state[0]$_DFFE_PN1P_ (rising edge-triggered flip-flop clocked by clk)
Path Group: clk
Path Type: max

Fanout     Cap    Slew   Delay    Time   Description
-----------------------------------------------------------------------------
                  0.00    0.00    0.00   clock clk (rise edge)
                          0.00    0.00   clock network delay (ideal)
                  0.00    0.00    0.00 ^ state[5]$_DFFE_PN1P_/CLK (sky130_fd_sc_hd__dfstp_2)
     4    0.01    0.08    0.53    0.53 ^ state[5]$_DFFE_PN1P_/Q (sky130_fd_sc_hd__dfstp_2)
                                         net8 (net)
                  0.08    0.00    0.53 ^ _15_/A (sky130_fd_sc_hd__xnor2_1)
     1    0.01    0.16    0.13    0.67 ^ _15_/Y (sky130_fd_sc_hd__xnor2_1)
                                         _10_ (net)
                  0.16    0.00    0.67 ^ _16_/B (sky130_fd_sc_hd__xnor2_1)
     1    0.00    0.12    0.14    0.80 ^ _16_/Y (sky130_fd_sc_hd__xnor2_1)
                                         _11_ (net)
                  0.12    0.00    0.80 ^ _18_/A2 (sky130_fd_sc_hd__a21oi_1)
     1    0.00    0.08    0.08    0.88 v _18_/Y (sky130_fd_sc_hd__a21oi_1)
                                         _00_ (net)
                  0.08    0.00    0.88 v state[0]$_DFFE_PN1P_/D (sky130_fd_sc_hd__dfstp_2)
                                  0.88   data arrival time

                  0.00   10.00   10.00   clock clk (rise edge)
                          0.00   10.00   clock network delay (ideal)
                          0.00   10.00   clock reconvergence pessimism
                                 10.00 ^ state[0]$_DFFE_PN1P_/CLK (sky130_fd_sc_hd__dfstp_2)
                         -0.09    9.91   library setup time
                                  9.91   data required time
-----------------------------------------------------------------------------
                                  9.91   data required time
                                 -0.88   data arrival time
-----------------------------------------------------------------------------
                                  9.03   slack (MET)



==========================================================================
global place report_power
--------------------------------------------------------------------------
Group                  Internal  Switching    Leakage      Total
                          Power      Power      Power      Power (Watts)
----------------------------------------------------------------
Sequential             6.16e-05   1.28e-05   8.42e-11   7.45e-05  53.2%
Combinational          4.84e-05   1.71e-05   7.50e-11   6.55e-05  46.8%
Clock                  0.00e+00   0.00e+00   0.00e+00   0.00e+00   0.0%
Macro                  0.00e+00   0.00e+00   0.00e+00   0.00e+00   0.0%
Pad                    0.00e+00   0.00e+00   0.00e+00   0.00e+00   0.0%
----------------------------------------------------------------
Total                  1.10e-04   2.99e-05   1.59e-10   1.40e-04 100.0%
                          78.6%      21.4%       0.0%
