
==========================================================================
resizer report_tns
--------------------------------------------------------------------------
tns max 0.00

==========================================================================
resizer report_wns
--------------------------------------------------------------------------
wns max 0.00

==========================================================================
resizer report_worst_slack
--------------------------------------------------------------------------
worst slack max 9.03

==========================================================================
resizer report_clock_min_period
--------------------------------------------------------------------------
clk period_min = 0.97 fmax = 1026.48

==========================================================================
resizer report_checks -path_delay min
--------------------------------------------------------------------------
Startpoint: state[0]$_DFFE_PN1P_
            (rising edge-triggered flip-flop clocked by clk)
Endpoint: state[0]$_DFFE_PN1P_ (rising edge-triggered flip-flop clocked by clk)
Path Group: clk
Path Type: min

Fanout     Cap    Slew   Delay    Time   Description
-----------------------------------------------------------------------------
                  0.00    0.00    0.00   clock clk (rise edge)
                          0.00    0.00   clock network delay (ideal)
                  0.00    0.00    0.00 ^ state[0]$_DFFE_PN1P_/CLK (sky130_fd_sc_hd__dfstp_2)
     3    0.01    0.03    0.35    0.35 v state[0]$_DFFE_PN1P_/Q (sky130_fd_sc_hd__dfstp_2)
                                         net3 (net)
                  0.03    0.00    0.35 v _17_/A (sky130_fd_sc_hd__nor2_1)
     1    0.00    0.08    0.10    0.45 ^ _17_/Y (sky130_fd_sc_hd__nor2_1)
                                         _12_ (net)
                  0.08    0.00    0.45 ^ _18_/B1 (sky130_fd_sc_hd__a21oi_1)
     1    0.00    0.03    0.04    0.49 v _18_/Y (sky130_fd_sc_hd__a21oi_1)
                                         _00_ (net)
                  0.03    0.00    0.49 v state[0]$_DFFE_PN1P_/D (sky130_fd_sc_hd__dfstp_2)
                                  0.49   data arrival time

                  0.00    0.00    0.00   clock clk (rise edge)
                          0.00    0.00   clock network delay (ideal)
                          0.00    0.00   clock reconvergence pessimism
                                  0.00 ^ state[0]$_DFFE_PN1P_/CLK (sky130_fd_sc_hd__dfstp_2)
                         -0.01   -0.01   library hold time
                                 -0.01   data required time
-----------------------------------------------------------------------------
                                 -0.01   data required time
                                 -0.49   data arrival time
-----------------------------------------------------------------------------
                                  0.50   slack (MET)



==========================================================================
resizer report_checks -path_delay max
--------------------------------------------------------------------------
Startpoint: state[5]$_DFFE_PN1P_
            (rising edge-triggered flip-flop clocked by clk)
Endpoint: state[0]$_DFFE_PN1P_ (rising edge-triggered flip-flop clocked by clk)
Path Group: clk
Path Type: max

Fanout     Cap    Slew   Delay    Time   Description
-----------------------------------------------------------------------------
                  0.00    0.00    0.00   clock clk (rise edge)
                          0.00    0.00   clock network delay (ideal)
                  0.00    0.00    0.00 ^ state[5]$_DFFE_PN1P_/CLK (sky130_fd_sc_hd__dfstp_2)
     4    0.01    0.08    0.53    0.53 ^ state[5]$_DFFE_PN1P_/Q (sky130_fd_sc_hd__dfstp_2)
                                         net8 (net)
                  0.08    0.00    0.53 ^ _15_/A (sky130_fd_sc_hd__xnor2_1)
     1    0.01    0.16    0.13    0.67 ^ _15_/Y (sky130_fd_sc_hd__xnor2_1)
                                         _10_ (net)
                  0.16    0.00    0.67 ^ _16_/B (sky130_fd_sc_hd__xnor2_1)
     1    0.00    0.12    0.14    0.80 ^ _16_/Y (sky130_fd_sc_hd__xnor2_1)
                                         _11_ (net)
                  0.12    0.00    0.80 ^ _18_/A2 (sky130_fd_sc_hd__a21oi_1)
     1    0.00    0.08    0.08    0.88 v _18_/Y (sky130_fd_sc_hd__a21oi_1)
                                         _00_ (net)
                  0.08    0.00    0.88 v state[0]$_DFFE_PN1P_/D (sky130_fd_sc_hd__dfstp_2)
                                  0.88   data arrival time

                  0.00   10.00   10.00   clock clk (rise edge)
                          0.00   10.00   clock network delay (ideal)
                          0.00   10.00   clock reconvergence pessimism
                                 10.00 ^ state[0]$_DFFE_PN1P_/CLK (sky130_fd_sc_hd__dfstp_2)
                         -0.09    9.91   library setup time
                                  9.91   data required time
-----------------------------------------------------------------------------
                                  9.91   data required time
                                 -0.88   data arrival time
-----------------------------------------------------------------------------
                                  9.03   slack (MET)



==========================================================================
resizer report_checks -unconstrained
--------------------------------------------------------------------------
Startpoint: state[5]$_DFFE_PN1P_
            (rising edge-triggered flip-flop clocked by clk)
Endpoint: state[0]$_DFFE_PN1P_ (rising edge-triggered flip-flop clocked by clk)
Path Group: clk
Path Type: max

Fanout     Cap    Slew   Delay    Time   Description
-----------------------------------------------------------------------------
                  0.00    0.00    0.00   clock clk (rise edge)
                          0.00    0.00   clock network delay (ideal)
                  0.00    0.00    0.00 ^ state[5]$_DFFE_PN1P_/CLK (sky130_fd_sc_hd__dfstp_2)
     4    0.01    0.08    0.53    0.53 ^ state[5]$_DFFE_PN1P_/Q (sky130_fd_sc_hd__dfstp_2)
                                         net8 (net)
                  0.08    0.00    0.53 ^ _15_/A (sky130_fd_sc_hd__xnor2_1)
     1    0.01    0.16    0.13    0.67 ^ _15_/Y (sky130_fd_sc_hd__xnor2_1)
                                         _10_ (net)
                  0.16    0.00    0.67 ^ _16_/B (sky130_fd_sc_hd__xnor2_1)
     1    0.00    0.12    0.14    0.80 ^ _16_/Y (sky130_fd_sc_hd__xnor2_1)
                                         _11_ (net)
                  0.12    0.00    0.80 ^ _18_/A2 (sky130_fd_sc_hd__a21oi_1)
     1    0.00    0.08    0.08    0.88 v _18_/Y (sky130_fd_sc_hd__a21oi_1)
                                         _00_ (net)
                  0.08    0.00    0.88 v state[0]$_DFFE_PN1P_/D (sky130_fd_sc_hd__dfstp_2)
                                  0.88   data arrival time

                  0.00   10.00   10.00   clock clk (rise edge)
                          0.00   10.00   clock network delay (ideal)
                          0.00   10.00   clock reconvergence pessimism
                                 10.00 ^ state[0]$_DFFE_PN1P_/CLK (sky130_fd_sc_hd__dfstp_2)
                         -0.09    9.91   library setup time
                                  9.91   data required time
-----------------------------------------------------------------------------
                                  9.91   data required time
                                 -0.88   data arrival time
-----------------------------------------------------------------------------
                                  9.03   slack (MET)



==========================================================================
resizer report_check_types -max_slew -max_cap -max_fanout -violators
--------------------------------------------------------------------------

==========================================================================
resizer max_slew_check_slack
--------------------------------------------------------------------------
1.1641422510147095

==========================================================================
resizer max_slew_check_limit
--------------------------------------------------------------------------
1.4953149557113647

==========================================================================
resizer max_slew_check_slack_limit
--------------------------------------------------------------------------
0.7785

==========================================================================
resizer max_fanout_check_slack
--------------------------------------------------------------------------
1.0000000150474662e+30

==========================================================================
resizer max_fanout_check_limit
--------------------------------------------------------------------------
1.0000000150474662e+30

==========================================================================
resizer max_capacitance_check_slack
--------------------------------------------------------------------------
0.06431266665458679

==========================================================================
resizer max_capacitance_check_limit
--------------------------------------------------------------------------
0.0695900022983551

==========================================================================
resizer max_capacitance_check_slack_limit
--------------------------------------------------------------------------
0.9242

==========================================================================
resizer max_slew_violation_count
--------------------------------------------------------------------------
max slew violation count 0

==========================================================================
resizer max_fanout_violation_count
--------------------------------------------------------------------------
max fanout violation count 0

==========================================================================
resizer max_cap_violation_count
--------------------------------------------------------------------------
max cap violation count 0

==========================================================================
resizer setup_violation_count
--------------------------------------------------------------------------
setup violation count 0

==========================================================================
resizer hold_violation_count
--------------------------------------------------------------------------
hold violation count 0

==========================================================================
resizer report_checks -path_delay max reg to reg
--------------------------------------------------------------------------
Startpoint: state[5]$_DFFE_PN1P_
            (rising edge-triggered flip-flop clocked by clk)
Endpoint: state[0]$_DFFE_PN1P_ (rising edge-triggered flip-flop clocked by clk)
Path Group: clk
Path Type: max

  Delay    Time   Description
---------------------------------------------------------
   0.00    0.00   clock clk (rise edge)
   0.00    0.00   clock network delay (ideal)
   0.00    0.00 ^ state[5]$_DFFE_PN1P_/CLK (sky130_fd_sc_hd__dfstp_2)
   0.53    0.53 ^ state[5]$_DFFE_PN1P_/Q (sky130_fd_sc_hd__dfstp_2)
   0.13    0.67 ^ _15_/Y (sky130_fd_sc_hd__xnor2_1)
   0.14    0.80 ^ _16_/Y (sky130_fd_sc_hd__xnor2_1)
   0.08    0.88 v _18_/Y (sky130_fd_sc_hd__a21oi_1)
   0.00    0.88 v state[0]$_DFFE_PN1P_/D (sky130_fd_sc_hd__dfstp_2)
           0.88   data arrival time

  10.00   10.00   clock clk (rise edge)
   0.00   10.00   clock network delay (ideal)
   0.00   10.00   clock reconvergence pessimism
          10.00 ^ state[0]$_DFFE_PN1P_/CLK (sky130_fd_sc_hd__dfstp_2)
  -0.09    9.91   library setup time
           9.91   data required time
---------------------------------------------------------
           9.91   data required time
          -0.88   data arrival time
---------------------------------------------------------
           9.03   slack (MET)



==========================================================================
resizer report_checks -path_delay min reg to reg
--------------------------------------------------------------------------
Startpoint: state[0]$_DFFE_PN1P_
            (rising edge-triggered flip-flop clocked by clk)
Endpoint: state[0]$_DFFE_PN1P_ (rising edge-triggered flip-flop clocked by clk)
Path Group: clk
Path Type: min

  Delay    Time   Description
---------------------------------------------------------
   0.00    0.00   clock clk (rise edge)
   0.00    0.00   clock network delay (ideal)
   0.00    0.00 ^ state[0]$_DFFE_PN1P_/CLK (sky130_fd_sc_hd__dfstp_2)
   0.35    0.35 v state[0]$_DFFE_PN1P_/Q (sky130_fd_sc_hd__dfstp_2)
   0.10    0.45 ^ _17_/Y (sky130_fd_sc_hd__nor2_1)
   0.04    0.49 v _18_/Y (sky130_fd_sc_hd__a21oi_1)
   0.00    0.49 v state[0]$_DFFE_PN1P_/D (sky130_fd_sc_hd__dfstp_2)
           0.49   data arrival time

   0.00    0.00   clock clk (rise edge)
   0.00    0.00   clock network delay (ideal)
   0.00    0.00   clock reconvergence pessimism
           0.00 ^ state[0]$_DFFE_PN1P_/CLK (sky130_fd_sc_hd__dfstp_2)
  -0.01   -0.01   library hold time
          -0.01   data required time
---------------------------------------------------------
          -0.01   data required time
          -0.49   data arrival time
---------------------------------------------------------
           0.50   slack (MET)



==========================================================================
resizer critical path target clock latency max path
--------------------------------------------------------------------------
0

==========================================================================
resizer critical path target clock latency min path
--------------------------------------------------------------------------
0

==========================================================================
resizer critical path source clock latency min path
--------------------------------------------------------------------------
0

==========================================================================
resizer critical path delay
--------------------------------------------------------------------------
0.8798

==========================================================================
resizer critical path slack
--------------------------------------------------------------------------
9.0258

==========================================================================
resizer slack div critical path delay
--------------------------------------------------------------------------
1025.892248

==========================================================================
resizer report_power
--------------------------------------------------------------------------
Group                  Internal  Switching    Leakage      Total
                          Power      Power      Power      Power (Watts)
----------------------------------------------------------------
Sequential             6.16e-05   1.28e-05   8.42e-11   7.45e-05  53.2%
Combinational          4.84e-05   1.71e-05   7.50e-11   6.55e-05  46.8%
Clock                  0.00e+00   0.00e+00   0.00e+00   0.00e+00   0.0%
Macro                  0.00e+00   0.00e+00   0.00e+00   0.00e+00   0.0%
Pad                    0.00e+00   0.00e+00   0.00e+00   0.00e+00   0.0%
----------------------------------------------------------------
Total                  1.10e-04   2.99e-05   1.59e-10   1.40e-04 100.0%
                          78.6%      21.4%       0.0%
