
==========================================================================
cts final report_tns
--------------------------------------------------------------------------
tns max 0.00

==========================================================================
cts final report_wns
--------------------------------------------------------------------------
wns max 0.00

==========================================================================
cts final report_worst_slack
--------------------------------------------------------------------------
worst slack max 8.95

==========================================================================
cts final report_clock_min_period
--------------------------------------------------------------------------
clk period_min = 1.05 fmax = 949.68

==========================================================================
cts final report_clock_skew
--------------------------------------------------------------------------
Clock clk
   0.23 source latency state[4]$_DFFE_PN1P_/CLK ^
  -0.23 target latency state[5]$_DFFE_PN1P_/CLK ^
   0.00 CRPR
--------------
  -0.00 setup skew


==========================================================================
cts final report_checks -path_delay min
--------------------------------------------------------------------------
Startpoint: state[0]$_DFFE_PN1P_
            (rising edge-triggered flip-flop clocked by clk)
Endpoint: state[0]$_DFFE_PN1P_ (rising edge-triggered flip-flop clocked by clk)
Path Group: clk
Path Type: min

Fanout     Cap    Slew   Delay    Time   Description
-----------------------------------------------------------------------------
                          0.00    0.00   clock clk (rise edge)
                          0.00    0.00   clock source latency
     1    0.01    0.00    0.00    0.00 ^ clk (in)
                                         clk (net)
                  0.00    0.00    0.00 ^ clkbuf_0_clk/A (sky130_fd_sc_hd__clkbuf_8)
     2    0.02    0.04    0.11    0.11 ^ clkbuf_0_clk/X (sky130_fd_sc_hd__clkbuf_8)
                                         clknet_0_clk (net)
                  0.04    0.00    0.11 ^ clkbuf_1_0__f_clk/A (sky130_fd_sc_hd__clkbuf_8)
     4    0.01    0.04    0.12    0.23 ^ clkbuf_1_0__f_clk/X (sky130_fd_sc_hd__clkbuf_8)
                                         clknet_1_0__leaf_clk (net)
                  0.04    0.00    0.23 ^ state[0]$_DFFE_PN1P_/CLK (sky130_fd_sc_hd__dfstp_2)
     3    0.01    0.04    0.37    0.60 v state[0]$_DFFE_PN1P_/Q (sky130_fd_sc_hd__dfstp_2)
                                         net3 (net)
                  0.04    0.00    0.60 v _17_/A (sky130_fd_sc_hd__nor2_1)
     1    0.00    0.08    0.10    0.70 ^ _17_/Y (sky130_fd_sc_hd__nor2_1)
                                         _12_ (net)
                  0.08    0.00    0.70 ^ _18_/B1 (sky130_fd_sc_hd__a21oi_1)
     1    0.00    0.03    0.05    0.74 v _18_/Y (sky130_fd_sc_hd__a21oi_1)
                                         _00_ (net)
                  0.03    0.00    0.75 v state[0]$_DFFE_PN1P_/D (sky130_fd_sc_hd__dfstp_2)
                                  0.75   data arrival time

                          0.00    0.00   clock clk (rise edge)
                          0.00    0.00   clock source latency
     1    0.01    0.00    0.00    0.00 ^ clk (in)
                                         clk (net)
                  0.00    0.00    0.00 ^ clkbuf_0_clk/A (sky130_fd_sc_hd__clkbuf_8)
     2    0.02    0.04    0.11    0.11 ^ clkbuf_0_clk/X (sky130_fd_sc_hd__clkbuf_8)
                                         clknet_0_clk (net)
                  0.04    0.00    0.11 ^ clkbuf_1_0__f_clk/A (sky130_fd_sc_hd__clkbuf_8)
     4    0.01    0.04    0.12    0.23 ^ clkbuf_1_0__f_clk/X (sky130_fd_sc_hd__clkbuf_8)
                                         clknet_1_0__leaf_clk (net)
                  0.04    0.00    0.23 ^ state[0]$_DFFE_PN1P_/CLK (sky130_fd_sc_hd__dfstp_2)
                          0.00    0.23   clock reconvergence pessimism
                         -0.01    0.22   library hold time
                                  0.22   data required time
-----------------------------------------------------------------------------
                                  0.22   data required time
                                 -0.75   data arrival time
-----------------------------------------------------------------------------
                                  0.52   slack (MET)



==========================================================================
cts final report_checks -path_delay max
--------------------------------------------------------------------------
Startpoint: state[3]$_DFFE_PN1P_
            (rising edge-triggered flip-flop clocked by clk)
Endpoint: state[0]$_DFFE_PN1P_ (rising edge-triggered flip-flop clocked by clk)
Path Group: clk
Path Type: max

Fanout     Cap    Slew   Delay    Time   Description
-----------------------------------------------------------------------------
                          0.00    0.00   clock clk (rise edge)
                          0.00    0.00   clock source latency
     1    0.01    0.00    0.00    0.00 ^ clk (in)
                                         clk (net)
                  0.00    0.00    0.00 ^ clkbuf_0_clk/A (sky130_fd_sc_hd__clkbuf_8)
     2    0.02    0.04    0.11    0.11 ^ clkbuf_0_clk/X (sky130_fd_sc_hd__clkbuf_8)
                                         clknet_0_clk (net)
                  0.04    0.00    0.11 ^ clkbuf_1_1__f_clk/A (sky130_fd_sc_hd__clkbuf_8)
     4    0.01    0.04    0.12    0.23 ^ clkbuf_1_1__f_clk/X (sky130_fd_sc_hd__clkbuf_8)
                                         clknet_1_1__leaf_clk (net)
                  0.04    0.00    0.23 ^ state[3]$_DFFE_PN1P_/CLK (sky130_fd_sc_hd__dfstp_2)
     4    0.02    0.11    0.57    0.80 ^ state[3]$_DFFE_PN1P_/Q (sky130_fd_sc_hd__dfstp_2)
                                         net6 (net)
                  0.11    0.00    0.80 ^ _14_/B (sky130_fd_sc_hd__xnor2_1)
     1    0.01    0.19    0.15    0.95 ^ _14_/Y (sky130_fd_sc_hd__xnor2_1)
                                         _09_ (net)
                  0.19    0.00    0.95 ^ _16_/A (sky130_fd_sc_hd__xnor2_1)
     1    0.00    0.15    0.15    1.10 ^ _16_/Y (sky130_fd_sc_hd__xnor2_1)
                                         _11_ (net)
                  0.15    0.00    1.10 ^ _18_/A2 (sky130_fd_sc_hd__a21oi_1)
     1    0.00    0.09    0.09    1.19 v _18_/Y (sky130_fd_sc_hd__a21oi_1)
                                         _00_ (net)
                  0.09    0.00    1.19 v state[0]$_DFFE_PN1P_/D (sky130_fd_sc_hd__dfstp_2)
                                  1.19   data arrival time

                         10.00   10.00   clock clk (rise edge)
                          0.00   10.00   clock source latency
     1    0.01    0.00    0.00   10.00 ^ clk (in)
                                         clk (net)
                  0.00    0.00   10.00 ^ clkbuf_0_clk/A (sky130_fd_sc_hd__clkbuf_8)
     2    0.02    0.04    0.11   10.11 ^ clkbuf_0_clk/X (sky130_fd_sc_hd__clkbuf_8)
                                         clknet_0_clk (net)
                  0.04    0.00   10.11 ^ clkbuf_1_0__f_clk/A (sky130_fd_sc_hd__clkbuf_8)
     4    0.01    0.04    0.12   10.23 ^ clkbuf_1_0__f_clk/X (sky130_fd_sc_hd__clkbuf_8)
                                         clknet_1_0__leaf_clk (net)
                  0.04    0.00   10.23 ^ state[0]$_DFFE_PN1P_/CLK (sky130_fd_sc_hd__dfstp_2)
                          0.00   10.23   clock reconvergence pessimism
                         -0.09   10.14   library setup time
                                 10.14   data required time
-----------------------------------------------------------------------------
                                 10.14   data required time
                                 -1.19   data arrival time
-----------------------------------------------------------------------------
                                  8.95   slack (MET)



==========================================================================
cts final report_checks -unconstrained
--------------------------------------------------------------------------
Startpoint: state[3]$_DFFE_PN1P_
            (rising edge-triggered flip-flop clocked by clk)
Endpoint: state[0]$_DFFE_PN1P_ (rising edge-triggered flip-flop clocked by clk)
Path Group: clk
Path Type: max

Fanout     Cap    Slew   Delay    Time   Description
-----------------------------------------------------------------------------
                          0.00    0.00   clock clk (rise edge)
                          0.00    0.00   clock source latency
     1    0.01    0.00    0.00    0.00 ^ clk (in)
                                         clk (net)
                  0.00    0.00    0.00 ^ clkbuf_0_clk/A (sky130_fd_sc_hd__clkbuf_8)
     2    0.02    0.04    0.11    0.11 ^ clkbuf_0_clk/X (sky130_fd_sc_hd__clkbuf_8)
                                         clknet_0_clk (net)
                  0.04    0.00    0.11 ^ clkbuf_1_1__f_clk/A (sky130_fd_sc_hd__clkbuf_8)
     4    0.01    0.04    0.12    0.23 ^ clkbuf_1_1__f_clk/X (sky130_fd_sc_hd__clkbuf_8)
                                         clknet_1_1__leaf_clk (net)
                  0.04    0.00    0.23 ^ state[3]$_DFFE_PN1P_/CLK (sky130_fd_sc_hd__dfstp_2)
     4    0.02    0.11    0.57    0.80 ^ state[3]$_DFFE_PN1P_/Q (sky130_fd_sc_hd__dfstp_2)
                                         net6 (net)
                  0.11    0.00    0.80 ^ _14_/B (sky130_fd_sc_hd__xnor2_1)
     1    0.01    0.19    0.15    0.95 ^ _14_/Y (sky130_fd_sc_hd__xnor2_1)
                                         _09_ (net)
                  0.19    0.00    0.95 ^ _16_/A (sky130_fd_sc_hd__xnor2_1)
     1    0.00    0.15    0.15    1.10 ^ _16_/Y (sky130_fd_sc_hd__xnor2_1)
                                         _11_ (net)
                  0.15    0.00    1.10 ^ _18_/A2 (sky130_fd_sc_hd__a21oi_1)
     1    0.00    0.09    0.09    1.19 v _18_/Y (sky130_fd_sc_hd__a21oi_1)
                                         _00_ (net)
                  0.09    0.00    1.19 v state[0]$_DFFE_PN1P_/D (sky130_fd_sc_hd__dfstp_2)
                                  1.19   data arrival time

                         10.00   10.00   clock clk (rise edge)
                          0.00   10.00   clock source latency
     1    0.01    0.00    0.00   10.00 ^ clk (in)
                                         clk (net)
                  0.00    0.00   10.00 ^ clkbuf_0_clk/A (sky130_fd_sc_hd__clkbuf_8)
     2    0.02    0.04    0.11   10.11 ^ clkbuf_0_clk/X (sky130_fd_sc_hd__clkbuf_8)
                                         clknet_0_clk (net)
                  0.04    0.00   10.11 ^ clkbuf_1_0__f_clk/A (sky130_fd_sc_hd__clkbuf_8)
     4    0.01    0.04    0.12   10.23 ^ clkbuf_1_0__f_clk/X (sky130_fd_sc_hd__clkbuf_8)
                                         clknet_1_0__leaf_clk (net)
                  0.04    0.00   10.23 ^ state[0]$_DFFE_PN1P_/CLK (sky130_fd_sc_hd__dfstp_2)
                          0.00   10.23   clock reconvergence pessimism
                         -0.09   10.14   library setup time
                                 10.14   data required time
-----------------------------------------------------------------------------
                                 10.14   data required time
                                 -1.19   data arrival time
-----------------------------------------------------------------------------
                                  8.95   slack (MET)



==========================================================================
cts final report_check_types -max_slew -max_cap -max_fanout -violators
--------------------------------------------------------------------------

==========================================================================
cts final max_slew_check_slack
--------------------------------------------------------------------------
1.1077114343643188

==========================================================================
cts final max_slew_check_limit
--------------------------------------------------------------------------
1.4953149557113647

==========================================================================
cts final max_slew_check_slack_limit
--------------------------------------------------------------------------
0.7408

==========================================================================
cts final max_fanout_check_slack
--------------------------------------------------------------------------
1.0000000150474662e+30

==========================================================================
cts final max_fanout_check_limit
--------------------------------------------------------------------------
1.0000000150474662e+30

==========================================================================
cts final max_capacitance_check_slack
--------------------------------------------------------------------------
0.063011534512043

==========================================================================
cts final max_capacitance_check_limit
--------------------------------------------------------------------------
0.0695900022983551

==========================================================================
cts final max_capacitance_check_slack_limit
--------------------------------------------------------------------------
0.9055

==========================================================================
cts final max_slew_violation_count
--------------------------------------------------------------------------
max slew violation count 0

==========================================================================
cts final max_fanout_violation_count
--------------------------------------------------------------------------
max fanout violation count 0

==========================================================================
cts final max_cap_violation_count
--------------------------------------------------------------------------
max cap violation count 0

==========================================================================
cts final setup_violation_count
--------------------------------------------------------------------------
setup violation count 0

==========================================================================
cts final hold_violation_count
--------------------------------------------------------------------------
hold violation count 0

==========================================================================
cts final report_checks -path_delay max reg to reg
--------------------------------------------------------------------------
Startpoint: state[3]$_DFFE_PN1P_
            (rising edge-triggered flip-flop clocked by clk)
Endpoint: state[0]$_DFFE_PN1P_ (rising edge-triggered flip-flop clocked by clk)
Path Group: clk
Path Type: max

  Delay    Time   Description
---------------------------------------------------------
   0.00    0.00   clock clk (rise edge)
   0.00    0.00   clock source latency
   0.00    0.00 ^ clk (in)
   0.11    0.11 ^ clkbuf_0_clk/X (sky130_fd_sc_hd__clkbuf_8)
   0.12    0.23 ^ clkbuf_1_1__f_clk/X (sky130_fd_sc_hd__clkbuf_8)
   0.00    0.23 ^ state[3]$_DFFE_PN1P_/CLK (sky130_fd_sc_hd__dfstp_2)
   0.57    0.80 ^ state[3]$_DFFE_PN1P_/Q (sky130_fd_sc_hd__dfstp_2)
   0.15    0.95 ^ _14_/Y (sky130_fd_sc_hd__xnor2_1)
   0.15    1.10 ^ _16_/Y (sky130_fd_sc_hd__xnor2_1)
   0.09    1.19 v _18_/Y (sky130_fd_sc_hd__a21oi_1)
   0.00    1.19 v state[0]$_DFFE_PN1P_/D (sky130_fd_sc_hd__dfstp_2)
           1.19   data arrival time

  10.00   10.00   clock clk (rise edge)
   0.00   10.00   clock source latency
   0.00   10.00 ^ clk (in)
   0.11   10.11 ^ clkbuf_0_clk/X (sky130_fd_sc_hd__clkbuf_8)
   0.12   10.23 ^ clkbuf_1_0__f_clk/X (sky130_fd_sc_hd__clkbuf_8)
   0.00   10.23 ^ state[0]$_DFFE_PN1P_/CLK (sky130_fd_sc_hd__dfstp_2)
   0.00   10.23   clock reconvergence pessimism
  -0.09   10.14   library setup time
          10.14   data required time
---------------------------------------------------------
          10.14   data required time
          -1.19   data arrival time
---------------------------------------------------------
           8.95   slack (MET)



==========================================================================
cts final report_checks -path_delay min reg to reg
--------------------------------------------------------------------------
Startpoint: state[0]$_DFFE_PN1P_
            (rising edge-triggered flip-flop clocked by clk)
Endpoint: state[0]$_DFFE_PN1P_ (rising edge-triggered flip-flop clocked by clk)
Path Group: clk
Path Type: min

  Delay    Time   Description
---------------------------------------------------------
   0.00    0.00   clock clk (rise edge)
   0.00    0.00   clock source latency
   0.00    0.00 ^ clk (in)
   0.11    0.11 ^ clkbuf_0_clk/X (sky130_fd_sc_hd__clkbuf_8)
   0.12    0.23 ^ clkbuf_1_0__f_clk/X (sky130_fd_sc_hd__clkbuf_8)
   0.00    0.23 ^ state[0]$_DFFE_PN1P_/CLK (sky130_fd_sc_hd__dfstp_2)
   0.37    0.60 v state[0]$_DFFE_PN1P_/Q (sky130_fd_sc_hd__dfstp_2)
   0.10    0.70 ^ _17_/Y (sky130_fd_sc_hd__nor2_1)
   0.05    0.74 v _18_/Y (sky130_fd_sc_hd__a21oi_1)
   0.00    0.75 v state[0]$_DFFE_PN1P_/D (sky130_fd_sc_hd__dfstp_2)
           0.75   data arrival time

   0.00    0.00   clock clk (rise edge)
   0.00    0.00   clock source latency
   0.00    0.00 ^ clk (in)
   0.11    0.11 ^ clkbuf_0_clk/X (sky130_fd_sc_hd__clkbuf_8)
   0.12    0.23 ^ clkbuf_1_0__f_clk/X (sky130_fd_sc_hd__clkbuf_8)
   0.00    0.23 ^ state[0]$_DFFE_PN1P_/CLK (sky130_fd_sc_hd__dfstp_2)
   0.00    0.23   clock reconvergence pessimism
  -0.01    0.22   library hold time
           0.22   data required time
---------------------------------------------------------
           0.22   data required time
          -0.75   data arrival time
---------------------------------------------------------
           0.52   slack (MET)



==========================================================================
cts final critical path target clock latency max path
--------------------------------------------------------------------------
0

==========================================================================
cts final critical path target clock latency min path
--------------------------------------------------------------------------
0

==========================================================================
cts final critical path source clock latency min path
--------------------------------------------------------------------------
0

==========================================================================
cts final critical path delay
--------------------------------------------------------------------------
1.1913

==========================================================================
cts final critical path slack
--------------------------------------------------------------------------
8.9470

==========================================================================
cts final slack div critical path delay
--------------------------------------------------------------------------
751.028288

==========================================================================
cts final report_power
--------------------------------------------------------------------------
Group                  Internal  Switching    Leakage      Total
                          Power      Power      Power      Power (Watts)
----------------------------------------------------------------
Sequential             6.16e-05   1.69e-05   8.42e-11   7.85e-05  42.4%
Combinational          4.83e-05   1.91e-05   7.50e-11   6.74e-05  36.4%
Clock                  2.61e-05   1.30e-05   2.16e-11   3.91e-05  21.1%
Macro                  0.00e+00   0.00e+00   0.00e+00   0.00e+00   0.0%
Pad                    0.00e+00   0.00e+00   0.00e+00   0.00e+00   0.0%
----------------------------------------------------------------
Total                  1.36e-04   4.90e-05   1.81e-10   1.85e-04 100.0%
                          73.5%      26.5%       0.0%
