
==========================================================================
floorplan final report_tns
--------------------------------------------------------------------------
tns max 0.00

==========================================================================
floorplan final report_wns
--------------------------------------------------------------------------
wns max 0.00

==========================================================================
floorplan final report_worst_slack
--------------------------------------------------------------------------
worst slack max 7.73

==========================================================================
floorplan final report_clock_min_period
--------------------------------------------------------------------------
clk period_min = 2.27 fmax = 440.46

==========================================================================
floorplan final report_checks -path_delay min
--------------------------------------------------------------------------
Startpoint: second_counter[0]$_SDFF_PP0_
            (rising edge-triggered flip-flop clocked by clk)
Endpoint: second_counter[0]$_SDFF_PP0_
          (rising edge-triggered flip-flop clocked by clk)
Path Group: clk
Path Type: min

Fanout     Cap    Slew   Delay    Time   Description
-----------------------------------------------------------------------------
                  0.00    0.00    0.00   clock clk (rise edge)
                          0.00    0.00   clock network delay (ideal)
                  0.00    0.00    0.00 ^ second_counter[0]$_SDFF_PP0_/CLK (sky130_fd_sc_hd__dfxtp_1)
     5    0.01    0.06    0.31    0.31 v second_counter[0]$_SDFF_PP0_/Q (sky130_fd_sc_hd__dfxtp_1)
                                         second_counter[0] (net)
                  0.06    0.00    0.31 v _234_/A (sky130_fd_sc_hd__nor2_1)
     1    0.00    0.06    0.09    0.40 ^ _234_/Y (sky130_fd_sc_hd__nor2_1)
                                         _031_ (net)
                  0.06    0.00    0.40 ^ second_counter[0]$_SDFF_PP0_/D (sky130_fd_sc_hd__dfxtp_1)
                                  0.40   data arrival time

                  0.00    0.00    0.00   clock clk (rise edge)
                          0.00    0.00   clock network delay (ideal)
                          0.00    0.00   clock reconvergence pessimism
                                  0.00 ^ second_counter[0]$_SDFF_PP0_/CLK (sky130_fd_sc_hd__dfxtp_1)
                         -0.04   -0.04   library hold time
                                 -0.04   data required time
-----------------------------------------------------------------------------
                                 -0.04   data required time
                                 -0.40   data arrival time
-----------------------------------------------------------------------------
                                  0.44   slack (MET)



==========================================================================
floorplan final report_checks -path_delay max
--------------------------------------------------------------------------
Startpoint: second_counter[2]$_SDFF_PP0_
            (rising edge-triggered flip-flop clocked by clk)
Endpoint: seg[3]$_DFF_P_ (rising edge-triggered flip-flop clocked by clk)
Path Group: clk
Path Type: max

Fanout     Cap    Slew   Delay    Time   Description
-----------------------------------------------------------------------------
                  0.00    0.00    0.00   clock clk (rise edge)
                          0.00    0.00   clock network delay (ideal)
                  0.00    0.00    0.00 ^ second_counter[2]$_SDFF_PP0_/CLK (sky130_fd_sc_hd__dfxtp_1)
     1    0.00    0.03    0.28    0.28 v second_counter[2]$_SDFF_PP0_/Q (sky130_fd_sc_hd__dfxtp_1)
                                         second_counter[2] (net)
                  0.03    0.00    0.28 v _174_/A (sky130_fd_sc_hd__buf_6)
     7    0.02    0.04    0.12    0.41 v _174_/X (sky130_fd_sc_hd__buf_6)
                                         _152_ (net)
                  0.04    0.00    0.41 v _175_/A (sky130_fd_sc_hd__nor4b_4)
     2    0.01    0.26    0.31    0.72 ^ _175_/Y (sky130_fd_sc_hd__nor4b_4)
                                         _153_ (net)
                  0.26    0.00    0.72 ^ _178_/B (sky130_fd_sc_hd__nand4_4)
     8    0.02    0.14    0.17    0.89 v _178_/Y (sky130_fd_sc_hd__nand4_4)
                                         _156_ (net)
                  0.14    0.00    0.89 v _179_/B (sky130_fd_sc_hd__nor2_1)
     3    0.01    0.22    0.22    1.11 ^ _179_/Y (sky130_fd_sc_hd__nor2_1)
                                         _157_ (net)
                  0.22    0.00    1.11 ^ _190_/S (sky130_fd_sc_hd__mux2i_1)
     2    0.01    0.16    0.24    1.35 ^ _190_/Y (sky130_fd_sc_hd__mux2i_1)
                                         _059_ (net)
                  0.16    0.00    1.35 ^ _191_/B (sky130_fd_sc_hd__nor2_1)
     3    0.01    0.07    0.09    1.43 v _191_/Y (sky130_fd_sc_hd__nor2_1)
                                         _024_ (net)
                  0.07    0.00    1.43 v _231_/A (sky130_fd_sc_hd__inv_1)
     4    0.01    0.10    0.11    1.54 ^ _231_/Y (sky130_fd_sc_hd__inv_1)
                                         _017_ (net)
                  0.10    0.00    1.54 ^ _322_/B (sky130_fd_sc_hd__ha_1)
     2    0.00    0.06    0.24    1.79 v _322_/SUM (sky130_fd_sc_hd__ha_1)
                                         _019_ (net)
                  0.06    0.00    1.79 v _220_/A1 (sky130_fd_sc_hd__a32o_1)
     1    0.00    0.04    0.21    2.00 v _220_/X (sky130_fd_sc_hd__a32o_1)
                                         _083_ (net)
                  0.04    0.00    2.00 v _221_/C1 (sky130_fd_sc_hd__a221oi_1)
     1    0.00    0.19    0.18    2.18 ^ _221_/Y (sky130_fd_sc_hd__a221oi_1)
                                         _003_ (net)
                  0.19    0.00    2.18 ^ seg[3]$_DFF_P_/D (sky130_fd_sc_hd__dfxtp_1)
                                  2.18   data arrival time

                  0.00   10.00   10.00   clock clk (rise edge)
                          0.00   10.00   clock network delay (ideal)
                          0.00   10.00   clock reconvergence pessimism
                                 10.00 ^ seg[3]$_DFF_P_/CLK (sky130_fd_sc_hd__dfxtp_1)
                         -0.10    9.90   library setup time
                                  9.90   data required time
-----------------------------------------------------------------------------
                                  9.90   data required time
                                 -2.18   data arrival time
-----------------------------------------------------------------------------
                                  7.73   slack (MET)



==========================================================================
floorplan final report_checks -unconstrained
--------------------------------------------------------------------------
Startpoint: second_counter[2]$_SDFF_PP0_
            (rising edge-triggered flip-flop clocked by clk)
Endpoint: seg[3]$_DFF_P_ (rising edge-triggered flip-flop clocked by clk)
Path Group: clk
Path Type: max

Fanout     Cap    Slew   Delay    Time   Description
-----------------------------------------------------------------------------
                  0.00    0.00    0.00   clock clk (rise edge)
                          0.00    0.00   clock network delay (ideal)
                  0.00    0.00    0.00 ^ second_counter[2]$_SDFF_PP0_/CLK (sky130_fd_sc_hd__dfxtp_1)
     1    0.00    0.03    0.28    0.28 v second_counter[2]$_SDFF_PP0_/Q (sky130_fd_sc_hd__dfxtp_1)
                                         second_counter[2] (net)
                  0.03    0.00    0.28 v _174_/A (sky130_fd_sc_hd__buf_6)
     7    0.02    0.04    0.12    0.41 v _174_/X (sky130_fd_sc_hd__buf_6)
                                         _152_ (net)
                  0.04    0.00    0.41 v _175_/A (sky130_fd_sc_hd__nor4b_4)
     2    0.01    0.26    0.31    0.72 ^ _175_/Y (sky130_fd_sc_hd__nor4b_4)
                                         _153_ (net)
                  0.26    0.00    0.72 ^ _178_/B (sky130_fd_sc_hd__nand4_4)
     8    0.02    0.14    0.17    0.89 v _178_/Y (sky130_fd_sc_hd__nand4_4)
                                         _156_ (net)
                  0.14    0.00    0.89 v _179_/B (sky130_fd_sc_hd__nor2_1)
     3    0.01    0.22    0.22    1.11 ^ _179_/Y (sky130_fd_sc_hd__nor2_1)
                                         _157_ (net)
                  0.22    0.00    1.11 ^ _190_/S (sky130_fd_sc_hd__mux2i_1)
     2    0.01    0.16    0.24    1.35 ^ _190_/Y (sky130_fd_sc_hd__mux2i_1)
                                         _059_ (net)
                  0.16    0.00    1.35 ^ _191_/B (sky130_fd_sc_hd__nor2_1)
     3    0.01    0.07    0.09    1.43 v _191_/Y (sky130_fd_sc_hd__nor2_1)
                                         _024_ (net)
                  0.07    0.00    1.43 v _231_/A (sky130_fd_sc_hd__inv_1)
     4    0.01    0.10    0.11    1.54 ^ _231_/Y (sky130_fd_sc_hd__inv_1)
                                         _017_ (net)
                  0.10    0.00    1.54 ^ _322_/B (sky130_fd_sc_hd__ha_1)
     2    0.00    0.06    0.24    1.79 v _322_/SUM (sky130_fd_sc_hd__ha_1)
                                         _019_ (net)
                  0.06    0.00    1.79 v _220_/A1 (sky130_fd_sc_hd__a32o_1)
     1    0.00    0.04    0.21    2.00 v _220_/X (sky130_fd_sc_hd__a32o_1)
                                         _083_ (net)
                  0.04    0.00    2.00 v _221_/C1 (sky130_fd_sc_hd__a221oi_1)
     1    0.00    0.19    0.18    2.18 ^ _221_/Y (sky130_fd_sc_hd__a221oi_1)
                                         _003_ (net)
                  0.19    0.00    2.18 ^ seg[3]$_DFF_P_/D (sky130_fd_sc_hd__dfxtp_1)
                                  2.18   data arrival time

                  0.00   10.00   10.00   clock clk (rise edge)
                          0.00   10.00   clock network delay (ideal)
                          0.00   10.00   clock reconvergence pessimism
                                 10.00 ^ seg[3]$_DFF_P_/CLK (sky130_fd_sc_hd__dfxtp_1)
                         -0.10    9.90   library setup time
                                  9.90   data required time
-----------------------------------------------------------------------------
                                  9.90   data required time
                                 -2.18   data arrival time
-----------------------------------------------------------------------------
                                  7.73   slack (MET)



==========================================================================
floorplan final report_power
--------------------------------------------------------------------------
Group                  Internal  Switching    Leakage      Total
                          Power      Power      Power      Power (Watts)
----------------------------------------------------------------
Sequential             1.44e-04   6.98e-07   2.83e-10   1.44e-04  96.9%
Combinational          1.83e-06   2.71e-06   4.33e-10   4.55e-06   3.1%
Clock                  0.00e+00   0.00e+00   0.00e+00   0.00e+00   0.0%
Macro                  0.00e+00   0.00e+00   0.00e+00   0.00e+00   0.0%
Pad                    0.00e+00   0.00e+00   0.00e+00   0.00e+00   0.0%
----------------------------------------------------------------
Total                  1.45e-04   3.41e-06   7.15e-10   1.49e-04 100.0%
                          97.7%       2.3%       0.0%
