
==========================================================================
detailed place report_tns
--------------------------------------------------------------------------
tns max 0.00

==========================================================================
detailed place report_wns
--------------------------------------------------------------------------
wns max 0.00

==========================================================================
detailed place report_worst_slack
--------------------------------------------------------------------------
worst slack max 7.55

==========================================================================
detailed place report_clock_min_period
--------------------------------------------------------------------------
clk period_min = 2.45 fmax = 408.85

==========================================================================
detailed place report_checks -path_delay min
--------------------------------------------------------------------------
Startpoint: second_counter[0]$_SDFF_PP0_
            (rising edge-triggered flip-flop clocked by clk)
Endpoint: second_counter[0]$_SDFF_PP0_
          (rising edge-triggered flip-flop clocked by clk)
Path Group: clk
Path Type: min

Fanout     Cap    Slew   Delay    Time   Description
-----------------------------------------------------------------------------
                  0.00    0.00    0.00   clock clk (rise edge)
                          0.00    0.00   clock network delay (ideal)
                  0.00    0.00    0.00 ^ second_counter[0]$_SDFF_PP0_/CLK (sky130_fd_sc_hd__dfxtp_1)
     5    0.01    0.08    0.32    0.32 v second_counter[0]$_SDFF_PP0_/Q (sky130_fd_sc_hd__dfxtp_1)
                                         second_counter[0] (net)
                  0.08    0.00    0.32 v _234_/A (sky130_fd_sc_hd__nor2_1)
     1    0.00    0.08    0.11    0.43 ^ _234_/Y (sky130_fd_sc_hd__nor2_1)
                                         _031_ (net)
                  0.08    0.00    0.43 ^ second_counter[0]$_SDFF_PP0_/D (sky130_fd_sc_hd__dfxtp_1)
                                  0.43   data arrival time

                  0.00    0.00    0.00   clock clk (rise edge)
                          0.00    0.00   clock network delay (ideal)
                          0.00    0.00   clock reconvergence pessimism
                                  0.00 ^ second_counter[0]$_SDFF_PP0_/CLK (sky130_fd_sc_hd__dfxtp_1)
                         -0.04   -0.04   library hold time
                                 -0.04   data required time
-----------------------------------------------------------------------------
                                 -0.04   data required time
                                 -0.43   data arrival time
-----------------------------------------------------------------------------
                                  0.47   slack (MET)



==========================================================================
detailed place report_checks -path_delay max
--------------------------------------------------------------------------
Startpoint: second_counter[2]$_SDFF_PP0_
            (rising edge-triggered flip-flop clocked by clk)
Endpoint: seg[3]$_DFF_P_ (rising edge-triggered flip-flop clocked by clk)
Path Group: clk
Path Type: max

Fanout     Cap    Slew   Delay    Time   Description
-----------------------------------------------------------------------------
                  0.00    0.00    0.00   clock clk (rise edge)
                          0.00    0.00   clock network delay (ideal)
                  0.00    0.00    0.00 ^ second_counter[2]$_SDFF_PP0_/CLK (sky130_fd_sc_hd__dfxtp_1)
     7    0.03    0.14    0.37    0.37 v second_counter[2]$_SDFF_PP0_/Q (sky130_fd_sc_hd__dfxtp_1)
                                         second_counter[2] (net)
                  0.14    0.00    0.37 v _175_/A (sky130_fd_sc_hd__nor4b_4)
     2    0.01    0.28    0.37    0.74 ^ _175_/Y (sky130_fd_sc_hd__nor4b_4)
                                         _153_ (net)
                  0.28    0.00    0.74 ^ _178_/B (sky130_fd_sc_hd__nand4_4)
     8    0.02    0.15    0.19    0.93 v _178_/Y (sky130_fd_sc_hd__nand4_4)
                                         _156_ (net)
                  0.15    0.00    0.93 v _179_/B (sky130_fd_sc_hd__nor2_1)
     3    0.01    0.26    0.26    1.19 ^ _179_/Y (sky130_fd_sc_hd__nor2_1)
                                         _157_ (net)
                  0.26    0.00    1.19 ^ _190_/S (sky130_fd_sc_hd__mux2i_1)
     2    0.01    0.10    0.14    1.33 v _190_/Y (sky130_fd_sc_hd__mux2i_1)
                                         _059_ (net)
                  0.10    0.00    1.33 v _191_/B (sky130_fd_sc_hd__nor2_1)
     3    0.01    0.19    0.19    1.51 ^ _191_/Y (sky130_fd_sc_hd__nor2_1)
                                         _024_ (net)
                  0.19    0.00    1.51 ^ _231_/A (sky130_fd_sc_hd__inv_1)
     4    0.01    0.09    0.12    1.63 v _231_/Y (sky130_fd_sc_hd__inv_1)
                                         _017_ (net)
                  0.09    0.00    1.63 v _322_/B (sky130_fd_sc_hd__ha_1)
     2    0.01    0.07    0.30    1.94 v _322_/SUM (sky130_fd_sc_hd__ha_1)
                                         _019_ (net)
                  0.07    0.00    1.94 v _220_/A1 (sky130_fd_sc_hd__a32o_1)
     1    0.00    0.04    0.22    2.15 v _220_/X (sky130_fd_sc_hd__a32o_1)
                                         _083_ (net)
                  0.04    0.00    2.15 v _221_/C1 (sky130_fd_sc_hd__a221oi_1)
     1    0.00    0.21    0.19    2.35 ^ _221_/Y (sky130_fd_sc_hd__a221oi_1)
                                         _003_ (net)
                  0.21    0.00    2.35 ^ seg[3]$_DFF_P_/D (sky130_fd_sc_hd__dfxtp_1)
                                  2.35   data arrival time

                  0.00   10.00   10.00   clock clk (rise edge)
                          0.00   10.00   clock network delay (ideal)
                          0.00   10.00   clock reconvergence pessimism
                                 10.00 ^ seg[3]$_DFF_P_/CLK (sky130_fd_sc_hd__dfxtp_1)
                         -0.10    9.90   library setup time
                                  9.90   data required time
-----------------------------------------------------------------------------
                                  9.90   data required time
                                 -2.35   data arrival time
-----------------------------------------------------------------------------
                                  7.55   slack (MET)



==========================================================================
detailed place report_checks -unconstrained
--------------------------------------------------------------------------
Startpoint: second_counter[2]$_SDFF_PP0_
            (rising edge-triggered flip-flop clocked by clk)
Endpoint: seg[3]$_DFF_P_ (rising edge-triggered flip-flop clocked by clk)
Path Group: clk
Path Type: max

Fanout     Cap    Slew   Delay    Time   Description
-----------------------------------------------------------------------------
                  0.00    0.00    0.00   clock clk (rise edge)
                          0.00    0.00   clock network delay (ideal)
                  0.00    0.00    0.00 ^ second_counter[2]$_SDFF_PP0_/CLK (sky130_fd_sc_hd__dfxtp_1)
     7    0.03    0.14    0.37    0.37 v second_counter[2]$_SDFF_PP0_/Q (sky130_fd_sc_hd__dfxtp_1)
                                         second_counter[2] (net)
                  0.14    0.00    0.37 v _175_/A (sky130_fd_sc_hd__nor4b_4)
     2    0.01    0.28    0.37    0.74 ^ _175_/Y (sky130_fd_sc_hd__nor4b_4)
                                         _153_ (net)
                  0.28    0.00    0.74 ^ _178_/B (sky130_fd_sc_hd__nand4_4)
     8    0.02    0.15    0.19    0.93 v _178_/Y (sky130_fd_sc_hd__nand4_4)
                                         _156_ (net)
                  0.15    0.00    0.93 v _179_/B (sky130_fd_sc_hd__nor2_1)
     3    0.01    0.26    0.26    1.19 ^ _179_/Y (sky130_fd_sc_hd__nor2_1)
                                         _157_ (net)
                  0.26    0.00    1.19 ^ _190_/S (sky130_fd_sc_hd__mux2i_1)
     2    0.01    0.10    0.14    1.33 v _190_/Y (sky130_fd_sc_hd__mux2i_1)
                                         _059_ (net)
                  0.10    0.00    1.33 v _191_/B (sky130_fd_sc_hd__nor2_1)
     3    0.01    0.19    0.19    1.51 ^ _191_/Y (sky130_fd_sc_hd__nor2_1)
                                         _024_ (net)
                  0.19    0.00    1.51 ^ _231_/A (sky130_fd_sc_hd__inv_1)
     4    0.01    0.09    0.12    1.63 v _231_/Y (sky130_fd_sc_hd__inv_1)
                                         _017_ (net)
                  0.09    0.00    1.63 v _322_/B (sky130_fd_sc_hd__ha_1)
     2    0.01    0.07    0.30    1.94 v _322_/SUM (sky130_fd_sc_hd__ha_1)
                                         _019_ (net)
                  0.07    0.00    1.94 v _220_/A1 (sky130_fd_sc_hd__a32o_1)
     1    0.00    0.04    0.22    2.15 v _220_/X (sky130_fd_sc_hd__a32o_1)
                                         _083_ (net)
                  0.04    0.00    2.15 v _221_/C1 (sky130_fd_sc_hd__a221oi_1)
     1    0.00    0.21    0.19    2.35 ^ _221_/Y (sky130_fd_sc_hd__a221oi_1)
                                         _003_ (net)
                  0.21    0.00    2.35 ^ seg[3]$_DFF_P_/D (sky130_fd_sc_hd__dfxtp_1)
                                  2.35   data arrival time

                  0.00   10.00   10.00   clock clk (rise edge)
                          0.00   10.00   clock network delay (ideal)
                          0.00   10.00   clock reconvergence pessimism
                                 10.00 ^ seg[3]$_DFF_P_/CLK (sky130_fd_sc_hd__dfxtp_1)
                         -0.10    9.90   library setup time
                                  9.90   data required time
-----------------------------------------------------------------------------
                                  9.90   data required time
                                 -2.35   data arrival time
-----------------------------------------------------------------------------
                                  7.55   slack (MET)



==========================================================================
detailed place report_check_types -max_slew -max_cap -max_fanout -violators
--------------------------------------------------------------------------

==========================================================================
detailed place max_slew_check_slack
--------------------------------------------------------------------------
0.8686800003051758

==========================================================================
detailed place max_slew_check_limit
--------------------------------------------------------------------------
1.4862940311431885

==========================================================================
detailed place max_slew_check_slack_limit
--------------------------------------------------------------------------
0.5845

==========================================================================
detailed place max_fanout_check_slack
--------------------------------------------------------------------------
1.0000000150474662e+30

==========================================================================
detailed place max_fanout_check_limit
--------------------------------------------------------------------------
1.0000000150474662e+30

==========================================================================
detailed place max_capacitance_check_slack
--------------------------------------------------------------------------
0.02296539954841137

==========================================================================
detailed place max_capacitance_check_limit
--------------------------------------------------------------------------
0.03663099929690361

==========================================================================
detailed place max_capacitance_check_slack_limit
--------------------------------------------------------------------------
0.6269

==========================================================================
detailed place max_slew_violation_count
--------------------------------------------------------------------------
max slew violation count 0

==========================================================================
detailed place max_fanout_violation_count
--------------------------------------------------------------------------
max fanout violation count 0

==========================================================================
detailed place max_cap_violation_count
--------------------------------------------------------------------------
max cap violation count 0

==========================================================================
detailed place setup_violation_count
--------------------------------------------------------------------------
setup violation count 0

==========================================================================
detailed place hold_violation_count
--------------------------------------------------------------------------
hold violation count 0

==========================================================================
detailed place report_checks -path_delay max reg to reg
--------------------------------------------------------------------------
Startpoint: second_counter[2]$_SDFF_PP0_
            (rising edge-triggered flip-flop clocked by clk)
Endpoint: seg[3]$_DFF_P_ (rising edge-triggered flip-flop clocked by clk)
Path Group: clk
Path Type: max

  Delay    Time   Description
---------------------------------------------------------
   0.00    0.00   clock clk (rise edge)
   0.00    0.00   clock network delay (ideal)
   0.00    0.00 ^ second_counter[2]$_SDFF_PP0_/CLK (sky130_fd_sc_hd__dfxtp_1)
   0.37    0.37 v second_counter[2]$_SDFF_PP0_/Q (sky130_fd_sc_hd__dfxtp_1)
   0.37    0.74 ^ _175_/Y (sky130_fd_sc_hd__nor4b_4)
   0.19    0.93 v _178_/Y (sky130_fd_sc_hd__nand4_4)
   0.26    1.19 ^ _179_/Y (sky130_fd_sc_hd__nor2_1)
   0.14    1.33 v _190_/Y (sky130_fd_sc_hd__mux2i_1)
   0.19    1.51 ^ _191_/Y (sky130_fd_sc_hd__nor2_1)
   0.12    1.63 v _231_/Y (sky130_fd_sc_hd__inv_1)
   0.30    1.94 v _322_/SUM (sky130_fd_sc_hd__ha_1)
   0.22    2.15 v _220_/X (sky130_fd_sc_hd__a32o_1)
   0.19    2.35 ^ _221_/Y (sky130_fd_sc_hd__a221oi_1)
   0.00    2.35 ^ seg[3]$_DFF_P_/D (sky130_fd_sc_hd__dfxtp_1)
           2.35   data arrival time

  10.00   10.00   clock clk (rise edge)
   0.00   10.00   clock network delay (ideal)
   0.00   10.00   clock reconvergence pessimism
          10.00 ^ seg[3]$_DFF_P_/CLK (sky130_fd_sc_hd__dfxtp_1)
  -0.10    9.90   library setup time
           9.90   data required time
---------------------------------------------------------
           9.90   data required time
          -2.35   data arrival time
---------------------------------------------------------
           7.55   slack (MET)



==========================================================================
detailed place report_checks -path_delay min reg to reg
--------------------------------------------------------------------------
Startpoint: second_counter[0]$_SDFF_PP0_
            (rising edge-triggered flip-flop clocked by clk)
Endpoint: second_counter[0]$_SDFF_PP0_
          (rising edge-triggered flip-flop clocked by clk)
Path Group: clk
Path Type: min

  Delay    Time   Description
---------------------------------------------------------
   0.00    0.00   clock clk (rise edge)
   0.00    0.00   clock network delay (ideal)
   0.00    0.00 ^ second_counter[0]$_SDFF_PP0_/CLK (sky130_fd_sc_hd__dfxtp_1)
   0.32    0.32 v second_counter[0]$_SDFF_PP0_/Q (sky130_fd_sc_hd__dfxtp_1)
   0.11    0.43 ^ _234_/Y (sky130_fd_sc_hd__nor2_1)
   0.00    0.43 ^ second_counter[0]$_SDFF_PP0_/D (sky130_fd_sc_hd__dfxtp_1)
           0.43   data arrival time

   0.00    0.00   clock clk (rise edge)
   0.00    0.00   clock network delay (ideal)
   0.00    0.00   clock reconvergence pessimism
           0.00 ^ second_counter[0]$_SDFF_PP0_/CLK (sky130_fd_sc_hd__dfxtp_1)
  -0.04   -0.04   library hold time
          -0.04   data required time
---------------------------------------------------------
          -0.04   data required time
          -0.43   data arrival time
---------------------------------------------------------
           0.47   slack (MET)



==========================================================================
detailed place critical path target clock latency max path
--------------------------------------------------------------------------
0

==========================================================================
detailed place critical path target clock latency min path
--------------------------------------------------------------------------
0

==========================================================================
detailed place critical path source clock latency min path
--------------------------------------------------------------------------
0

==========================================================================
detailed place critical path delay
--------------------------------------------------------------------------
2.3461

==========================================================================
detailed place critical path slack
--------------------------------------------------------------------------
7.5541

==========================================================================
detailed place slack div critical path delay
--------------------------------------------------------------------------
321.985423

==========================================================================
detailed place report_power
--------------------------------------------------------------------------
Group                  Internal  Switching    Leakage      Total
                          Power      Power      Power      Power (Watts)
----------------------------------------------------------------
Sequential             1.44e-04   1.36e-06   2.83e-10   1.45e-04  96.4%
Combinational          1.88e-06   3.48e-06   4.63e-10   5.36e-06   3.6%
Clock                  0.00e+00   0.00e+00   0.00e+00   0.00e+00   0.0%
Macro                  0.00e+00   0.00e+00   0.00e+00   0.00e+00   0.0%
Pad                    0.00e+00   0.00e+00   0.00e+00   0.00e+00   0.0%
----------------------------------------------------------------
Total                  1.45e-04   4.84e-06   7.46e-10   1.50e-04 100.0%
                          96.8%       3.2%       0.0%
