
==========================================================================
finish report_tns
--------------------------------------------------------------------------
tns max 0.00

==========================================================================
finish report_wns
--------------------------------------------------------------------------
wns max 0.00

==========================================================================
finish report_worst_slack
--------------------------------------------------------------------------
worst slack max 7.52

==========================================================================
finish report_clock_min_period
--------------------------------------------------------------------------
clk period_min = 2.48 fmax = 403.10

==========================================================================
finish report_clock_skew
--------------------------------------------------------------------------
Clock clk
   0.27 source latency second_counter[0]$_SDFF_PP0_/CLK ^
  -0.27 target latency seg[1]$_DFF_P_/CLK ^
   0.00 CRPR
--------------
   0.00 setup skew


==========================================================================
finish report_checks -path_delay min
--------------------------------------------------------------------------
Startpoint: second_counter[0]$_SDFF_PP0_
            (rising edge-triggered flip-flop clocked by clk)
Endpoint: second_counter[0]$_SDFF_PP0_
          (rising edge-triggered flip-flop clocked by clk)
Path Group: clk
Path Type: min

Fanout     Cap    Slew   Delay    Time   Description
-----------------------------------------------------------------------------
                          0.00    0.00   clock clk (rise edge)
                          0.00    0.00   clock source latency
     1    0.02    0.00    0.00    0.00 ^ clk (in)
                                         clk (net)
                  0.00    0.00    0.00 ^ clkbuf_0_clk/A (sky130_fd_sc_hd__clkbuf_16)
     4    0.04    0.06    0.13    0.13 ^ clkbuf_0_clk/X (sky130_fd_sc_hd__clkbuf_16)
                                         clknet_0_clk (net)
                  0.06    0.00    0.13 ^ clkbuf_2_1__f_clk/A (sky130_fd_sc_hd__clkbuf_16)
    10    0.03    0.05    0.14    0.27 ^ clkbuf_2_1__f_clk/X (sky130_fd_sc_hd__clkbuf_16)
                                         clknet_2_1__leaf_clk (net)
                  0.05    0.00    0.27 ^ second_counter[0]$_SDFF_PP0_/CLK (sky130_fd_sc_hd__dfxtp_1)
     5    0.01    0.07    0.34    0.61 v second_counter[0]$_SDFF_PP0_/Q (sky130_fd_sc_hd__dfxtp_1)
                                         second_counter[0] (net)
                  0.07    0.00    0.61 v _234_/A (sky130_fd_sc_hd__nor2_1)
     1    0.00    0.07    0.10    0.71 ^ _234_/Y (sky130_fd_sc_hd__nor2_1)
                                         _031_ (net)
                  0.07    0.00    0.71 ^ second_counter[0]$_SDFF_PP0_/D (sky130_fd_sc_hd__dfxtp_1)
                                  0.71   data arrival time

                          0.00    0.00   clock clk (rise edge)
                          0.00    0.00   clock source latency
     1    0.02    0.00    0.00    0.00 ^ clk (in)
                                         clk (net)
                  0.00    0.00    0.00 ^ clkbuf_0_clk/A (sky130_fd_sc_hd__clkbuf_16)
     4    0.04    0.06    0.13    0.13 ^ clkbuf_0_clk/X (sky130_fd_sc_hd__clkbuf_16)
                                         clknet_0_clk (net)
                  0.06    0.00    0.13 ^ clkbuf_2_1__f_clk/A (sky130_fd_sc_hd__clkbuf_16)
    10    0.03    0.05    0.14    0.27 ^ clkbuf_2_1__f_clk/X (sky130_fd_sc_hd__clkbuf_16)
                                         clknet_2_1__leaf_clk (net)
                  0.05    0.00    0.27 ^ second_counter[0]$_SDFF_PP0_/CLK (sky130_fd_sc_hd__dfxtp_1)
                          0.00    0.27   clock reconvergence pessimism
                         -0.04    0.24   library hold time
                                  0.24   data required time
-----------------------------------------------------------------------------
                                  0.24   data required time
                                 -0.71   data arrival time
-----------------------------------------------------------------------------
                                  0.47   slack (MET)



==========================================================================
finish report_checks -path_delay max
--------------------------------------------------------------------------
Startpoint: second_counter[2]$_SDFF_PP0_
            (rising edge-triggered flip-flop clocked by clk)
Endpoint: seg[3]$_DFF_P_ (rising edge-triggered flip-flop clocked by clk)
Path Group: clk
Path Type: max

Fanout     Cap    Slew   Delay    Time   Description
-----------------------------------------------------------------------------
                          0.00    0.00   clock clk (rise edge)
                          0.00    0.00   clock source latency
     1    0.02    0.00    0.00    0.00 ^ clk (in)
                                         clk (net)
                  0.00    0.00    0.00 ^ clkbuf_0_clk/A (sky130_fd_sc_hd__clkbuf_16)
     4    0.04    0.06    0.13    0.13 ^ clkbuf_0_clk/X (sky130_fd_sc_hd__clkbuf_16)
                                         clknet_0_clk (net)
                  0.06    0.00    0.13 ^ clkbuf_2_1__f_clk/A (sky130_fd_sc_hd__clkbuf_16)
    10    0.03    0.05    0.14    0.27 ^ clkbuf_2_1__f_clk/X (sky130_fd_sc_hd__clkbuf_16)
                                         clknet_2_1__leaf_clk (net)
                  0.05    0.00    0.27 ^ second_counter[2]$_SDFF_PP0_/CLK (sky130_fd_sc_hd__dfxtp_1)
     7    0.03    0.14    0.39    0.66 v second_counter[2]$_SDFF_PP0_/Q (sky130_fd_sc_hd__dfxtp_1)
                                         second_counter[2] (net)
                  0.14    0.00    0.66 v _175_/A (sky130_fd_sc_hd__nor4b_4)
     2    0.01    0.28    0.37    1.03 ^ _175_/Y (sky130_fd_sc_hd__nor4b_4)
                                         _153_ (net)
                  0.28    0.00    1.03 ^ _178_/B (sky130_fd_sc_hd__nand4_4)
     8    0.02    0.15    0.19    1.23 v _178_/Y (sky130_fd_sc_hd__nand4_4)
                                         _156_ (net)
                  0.15    0.00    1.23 v _179_/B (sky130_fd_sc_hd__nor2_1)
     3    0.01    0.27    0.26    1.49 ^ _179_/Y (sky130_fd_sc_hd__nor2_1)
                                         _157_ (net)
                  0.27    0.00    1.49 ^ _190_/S (sky130_fd_sc_hd__mux2i_1)
     2    0.01    0.20    0.28    1.78 ^ _190_/Y (sky130_fd_sc_hd__mux2i_1)
                                         _059_ (net)
                  0.20    0.00    1.78 ^ _191_/B (sky130_fd_sc_hd__nor2_1)
     3    0.01    0.08    0.10    1.88 v _191_/Y (sky130_fd_sc_hd__nor2_1)
                                         _024_ (net)
                  0.08    0.00    1.88 v _231_/A (sky130_fd_sc_hd__inv_1)
     4    0.01    0.12    0.12    2.00 ^ _231_/Y (sky130_fd_sc_hd__inv_1)
                                         _017_ (net)
                  0.12    0.00    2.00 ^ _322_/B (sky130_fd_sc_hd__ha_1)
     2    0.01    0.06    0.25    2.26 v _322_/SUM (sky130_fd_sc_hd__ha_1)
                                         _019_ (net)
                  0.06    0.00    2.26 v _220_/A1 (sky130_fd_sc_hd__a32o_1)
     1    0.00    0.04    0.22    2.48 v _220_/X (sky130_fd_sc_hd__a32o_1)
                                         _083_ (net)
                  0.04    0.00    2.48 v _221_/C1 (sky130_fd_sc_hd__a221oi_1)
     1    0.00    0.20    0.18    2.66 ^ _221_/Y (sky130_fd_sc_hd__a221oi_1)
                                         _003_ (net)
                  0.20    0.00    2.66 ^ seg[3]$_DFF_P_/D (sky130_fd_sc_hd__dfxtp_1)
                                  2.66   data arrival time

                         10.00   10.00   clock clk (rise edge)
                          0.00   10.00   clock source latency
     1    0.02    0.00    0.00   10.00 ^ clk (in)
                                         clk (net)
                  0.00    0.00   10.00 ^ clkbuf_0_clk/A (sky130_fd_sc_hd__clkbuf_16)
     4    0.04    0.06    0.13   10.13 ^ clkbuf_0_clk/X (sky130_fd_sc_hd__clkbuf_16)
                                         clknet_0_clk (net)
                  0.06    0.00   10.13 ^ clkbuf_2_3__f_clk/A (sky130_fd_sc_hd__clkbuf_16)
     9    0.03    0.05    0.14   10.27 ^ clkbuf_2_3__f_clk/X (sky130_fd_sc_hd__clkbuf_16)
                                         clknet_2_3__leaf_clk (net)
                  0.05    0.00   10.27 ^ seg[3]$_DFF_P_/CLK (sky130_fd_sc_hd__dfxtp_1)
                          0.00   10.27   clock reconvergence pessimism
                         -0.09   10.18   library setup time
                                 10.18   data required time
-----------------------------------------------------------------------------
                                 10.18   data required time
                                 -2.66   data arrival time
-----------------------------------------------------------------------------
                                  7.52   slack (MET)



==========================================================================
finish report_checks -unconstrained
--------------------------------------------------------------------------
Startpoint: second_counter[2]$_SDFF_PP0_
            (rising edge-triggered flip-flop clocked by clk)
Endpoint: seg[3]$_DFF_P_ (rising edge-triggered flip-flop clocked by clk)
Path Group: clk
Path Type: max

Fanout     Cap    Slew   Delay    Time   Description
-----------------------------------------------------------------------------
                          0.00    0.00   clock clk (rise edge)
                          0.00    0.00   clock source latency
     1    0.02    0.00    0.00    0.00 ^ clk (in)
                                         clk (net)
                  0.00    0.00    0.00 ^ clkbuf_0_clk/A (sky130_fd_sc_hd__clkbuf_16)
     4    0.04    0.06    0.13    0.13 ^ clkbuf_0_clk/X (sky130_fd_sc_hd__clkbuf_16)
                                         clknet_0_clk (net)
                  0.06    0.00    0.13 ^ clkbuf_2_1__f_clk/A (sky130_fd_sc_hd__clkbuf_16)
    10    0.03    0.05    0.14    0.27 ^ clkbuf_2_1__f_clk/X (sky130_fd_sc_hd__clkbuf_16)
                                         clknet_2_1__leaf_clk (net)
                  0.05    0.00    0.27 ^ second_counter[2]$_SDFF_PP0_/CLK (sky130_fd_sc_hd__dfxtp_1)
     7    0.03    0.14    0.39    0.66 v second_counter[2]$_SDFF_PP0_/Q (sky130_fd_sc_hd__dfxtp_1)
                                         second_counter[2] (net)
                  0.14    0.00    0.66 v _175_/A (sky130_fd_sc_hd__nor4b_4)
     2    0.01    0.28    0.37    1.03 ^ _175_/Y (sky130_fd_sc_hd__nor4b_4)
                                         _153_ (net)
                  0.28    0.00    1.03 ^ _178_/B (sky130_fd_sc_hd__nand4_4)
     8    0.02    0.15    0.19    1.23 v _178_/Y (sky130_fd_sc_hd__nand4_4)
                                         _156_ (net)
                  0.15    0.00    1.23 v _179_/B (sky130_fd_sc_hd__nor2_1)
     3    0.01    0.27    0.26    1.49 ^ _179_/Y (sky130_fd_sc_hd__nor2_1)
                                         _157_ (net)
                  0.27    0.00    1.49 ^ _190_/S (sky130_fd_sc_hd__mux2i_1)
     2    0.01    0.20    0.28    1.78 ^ _190_/Y (sky130_fd_sc_hd__mux2i_1)
                                         _059_ (net)
                  0.20    0.00    1.78 ^ _191_/B (sky130_fd_sc_hd__nor2_1)
     3    0.01    0.08    0.10    1.88 v _191_/Y (sky130_fd_sc_hd__nor2_1)
                                         _024_ (net)
                  0.08    0.00    1.88 v _231_/A (sky130_fd_sc_hd__inv_1)
     4    0.01    0.12    0.12    2.00 ^ _231_/Y (sky130_fd_sc_hd__inv_1)
                                         _017_ (net)
                  0.12    0.00    2.00 ^ _322_/B (sky130_fd_sc_hd__ha_1)
     2    0.01    0.06    0.25    2.26 v _322_/SUM (sky130_fd_sc_hd__ha_1)
                                         _019_ (net)
                  0.06    0.00    2.26 v _220_/A1 (sky130_fd_sc_hd__a32o_1)
     1    0.00    0.04    0.22    2.48 v _220_/X (sky130_fd_sc_hd__a32o_1)
                                         _083_ (net)
                  0.04    0.00    2.48 v _221_/C1 (sky130_fd_sc_hd__a221oi_1)
     1    0.00    0.20    0.18    2.66 ^ _221_/Y (sky130_fd_sc_hd__a221oi_1)
                                         _003_ (net)
                  0.20    0.00    2.66 ^ seg[3]$_DFF_P_/D (sky130_fd_sc_hd__dfxtp_1)
                                  2.66   data arrival time

                         10.00   10.00   clock clk (rise edge)
                          0.00   10.00   clock source latency
     1    0.02    0.00    0.00   10.00 ^ clk (in)
                                         clk (net)
                  0.00    0.00   10.00 ^ clkbuf_0_clk/A (sky130_fd_sc_hd__clkbuf_16)
     4    0.04    0.06    0.13   10.13 ^ clkbuf_0_clk/X (sky130_fd_sc_hd__clkbuf_16)
                                         clknet_0_clk (net)
                  0.06    0.00   10.13 ^ clkbuf_2_3__f_clk/A (sky130_fd_sc_hd__clkbuf_16)
     9    0.03    0.05    0.14   10.27 ^ clkbuf_2_3__f_clk/X (sky130_fd_sc_hd__clkbuf_16)
                                         clknet_2_3__leaf_clk (net)
                  0.05    0.00   10.27 ^ seg[3]$_DFF_P_/CLK (sky130_fd_sc_hd__dfxtp_1)
                          0.00   10.27   clock reconvergence pessimism
                         -0.09   10.18   library setup time
                                 10.18   data required time
-----------------------------------------------------------------------------
                                 10.18   data required time
                                 -2.66   data arrival time
-----------------------------------------------------------------------------
                                  7.52   slack (MET)



==========================================================================
finish report_check_types -max_slew -max_cap -max_fanout -violators
--------------------------------------------------------------------------

==========================================================================
finish max_slew_check_slack
--------------------------------------------------------------------------
0.9161574244499207

==========================================================================
finish max_slew_check_limit
--------------------------------------------------------------------------
1.4862940311431885

==========================================================================
finish max_slew_check_slack_limit
--------------------------------------------------------------------------
0.6164

==========================================================================
finish max_fanout_check_slack
--------------------------------------------------------------------------
1.0000000150474662e+30

==========================================================================
finish max_fanout_check_limit
--------------------------------------------------------------------------
1.0000000150474662e+30

==========================================================================
finish max_capacitance_check_slack
--------------------------------------------------------------------------
0.023836743086576462

==========================================================================
finish max_capacitance_check_limit
--------------------------------------------------------------------------
0.03663099929690361

==========================================================================
finish max_capacitance_check_slack_limit
--------------------------------------------------------------------------
0.6507

==========================================================================
finish max_slew_violation_count
--------------------------------------------------------------------------
max slew violation count 0

==========================================================================
finish max_fanout_violation_count
--------------------------------------------------------------------------
max fanout violation count 0

==========================================================================
finish max_cap_violation_count
--------------------------------------------------------------------------
max cap violation count 0

==========================================================================
finish setup_violation_count
--------------------------------------------------------------------------
setup violation count 0

==========================================================================
finish hold_violation_count
--------------------------------------------------------------------------
hold violation count 0

==========================================================================
finish report_checks -path_delay max reg to reg
--------------------------------------------------------------------------
Startpoint: second_counter[2]$_SDFF_PP0_
            (rising edge-triggered flip-flop clocked by clk)
Endpoint: seg[3]$_DFF_P_ (rising edge-triggered flip-flop clocked by clk)
Path Group: clk
Path Type: max

  Delay    Time   Description
---------------------------------------------------------
   0.00    0.00   clock clk (rise edge)
   0.00    0.00   clock source latency
   0.00    0.00 ^ clk (in)
   0.13    0.13 ^ clkbuf_0_clk/X (sky130_fd_sc_hd__clkbuf_16)
   0.14    0.27 ^ clkbuf_2_1__f_clk/X (sky130_fd_sc_hd__clkbuf_16)
   0.00    0.27 ^ second_counter[2]$_SDFF_PP0_/CLK (sky130_fd_sc_hd__dfxtp_1)
   0.39    0.66 v second_counter[2]$_SDFF_PP0_/Q (sky130_fd_sc_hd__dfxtp_1)
   0.37    1.03 ^ _175_/Y (sky130_fd_sc_hd__nor4b_4)
   0.19    1.23 v _178_/Y (sky130_fd_sc_hd__nand4_4)
   0.27    1.49 ^ _179_/Y (sky130_fd_sc_hd__nor2_1)
   0.28    1.78 ^ _190_/Y (sky130_fd_sc_hd__mux2i_1)
   0.10    1.88 v _191_/Y (sky130_fd_sc_hd__nor2_1)
   0.12    2.00 ^ _231_/Y (sky130_fd_sc_hd__inv_1)
   0.25    2.26 v _322_/SUM (sky130_fd_sc_hd__ha_1)
   0.22    2.48 v _220_/X (sky130_fd_sc_hd__a32o_1)
   0.18    2.66 ^ _221_/Y (sky130_fd_sc_hd__a221oi_1)
   0.00    2.66 ^ seg[3]$_DFF_P_/D (sky130_fd_sc_hd__dfxtp_1)
           2.66   data arrival time

  10.00   10.00   clock clk (rise edge)
   0.00   10.00   clock source latency
   0.00   10.00 ^ clk (in)
   0.13   10.13 ^ clkbuf_0_clk/X (sky130_fd_sc_hd__clkbuf_16)
   0.14   10.27 ^ clkbuf_2_3__f_clk/X (sky130_fd_sc_hd__clkbuf_16)
   0.00   10.27 ^ seg[3]$_DFF_P_/CLK (sky130_fd_sc_hd__dfxtp_1)
   0.00   10.27   clock reconvergence pessimism
  -0.09   10.18   library setup time
          10.18   data required time
---------------------------------------------------------
          10.18   data required time
          -2.66   data arrival time
---------------------------------------------------------
           7.52   slack (MET)



==========================================================================
finish report_checks -path_delay min reg to reg
--------------------------------------------------------------------------
Startpoint: second_counter[0]$_SDFF_PP0_
            (rising edge-triggered flip-flop clocked by clk)
Endpoint: second_counter[0]$_SDFF_PP0_
          (rising edge-triggered flip-flop clocked by clk)
Path Group: clk
Path Type: min

  Delay    Time   Description
---------------------------------------------------------
   0.00    0.00   clock clk (rise edge)
   0.00    0.00   clock source latency
   0.00    0.00 ^ clk (in)
   0.13    0.13 ^ clkbuf_0_clk/X (sky130_fd_sc_hd__clkbuf_16)
   0.14    0.27 ^ clkbuf_2_1__f_clk/X (sky130_fd_sc_hd__clkbuf_16)
   0.00    0.27 ^ second_counter[0]$_SDFF_PP0_/CLK (sky130_fd_sc_hd__dfxtp_1)
   0.34    0.61 v second_counter[0]$_SDFF_PP0_/Q (sky130_fd_sc_hd__dfxtp_1)
   0.10    0.71 ^ _234_/Y (sky130_fd_sc_hd__nor2_1)
   0.00    0.71 ^ second_counter[0]$_SDFF_PP0_/D (sky130_fd_sc_hd__dfxtp_1)
           0.71   data arrival time

   0.00    0.00   clock clk (rise edge)
   0.00    0.00   clock source latency
   0.00    0.00 ^ clk (in)
   0.13    0.13 ^ clkbuf_0_clk/X (sky130_fd_sc_hd__clkbuf_16)
   0.14    0.27 ^ clkbuf_2_1__f_clk/X (sky130_fd_sc_hd__clkbuf_16)
   0.00    0.27 ^ second_counter[0]$_SDFF_PP0_/CLK (sky130_fd_sc_hd__dfxtp_1)
   0.00    0.27   clock reconvergence pessimism
  -0.04    0.24   library hold time
           0.24   data required time
---------------------------------------------------------
           0.24   data required time
          -0.71   data arrival time
---------------------------------------------------------
           0.47   slack (MET)



==========================================================================
finish critical path target clock latency max path
--------------------------------------------------------------------------
0

==========================================================================
finish critical path target clock latency min path
--------------------------------------------------------------------------
0

==========================================================================
finish critical path source clock latency min path
--------------------------------------------------------------------------
0

==========================================================================
finish critical path delay
--------------------------------------------------------------------------
2.6607

==========================================================================
finish critical path slack
--------------------------------------------------------------------------
7.5192

==========================================================================
finish slack div critical path delay
--------------------------------------------------------------------------
282.602323

==========================================================================
finish report_power
--------------------------------------------------------------------------
Group                  Internal  Switching    Leakage      Total
                          Power      Power      Power      Power (Watts)
----------------------------------------------------------------
Sequential             1.41e-04   1.35e-06   2.83e-10   1.42e-04  46.2%
Combinational          1.87e-06   3.39e-06   4.63e-10   5.27e-06   1.7%
Clock                  1.06e-04   5.38e-05   7.72e-11   1.60e-04  52.0%
Macro                  0.00e+00   0.00e+00   0.00e+00   0.00e+00   0.0%
Pad                    0.00e+00   0.00e+00   0.00e+00   0.00e+00   0.0%
----------------------------------------------------------------
Total                  2.48e-04   5.86e-05   8.23e-10   3.07e-04 100.0%
                          80.9%      19.1%       0.0%
