
==========================================================================
floorplan final report_tns
--------------------------------------------------------------------------
tns max 0.00

==========================================================================
floorplan final report_wns
--------------------------------------------------------------------------
wns max 0.00

==========================================================================
floorplan final report_worst_slack
--------------------------------------------------------------------------
worst slack max INF

==========================================================================
floorplan final report_clock_min_period
--------------------------------------------------------------------------
clk period_min = 0.00 fmax = inf

==========================================================================
floorplan final report_checks -path_delay min
--------------------------------------------------------------------------
No paths found.

==========================================================================
floorplan final report_checks -path_delay max
--------------------------------------------------------------------------
No paths found.

==========================================================================
floorplan final report_checks -unconstrained
--------------------------------------------------------------------------
Startpoint: a[0] (input port)
Endpoint: s[3]$_DFF_PN0_ (rising edge-triggered flip-flop)
Path Group: unconstrained
Path Type: max

Fanout     Cap    Slew   Delay    Time   Description
-----------------------------------------------------------------------------
                          0.00    0.00 v input external delay
     3    0.01    0.00    0.00    0.00 v a[0] (in)
                                         a[0] (net)
                  0.00    0.00    0.00 v _43_/A (sky130_fd_sc_hd__inv_1)
     2    0.01    0.09    0.07    0.07 ^ _43_/Y (sky130_fd_sc_hd__inv_1)
                                         _00_ (net)
                  0.09    0.00    0.07 ^ _68_/A (sky130_fd_sc_hd__ha_1)
     1    0.01    0.11    0.19    0.26 ^ _68_/COUT (sky130_fd_sc_hd__ha_1)
                                         _05_ (net)
                  0.11    0.00    0.26 ^ _51_/A (sky130_fd_sc_hd__nor2b_4)
     3    0.01    0.04    0.05    0.32 v _51_/Y (sky130_fd_sc_hd__nor2b_4)
                                         _23_ (net)
                  0.04    0.00    0.32 v _63_/A2 (sky130_fd_sc_hd__o211a_1)
     1    0.00    0.05    0.20    0.52 v _63_/X (sky130_fd_sc_hd__o211a_1)
                                         _32_ (net)
                  0.05    0.00    0.52 v _66_/B1 (sky130_fd_sc_hd__a211oi_2)
     1    0.00    0.13    0.17    0.69 ^ _66_/Y (sky130_fd_sc_hd__a211oi_2)
                                         s_w[3] (net)
                  0.13    0.00    0.69 ^ s[3]$_DFF_PN0_/D (sky130_fd_sc_hd__dfrtp_1)
                                  0.69   data arrival time
-----------------------------------------------------------------------------
(Path is unconstrained)



==========================================================================
floorplan final report_power
--------------------------------------------------------------------------
Group                  Internal  Switching    Leakage      Total
                          Power      Power      Power      Power (Watts)
----------------------------------------------------------------
Sequential             2.37e-05   0.00e+00   5.79e-11   2.37e-05  71.3%
Combinational          5.36e-06   4.19e-06   1.82e-10   9.55e-06  28.7%
Clock                  0.00e+00   0.00e+00   0.00e+00   0.00e+00   0.0%
Macro                  0.00e+00   0.00e+00   0.00e+00   0.00e+00   0.0%
Pad                    0.00e+00   0.00e+00   0.00e+00   0.00e+00   0.0%
----------------------------------------------------------------
Total                  2.91e-05   4.19e-06   2.40e-10   3.33e-05 100.0%
                          87.4%      12.6%       0.0%
