
==========================================================================
cts final report_tns
--------------------------------------------------------------------------
tns max 0.00

==========================================================================
cts final report_wns
--------------------------------------------------------------------------
wns max 0.00

==========================================================================
cts final report_worst_slack
--------------------------------------------------------------------------
worst slack max INF

==========================================================================
cts final report_clock_min_period
--------------------------------------------------------------------------
clk period_min = 0.00 fmax = inf

==========================================================================
cts final report_clock_skew
--------------------------------------------------------------------------
Clock clk
No launch/capture paths found.


==========================================================================
cts final report_checks -path_delay min
--------------------------------------------------------------------------
No paths found.

==========================================================================
cts final report_checks -path_delay max
--------------------------------------------------------------------------
No paths found.

==========================================================================
cts final report_checks -unconstrained
--------------------------------------------------------------------------
Startpoint: clk (clock source 'clk')
Endpoint: clkload0/X (internal pin)
Path Group: unconstrained
Path Type: max

Fanout     Cap    Slew   Delay    Time   Description
-----------------------------------------------------------------------------
     1    0.01    0.00    0.00    5.00 v clk (in)
                                         clk (net)
                  0.00    0.00    5.00 v clkbuf_0_clk/A (sky130_fd_sc_hd__clkbuf_8)
     2    0.01    0.03    0.12    5.12 v clkbuf_0_clk/X (sky130_fd_sc_hd__clkbuf_8)
                                         clknet_0_clk (net)
                  0.03    0.00    5.12 v clkbuf_1_1__f_clk/A (sky130_fd_sc_hd__clkbuf_8)
     3    0.01    0.03    0.13    5.24 v clkbuf_1_1__f_clk/X (sky130_fd_sc_hd__clkbuf_8)
                                         clknet_1_1__leaf_clk (net)
                  0.03    0.00    5.24 v clkload0/A (sky130_fd_sc_hd__clkbuf_1)
     0    0.00    0.01    0.06    5.31 v clkload0/X (sky130_fd_sc_hd__clkbuf_1)
                                         (unconnected)
                                  5.31   data arrival time
-----------------------------------------------------------------------------
(Path is unconstrained)



==========================================================================
cts final report_check_types -max_slew -max_cap -max_fanout -violators
--------------------------------------------------------------------------

==========================================================================
cts final max_slew_check_slack
--------------------------------------------------------------------------
1.2011646032333374

==========================================================================
cts final max_slew_check_limit
--------------------------------------------------------------------------
1.4975910186767578

==========================================================================
cts final max_slew_check_slack_limit
--------------------------------------------------------------------------
0.8021

==========================================================================
cts final max_fanout_check_slack
--------------------------------------------------------------------------
1.0000000150474662e+30

==========================================================================
cts final max_fanout_check_limit
--------------------------------------------------------------------------
1.0000000150474662e+30

==========================================================================
cts final max_capacitance_check_slack
--------------------------------------------------------------------------
0.04257994890213013

==========================================================================
cts final max_capacitance_check_limit
--------------------------------------------------------------------------
0.047616999596357346

==========================================================================
cts final max_capacitance_check_slack_limit
--------------------------------------------------------------------------
0.8942

==========================================================================
cts final max_slew_violation_count
--------------------------------------------------------------------------
max slew violation count 0

==========================================================================
cts final max_fanout_violation_count
--------------------------------------------------------------------------
max fanout violation count 0

==========================================================================
cts final max_cap_violation_count
--------------------------------------------------------------------------
max cap violation count 0

==========================================================================
cts final setup_violation_count
--------------------------------------------------------------------------
setup violation count 0

==========================================================================
cts final hold_violation_count
--------------------------------------------------------------------------
hold violation count 0

==========================================================================
cts final report_checks -path_delay max reg to reg
--------------------------------------------------------------------------
No paths found.

==========================================================================
cts final report_checks -path_delay min reg to reg
--------------------------------------------------------------------------
No paths found.

==========================================================================
cts final critical path target clock latency max path
--------------------------------------------------------------------------
0

==========================================================================
cts final critical path target clock latency min path
--------------------------------------------------------------------------
0

==========================================================================
cts final critical path source clock latency min path
--------------------------------------------------------------------------
0

==========================================================================
cts final critical path delay
--------------------------------------------------------------------------
-1

==========================================================================
cts final critical path slack
--------------------------------------------------------------------------
0

==========================================================================
cts final slack div critical path delay
--------------------------------------------------------------------------
0.000000

==========================================================================
cts final report_power
--------------------------------------------------------------------------
Group                  Internal  Switching    Leakage      Total
                          Power      Power      Power      Power (Watts)
----------------------------------------------------------------
Sequential             2.36e-05   9.33e-07   5.79e-11   2.46e-05  28.9%
Combinational          1.44e-05   8.65e-06   2.41e-10   2.31e-05  27.1%
Clock                  2.74e-05   1.01e-05   2.28e-11   3.74e-05  44.0%
Macro                  0.00e+00   0.00e+00   0.00e+00   0.00e+00   0.0%
Pad                    0.00e+00   0.00e+00   0.00e+00   0.00e+00   0.0%
----------------------------------------------------------------
Total                  6.54e-05   1.96e-05   3.21e-10   8.51e-05 100.0%
                          76.9%      23.1%       0.0%
