
==========================================================================
global route report_tns
--------------------------------------------------------------------------
tns max 0.00

==========================================================================
global route report_wns
--------------------------------------------------------------------------
wns max 0.00

==========================================================================
global route report_worst_slack
--------------------------------------------------------------------------
worst slack max INF

==========================================================================
global route report_clock_min_period
--------------------------------------------------------------------------
clk period_min = 0.00 fmax = inf

==========================================================================
global route report_clock_skew
--------------------------------------------------------------------------
Clock clk
No launch/capture paths found.


==========================================================================
global route report_checks -path_delay min
--------------------------------------------------------------------------
No paths found.

==========================================================================
global route report_checks -path_delay max
--------------------------------------------------------------------------
No paths found.

==========================================================================
global route report_checks -unconstrained
--------------------------------------------------------------------------
Startpoint: clk (clock source 'clk')
Endpoint: clkload0/X (internal pin)
Path Group: unconstrained
Path Type: max

Fanout     Cap    Slew   Delay    Time   Description
-----------------------------------------------------------------------------
     1    0.01    0.00    0.00    5.00 v clk (in)
                                         clk (net)
                  0.00    0.00    5.00 v clkbuf_0_clk/A (sky130_fd_sc_hd__clkbuf_8)
     2    0.01    0.03    0.12    5.12 v clkbuf_0_clk/X (sky130_fd_sc_hd__clkbuf_8)
                                         clknet_0_clk (net)
                  0.03    0.00    5.12 v clkbuf_1_1__f_clk/A (sky130_fd_sc_hd__clkbuf_8)
     3    0.01    0.03    0.13    5.25 v clkbuf_1_1__f_clk/X (sky130_fd_sc_hd__clkbuf_8)
                                         clknet_1_1__leaf_clk (net)
                  0.03    0.00    5.25 v clkload0/A (sky130_fd_sc_hd__clkbuf_1)
     0    0.00    0.01    0.06    5.31 v clkload0/X (sky130_fd_sc_hd__clkbuf_1)
                                         (unconnected)
                                  5.31   data arrival time
-----------------------------------------------------------------------------
(Path is unconstrained)



==========================================================================
global route report_check_types -max_slew -max_cap -max_fanout -violators
--------------------------------------------------------------------------

==========================================================================
global route max_slew_check_slack
--------------------------------------------------------------------------
1.1585227251052856

==========================================================================
global route max_slew_check_limit
--------------------------------------------------------------------------
1.4975910186767578

==========================================================================
global route max_slew_check_slack_limit
--------------------------------------------------------------------------
0.7736

==========================================================================
global route max_fanout_check_slack
--------------------------------------------------------------------------
1.0000000150474662e+30

==========================================================================
global route max_fanout_check_limit
--------------------------------------------------------------------------
1.0000000150474662e+30

==========================================================================
global route max_capacitance_check_slack
--------------------------------------------------------------------------
0.04188665747642517

==========================================================================
global route max_capacitance_check_limit
--------------------------------------------------------------------------
0.047616999596357346

==========================================================================
global route max_capacitance_check_slack_limit
--------------------------------------------------------------------------
0.8797

==========================================================================
global route max_slew_violation_count
--------------------------------------------------------------------------
max slew violation count 0

==========================================================================
global route max_fanout_violation_count
--------------------------------------------------------------------------
max fanout violation count 0

==========================================================================
global route max_cap_violation_count
--------------------------------------------------------------------------
max cap violation count 0

==========================================================================
global route setup_violation_count
--------------------------------------------------------------------------
setup violation count 0

==========================================================================
global route hold_violation_count
--------------------------------------------------------------------------
hold violation count 0

==========================================================================
global route report_checks -path_delay max reg to reg
--------------------------------------------------------------------------
No paths found.

==========================================================================
global route report_checks -path_delay min reg to reg
--------------------------------------------------------------------------
No paths found.

==========================================================================
global route critical path target clock latency max path
--------------------------------------------------------------------------
0

==========================================================================
global route critical path target clock latency min path
--------------------------------------------------------------------------
0

==========================================================================
global route critical path source clock latency min path
--------------------------------------------------------------------------
0

==========================================================================
global route critical path delay
--------------------------------------------------------------------------
-1

==========================================================================
global route critical path slack
--------------------------------------------------------------------------
0

==========================================================================
global route slack div critical path delay
--------------------------------------------------------------------------
0.000000

==========================================================================
global route report_power
--------------------------------------------------------------------------
Group                  Internal  Switching    Leakage      Total
                          Power      Power      Power      Power (Watts)
----------------------------------------------------------------
Sequential             2.37e-05   1.25e-06   5.79e-11   2.49e-05  27.9%
Combinational          1.47e-05   1.08e-05   2.41e-10   2.55e-05  28.6%
Clock                  2.75e-05   1.13e-05   2.28e-11   3.87e-05  43.5%
Macro                  0.00e+00   0.00e+00   0.00e+00   0.00e+00   0.0%
Pad                    0.00e+00   0.00e+00   0.00e+00   0.00e+00   0.0%
----------------------------------------------------------------
Total                  6.58e-05   2.33e-05   3.21e-10   8.91e-05 100.0%
                          73.9%      26.1%       0.0%
