
==========================================================================
finish report_tns
--------------------------------------------------------------------------
tns max 0.00

==========================================================================
finish report_wns
--------------------------------------------------------------------------
wns max 0.00

==========================================================================
finish report_worst_slack
--------------------------------------------------------------------------
worst slack max INF

==========================================================================
finish report_clock_min_period
--------------------------------------------------------------------------
clk period_min = 0.00 fmax = inf

==========================================================================
finish report_clock_skew
--------------------------------------------------------------------------
Clock clk
No launch/capture paths found.


==========================================================================
finish report_checks -path_delay min
--------------------------------------------------------------------------
No paths found.

==========================================================================
finish report_checks -path_delay max
--------------------------------------------------------------------------
No paths found.

==========================================================================
finish report_checks -unconstrained
--------------------------------------------------------------------------
Startpoint: clk (clock source 'clk')
Endpoint: clkload0/X (internal pin)
Path Group: unconstrained
Path Type: max

Fanout     Cap    Slew   Delay    Time   Description
-----------------------------------------------------------------------------
     1    0.01    0.00    0.00    5.00 v clk (in)
                                         clk (net)
                  0.00    0.00    5.00 v clkbuf_0_clk/A (sky130_fd_sc_hd__clkbuf_8)
     2    0.01    0.03    0.12    5.12 v clkbuf_0_clk/X (sky130_fd_sc_hd__clkbuf_8)
                                         clknet_0_clk (net)
                  0.03    0.00    5.12 v clkbuf_1_1__f_clk/A (sky130_fd_sc_hd__clkbuf_8)
     3    0.01    0.03    0.12    5.24 v clkbuf_1_1__f_clk/X (sky130_fd_sc_hd__clkbuf_8)
                                         clknet_1_1__leaf_clk (net)
                  0.03    0.00    5.24 v clkload0/A (sky130_fd_sc_hd__clkbuf_1)
     0    0.00    0.01    0.06    5.30 v clkload0/X (sky130_fd_sc_hd__clkbuf_1)
                                         (unconnected)
                                  5.30   data arrival time
-----------------------------------------------------------------------------
(Path is unconstrained)



==========================================================================
finish report_check_types -max_slew -max_cap -max_fanout -violators
--------------------------------------------------------------------------

==========================================================================
finish max_slew_check_slack
--------------------------------------------------------------------------
1.2033535242080688

==========================================================================
finish max_slew_check_limit
--------------------------------------------------------------------------
1.4975910186767578

==========================================================================
finish max_slew_check_slack_limit
--------------------------------------------------------------------------
0.8035

==========================================================================
finish max_fanout_check_slack
--------------------------------------------------------------------------
1.0000000150474662e+30

==========================================================================
finish max_fanout_check_limit
--------------------------------------------------------------------------
1.0000000150474662e+30

==========================================================================
finish max_capacitance_check_slack
--------------------------------------------------------------------------
0.04272559657692909

==========================================================================
finish max_capacitance_check_limit
--------------------------------------------------------------------------
0.047616999596357346

==========================================================================
finish max_capacitance_check_slack_limit
--------------------------------------------------------------------------
0.8973

==========================================================================
finish max_slew_violation_count
--------------------------------------------------------------------------
max slew violation count 0

==========================================================================
finish max_fanout_violation_count
--------------------------------------------------------------------------
max fanout violation count 0

==========================================================================
finish max_cap_violation_count
--------------------------------------------------------------------------
max cap violation count 0

==========================================================================
finish setup_violation_count
--------------------------------------------------------------------------
setup violation count 0

==========================================================================
finish hold_violation_count
--------------------------------------------------------------------------
hold violation count 0

==========================================================================
finish report_checks -path_delay max reg to reg
--------------------------------------------------------------------------
No paths found.

==========================================================================
finish report_checks -path_delay min reg to reg
--------------------------------------------------------------------------
No paths found.

==========================================================================
finish critical path target clock latency max path
--------------------------------------------------------------------------
0

==========================================================================
finish critical path target clock latency min path
--------------------------------------------------------------------------
0

==========================================================================
finish critical path source clock latency min path
--------------------------------------------------------------------------
0

==========================================================================
finish critical path delay
--------------------------------------------------------------------------
-1

==========================================================================
finish critical path slack
--------------------------------------------------------------------------
0

==========================================================================
finish slack div critical path delay
--------------------------------------------------------------------------
0.000000

==========================================================================
finish report_power
--------------------------------------------------------------------------
Group                  Internal  Switching    Leakage      Total
                          Power      Power      Power      Power (Watts)
----------------------------------------------------------------
Sequential             2.36e-05   7.94e-07   5.79e-11   2.44e-05  29.6%
Combinational          1.43e-05   7.71e-06   2.41e-10   2.20e-05  26.7%
Clock                  2.73e-05   8.91e-06   2.28e-11   3.62e-05  43.8%
Macro                  0.00e+00   0.00e+00   0.00e+00   0.00e+00   0.0%
Pad                    0.00e+00   0.00e+00   0.00e+00   0.00e+00   0.0%
----------------------------------------------------------------
Total                  6.52e-05   1.74e-05   3.21e-10   8.26e-05 100.0%
                          78.9%      21.1%       0.0%
