
==========================================================================
floorplan final report_tns
--------------------------------------------------------------------------
tns max 0.00

==========================================================================
floorplan final report_wns
--------------------------------------------------------------------------
wns max 0.00

==========================================================================
floorplan final report_worst_slack
--------------------------------------------------------------------------
worst slack max INF

==========================================================================
floorplan final report_clock_min_period
--------------------------------------------------------------------------

==========================================================================
floorplan final report_checks -path_delay min
--------------------------------------------------------------------------
No paths found.

==========================================================================
floorplan final report_checks -path_delay max
--------------------------------------------------------------------------
No paths found.

==========================================================================
floorplan final report_checks -unconstrained
--------------------------------------------------------------------------
Startpoint: b[0] (input port)
Endpoint: p[6] (output port)
Path Group: unconstrained
Path Type: max

Fanout     Cap    Slew   Delay    Time   Description
-----------------------------------------------------------------------------
                          0.00    0.00 v input external delay
     4    0.01    0.00    0.00    0.00 v b[0] (in)
                                         b[0] (net)
                  0.00    0.00    0.00 v _57_/B (sky130_fd_sc_hd__and2_1)
     1    0.00    0.04    0.13    0.13 v _57_/X (sky130_fd_sc_hd__and2_1)
                                         _24_ (net)
                  0.04    0.00    0.13 v _76_/A (sky130_fd_sc_hd__ha_1)
     1    0.00    0.06    0.29    0.42 v _76_/SUM (sky130_fd_sc_hd__ha_1)
                                         _37_ (net)
                  0.06    0.00    0.42 v _70_/CIN (sky130_fd_sc_hd__fa_1)
     1    0.01    0.09    0.38    0.81 v _70_/COUT (sky130_fd_sc_hd__fa_1)
                                         _38_ (net)
                  0.09    0.00    0.81 v _71_/B (sky130_fd_sc_hd__fa_1)
     1    0.00    0.06    0.51    1.32 ^ _71_/SUM (sky130_fd_sc_hd__fa_1)
                                         _40_ (net)
                  0.06    0.00    1.32 ^ _79_/B (sky130_fd_sc_hd__ha_1)
     1    0.00    0.05    0.13    1.45 ^ _79_/COUT (sky130_fd_sc_hd__ha_1)
                                         _32_ (net)
                  0.05    0.00    1.45 ^ _66_/A (sky130_fd_sc_hd__inv_1)
     1    0.00    0.03    0.04    1.49 v _66_/Y (sky130_fd_sc_hd__inv_1)
                                         _18_ (net)
                  0.03    0.00    1.49 v _74_/CIN (sky130_fd_sc_hd__fa_1)
     1    0.00    0.07    0.34    1.83 v _74_/COUT (sky130_fd_sc_hd__fa_1)
                                         _19_ (net)
                  0.07    0.00    1.83 v _53_/A (sky130_fd_sc_hd__inv_1)
     1    0.00    0.05    0.07    1.90 ^ _53_/Y (sky130_fd_sc_hd__inv_1)
                                         _23_ (net)
                  0.05    0.00    1.90 ^ _75_/CIN (sky130_fd_sc_hd__fa_1)
     1    0.00    0.07    0.39    2.29 v _75_/SUM (sky130_fd_sc_hd__fa_1)
                                         a28.s (net)
                  0.07    0.00    2.29 v _85_/A (sky130_fd_sc_hd__buf_4)
     1    0.00    0.02    0.13    2.42 v _85_/X (sky130_fd_sc_hd__buf_4)
                                         p[6] (net)
                  0.02    0.00    2.42 v p[6] (out)
                                  2.42   data arrival time
-----------------------------------------------------------------------------
(Path is unconstrained)



==========================================================================
floorplan final report_power
--------------------------------------------------------------------------
Group                  Internal  Switching    Leakage      Total
                          Power      Power      Power      Power (Watts)
----------------------------------------------------------------
Sequential             0.00e+00   0.00e+00   0.00e+00   0.00e+00   0.0%
Combinational          1.23e-04   5.58e-05   2.24e-10   1.78e-04 100.0%
Clock                  0.00e+00   0.00e+00   0.00e+00   0.00e+00   0.0%
Macro                  0.00e+00   0.00e+00   0.00e+00   0.00e+00   0.0%
Pad                    0.00e+00   0.00e+00   0.00e+00   0.00e+00   0.0%
----------------------------------------------------------------
Total                  1.23e-04   5.58e-05   2.24e-10   1.78e-04 100.0%
                          68.7%      31.3%       0.0%
