
==========================================================================
resizer report_tns
--------------------------------------------------------------------------
tns max 0.00

==========================================================================
resizer report_wns
--------------------------------------------------------------------------
wns max 0.00

==========================================================================
resizer report_worst_slack
--------------------------------------------------------------------------
worst slack max INF

==========================================================================
resizer report_clock_min_period
--------------------------------------------------------------------------

==========================================================================
resizer report_checks -path_delay min
--------------------------------------------------------------------------
No paths found.

==========================================================================
resizer report_checks -path_delay max
--------------------------------------------------------------------------
No paths found.

==========================================================================
resizer report_checks -unconstrained
--------------------------------------------------------------------------
Startpoint: b[0] (input port)
Endpoint: p[6] (output port)
Path Group: unconstrained
Path Type: max

Fanout     Cap    Slew   Delay    Time   Description
-----------------------------------------------------------------------------
                          0.00    0.00 v input external delay
     1    0.01    0.00    0.00    0.00 v b[0] (in)
                                         b[0] (net)
                  0.00    0.00    0.00 v input5/A (sky130_fd_sc_hd__clkdlybuf4s50_1)
     4    0.01    0.11    0.46    0.46 v input5/X (sky130_fd_sc_hd__clkdlybuf4s50_1)
                                         net5 (net)
                  0.11    0.00    0.46 v _57_/B (sky130_fd_sc_hd__and2_1)
     1    0.00    0.04    0.18    0.64 v _57_/X (sky130_fd_sc_hd__and2_1)
                                         _24_ (net)
                  0.04    0.00    0.64 v _76_/A (sky130_fd_sc_hd__ha_1)
     1    0.01    0.07    0.31    0.95 v _76_/SUM (sky130_fd_sc_hd__ha_1)
                                         _37_ (net)
                  0.07    0.00    0.95 v _70_/CIN (sky130_fd_sc_hd__fa_1)
     1    0.01    0.09    0.39    1.35 v _70_/COUT (sky130_fd_sc_hd__fa_1)
                                         _38_ (net)
                  0.09    0.00    1.35 v _71_/B (sky130_fd_sc_hd__fa_1)
     1    0.00    0.06    0.52    1.86 ^ _71_/SUM (sky130_fd_sc_hd__fa_1)
                                         _40_ (net)
                  0.06    0.00    1.86 ^ _79_/B (sky130_fd_sc_hd__ha_1)
     1    0.00    0.05    0.14    2.00 ^ _79_/COUT (sky130_fd_sc_hd__ha_1)
                                         _32_ (net)
                  0.05    0.00    2.00 ^ _66_/A (sky130_fd_sc_hd__inv_1)
     1    0.01    0.04    0.05    2.05 v _66_/Y (sky130_fd_sc_hd__inv_1)
                                         _18_ (net)
                  0.04    0.00    2.05 v _74_/CIN (sky130_fd_sc_hd__fa_1)
     1    0.00    0.07    0.35    2.40 v _74_/COUT (sky130_fd_sc_hd__fa_1)
                                         _19_ (net)
                  0.07    0.00    2.40 v _53_/A (sky130_fd_sc_hd__inv_1)
     1    0.01    0.05    0.07    2.48 ^ _53_/Y (sky130_fd_sc_hd__inv_1)
                                         _23_ (net)
                  0.05    0.00    2.48 ^ _75_/CIN (sky130_fd_sc_hd__fa_1)
     1    0.00    0.08    0.41    2.88 v _75_/SUM (sky130_fd_sc_hd__fa_1)
                                         net15 (net)
                  0.08    0.00    2.88 v output15/A (sky130_fd_sc_hd__clkdlybuf4s50_1)
     1    0.01    0.08    0.47    3.35 v output15/X (sky130_fd_sc_hd__clkdlybuf4s50_1)
                                         p[6] (net)
                  0.08    0.00    3.35 v p[6] (out)
                                  3.35   data arrival time
-----------------------------------------------------------------------------
(Path is unconstrained)



==========================================================================
resizer report_check_types -max_slew -max_cap -max_fanout -violators
--------------------------------------------------------------------------

==========================================================================
resizer max_slew_check_slack
--------------------------------------------------------------------------
1.3429899215698242

==========================================================================
resizer max_slew_check_limit
--------------------------------------------------------------------------
1.4953149557113647

==========================================================================
resizer max_slew_check_slack_limit
--------------------------------------------------------------------------
0.8981

==========================================================================
resizer max_fanout_check_slack
--------------------------------------------------------------------------
1.0000000150474662e+30

==========================================================================
resizer max_fanout_check_limit
--------------------------------------------------------------------------
1.0000000150474662e+30

==========================================================================
resizer max_capacitance_check_slack
--------------------------------------------------------------------------
0.14199788868427277

==========================================================================
resizer max_capacitance_check_limit
--------------------------------------------------------------------------
0.15656499564647675

==========================================================================
resizer max_capacitance_check_slack_limit
--------------------------------------------------------------------------
0.9070

==========================================================================
resizer max_slew_violation_count
--------------------------------------------------------------------------
max slew violation count 0

==========================================================================
resizer max_fanout_violation_count
--------------------------------------------------------------------------
max fanout violation count 0

==========================================================================
resizer max_cap_violation_count
--------------------------------------------------------------------------
max cap violation count 0

==========================================================================
resizer setup_violation_count
--------------------------------------------------------------------------
setup violation count 0

==========================================================================
resizer hold_violation_count
--------------------------------------------------------------------------
hold violation count 0

==========================================================================
resizer critical path delay
--------------------------------------------------------------------------
-1

==========================================================================
resizer critical path slack
--------------------------------------------------------------------------
0

==========================================================================
resizer slack div critical path delay
--------------------------------------------------------------------------
0.000000

==========================================================================
resizer report_power
--------------------------------------------------------------------------
Group                  Internal  Switching    Leakage      Total
                          Power      Power      Power      Power (Watts)
----------------------------------------------------------------
Sequential             0.00e+00   0.00e+00   0.00e+00   0.00e+00   0.0%
Combinational          1.91e-04   1.06e-04   2.50e-10   2.97e-04 100.0%
Clock                  0.00e+00   0.00e+00   0.00e+00   0.00e+00   0.0%
Macro                  0.00e+00   0.00e+00   0.00e+00   0.00e+00   0.0%
Pad                    0.00e+00   0.00e+00   0.00e+00   0.00e+00   0.0%
----------------------------------------------------------------
Total                  1.91e-04   1.06e-04   2.50e-10   2.97e-04 100.0%
                          64.4%      35.6%       0.0%
