
==========================================================================
floorplan final report_tns
--------------------------------------------------------------------------
tns max 0.00

==========================================================================
floorplan final report_wns
--------------------------------------------------------------------------
wns max 0.00

==========================================================================
floorplan final report_worst_slack
--------------------------------------------------------------------------
worst slack max 19.54

==========================================================================
floorplan final report_clock_min_period
--------------------------------------------------------------------------
clk period_min = 0.46 fmax = 2152.39

==========================================================================
floorplan final report_checks -path_delay min
--------------------------------------------------------------------------
Startpoint: window[0]$_DFF_PN0_ (rising edge-triggered flip-flop clocked by clk)
Endpoint: window[1]$_DFF_PN0_ (rising edge-triggered flip-flop clocked by clk)
Path Group: clk
Path Type: min

Fanout     Cap    Slew   Delay    Time   Description
-----------------------------------------------------------------------------
                  0.00    0.00    0.00   clock clk (rise edge)
                          0.00    0.00   clock network delay (ideal)
                  0.00    0.00    0.00 ^ window[0]$_DFF_PN0_/CLK (sky130_fd_sc_hd__dfrtp_1)
     2    0.00    0.05    0.30    0.30 ^ window[0]$_DFF_PN0_/Q (sky130_fd_sc_hd__dfrtp_1)
                                         window[0] (net)
                  0.05    0.00    0.30 ^ window[1]$_DFF_PN0_/D (sky130_fd_sc_hd__dfrtp_1)
                                  0.30   data arrival time

                  0.00    0.00    0.00   clock clk (rise edge)
                          0.00    0.00   clock network delay (ideal)
                          0.00    0.00   clock reconvergence pessimism
                                  0.00 ^ window[1]$_DFF_PN0_/CLK (sky130_fd_sc_hd__dfrtp_1)
                         -0.04   -0.04   library hold time
                                 -0.04   data required time
-----------------------------------------------------------------------------
                                 -0.04   data required time
                                 -0.30   data arrival time
-----------------------------------------------------------------------------
                                  0.35   slack (MET)



==========================================================================
floorplan final report_checks -path_delay max
--------------------------------------------------------------------------
Startpoint: window[1]$_DFF_PN0_ (rising edge-triggered flip-flop clocked by clk)
Endpoint: window[2]$_DFF_PN0_ (rising edge-triggered flip-flop clocked by clk)
Path Group: clk
Path Type: max

Fanout     Cap    Slew   Delay    Time   Description
-----------------------------------------------------------------------------
                  0.00    0.00    0.00   clock clk (rise edge)
                          0.00    0.00   clock network delay (ideal)
                  0.00    0.00    0.00 ^ window[1]$_DFF_PN0_/CLK (sky130_fd_sc_hd__dfrtp_1)
     2    0.00    0.04    0.34    0.34 v window[1]$_DFF_PN0_/Q (sky130_fd_sc_hd__dfrtp_1)
                                         window[1] (net)
                  0.04    0.00    0.34 v window[2]$_DFF_PN0_/D (sky130_fd_sc_hd__dfrtp_1)
                                  0.34   data arrival time

                  0.00   20.00   20.00   clock clk (rise edge)
                          0.00   20.00   clock network delay (ideal)
                          0.00   20.00   clock reconvergence pessimism
                                 20.00 ^ window[2]$_DFF_PN0_/CLK (sky130_fd_sc_hd__dfrtp_1)
                         -0.12   19.88   library setup time
                                 19.88   data required time
-----------------------------------------------------------------------------
                                 19.88   data required time
                                 -0.34   data arrival time
-----------------------------------------------------------------------------
                                 19.54   slack (MET)



==========================================================================
floorplan final report_checks -unconstrained
--------------------------------------------------------------------------
Startpoint: window[1]$_DFF_PN0_ (rising edge-triggered flip-flop clocked by clk)
Endpoint: window[2]$_DFF_PN0_ (rising edge-triggered flip-flop clocked by clk)
Path Group: clk
Path Type: max

Fanout     Cap    Slew   Delay    Time   Description
-----------------------------------------------------------------------------
                  0.00    0.00    0.00   clock clk (rise edge)
                          0.00    0.00   clock network delay (ideal)
                  0.00    0.00    0.00 ^ window[1]$_DFF_PN0_/CLK (sky130_fd_sc_hd__dfrtp_1)
     2    0.00    0.04    0.34    0.34 v window[1]$_DFF_PN0_/Q (sky130_fd_sc_hd__dfrtp_1)
                                         window[1] (net)
                  0.04    0.00    0.34 v window[2]$_DFF_PN0_/D (sky130_fd_sc_hd__dfrtp_1)
                                  0.34   data arrival time

                  0.00   20.00   20.00   clock clk (rise edge)
                          0.00   20.00   clock network delay (ideal)
                          0.00   20.00   clock reconvergence pessimism
                                 20.00 ^ window[2]$_DFF_PN0_/CLK (sky130_fd_sc_hd__dfrtp_1)
                         -0.12   19.88   library setup time
                                 19.88   data required time
-----------------------------------------------------------------------------
                                 19.88   data required time
                                 -0.34   data arrival time
-----------------------------------------------------------------------------
                                 19.54   slack (MET)



==========================================================================
floorplan final report_power
--------------------------------------------------------------------------
Group                  Internal  Switching    Leakage      Total
                          Power      Power      Power      Power (Watts)
----------------------------------------------------------------
Sequential             8.65e-06   9.90e-08   4.66e-11   8.75e-06  99.1%
Combinational          8.21e-08   0.00e+00   3.88e-12   8.21e-08   0.9%
Clock                  0.00e+00   0.00e+00   0.00e+00   0.00e+00   0.0%
Macro                  0.00e+00   0.00e+00   0.00e+00   0.00e+00   0.0%
Pad                    0.00e+00   0.00e+00   0.00e+00   0.00e+00   0.0%
----------------------------------------------------------------
Total                  8.73e-06   9.90e-08   5.05e-11   8.83e-06 100.0%
                          98.9%       1.1%       0.0%
