
==========================================================================
global place report_tns
--------------------------------------------------------------------------
tns max 0.00

==========================================================================
global place report_wns
--------------------------------------------------------------------------
wns max 0.00

==========================================================================
global place report_worst_slack
--------------------------------------------------------------------------
worst slack max 19.53

==========================================================================
global place report_clock_min_period
--------------------------------------------------------------------------
clk period_min = 0.47 fmax = 2110.75

==========================================================================
global place report_checks -path_delay min
--------------------------------------------------------------------------
Startpoint: window[1]$_DFF_PN0_ (rising edge-triggered flip-flop clocked by clk)
Endpoint: window[2]$_DFF_PN0_ (rising edge-triggered flip-flop clocked by clk)
Path Group: clk
Path Type: min

Fanout     Cap    Slew   Delay    Time   Description
-----------------------------------------------------------------------------
                  0.00    0.00    0.00   clock clk (rise edge)
                          0.00    0.00   clock network delay (ideal)
                  0.00    0.00    0.00 ^ window[1]$_DFF_PN0_/CLK (sky130_fd_sc_hd__dfrtp_1)
     2    0.00    0.05    0.31    0.31 ^ window[1]$_DFF_PN0_/Q (sky130_fd_sc_hd__dfrtp_1)
                                         window[1] (net)
                  0.05    0.00    0.31 ^ window[2]$_DFF_PN0_/D (sky130_fd_sc_hd__dfrtp_1)
                                  0.31   data arrival time

                  0.00    0.00    0.00   clock clk (rise edge)
                          0.00    0.00   clock network delay (ideal)
                          0.00    0.00   clock reconvergence pessimism
                                  0.00 ^ window[2]$_DFF_PN0_/CLK (sky130_fd_sc_hd__dfrtp_1)
                         -0.04   -0.04   library hold time
                                 -0.04   data required time
-----------------------------------------------------------------------------
                                 -0.04   data required time
                                 -0.31   data arrival time
-----------------------------------------------------------------------------
                                  0.35   slack (MET)



==========================================================================
global place report_checks -path_delay max
--------------------------------------------------------------------------
Startpoint: window[2]$_DFF_PN0_ (rising edge-triggered flip-flop clocked by clk)
Endpoint: window[3]$_DFF_PN0_ (rising edge-triggered flip-flop clocked by clk)
Path Group: clk
Path Type: max

Fanout     Cap    Slew   Delay    Time   Description
-----------------------------------------------------------------------------
                  0.00    0.00    0.00   clock clk (rise edge)
                          0.00    0.00   clock network delay (ideal)
                  0.00    0.00    0.00 ^ window[2]$_DFF_PN0_/CLK (sky130_fd_sc_hd__dfrtp_1)
     2    0.00    0.05    0.35    0.35 v window[2]$_DFF_PN0_/Q (sky130_fd_sc_hd__dfrtp_1)
                                         window[2] (net)
                  0.05    0.00    0.35 v window[3]$_DFF_PN0_/D (sky130_fd_sc_hd__dfrtp_1)
                                  0.35   data arrival time

                  0.00   20.00   20.00   clock clk (rise edge)
                          0.00   20.00   clock network delay (ideal)
                          0.00   20.00   clock reconvergence pessimism
                                 20.00 ^ window[3]$_DFF_PN0_/CLK (sky130_fd_sc_hd__dfrtp_1)
                         -0.13   19.87   library setup time
                                 19.87   data required time
-----------------------------------------------------------------------------
                                 19.87   data required time
                                 -0.35   data arrival time
-----------------------------------------------------------------------------
                                 19.53   slack (MET)



==========================================================================
global place report_checks -unconstrained
--------------------------------------------------------------------------
Startpoint: window[2]$_DFF_PN0_ (rising edge-triggered flip-flop clocked by clk)
Endpoint: window[3]$_DFF_PN0_ (rising edge-triggered flip-flop clocked by clk)
Path Group: clk
Path Type: max

Fanout     Cap    Slew   Delay    Time   Description
-----------------------------------------------------------------------------
                  0.00    0.00    0.00   clock clk (rise edge)
                          0.00    0.00   clock network delay (ideal)
                  0.00    0.00    0.00 ^ window[2]$_DFF_PN0_/CLK (sky130_fd_sc_hd__dfrtp_1)
     2    0.00    0.05    0.35    0.35 v window[2]$_DFF_PN0_/Q (sky130_fd_sc_hd__dfrtp_1)
                                         window[2] (net)
                  0.05    0.00    0.35 v window[3]$_DFF_PN0_/D (sky130_fd_sc_hd__dfrtp_1)
                                  0.35   data arrival time

                  0.00   20.00   20.00   clock clk (rise edge)
                          0.00   20.00   clock network delay (ideal)
                          0.00   20.00   clock reconvergence pessimism
                                 20.00 ^ window[3]$_DFF_PN0_/CLK (sky130_fd_sc_hd__dfrtp_1)
                         -0.13   19.87   library setup time
                                 19.87   data required time
-----------------------------------------------------------------------------
                                 19.87   data required time
                                 -0.35   data arrival time
-----------------------------------------------------------------------------
                                 19.53   slack (MET)



==========================================================================
global place report_power
--------------------------------------------------------------------------
Group                  Internal  Switching    Leakage      Total
                          Power      Power      Power      Power (Watts)
----------------------------------------------------------------
Sequential             8.65e-06   1.38e-07   4.66e-11   8.79e-06  92.8%
Combinational          5.05e-07   1.79e-07   1.52e-11   6.83e-07   7.2%
Clock                  0.00e+00   0.00e+00   0.00e+00   0.00e+00   0.0%
Macro                  0.00e+00   0.00e+00   0.00e+00   0.00e+00   0.0%
Pad                    0.00e+00   0.00e+00   0.00e+00   0.00e+00   0.0%
----------------------------------------------------------------
Total                  9.16e-06   3.17e-07   6.18e-11   9.47e-06 100.0%
                          96.7%       3.3%       0.0%
