
==========================================================================
resizer report_tns
--------------------------------------------------------------------------
tns max 0.00

==========================================================================
resizer report_wns
--------------------------------------------------------------------------
wns max 0.00

==========================================================================
resizer report_worst_slack
--------------------------------------------------------------------------
worst slack max 19.53

==========================================================================
resizer report_clock_min_period
--------------------------------------------------------------------------
clk period_min = 0.47 fmax = 2110.75

==========================================================================
resizer report_checks -path_delay min
--------------------------------------------------------------------------
Startpoint: window[1]$_DFF_PN0_ (rising edge-triggered flip-flop clocked by clk)
Endpoint: window[2]$_DFF_PN0_ (rising edge-triggered flip-flop clocked by clk)
Path Group: clk
Path Type: min

Fanout     Cap    Slew   Delay    Time   Description
-----------------------------------------------------------------------------
                  0.00    0.00    0.00   clock clk (rise edge)
                          0.00    0.00   clock network delay (ideal)
                  0.00    0.00    0.00 ^ window[1]$_DFF_PN0_/CLK (sky130_fd_sc_hd__dfrtp_1)
     2    0.00    0.05    0.31    0.31 ^ window[1]$_DFF_PN0_/Q (sky130_fd_sc_hd__dfrtp_1)
                                         window[1] (net)
                  0.05    0.00    0.31 ^ window[2]$_DFF_PN0_/D (sky130_fd_sc_hd__dfrtp_1)
                                  0.31   data arrival time

                  0.00    0.00    0.00   clock clk (rise edge)
                          0.00    0.00   clock network delay (ideal)
                          0.00    0.00   clock reconvergence pessimism
                                  0.00 ^ window[2]$_DFF_PN0_/CLK (sky130_fd_sc_hd__dfrtp_1)
                         -0.04   -0.04   library hold time
                                 -0.04   data required time
-----------------------------------------------------------------------------
                                 -0.04   data required time
                                 -0.31   data arrival time
-----------------------------------------------------------------------------
                                  0.35   slack (MET)



==========================================================================
resizer report_checks -path_delay max
--------------------------------------------------------------------------
Startpoint: window[2]$_DFF_PN0_ (rising edge-triggered flip-flop clocked by clk)
Endpoint: window[3]$_DFF_PN0_ (rising edge-triggered flip-flop clocked by clk)
Path Group: clk
Path Type: max

Fanout     Cap    Slew   Delay    Time   Description
-----------------------------------------------------------------------------
                  0.00    0.00    0.00   clock clk (rise edge)
                          0.00    0.00   clock network delay (ideal)
                  0.00    0.00    0.00 ^ window[2]$_DFF_PN0_/CLK (sky130_fd_sc_hd__dfrtp_1)
     2    0.00    0.05    0.35    0.35 v window[2]$_DFF_PN0_/Q (sky130_fd_sc_hd__dfrtp_1)
                                         window[2] (net)
                  0.05    0.00    0.35 v window[3]$_DFF_PN0_/D (sky130_fd_sc_hd__dfrtp_1)
                                  0.35   data arrival time

                  0.00   20.00   20.00   clock clk (rise edge)
                          0.00   20.00   clock network delay (ideal)
                          0.00   20.00   clock reconvergence pessimism
                                 20.00 ^ window[3]$_DFF_PN0_/CLK (sky130_fd_sc_hd__dfrtp_1)
                         -0.13   19.87   library setup time
                                 19.87   data required time
-----------------------------------------------------------------------------
                                 19.87   data required time
                                 -0.35   data arrival time
-----------------------------------------------------------------------------
                                 19.53   slack (MET)



==========================================================================
resizer report_checks -unconstrained
--------------------------------------------------------------------------
Startpoint: window[2]$_DFF_PN0_ (rising edge-triggered flip-flop clocked by clk)
Endpoint: window[3]$_DFF_PN0_ (rising edge-triggered flip-flop clocked by clk)
Path Group: clk
Path Type: max

Fanout     Cap    Slew   Delay    Time   Description
-----------------------------------------------------------------------------
                  0.00    0.00    0.00   clock clk (rise edge)
                          0.00    0.00   clock network delay (ideal)
                  0.00    0.00    0.00 ^ window[2]$_DFF_PN0_/CLK (sky130_fd_sc_hd__dfrtp_1)
     2    0.00    0.05    0.35    0.35 v window[2]$_DFF_PN0_/Q (sky130_fd_sc_hd__dfrtp_1)
                                         window[2] (net)
                  0.05    0.00    0.35 v window[3]$_DFF_PN0_/D (sky130_fd_sc_hd__dfrtp_1)
                                  0.35   data arrival time

                  0.00   20.00   20.00   clock clk (rise edge)
                          0.00   20.00   clock network delay (ideal)
                          0.00   20.00   clock reconvergence pessimism
                                 20.00 ^ window[3]$_DFF_PN0_/CLK (sky130_fd_sc_hd__dfrtp_1)
                         -0.13   19.87   library setup time
                                 19.87   data required time
-----------------------------------------------------------------------------
                                 19.87   data required time
                                 -0.35   data arrival time
-----------------------------------------------------------------------------
                                 19.53   slack (MET)



==========================================================================
resizer report_check_types -max_slew -max_cap -max_fanout -violators
--------------------------------------------------------------------------

==========================================================================
resizer max_slew_check_slack
--------------------------------------------------------------------------
1.3194984197616577

==========================================================================
resizer max_slew_check_limit
--------------------------------------------------------------------------
1.4953149557113647

==========================================================================
resizer max_slew_check_slack_limit
--------------------------------------------------------------------------
0.8824

==========================================================================
resizer max_fanout_check_slack
--------------------------------------------------------------------------
1.0000000150474662e+30

==========================================================================
resizer max_fanout_check_limit
--------------------------------------------------------------------------
1.0000000150474662e+30

==========================================================================
resizer max_capacitance_check_slack
--------------------------------------------------------------------------
0.13947154581546783

==========================================================================
resizer max_capacitance_check_limit
--------------------------------------------------------------------------
0.15656499564647675

==========================================================================
resizer max_capacitance_check_slack_limit
--------------------------------------------------------------------------
0.8908

==========================================================================
resizer max_slew_violation_count
--------------------------------------------------------------------------
max slew violation count 0

==========================================================================
resizer max_fanout_violation_count
--------------------------------------------------------------------------
max fanout violation count 0

==========================================================================
resizer max_cap_violation_count
--------------------------------------------------------------------------
max cap violation count 0

==========================================================================
resizer setup_violation_count
--------------------------------------------------------------------------
setup violation count 0

==========================================================================
resizer hold_violation_count
--------------------------------------------------------------------------
hold violation count 0

==========================================================================
resizer report_checks -path_delay max reg to reg
--------------------------------------------------------------------------
Startpoint: window[2]$_DFF_PN0_ (rising edge-triggered flip-flop clocked by clk)
Endpoint: window[3]$_DFF_PN0_ (rising edge-triggered flip-flop clocked by clk)
Path Group: clk
Path Type: max

  Delay    Time   Description
---------------------------------------------------------
   0.00    0.00   clock clk (rise edge)
   0.00    0.00   clock network delay (ideal)
   0.00    0.00 ^ window[2]$_DFF_PN0_/CLK (sky130_fd_sc_hd__dfrtp_1)
   0.35    0.35 v window[2]$_DFF_PN0_/Q (sky130_fd_sc_hd__dfrtp_1)
   0.00    0.35 v window[3]$_DFF_PN0_/D (sky130_fd_sc_hd__dfrtp_1)
           0.35   data arrival time

  20.00   20.00   clock clk (rise edge)
   0.00   20.00   clock network delay (ideal)
   0.00   20.00   clock reconvergence pessimism
          20.00 ^ window[3]$_DFF_PN0_/CLK (sky130_fd_sc_hd__dfrtp_1)
  -0.13   19.87   library setup time
          19.87   data required time
---------------------------------------------------------
          19.87   data required time
          -0.35   data arrival time
---------------------------------------------------------
          19.53   slack (MET)



==========================================================================
resizer report_checks -path_delay min reg to reg
--------------------------------------------------------------------------
Startpoint: window[1]$_DFF_PN0_ (rising edge-triggered flip-flop clocked by clk)
Endpoint: window[2]$_DFF_PN0_ (rising edge-triggered flip-flop clocked by clk)
Path Group: clk
Path Type: min

  Delay    Time   Description
---------------------------------------------------------
   0.00    0.00   clock clk (rise edge)
   0.00    0.00   clock network delay (ideal)
   0.00    0.00 ^ window[1]$_DFF_PN0_/CLK (sky130_fd_sc_hd__dfrtp_1)
   0.31    0.31 ^ window[1]$_DFF_PN0_/Q (sky130_fd_sc_hd__dfrtp_1)
   0.00    0.31 ^ window[2]$_DFF_PN0_/D (sky130_fd_sc_hd__dfrtp_1)
           0.31   data arrival time

   0.00    0.00   clock clk (rise edge)
   0.00    0.00   clock network delay (ideal)
   0.00    0.00   clock reconvergence pessimism
           0.00 ^ window[2]$_DFF_PN0_/CLK (sky130_fd_sc_hd__dfrtp_1)
  -0.04   -0.04   library hold time
          -0.04   data required time
---------------------------------------------------------
          -0.04   data required time
          -0.31   data arrival time
---------------------------------------------------------
           0.35   slack (MET)



==========================================================================
resizer critical path target clock latency max path
--------------------------------------------------------------------------
0

==========================================================================
resizer critical path target clock latency min path
--------------------------------------------------------------------------
0

==========================================================================
resizer critical path source clock latency min path
--------------------------------------------------------------------------
0

==========================================================================
resizer critical path delay
--------------------------------------------------------------------------
0.3479

==========================================================================
resizer critical path slack
--------------------------------------------------------------------------
19.5262

==========================================================================
resizer slack div critical path delay
--------------------------------------------------------------------------
5612.589825

==========================================================================
resizer report_power
--------------------------------------------------------------------------
Group                  Internal  Switching    Leakage      Total
                          Power      Power      Power      Power (Watts)
----------------------------------------------------------------
Sequential             8.65e-06   1.38e-07   4.66e-11   8.79e-06  92.8%
Combinational          5.05e-07   1.79e-07   1.52e-11   6.83e-07   7.2%
Clock                  0.00e+00   0.00e+00   0.00e+00   0.00e+00   0.0%
Macro                  0.00e+00   0.00e+00   0.00e+00   0.00e+00   0.0%
Pad                    0.00e+00   0.00e+00   0.00e+00   0.00e+00   0.0%
----------------------------------------------------------------
Total                  9.16e-06   3.17e-07   6.18e-11   9.47e-06 100.0%
                          96.7%       3.3%       0.0%
