
==========================================================================
cts final report_tns
--------------------------------------------------------------------------
tns max 0.00

==========================================================================
cts final report_wns
--------------------------------------------------------------------------
wns max 0.00

==========================================================================
cts final report_worst_slack
--------------------------------------------------------------------------
worst slack max 19.51

==========================================================================
cts final report_clock_min_period
--------------------------------------------------------------------------
clk period_min = 0.49 fmax = 2043.58

==========================================================================
cts final report_clock_skew
--------------------------------------------------------------------------
Clock clk
   0.24 source latency window[1]$_DFF_PN0_/CLK ^
  -0.25 target latency window[2]$_DFF_PN0_/CLK ^
   0.00 CRPR
--------------
  -0.00 setup skew


==========================================================================
cts final report_checks -path_delay min
--------------------------------------------------------------------------
Startpoint: window[0]$_DFF_PN0_ (rising edge-triggered flip-flop clocked by clk)
Endpoint: window[1]$_DFF_PN0_ (rising edge-triggered flip-flop clocked by clk)
Path Group: clk
Path Type: min

Fanout     Cap    Slew   Delay    Time   Description
-----------------------------------------------------------------------------
                          0.00    0.00   clock clk (rise edge)
                          0.00    0.00   clock source latency
     1    0.01    0.00    0.00    0.00 ^ clk (in)
                                         clk (net)
                  0.00    0.00    0.00 ^ clkbuf_0_clk/A (sky130_fd_sc_hd__clkbuf_4)
     2    0.01    0.05    0.12    0.12 ^ clkbuf_0_clk/X (sky130_fd_sc_hd__clkbuf_4)
                                         clknet_0_clk (net)
                  0.05    0.00    0.12 ^ clkbuf_1_0__f_clk/A (sky130_fd_sc_hd__clkbuf_4)
     2    0.01    0.04    0.12    0.24 ^ clkbuf_1_0__f_clk/X (sky130_fd_sc_hd__clkbuf_4)
                                         clknet_1_0__leaf_clk (net)
                  0.04    0.00    0.24 ^ window[0]$_DFF_PN0_/CLK (sky130_fd_sc_hd__dfrtp_1)
     2    0.01    0.06    0.33    0.57 ^ window[0]$_DFF_PN0_/Q (sky130_fd_sc_hd__dfrtp_1)
                                         window[0] (net)
                  0.06    0.00    0.57 ^ window[1]$_DFF_PN0_/D (sky130_fd_sc_hd__dfrtp_1)
                                  0.57   data arrival time

                          0.00    0.00   clock clk (rise edge)
                          0.00    0.00   clock source latency
     1    0.01    0.00    0.00    0.00 ^ clk (in)
                                         clk (net)
                  0.00    0.00    0.00 ^ clkbuf_0_clk/A (sky130_fd_sc_hd__clkbuf_4)
     2    0.01    0.05    0.12    0.12 ^ clkbuf_0_clk/X (sky130_fd_sc_hd__clkbuf_4)
                                         clknet_0_clk (net)
                  0.05    0.00    0.12 ^ clkbuf_1_0__f_clk/A (sky130_fd_sc_hd__clkbuf_4)
     2    0.01    0.04    0.12    0.24 ^ clkbuf_1_0__f_clk/X (sky130_fd_sc_hd__clkbuf_4)
                                         clknet_1_0__leaf_clk (net)
                  0.04    0.00    0.24 ^ window[1]$_DFF_PN0_/CLK (sky130_fd_sc_hd__dfrtp_1)
                          0.00    0.24   clock reconvergence pessimism
                         -0.04    0.20   library hold time
                                  0.20   data required time
-----------------------------------------------------------------------------
                                  0.20   data required time
                                 -0.57   data arrival time
-----------------------------------------------------------------------------
                                  0.37   slack (MET)



==========================================================================
cts final report_checks -path_delay max
--------------------------------------------------------------------------
Startpoint: window[2]$_DFF_PN0_ (rising edge-triggered flip-flop clocked by clk)
Endpoint: window[3]$_DFF_PN0_ (rising edge-triggered flip-flop clocked by clk)
Path Group: clk
Path Type: max

Fanout     Cap    Slew   Delay    Time   Description
-----------------------------------------------------------------------------
                          0.00    0.00   clock clk (rise edge)
                          0.00    0.00   clock source latency
     1    0.01    0.00    0.00    0.00 ^ clk (in)
                                         clk (net)
                  0.00    0.00    0.00 ^ clkbuf_0_clk/A (sky130_fd_sc_hd__clkbuf_4)
     2    0.01    0.05    0.12    0.12 ^ clkbuf_0_clk/X (sky130_fd_sc_hd__clkbuf_4)
                                         clknet_0_clk (net)
                  0.05    0.00    0.12 ^ clkbuf_1_1__f_clk/A (sky130_fd_sc_hd__clkbuf_4)
     2    0.01    0.04    0.13    0.25 ^ clkbuf_1_1__f_clk/X (sky130_fd_sc_hd__clkbuf_4)
                                         clknet_1_1__leaf_clk (net)
                  0.04    0.00    0.25 ^ window[2]$_DFF_PN0_/CLK (sky130_fd_sc_hd__dfrtp_1)
     2    0.01    0.05    0.37    0.62 v window[2]$_DFF_PN0_/Q (sky130_fd_sc_hd__dfrtp_1)
                                         window[2] (net)
                  0.05    0.00    0.62 v window[3]$_DFF_PN0_/D (sky130_fd_sc_hd__dfrtp_1)
                                  0.62   data arrival time

                         20.00   20.00   clock clk (rise edge)
                          0.00   20.00   clock source latency
     1    0.01    0.00    0.00   20.00 ^ clk (in)
                                         clk (net)
                  0.00    0.00   20.00 ^ clkbuf_0_clk/A (sky130_fd_sc_hd__clkbuf_4)
     2    0.01    0.05    0.12   20.12 ^ clkbuf_0_clk/X (sky130_fd_sc_hd__clkbuf_4)
                                         clknet_0_clk (net)
                  0.05    0.00   20.12 ^ clkbuf_1_1__f_clk/A (sky130_fd_sc_hd__clkbuf_4)
     2    0.01    0.04    0.13   20.25 ^ clkbuf_1_1__f_clk/X (sky130_fd_sc_hd__clkbuf_4)
                                         clknet_1_1__leaf_clk (net)
                  0.04    0.00   20.25 ^ window[3]$_DFF_PN0_/CLK (sky130_fd_sc_hd__dfrtp_1)
                          0.00   20.25   clock reconvergence pessimism
                         -0.12   20.13   library setup time
                                 20.13   data required time
-----------------------------------------------------------------------------
                                 20.13   data required time
                                 -0.62   data arrival time
-----------------------------------------------------------------------------
                                 19.51   slack (MET)



==========================================================================
cts final report_checks -unconstrained
--------------------------------------------------------------------------
Startpoint: window[2]$_DFF_PN0_ (rising edge-triggered flip-flop clocked by clk)
Endpoint: window[3]$_DFF_PN0_ (rising edge-triggered flip-flop clocked by clk)
Path Group: clk
Path Type: max

Fanout     Cap    Slew   Delay    Time   Description
-----------------------------------------------------------------------------
                          0.00    0.00   clock clk (rise edge)
                          0.00    0.00   clock source latency
     1    0.01    0.00    0.00    0.00 ^ clk (in)
                                         clk (net)
                  0.00    0.00    0.00 ^ clkbuf_0_clk/A (sky130_fd_sc_hd__clkbuf_4)
     2    0.01    0.05    0.12    0.12 ^ clkbuf_0_clk/X (sky130_fd_sc_hd__clkbuf_4)
                                         clknet_0_clk (net)
                  0.05    0.00    0.12 ^ clkbuf_1_1__f_clk/A (sky130_fd_sc_hd__clkbuf_4)
     2    0.01    0.04    0.13    0.25 ^ clkbuf_1_1__f_clk/X (sky130_fd_sc_hd__clkbuf_4)
                                         clknet_1_1__leaf_clk (net)
                  0.04    0.00    0.25 ^ window[2]$_DFF_PN0_/CLK (sky130_fd_sc_hd__dfrtp_1)
     2    0.01    0.05    0.37    0.62 v window[2]$_DFF_PN0_/Q (sky130_fd_sc_hd__dfrtp_1)
                                         window[2] (net)
                  0.05    0.00    0.62 v window[3]$_DFF_PN0_/D (sky130_fd_sc_hd__dfrtp_1)
                                  0.62   data arrival time

                         20.00   20.00   clock clk (rise edge)
                          0.00   20.00   clock source latency
     1    0.01    0.00    0.00   20.00 ^ clk (in)
                                         clk (net)
                  0.00    0.00   20.00 ^ clkbuf_0_clk/A (sky130_fd_sc_hd__clkbuf_4)
     2    0.01    0.05    0.12   20.12 ^ clkbuf_0_clk/X (sky130_fd_sc_hd__clkbuf_4)
                                         clknet_0_clk (net)
                  0.05    0.00   20.12 ^ clkbuf_1_1__f_clk/A (sky130_fd_sc_hd__clkbuf_4)
     2    0.01    0.04    0.13   20.25 ^ clkbuf_1_1__f_clk/X (sky130_fd_sc_hd__clkbuf_4)
                                         clknet_1_1__leaf_clk (net)
                  0.04    0.00   20.25 ^ window[3]$_DFF_PN0_/CLK (sky130_fd_sc_hd__dfrtp_1)
                          0.00   20.25   clock reconvergence pessimism
                         -0.12   20.13   library setup time
                                 20.13   data required time
-----------------------------------------------------------------------------
                                 20.13   data required time
                                 -0.62   data arrival time
-----------------------------------------------------------------------------
                                 19.51   slack (MET)



==========================================================================
cts final report_check_types -max_slew -max_cap -max_fanout -violators
--------------------------------------------------------------------------

==========================================================================
cts final max_slew_check_slack
--------------------------------------------------------------------------
1.3119592666625977

==========================================================================
cts final max_slew_check_limit
--------------------------------------------------------------------------
1.4953149557113647

==========================================================================
cts final max_slew_check_slack_limit
--------------------------------------------------------------------------
0.8774

==========================================================================
cts final max_fanout_check_slack
--------------------------------------------------------------------------
1.0000000150474662e+30

==========================================================================
cts final max_fanout_check_limit
--------------------------------------------------------------------------
1.0000000150474662e+30

==========================================================================
cts final max_capacitance_check_slack
--------------------------------------------------------------------------
0.1386612057685852

==========================================================================
cts final max_capacitance_check_limit
--------------------------------------------------------------------------
0.15656499564647675

==========================================================================
cts final max_capacitance_check_slack_limit
--------------------------------------------------------------------------
0.8856

==========================================================================
cts final max_slew_violation_count
--------------------------------------------------------------------------
max slew violation count 0

==========================================================================
cts final max_fanout_violation_count
--------------------------------------------------------------------------
max fanout violation count 0

==========================================================================
cts final max_cap_violation_count
--------------------------------------------------------------------------
max cap violation count 0

==========================================================================
cts final setup_violation_count
--------------------------------------------------------------------------
setup violation count 0

==========================================================================
cts final hold_violation_count
--------------------------------------------------------------------------
hold violation count 0

==========================================================================
cts final report_checks -path_delay max reg to reg
--------------------------------------------------------------------------
Startpoint: window[2]$_DFF_PN0_ (rising edge-triggered flip-flop clocked by clk)
Endpoint: window[3]$_DFF_PN0_ (rising edge-triggered flip-flop clocked by clk)
Path Group: clk
Path Type: max

  Delay    Time   Description
---------------------------------------------------------
   0.00    0.00   clock clk (rise edge)
   0.00    0.00   clock source latency
   0.00    0.00 ^ clk (in)
   0.12    0.12 ^ clkbuf_0_clk/X (sky130_fd_sc_hd__clkbuf_4)
   0.13    0.25 ^ clkbuf_1_1__f_clk/X (sky130_fd_sc_hd__clkbuf_4)
   0.00    0.25 ^ window[2]$_DFF_PN0_/CLK (sky130_fd_sc_hd__dfrtp_1)
   0.37    0.62 v window[2]$_DFF_PN0_/Q (sky130_fd_sc_hd__dfrtp_1)
   0.00    0.62 v window[3]$_DFF_PN0_/D (sky130_fd_sc_hd__dfrtp_1)
           0.62   data arrival time

  20.00   20.00   clock clk (rise edge)
   0.00   20.00   clock source latency
   0.00   20.00 ^ clk (in)
   0.12   20.12 ^ clkbuf_0_clk/X (sky130_fd_sc_hd__clkbuf_4)
   0.13   20.25 ^ clkbuf_1_1__f_clk/X (sky130_fd_sc_hd__clkbuf_4)
   0.00   20.25 ^ window[3]$_DFF_PN0_/CLK (sky130_fd_sc_hd__dfrtp_1)
   0.00   20.25   clock reconvergence pessimism
  -0.12   20.13   library setup time
          20.13   data required time
---------------------------------------------------------
          20.13   data required time
          -0.62   data arrival time
---------------------------------------------------------
          19.51   slack (MET)



==========================================================================
cts final report_checks -path_delay min reg to reg
--------------------------------------------------------------------------
Startpoint: window[0]$_DFF_PN0_ (rising edge-triggered flip-flop clocked by clk)
Endpoint: window[1]$_DFF_PN0_ (rising edge-triggered flip-flop clocked by clk)
Path Group: clk
Path Type: min

  Delay    Time   Description
---------------------------------------------------------
   0.00    0.00   clock clk (rise edge)
   0.00    0.00   clock source latency
   0.00    0.00 ^ clk (in)
   0.12    0.12 ^ clkbuf_0_clk/X (sky130_fd_sc_hd__clkbuf_4)
   0.12    0.24 ^ clkbuf_1_0__f_clk/X (sky130_fd_sc_hd__clkbuf_4)
   0.00    0.24 ^ window[0]$_DFF_PN0_/CLK (sky130_fd_sc_hd__dfrtp_1)
   0.33    0.57 ^ window[0]$_DFF_PN0_/Q (sky130_fd_sc_hd__dfrtp_1)
   0.00    0.57 ^ window[1]$_DFF_PN0_/D (sky130_fd_sc_hd__dfrtp_1)
           0.57   data arrival time

   0.00    0.00   clock clk (rise edge)
   0.00    0.00   clock source latency
   0.00    0.00 ^ clk (in)
   0.12    0.12 ^ clkbuf_0_clk/X (sky130_fd_sc_hd__clkbuf_4)
   0.12    0.24 ^ clkbuf_1_0__f_clk/X (sky130_fd_sc_hd__clkbuf_4)
   0.00    0.24 ^ window[1]$_DFF_PN0_/CLK (sky130_fd_sc_hd__dfrtp_1)
   0.00    0.24   clock reconvergence pessimism
  -0.04    0.20   library hold time
           0.20   data required time
---------------------------------------------------------
           0.20   data required time
          -0.57   data arrival time
---------------------------------------------------------
           0.37   slack (MET)



==========================================================================
cts final critical path target clock latency max path
--------------------------------------------------------------------------
0

==========================================================================
cts final critical path target clock latency min path
--------------------------------------------------------------------------
0

==========================================================================
cts final critical path source clock latency min path
--------------------------------------------------------------------------
0

==========================================================================
cts final critical path delay
--------------------------------------------------------------------------
0.6169

==========================================================================
cts final critical path slack
--------------------------------------------------------------------------
19.5107

==========================================================================
cts final slack div critical path delay
--------------------------------------------------------------------------
3162.700600

==========================================================================
cts final report_power
--------------------------------------------------------------------------
Group                  Internal  Switching    Leakage      Total
                          Power      Power      Power      Power (Watts)
----------------------------------------------------------------
Sequential             8.54e-06   1.74e-07   4.66e-11   8.72e-06  43.1%
Combinational          5.05e-07   1.87e-07   1.52e-11   6.92e-07   3.4%
Clock                  6.76e-06   4.07e-06   1.38e-11   1.08e-05  53.5%
Macro                  0.00e+00   0.00e+00   0.00e+00   0.00e+00   0.0%
Pad                    0.00e+00   0.00e+00   0.00e+00   0.00e+00   0.0%
----------------------------------------------------------------
Total                  1.58e-05   4.43e-06   7.56e-11   2.02e-05 100.0%
                          78.1%      21.9%       0.0%
