
==========================================================================
finish report_tns
--------------------------------------------------------------------------
tns max 0.00

==========================================================================
finish report_wns
--------------------------------------------------------------------------
wns max 0.00

==========================================================================
finish report_worst_slack
--------------------------------------------------------------------------
worst slack max 19.51

==========================================================================
finish report_clock_min_period
--------------------------------------------------------------------------
clk period_min = 0.49 fmax = 2053.99

==========================================================================
finish report_clock_skew
--------------------------------------------------------------------------
Clock clk
   0.24 source latency window[1]$_DFF_PN0_/CLK ^
  -0.24 target latency window[2]$_DFF_PN0_/CLK ^
   0.00 CRPR
--------------
  -0.00 setup skew


==========================================================================
finish report_checks -path_delay min
--------------------------------------------------------------------------
Startpoint: window[0]$_DFF_PN0_ (rising edge-triggered flip-flop clocked by clk)
Endpoint: window[1]$_DFF_PN0_ (rising edge-triggered flip-flop clocked by clk)
Path Group: clk
Path Type: min

Fanout     Cap    Slew   Delay    Time   Description
-----------------------------------------------------------------------------
                          0.00    0.00   clock clk (rise edge)
                          0.00    0.00   clock source latency
     1    0.00    0.00    0.00    0.00 ^ clk (in)
                                         clk (net)
                  0.00    0.00    0.00 ^ clkbuf_0_clk/A (sky130_fd_sc_hd__clkbuf_4)
     2    0.01    0.05    0.11    0.11 ^ clkbuf_0_clk/X (sky130_fd_sc_hd__clkbuf_4)
                                         clknet_0_clk (net)
                  0.05    0.00    0.11 ^ clkbuf_1_0__f_clk/A (sky130_fd_sc_hd__clkbuf_4)
     2    0.01    0.04    0.12    0.24 ^ clkbuf_1_0__f_clk/X (sky130_fd_sc_hd__clkbuf_4)
                                         clknet_1_0__leaf_clk (net)
                  0.04    0.00    0.24 ^ window[0]$_DFF_PN0_/CLK (sky130_fd_sc_hd__dfrtp_1)
     2    0.01    0.06    0.33    0.56 ^ window[0]$_DFF_PN0_/Q (sky130_fd_sc_hd__dfrtp_1)
                                         window[0] (net)
                  0.06    0.00    0.56 ^ window[1]$_DFF_PN0_/D (sky130_fd_sc_hd__dfrtp_1)
                                  0.56   data arrival time

                          0.00    0.00   clock clk (rise edge)
                          0.00    0.00   clock source latency
     1    0.00    0.00    0.00    0.00 ^ clk (in)
                                         clk (net)
                  0.00    0.00    0.00 ^ clkbuf_0_clk/A (sky130_fd_sc_hd__clkbuf_4)
     2    0.01    0.05    0.11    0.11 ^ clkbuf_0_clk/X (sky130_fd_sc_hd__clkbuf_4)
                                         clknet_0_clk (net)
                  0.05    0.00    0.11 ^ clkbuf_1_0__f_clk/A (sky130_fd_sc_hd__clkbuf_4)
     2    0.01    0.04    0.12    0.24 ^ clkbuf_1_0__f_clk/X (sky130_fd_sc_hd__clkbuf_4)
                                         clknet_1_0__leaf_clk (net)
                  0.04    0.00    0.24 ^ window[1]$_DFF_PN0_/CLK (sky130_fd_sc_hd__dfrtp_1)
                          0.00    0.24   clock reconvergence pessimism
                         -0.04    0.20   library hold time
                                  0.20   data required time
-----------------------------------------------------------------------------
                                  0.20   data required time
                                 -0.56   data arrival time
-----------------------------------------------------------------------------
                                  0.37   slack (MET)



==========================================================================
finish report_checks -path_delay max
--------------------------------------------------------------------------
Startpoint: window[2]$_DFF_PN0_ (rising edge-triggered flip-flop clocked by clk)
Endpoint: window[3]$_DFF_PN0_ (rising edge-triggered flip-flop clocked by clk)
Path Group: clk
Path Type: max

Fanout     Cap    Slew   Delay    Time   Description
-----------------------------------------------------------------------------
                          0.00    0.00   clock clk (rise edge)
                          0.00    0.00   clock source latency
     1    0.00    0.00    0.00    0.00 ^ clk (in)
                                         clk (net)
                  0.00    0.00    0.00 ^ clkbuf_0_clk/A (sky130_fd_sc_hd__clkbuf_4)
     2    0.01    0.05    0.11    0.11 ^ clkbuf_0_clk/X (sky130_fd_sc_hd__clkbuf_4)
                                         clknet_0_clk (net)
                  0.05    0.00    0.11 ^ clkbuf_1_1__f_clk/A (sky130_fd_sc_hd__clkbuf_4)
     2    0.01    0.04    0.13    0.24 ^ clkbuf_1_1__f_clk/X (sky130_fd_sc_hd__clkbuf_4)
                                         clknet_1_1__leaf_clk (net)
                  0.04    0.00    0.24 ^ window[2]$_DFF_PN0_/CLK (sky130_fd_sc_hd__dfrtp_1)
     2    0.01    0.05    0.37    0.61 v window[2]$_DFF_PN0_/Q (sky130_fd_sc_hd__dfrtp_1)
                                         window[2] (net)
                  0.05    0.00    0.61 v window[3]$_DFF_PN0_/D (sky130_fd_sc_hd__dfrtp_1)
                                  0.61   data arrival time

                         20.00   20.00   clock clk (rise edge)
                          0.00   20.00   clock source latency
     1    0.00    0.00    0.00   20.00 ^ clk (in)
                                         clk (net)
                  0.00    0.00   20.00 ^ clkbuf_0_clk/A (sky130_fd_sc_hd__clkbuf_4)
     2    0.01    0.05    0.11   20.11 ^ clkbuf_0_clk/X (sky130_fd_sc_hd__clkbuf_4)
                                         clknet_0_clk (net)
                  0.05    0.00   20.11 ^ clkbuf_1_1__f_clk/A (sky130_fd_sc_hd__clkbuf_4)
     2    0.01    0.04    0.13   20.24 ^ clkbuf_1_1__f_clk/X (sky130_fd_sc_hd__clkbuf_4)
                                         clknet_1_1__leaf_clk (net)
                  0.04    0.00   20.24 ^ window[3]$_DFF_PN0_/CLK (sky130_fd_sc_hd__dfrtp_1)
                          0.00   20.24   clock reconvergence pessimism
                         -0.12   20.12   library setup time
                                 20.12   data required time
-----------------------------------------------------------------------------
                                 20.12   data required time
                                 -0.61   data arrival time
-----------------------------------------------------------------------------
                                 19.51   slack (MET)



==========================================================================
finish report_checks -unconstrained
--------------------------------------------------------------------------
Startpoint: window[2]$_DFF_PN0_ (rising edge-triggered flip-flop clocked by clk)
Endpoint: window[3]$_DFF_PN0_ (rising edge-triggered flip-flop clocked by clk)
Path Group: clk
Path Type: max

Fanout     Cap    Slew   Delay    Time   Description
-----------------------------------------------------------------------------
                          0.00    0.00   clock clk (rise edge)
                          0.00    0.00   clock source latency
     1    0.00    0.00    0.00    0.00 ^ clk (in)
                                         clk (net)
                  0.00    0.00    0.00 ^ clkbuf_0_clk/A (sky130_fd_sc_hd__clkbuf_4)
     2    0.01    0.05    0.11    0.11 ^ clkbuf_0_clk/X (sky130_fd_sc_hd__clkbuf_4)
                                         clknet_0_clk (net)
                  0.05    0.00    0.11 ^ clkbuf_1_1__f_clk/A (sky130_fd_sc_hd__clkbuf_4)
     2    0.01    0.04    0.13    0.24 ^ clkbuf_1_1__f_clk/X (sky130_fd_sc_hd__clkbuf_4)
                                         clknet_1_1__leaf_clk (net)
                  0.04    0.00    0.24 ^ window[2]$_DFF_PN0_/CLK (sky130_fd_sc_hd__dfrtp_1)
     2    0.01    0.05    0.37    0.61 v window[2]$_DFF_PN0_/Q (sky130_fd_sc_hd__dfrtp_1)
                                         window[2] (net)
                  0.05    0.00    0.61 v window[3]$_DFF_PN0_/D (sky130_fd_sc_hd__dfrtp_1)
                                  0.61   data arrival time

                         20.00   20.00   clock clk (rise edge)
                          0.00   20.00   clock source latency
     1    0.00    0.00    0.00   20.00 ^ clk (in)
                                         clk (net)
                  0.00    0.00   20.00 ^ clkbuf_0_clk/A (sky130_fd_sc_hd__clkbuf_4)
     2    0.01    0.05    0.11   20.11 ^ clkbuf_0_clk/X (sky130_fd_sc_hd__clkbuf_4)
                                         clknet_0_clk (net)
                  0.05    0.00   20.11 ^ clkbuf_1_1__f_clk/A (sky130_fd_sc_hd__clkbuf_4)
     2    0.01    0.04    0.13   20.24 ^ clkbuf_1_1__f_clk/X (sky130_fd_sc_hd__clkbuf_4)
                                         clknet_1_1__leaf_clk (net)
                  0.04    0.00   20.24 ^ window[3]$_DFF_PN0_/CLK (sky130_fd_sc_hd__dfrtp_1)
                          0.00   20.24   clock reconvergence pessimism
                         -0.12   20.12   library setup time
                                 20.12   data required time
-----------------------------------------------------------------------------
                                 20.12   data required time
                                 -0.61   data arrival time
-----------------------------------------------------------------------------
                                 19.51   slack (MET)



==========================================================================
finish report_check_types -max_slew -max_cap -max_fanout -violators
--------------------------------------------------------------------------

==========================================================================
finish max_slew_check_slack
--------------------------------------------------------------------------
1.324744701385498

==========================================================================
finish max_slew_check_limit
--------------------------------------------------------------------------
1.4953149557113647

==========================================================================
finish max_slew_check_slack_limit
--------------------------------------------------------------------------
0.8859

==========================================================================
finish max_fanout_check_slack
--------------------------------------------------------------------------
1.0000000150474662e+30

==========================================================================
finish max_fanout_check_limit
--------------------------------------------------------------------------
1.0000000150474662e+30

==========================================================================
finish max_capacitance_check_slack
--------------------------------------------------------------------------
0.14003746211528778

==========================================================================
finish max_capacitance_check_limit
--------------------------------------------------------------------------
0.15656499564647675

==========================================================================
finish max_capacitance_check_slack_limit
--------------------------------------------------------------------------
0.8944

==========================================================================
finish max_slew_violation_count
--------------------------------------------------------------------------
max slew violation count 0

==========================================================================
finish max_fanout_violation_count
--------------------------------------------------------------------------
max fanout violation count 0

==========================================================================
finish max_cap_violation_count
--------------------------------------------------------------------------
max cap violation count 0

==========================================================================
finish setup_violation_count
--------------------------------------------------------------------------
setup violation count 0

==========================================================================
finish hold_violation_count
--------------------------------------------------------------------------
hold violation count 0

==========================================================================
finish report_checks -path_delay max reg to reg
--------------------------------------------------------------------------
Startpoint: window[2]$_DFF_PN0_ (rising edge-triggered flip-flop clocked by clk)
Endpoint: window[3]$_DFF_PN0_ (rising edge-triggered flip-flop clocked by clk)
Path Group: clk
Path Type: max

  Delay    Time   Description
---------------------------------------------------------
   0.00    0.00   clock clk (rise edge)
   0.00    0.00   clock source latency
   0.00    0.00 ^ clk (in)
   0.11    0.11 ^ clkbuf_0_clk/X (sky130_fd_sc_hd__clkbuf_4)
   0.13    0.24 ^ clkbuf_1_1__f_clk/X (sky130_fd_sc_hd__clkbuf_4)
   0.00    0.24 ^ window[2]$_DFF_PN0_/CLK (sky130_fd_sc_hd__dfrtp_1)
   0.37    0.61 v window[2]$_DFF_PN0_/Q (sky130_fd_sc_hd__dfrtp_1)
   0.00    0.61 v window[3]$_DFF_PN0_/D (sky130_fd_sc_hd__dfrtp_1)
           0.61   data arrival time

  20.00   20.00   clock clk (rise edge)
   0.00   20.00   clock source latency
   0.00   20.00 ^ clk (in)
   0.11   20.11 ^ clkbuf_0_clk/X (sky130_fd_sc_hd__clkbuf_4)
   0.13   20.24 ^ clkbuf_1_1__f_clk/X (sky130_fd_sc_hd__clkbuf_4)
   0.00   20.24 ^ window[3]$_DFF_PN0_/CLK (sky130_fd_sc_hd__dfrtp_1)
   0.00   20.24   clock reconvergence pessimism
  -0.12   20.12   library setup time
          20.12   data required time
---------------------------------------------------------
          20.12   data required time
          -0.61   data arrival time
---------------------------------------------------------
          19.51   slack (MET)



==========================================================================
finish report_checks -path_delay min reg to reg
--------------------------------------------------------------------------
Startpoint: window[0]$_DFF_PN0_ (rising edge-triggered flip-flop clocked by clk)
Endpoint: window[1]$_DFF_PN0_ (rising edge-triggered flip-flop clocked by clk)
Path Group: clk
Path Type: min

  Delay    Time   Description
---------------------------------------------------------
   0.00    0.00   clock clk (rise edge)
   0.00    0.00   clock source latency
   0.00    0.00 ^ clk (in)
   0.11    0.11 ^ clkbuf_0_clk/X (sky130_fd_sc_hd__clkbuf_4)
   0.12    0.24 ^ clkbuf_1_0__f_clk/X (sky130_fd_sc_hd__clkbuf_4)
   0.00    0.24 ^ window[0]$_DFF_PN0_/CLK (sky130_fd_sc_hd__dfrtp_1)
   0.33    0.56 ^ window[0]$_DFF_PN0_/Q (sky130_fd_sc_hd__dfrtp_1)
   0.00    0.56 ^ window[1]$_DFF_PN0_/D (sky130_fd_sc_hd__dfrtp_1)
           0.56   data arrival time

   0.00    0.00   clock clk (rise edge)
   0.00    0.00   clock source latency
   0.00    0.00 ^ clk (in)
   0.11    0.11 ^ clkbuf_0_clk/X (sky130_fd_sc_hd__clkbuf_4)
   0.12    0.24 ^ clkbuf_1_0__f_clk/X (sky130_fd_sc_hd__clkbuf_4)
   0.00    0.24 ^ window[1]$_DFF_PN0_/CLK (sky130_fd_sc_hd__dfrtp_1)
   0.00    0.24   clock reconvergence pessimism
  -0.04    0.20   library hold time
           0.20   data required time
---------------------------------------------------------
           0.20   data required time
          -0.56   data arrival time
---------------------------------------------------------
           0.37   slack (MET)



==========================================================================
finish critical path target clock latency max path
--------------------------------------------------------------------------
0

==========================================================================
finish critical path target clock latency min path
--------------------------------------------------------------------------
0

==========================================================================
finish critical path source clock latency min path
--------------------------------------------------------------------------
0

==========================================================================
finish critical path delay
--------------------------------------------------------------------------
0.6098

==========================================================================
finish critical path slack
--------------------------------------------------------------------------
19.5131

==========================================================================
finish slack div critical path delay
--------------------------------------------------------------------------
3199.918006

==========================================================================
finish report_power
--------------------------------------------------------------------------
Group                  Internal  Switching    Leakage      Total
                          Power      Power      Power      Power (Watts)
----------------------------------------------------------------
Sequential             8.54e-06   1.71e-07   4.66e-11   8.71e-06  43.7%
Combinational          5.04e-07   1.71e-07   1.52e-11   6.75e-07   3.4%
Clock                  6.75e-06   3.79e-06   1.38e-11   1.05e-05  52.9%
Macro                  0.00e+00   0.00e+00   0.00e+00   0.00e+00   0.0%
Pad                    0.00e+00   0.00e+00   0.00e+00   0.00e+00   0.0%
----------------------------------------------------------------
Total                  1.58e-05   4.14e-06   7.56e-11   1.99e-05 100.0%
                          79.2%      20.8%       0.0%
