
==========================================================================
floorplan final report_tns
--------------------------------------------------------------------------
tns max 0.00

==========================================================================
floorplan final report_wns
--------------------------------------------------------------------------
wns max 0.00

==========================================================================
floorplan final report_worst_slack
--------------------------------------------------------------------------
worst slack max 9.27

==========================================================================
floorplan final report_clock_min_period
--------------------------------------------------------------------------
clk period_min = 0.73 fmax = 1367.54

==========================================================================
floorplan final report_checks -path_delay min
--------------------------------------------------------------------------
Startpoint: overflow_r$_DFFE_PN0N_
            (rising edge-triggered flip-flop clocked by clk)
Endpoint: overflow_r$_DFFE_PN0N_
          (rising edge-triggered flip-flop clocked by clk)
Path Group: clk
Path Type: min

Fanout     Cap    Slew   Delay    Time   Description
-----------------------------------------------------------------------------
                  0.00    0.00    0.00   clock clk (rise edge)
                          0.00    0.00   clock network delay (ideal)
                  0.00    0.00    0.00 ^ overflow_r$_DFFE_PN0N_/CLK (sky130_fd_sc_hd__dfrtp_1)
     2    0.00    0.04    0.29    0.29 ^ overflow_r$_DFFE_PN0N_/Q (sky130_fd_sc_hd__dfrtp_1)
                                         overflow (net)
                  0.04    0.00    0.29 ^ _452_/A (sky130_fd_sc_hd__nand2_1)
     1    0.00    0.03    0.04    0.34 v _452_/Y (sky130_fd_sc_hd__nand2_1)
                                         _235_ (net)
                  0.03    0.00    0.34 v _453_/C1 (sky130_fd_sc_hd__o211ai_1)
     1    0.00    0.07    0.06    0.40 ^ _453_/Y (sky130_fd_sc_hd__o211ai_1)
                                         _094_ (net)
                  0.07    0.00    0.40 ^ overflow_r$_DFFE_PN0N_/D (sky130_fd_sc_hd__dfrtp_1)
                                  0.40   data arrival time

                  0.00    0.00    0.00   clock clk (rise edge)
                          0.00    0.00   clock network delay (ideal)
                          0.00    0.00   clock reconvergence pessimism
                                  0.00 ^ overflow_r$_DFFE_PN0N_/CLK (sky130_fd_sc_hd__dfrtp_1)
                         -0.05   -0.05   library hold time
                                 -0.05   data required time
-----------------------------------------------------------------------------
                                 -0.05   data required time
                                 -0.40   data arrival time
-----------------------------------------------------------------------------
                                  0.44   slack (MET)



==========================================================================
floorplan final report_checks -path_delay max
--------------------------------------------------------------------------
Startpoint: carry_out_r$_DFFE_PN0N_
            (rising edge-triggered flip-flop clocked by clk)
Endpoint: carry_out_r$_DFFE_PN0N_
          (rising edge-triggered flip-flop clocked by clk)
Path Group: clk
Path Type: max

Fanout     Cap    Slew   Delay    Time   Description
-----------------------------------------------------------------------------
                  0.00    0.00    0.00   clock clk (rise edge)
                          0.00    0.00   clock network delay (ideal)
                  0.00    0.00    0.00 ^ carry_out_r$_DFFE_PN0N_/CLK (sky130_fd_sc_hd__dfrtp_1)
     3    0.00    0.05    0.35    0.35 v carry_out_r$_DFFE_PN0N_/Q (sky130_fd_sc_hd__dfrtp_1)
                                         carry_out (net)
                  0.05    0.00    0.35 v _443_/A2 (sky130_fd_sc_hd__o211ai_1)
     1    0.00    0.14    0.15    0.49 ^ _443_/Y (sky130_fd_sc_hd__o211ai_1)
                                         _227_ (net)
                  0.14    0.00    0.49 ^ _445_/A3 (sky130_fd_sc_hd__a31oi_1)
     1    0.00    0.09    0.09    0.58 v _445_/Y (sky130_fd_sc_hd__a31oi_1)
                                         _093_ (net)
                  0.09    0.00    0.58 v carry_out_r$_DFFE_PN0N_/D (sky130_fd_sc_hd__dfrtp_1)
                                  0.58   data arrival time

                  0.00   10.00   10.00   clock clk (rise edge)
                          0.00   10.00   clock network delay (ideal)
                          0.00   10.00   clock reconvergence pessimism
                                 10.00 ^ carry_out_r$_DFFE_PN0N_/CLK (sky130_fd_sc_hd__dfrtp_1)
                         -0.15    9.85   library setup time
                                  9.85   data required time
-----------------------------------------------------------------------------
                                  9.85   data required time
                                 -0.58   data arrival time
-----------------------------------------------------------------------------
                                  9.27   slack (MET)



==========================================================================
floorplan final report_checks -unconstrained
--------------------------------------------------------------------------
Startpoint: carry_out_r$_DFFE_PN0N_
            (rising edge-triggered flip-flop clocked by clk)
Endpoint: carry_out_r$_DFFE_PN0N_
          (rising edge-triggered flip-flop clocked by clk)
Path Group: clk
Path Type: max

Fanout     Cap    Slew   Delay    Time   Description
-----------------------------------------------------------------------------
                  0.00    0.00    0.00   clock clk (rise edge)
                          0.00    0.00   clock network delay (ideal)
                  0.00    0.00    0.00 ^ carry_out_r$_DFFE_PN0N_/CLK (sky130_fd_sc_hd__dfrtp_1)
     3    0.00    0.05    0.35    0.35 v carry_out_r$_DFFE_PN0N_/Q (sky130_fd_sc_hd__dfrtp_1)
                                         carry_out (net)
                  0.05    0.00    0.35 v _443_/A2 (sky130_fd_sc_hd__o211ai_1)
     1    0.00    0.14    0.15    0.49 ^ _443_/Y (sky130_fd_sc_hd__o211ai_1)
                                         _227_ (net)
                  0.14    0.00    0.49 ^ _445_/A3 (sky130_fd_sc_hd__a31oi_1)
     1    0.00    0.09    0.09    0.58 v _445_/Y (sky130_fd_sc_hd__a31oi_1)
                                         _093_ (net)
                  0.09    0.00    0.58 v carry_out_r$_DFFE_PN0N_/D (sky130_fd_sc_hd__dfrtp_1)
                                  0.58   data arrival time

                  0.00   10.00   10.00   clock clk (rise edge)
                          0.00   10.00   clock network delay (ideal)
                          0.00   10.00   clock reconvergence pessimism
                                 10.00 ^ carry_out_r$_DFFE_PN0N_/CLK (sky130_fd_sc_hd__dfrtp_1)
                         -0.15    9.85   library setup time
                                  9.85   data required time
-----------------------------------------------------------------------------
                                  9.85   data required time
                                 -0.58   data arrival time
-----------------------------------------------------------------------------
                                  9.27   slack (MET)



==========================================================================
floorplan final report_power
--------------------------------------------------------------------------
Group                  Internal  Switching    Leakage      Total
                          Power      Power      Power      Power (Watts)
----------------------------------------------------------------
Sequential             4.47e-05   1.94e-07   1.32e-10   4.49e-05  37.6%
Combinational          3.81e-05   3.63e-05   8.49e-10   7.44e-05  62.4%
Clock                  0.00e+00   0.00e+00   0.00e+00   0.00e+00   0.0%
Macro                  0.00e+00   0.00e+00   0.00e+00   0.00e+00   0.0%
Pad                    0.00e+00   0.00e+00   0.00e+00   0.00e+00   0.0%
----------------------------------------------------------------
Total                  8.28e-05   3.65e-05   9.81e-10   1.19e-04 100.0%
                          69.4%      30.6%       0.0%
