
==========================================================================
global place report_tns
--------------------------------------------------------------------------
tns max 0.00

==========================================================================
global place report_wns
--------------------------------------------------------------------------
wns max 0.00

==========================================================================
global place report_worst_slack
--------------------------------------------------------------------------
worst slack max 9.19

==========================================================================
global place report_clock_min_period
--------------------------------------------------------------------------
clk period_min = 0.81 fmax = 1229.80

==========================================================================
global place report_checks -path_delay min
--------------------------------------------------------------------------
Startpoint: overflow_r$_DFFE_PN0N_
            (rising edge-triggered flip-flop clocked by clk)
Endpoint: overflow_r$_DFFE_PN0N_
          (rising edge-triggered flip-flop clocked by clk)
Path Group: clk
Path Type: min

Fanout     Cap    Slew   Delay    Time   Description
-----------------------------------------------------------------------------
                  0.00    0.00    0.00   clock clk (rise edge)
                          0.00    0.00   clock network delay (ideal)
                  0.00    0.00    0.00 ^ overflow_r$_DFFE_PN0N_/CLK (sky130_fd_sc_hd__dfrtp_1)
     2    0.01    0.07    0.32    0.32 ^ overflow_r$_DFFE_PN0N_/Q (sky130_fd_sc_hd__dfrtp_1)
                                         net15 (net)
                  0.07    0.00    0.32 ^ _452_/A (sky130_fd_sc_hd__nand2_1)
     1    0.00    0.04    0.05    0.37 v _452_/Y (sky130_fd_sc_hd__nand2_1)
                                         _235_ (net)
                  0.04    0.00    0.37 v _453_/C1 (sky130_fd_sc_hd__o211ai_1)
     1    0.00    0.07    0.07    0.44 ^ _453_/Y (sky130_fd_sc_hd__o211ai_1)
                                         _094_ (net)
                  0.07    0.00    0.44 ^ overflow_r$_DFFE_PN0N_/D (sky130_fd_sc_hd__dfrtp_1)
                                  0.44   data arrival time

                  0.00    0.00    0.00   clock clk (rise edge)
                          0.00    0.00   clock network delay (ideal)
                          0.00    0.00   clock reconvergence pessimism
                                  0.00 ^ overflow_r$_DFFE_PN0N_/CLK (sky130_fd_sc_hd__dfrtp_1)
                         -0.05   -0.05   library hold time
                                 -0.05   data required time
-----------------------------------------------------------------------------
                                 -0.05   data required time
                                 -0.44   data arrival time
-----------------------------------------------------------------------------
                                  0.49   slack (MET)



==========================================================================
global place report_checks -path_delay max
--------------------------------------------------------------------------
Startpoint: carry_out_r$_DFFE_PN0N_
            (rising edge-triggered flip-flop clocked by clk)
Endpoint: carry_out_r$_DFFE_PN0N_
          (rising edge-triggered flip-flop clocked by clk)
Path Group: clk
Path Type: max

Fanout     Cap    Slew   Delay    Time   Description
-----------------------------------------------------------------------------
                  0.00    0.00    0.00   clock clk (rise edge)
                          0.00    0.00   clock network delay (ideal)
                  0.00    0.00    0.00 ^ carry_out_r$_DFFE_PN0N_/CLK (sky130_fd_sc_hd__dfrtp_1)
     3    0.01    0.06    0.37    0.37 v carry_out_r$_DFFE_PN0N_/Q (sky130_fd_sc_hd__dfrtp_1)
                                         net14 (net)
                  0.06    0.00    0.37 v _443_/A2 (sky130_fd_sc_hd__o211ai_1)
     1    0.00    0.17    0.18    0.54 ^ _443_/Y (sky130_fd_sc_hd__o211ai_1)
                                         _227_ (net)
                  0.17    0.00    0.54 ^ _445_/A3 (sky130_fd_sc_hd__a31oi_1)
     1    0.00    0.14    0.11    0.65 v _445_/Y (sky130_fd_sc_hd__a31oi_1)
                                         _093_ (net)
                  0.14    0.00    0.65 v carry_out_r$_DFFE_PN0N_/D (sky130_fd_sc_hd__dfrtp_1)
                                  0.65   data arrival time

                  0.00   10.00   10.00   clock clk (rise edge)
                          0.00   10.00   clock network delay (ideal)
                          0.00   10.00   clock reconvergence pessimism
                                 10.00 ^ carry_out_r$_DFFE_PN0N_/CLK (sky130_fd_sc_hd__dfrtp_1)
                         -0.16    9.84   library setup time
                                  9.84   data required time
-----------------------------------------------------------------------------
                                  9.84   data required time
                                 -0.65   data arrival time
-----------------------------------------------------------------------------
                                  9.19   slack (MET)



==========================================================================
global place report_checks -unconstrained
--------------------------------------------------------------------------
Startpoint: carry_out_r$_DFFE_PN0N_
            (rising edge-triggered flip-flop clocked by clk)
Endpoint: carry_out_r$_DFFE_PN0N_
          (rising edge-triggered flip-flop clocked by clk)
Path Group: clk
Path Type: max

Fanout     Cap    Slew   Delay    Time   Description
-----------------------------------------------------------------------------
                  0.00    0.00    0.00   clock clk (rise edge)
                          0.00    0.00   clock network delay (ideal)
                  0.00    0.00    0.00 ^ carry_out_r$_DFFE_PN0N_/CLK (sky130_fd_sc_hd__dfrtp_1)
     3    0.01    0.06    0.37    0.37 v carry_out_r$_DFFE_PN0N_/Q (sky130_fd_sc_hd__dfrtp_1)
                                         net14 (net)
                  0.06    0.00    0.37 v _443_/A2 (sky130_fd_sc_hd__o211ai_1)
     1    0.00    0.17    0.18    0.54 ^ _443_/Y (sky130_fd_sc_hd__o211ai_1)
                                         _227_ (net)
                  0.17    0.00    0.54 ^ _445_/A3 (sky130_fd_sc_hd__a31oi_1)
     1    0.00    0.14    0.11    0.65 v _445_/Y (sky130_fd_sc_hd__a31oi_1)
                                         _093_ (net)
                  0.14    0.00    0.65 v carry_out_r$_DFFE_PN0N_/D (sky130_fd_sc_hd__dfrtp_1)
                                  0.65   data arrival time

                  0.00   10.00   10.00   clock clk (rise edge)
                          0.00   10.00   clock network delay (ideal)
                          0.00   10.00   clock reconvergence pessimism
                                 10.00 ^ carry_out_r$_DFFE_PN0N_/CLK (sky130_fd_sc_hd__dfrtp_1)
                         -0.16    9.84   library setup time
                                  9.84   data required time
-----------------------------------------------------------------------------
                                  9.84   data required time
                                 -0.65   data arrival time
-----------------------------------------------------------------------------
                                  9.19   slack (MET)



==========================================================================
global place report_power
--------------------------------------------------------------------------
Group                  Internal  Switching    Leakage      Total
                          Power      Power      Power      Power (Watts)
----------------------------------------------------------------
Sequential             4.48e-05   1.06e-06   1.32e-10   4.59e-05  30.1%
Combinational          4.94e-05   5.71e-05   9.21e-10   1.06e-04  69.9%
Clock                  0.00e+00   0.00e+00   0.00e+00   0.00e+00   0.0%
Macro                  0.00e+00   0.00e+00   0.00e+00   0.00e+00   0.0%
Pad                    0.00e+00   0.00e+00   0.00e+00   0.00e+00   0.0%
----------------------------------------------------------------
Total                  9.42e-05   5.82e-05   1.05e-09   1.52e-04 100.0%
                          61.8%      38.2%       0.0%
