
==========================================================================
cts final report_tns
--------------------------------------------------------------------------
tns max 0.00

==========================================================================
cts final report_wns
--------------------------------------------------------------------------
wns max 0.00

==========================================================================
cts final report_worst_slack
--------------------------------------------------------------------------
worst slack max 9.19

==========================================================================
cts final report_clock_min_period
--------------------------------------------------------------------------
clk period_min = 0.81 fmax = 1235.77

==========================================================================
cts final report_clock_skew
--------------------------------------------------------------------------
Clock clk
   0.23 source latency carry_out_r$_DFFE_PN0N_/CLK ^
  -0.23 target latency carry_out_r$_DFFE_PN0N_/CLK ^
   0.00 CRPR
--------------
   0.00 setup skew


==========================================================================
cts final report_checks -path_delay min
--------------------------------------------------------------------------
Startpoint: overflow_r$_DFFE_PN0N_
            (rising edge-triggered flip-flop clocked by clk)
Endpoint: overflow_r$_DFFE_PN0N_
          (rising edge-triggered flip-flop clocked by clk)
Path Group: clk
Path Type: min

Fanout     Cap    Slew   Delay    Time   Description
-----------------------------------------------------------------------------
                          0.00    0.00   clock clk (rise edge)
                          0.00    0.00   clock source latency
     1    0.01    0.00    0.00    0.00 ^ clk (in)
                                         clk (net)
                  0.00    0.00    0.00 ^ clkbuf_0_clk/A (sky130_fd_sc_hd__clkbuf_16)
     2    0.02    0.04    0.11    0.11 ^ clkbuf_0_clk/X (sky130_fd_sc_hd__clkbuf_16)
                                         clknet_0_clk (net)
                  0.04    0.00    0.11 ^ clkbuf_1_0__f_clk/A (sky130_fd_sc_hd__clkbuf_16)
     5    0.02    0.04    0.12    0.23 ^ clkbuf_1_0__f_clk/X (sky130_fd_sc_hd__clkbuf_16)
                                         clknet_1_0__leaf_clk (net)
                  0.04    0.00    0.23 ^ overflow_r$_DFFE_PN0N_/CLK (sky130_fd_sc_hd__dfrtp_1)
     2    0.01    0.08    0.34    0.58 ^ overflow_r$_DFFE_PN0N_/Q (sky130_fd_sc_hd__dfrtp_1)
                                         net15 (net)
                  0.08    0.00    0.58 ^ _452_/A (sky130_fd_sc_hd__nand2_1)
     1    0.00    0.04    0.05    0.63 v _452_/Y (sky130_fd_sc_hd__nand2_1)
                                         _235_ (net)
                  0.04    0.00    0.63 v _453_/C1 (sky130_fd_sc_hd__o211ai_1)
     1    0.00    0.07    0.07    0.70 ^ _453_/Y (sky130_fd_sc_hd__o211ai_1)
                                         _094_ (net)
                  0.07    0.00    0.70 ^ overflow_r$_DFFE_PN0N_/D (sky130_fd_sc_hd__dfrtp_1)
                                  0.70   data arrival time

                          0.00    0.00   clock clk (rise edge)
                          0.00    0.00   clock source latency
     1    0.01    0.00    0.00    0.00 ^ clk (in)
                                         clk (net)
                  0.00    0.00    0.00 ^ clkbuf_0_clk/A (sky130_fd_sc_hd__clkbuf_16)
     2    0.02    0.04    0.11    0.11 ^ clkbuf_0_clk/X (sky130_fd_sc_hd__clkbuf_16)
                                         clknet_0_clk (net)
                  0.04    0.00    0.11 ^ clkbuf_1_0__f_clk/A (sky130_fd_sc_hd__clkbuf_16)
     5    0.02    0.04    0.12    0.23 ^ clkbuf_1_0__f_clk/X (sky130_fd_sc_hd__clkbuf_16)
                                         clknet_1_0__leaf_clk (net)
                  0.04    0.00    0.23 ^ overflow_r$_DFFE_PN0N_/CLK (sky130_fd_sc_hd__dfrtp_1)
                          0.00    0.23   clock reconvergence pessimism
                         -0.04    0.19   library hold time
                                  0.19   data required time
-----------------------------------------------------------------------------
                                  0.19   data required time
                                 -0.70   data arrival time
-----------------------------------------------------------------------------
                                  0.50   slack (MET)



==========================================================================
cts final report_checks -path_delay max
--------------------------------------------------------------------------
Startpoint: carry_out_r$_DFFE_PN0N_
            (rising edge-triggered flip-flop clocked by clk)
Endpoint: carry_out_r$_DFFE_PN0N_
          (rising edge-triggered flip-flop clocked by clk)
Path Group: clk
Path Type: max

Fanout     Cap    Slew   Delay    Time   Description
-----------------------------------------------------------------------------
                          0.00    0.00   clock clk (rise edge)
                          0.00    0.00   clock source latency
     1    0.01    0.00    0.00    0.00 ^ clk (in)
                                         clk (net)
                  0.00    0.00    0.00 ^ clkbuf_0_clk/A (sky130_fd_sc_hd__clkbuf_16)
     2    0.02    0.04    0.11    0.11 ^ clkbuf_0_clk/X (sky130_fd_sc_hd__clkbuf_16)
                                         clknet_0_clk (net)
                  0.04    0.00    0.11 ^ clkbuf_1_0__f_clk/A (sky130_fd_sc_hd__clkbuf_16)
     5    0.02    0.04    0.12    0.23 ^ clkbuf_1_0__f_clk/X (sky130_fd_sc_hd__clkbuf_16)
                                         clknet_1_0__leaf_clk (net)
                  0.04    0.00    0.23 ^ carry_out_r$_DFFE_PN0N_/CLK (sky130_fd_sc_hd__dfrtp_1)
     3    0.01    0.07    0.39    0.62 v carry_out_r$_DFFE_PN0N_/Q (sky130_fd_sc_hd__dfrtp_1)
                                         net14 (net)
                  0.07    0.00    0.62 v _443_/A2 (sky130_fd_sc_hd__o211ai_1)
     1    0.00    0.15    0.16    0.79 ^ _443_/Y (sky130_fd_sc_hd__o211ai_1)
                                         _227_ (net)
                  0.15    0.00    0.79 ^ _445_/A3 (sky130_fd_sc_hd__a31oi_1)
     1    0.00    0.13    0.10    0.89 v _445_/Y (sky130_fd_sc_hd__a31oi_1)
                                         _093_ (net)
                  0.13    0.00    0.89 v carry_out_r$_DFFE_PN0N_/D (sky130_fd_sc_hd__dfrtp_1)
                                  0.89   data arrival time

                         10.00   10.00   clock clk (rise edge)
                          0.00   10.00   clock source latency
     1    0.01    0.00    0.00   10.00 ^ clk (in)
                                         clk (net)
                  0.00    0.00   10.00 ^ clkbuf_0_clk/A (sky130_fd_sc_hd__clkbuf_16)
     2    0.02    0.04    0.11   10.11 ^ clkbuf_0_clk/X (sky130_fd_sc_hd__clkbuf_16)
                                         clknet_0_clk (net)
                  0.04    0.00   10.11 ^ clkbuf_1_0__f_clk/A (sky130_fd_sc_hd__clkbuf_16)
     5    0.02    0.04    0.12   10.23 ^ clkbuf_1_0__f_clk/X (sky130_fd_sc_hd__clkbuf_16)
                                         clknet_1_0__leaf_clk (net)
                  0.04    0.00   10.23 ^ carry_out_r$_DFFE_PN0N_/CLK (sky130_fd_sc_hd__dfrtp_1)
                          0.00   10.23   clock reconvergence pessimism
                         -0.15   10.08   library setup time
                                 10.08   data required time
-----------------------------------------------------------------------------
                                 10.08   data required time
                                 -0.89   data arrival time
-----------------------------------------------------------------------------
                                  9.19   slack (MET)



==========================================================================
cts final report_checks -unconstrained
--------------------------------------------------------------------------
Startpoint: carry_out_r$_DFFE_PN0N_
            (rising edge-triggered flip-flop clocked by clk)
Endpoint: carry_out_r$_DFFE_PN0N_
          (rising edge-triggered flip-flop clocked by clk)
Path Group: clk
Path Type: max

Fanout     Cap    Slew   Delay    Time   Description
-----------------------------------------------------------------------------
                          0.00    0.00   clock clk (rise edge)
                          0.00    0.00   clock source latency
     1    0.01    0.00    0.00    0.00 ^ clk (in)
                                         clk (net)
                  0.00    0.00    0.00 ^ clkbuf_0_clk/A (sky130_fd_sc_hd__clkbuf_16)
     2    0.02    0.04    0.11    0.11 ^ clkbuf_0_clk/X (sky130_fd_sc_hd__clkbuf_16)
                                         clknet_0_clk (net)
                  0.04    0.00    0.11 ^ clkbuf_1_0__f_clk/A (sky130_fd_sc_hd__clkbuf_16)
     5    0.02    0.04    0.12    0.23 ^ clkbuf_1_0__f_clk/X (sky130_fd_sc_hd__clkbuf_16)
                                         clknet_1_0__leaf_clk (net)
                  0.04    0.00    0.23 ^ carry_out_r$_DFFE_PN0N_/CLK (sky130_fd_sc_hd__dfrtp_1)
     3    0.01    0.07    0.39    0.62 v carry_out_r$_DFFE_PN0N_/Q (sky130_fd_sc_hd__dfrtp_1)
                                         net14 (net)
                  0.07    0.00    0.62 v _443_/A2 (sky130_fd_sc_hd__o211ai_1)
     1    0.00    0.15    0.16    0.79 ^ _443_/Y (sky130_fd_sc_hd__o211ai_1)
                                         _227_ (net)
                  0.15    0.00    0.79 ^ _445_/A3 (sky130_fd_sc_hd__a31oi_1)
     1    0.00    0.13    0.10    0.89 v _445_/Y (sky130_fd_sc_hd__a31oi_1)
                                         _093_ (net)
                  0.13    0.00    0.89 v carry_out_r$_DFFE_PN0N_/D (sky130_fd_sc_hd__dfrtp_1)
                                  0.89   data arrival time

                         10.00   10.00   clock clk (rise edge)
                          0.00   10.00   clock source latency
     1    0.01    0.00    0.00   10.00 ^ clk (in)
                                         clk (net)
                  0.00    0.00   10.00 ^ clkbuf_0_clk/A (sky130_fd_sc_hd__clkbuf_16)
     2    0.02    0.04    0.11   10.11 ^ clkbuf_0_clk/X (sky130_fd_sc_hd__clkbuf_16)
                                         clknet_0_clk (net)
                  0.04    0.00   10.11 ^ clkbuf_1_0__f_clk/A (sky130_fd_sc_hd__clkbuf_16)
     5    0.02    0.04    0.12   10.23 ^ clkbuf_1_0__f_clk/X (sky130_fd_sc_hd__clkbuf_16)
                                         clknet_1_0__leaf_clk (net)
                  0.04    0.00   10.23 ^ carry_out_r$_DFFE_PN0N_/CLK (sky130_fd_sc_hd__dfrtp_1)
                          0.00   10.23   clock reconvergence pessimism
                         -0.15   10.08   library setup time
                                 10.08   data required time
-----------------------------------------------------------------------------
                                 10.08   data required time
                                 -0.89   data arrival time
-----------------------------------------------------------------------------
                                  9.19   slack (MET)



==========================================================================
cts final report_check_types -max_slew -max_cap -max_fanout -violators
--------------------------------------------------------------------------

==========================================================================
cts final max_slew_check_slack
--------------------------------------------------------------------------
0.912559449672699

==========================================================================
cts final max_slew_check_limit
--------------------------------------------------------------------------
1.4944789409637451

==========================================================================
cts final max_slew_check_slack_limit
--------------------------------------------------------------------------
0.6106

==========================================================================
cts final max_fanout_check_slack
--------------------------------------------------------------------------
1.0000000150474662e+30

==========================================================================
cts final max_fanout_check_limit
--------------------------------------------------------------------------
1.0000000150474662e+30

==========================================================================
cts final max_capacitance_check_slack
--------------------------------------------------------------------------
0.02560376562178135

==========================================================================
cts final max_capacitance_check_limit
--------------------------------------------------------------------------
0.02930700220167637

==========================================================================
cts final max_capacitance_check_slack_limit
--------------------------------------------------------------------------
0.8736

==========================================================================
cts final max_slew_violation_count
--------------------------------------------------------------------------
max slew violation count 0

==========================================================================
cts final max_fanout_violation_count
--------------------------------------------------------------------------
max fanout violation count 0

==========================================================================
cts final max_cap_violation_count
--------------------------------------------------------------------------
max cap violation count 0

==========================================================================
cts final setup_violation_count
--------------------------------------------------------------------------
setup violation count 0

==========================================================================
cts final hold_violation_count
--------------------------------------------------------------------------
hold violation count 0

==========================================================================
cts final report_checks -path_delay max reg to reg
--------------------------------------------------------------------------
Startpoint: carry_out_r$_DFFE_PN0N_
            (rising edge-triggered flip-flop clocked by clk)
Endpoint: carry_out_r$_DFFE_PN0N_
          (rising edge-triggered flip-flop clocked by clk)
Path Group: clk
Path Type: max

  Delay    Time   Description
---------------------------------------------------------
   0.00    0.00   clock clk (rise edge)
   0.00    0.00   clock source latency
   0.00    0.00 ^ clk (in)
   0.11    0.11 ^ clkbuf_0_clk/X (sky130_fd_sc_hd__clkbuf_16)
   0.12    0.23 ^ clkbuf_1_0__f_clk/X (sky130_fd_sc_hd__clkbuf_16)
   0.00    0.23 ^ carry_out_r$_DFFE_PN0N_/CLK (sky130_fd_sc_hd__dfrtp_1)
   0.39    0.62 v carry_out_r$_DFFE_PN0N_/Q (sky130_fd_sc_hd__dfrtp_1)
   0.16    0.79 ^ _443_/Y (sky130_fd_sc_hd__o211ai_1)
   0.10    0.89 v _445_/Y (sky130_fd_sc_hd__a31oi_1)
   0.00    0.89 v carry_out_r$_DFFE_PN0N_/D (sky130_fd_sc_hd__dfrtp_1)
           0.89   data arrival time

  10.00   10.00   clock clk (rise edge)
   0.00   10.00   clock source latency
   0.00   10.00 ^ clk (in)
   0.11   10.11 ^ clkbuf_0_clk/X (sky130_fd_sc_hd__clkbuf_16)
   0.12   10.23 ^ clkbuf_1_0__f_clk/X (sky130_fd_sc_hd__clkbuf_16)
   0.00   10.23 ^ carry_out_r$_DFFE_PN0N_/CLK (sky130_fd_sc_hd__dfrtp_1)
   0.00   10.23   clock reconvergence pessimism
  -0.15   10.08   library setup time
          10.08   data required time
---------------------------------------------------------
          10.08   data required time
          -0.89   data arrival time
---------------------------------------------------------
           9.19   slack (MET)



==========================================================================
cts final report_checks -path_delay min reg to reg
--------------------------------------------------------------------------
Startpoint: overflow_r$_DFFE_PN0N_
            (rising edge-triggered flip-flop clocked by clk)
Endpoint: overflow_r$_DFFE_PN0N_
          (rising edge-triggered flip-flop clocked by clk)
Path Group: clk
Path Type: min

  Delay    Time   Description
---------------------------------------------------------
   0.00    0.00   clock clk (rise edge)
   0.00    0.00   clock source latency
   0.00    0.00 ^ clk (in)
   0.11    0.11 ^ clkbuf_0_clk/X (sky130_fd_sc_hd__clkbuf_16)
   0.12    0.23 ^ clkbuf_1_0__f_clk/X (sky130_fd_sc_hd__clkbuf_16)
   0.00    0.23 ^ overflow_r$_DFFE_PN0N_/CLK (sky130_fd_sc_hd__dfrtp_1)
   0.34    0.58 ^ overflow_r$_DFFE_PN0N_/Q (sky130_fd_sc_hd__dfrtp_1)
   0.05    0.63 v _452_/Y (sky130_fd_sc_hd__nand2_1)
   0.07    0.70 ^ _453_/Y (sky130_fd_sc_hd__o211ai_1)
   0.00    0.70 ^ overflow_r$_DFFE_PN0N_/D (sky130_fd_sc_hd__dfrtp_1)
           0.70   data arrival time

   0.00    0.00   clock clk (rise edge)
   0.00    0.00   clock source latency
   0.00    0.00 ^ clk (in)
   0.11    0.11 ^ clkbuf_0_clk/X (sky130_fd_sc_hd__clkbuf_16)
   0.12    0.23 ^ clkbuf_1_0__f_clk/X (sky130_fd_sc_hd__clkbuf_16)
   0.00    0.23 ^ overflow_r$_DFFE_PN0N_/CLK (sky130_fd_sc_hd__dfrtp_1)
   0.00    0.23   clock reconvergence pessimism
  -0.04    0.19   library hold time
           0.19   data required time
---------------------------------------------------------
           0.19   data required time
          -0.70   data arrival time
---------------------------------------------------------
           0.50   slack (MET)



==========================================================================
cts final critical path target clock latency max path
--------------------------------------------------------------------------
0

==========================================================================
cts final critical path target clock latency min path
--------------------------------------------------------------------------
0

==========================================================================
cts final critical path source clock latency min path
--------------------------------------------------------------------------
0

==========================================================================
cts final critical path delay
--------------------------------------------------------------------------
0.8898

==========================================================================
cts final critical path slack
--------------------------------------------------------------------------
9.1908

==========================================================================
cts final slack div critical path delay
--------------------------------------------------------------------------
1032.906271

==========================================================================
cts final report_power
--------------------------------------------------------------------------
Group                  Internal  Switching    Leakage      Total
                          Power      Power      Power      Power (Watts)
----------------------------------------------------------------
Sequential             4.43e-05   1.12e-06   1.32e-10   4.54e-05  19.6%
Combinational          4.97e-05   5.78e-05   9.21e-10   1.07e-04  46.5%
Clock                  6.01e-05   1.82e-05   4.42e-11   7.82e-05  33.8%
Macro                  0.00e+00   0.00e+00   0.00e+00   0.00e+00   0.0%
Pad                    0.00e+00   0.00e+00   0.00e+00   0.00e+00   0.0%
----------------------------------------------------------------
Total                  1.54e-04   7.71e-05   1.10e-09   2.31e-04 100.0%
                          66.6%      33.4%       0.0%
