
==========================================================================
cts final report_tns
--------------------------------------------------------------------------
tns max 0.00

==========================================================================
cts final report_wns
--------------------------------------------------------------------------
wns max 0.00

==========================================================================
cts final report_worst_slack
--------------------------------------------------------------------------
worst slack max INF

==========================================================================
cts final report_clock_min_period
--------------------------------------------------------------------------

==========================================================================
cts final report_clock_skew
--------------------------------------------------------------------------

==========================================================================
cts final report_checks -path_delay min
--------------------------------------------------------------------------
No paths found.

==========================================================================
cts final report_checks -path_delay max
--------------------------------------------------------------------------
No paths found.

==========================================================================
cts final report_checks -unconstrained
--------------------------------------------------------------------------
Startpoint: V2 (input port)
Endpoint: Qe (output port)
Path Group: unconstrained
Path Type: max

Fanout     Cap    Slew   Delay    Time   Description
-----------------------------------------------------------------------------
                          0.00    0.00 ^ input external delay
     1    0.02    0.00    0.00    0.00 ^ V2 (in)
                                         V2 (net)
                  0.00    0.00    0.00 ^ input11/A (sky130_fd_sc_hd__clkdlybuf4s50_1)
    26    0.09    0.88    1.05    1.05 ^ input11/X (sky130_fd_sc_hd__clkdlybuf4s50_1)
                                         net11 (net)
                  0.88    0.00    1.06 ^ _210_/C_N (sky130_fd_sc_hd__nor3b_2)
     5    0.02    0.39    0.47    1.53 ^ _210_/Y (sky130_fd_sc_hd__nor3b_2)
                                         _133_ (net)
                  0.39    0.00    1.53 ^ _231_/B (sky130_fd_sc_hd__and3b_1)
     1    0.00    0.07    0.23    1.76 ^ _231_/X (sky130_fd_sc_hd__and3b_1)
                                         _154_ (net)
                  0.07    0.00    1.76 ^ _232_/B1 (sky130_fd_sc_hd__a41oi_1)
     1    0.00    0.11    0.04    1.80 v _232_/Y (sky130_fd_sc_hd__a41oi_1)
                                         _155_ (net)
                  0.11    0.00    1.80 v _242_/B (sky130_fd_sc_hd__and4_1)
     3    0.01    0.08    0.24    2.04 v _242_/X (sky130_fd_sc_hd__and4_1)
                                         _165_ (net)
                  0.08    0.00    2.04 v _342_/B (sky130_fd_sc_hd__and3_1)
     1    0.00    0.04    0.18    2.22 v _342_/X (sky130_fd_sc_hd__and3_1)
                                         _077_ (net)
                  0.04    0.00    2.22 v _348_/A1 (sky130_fd_sc_hd__o21ai_1)
     1    0.01    0.15    0.16    2.38 ^ _348_/Y (sky130_fd_sc_hd__o21ai_1)
                                         _083_ (net)
                  0.15    0.00    2.38 ^ _349_/B (sky130_fd_sc_hd__xor2_1)
     1    0.01    0.29    0.29    2.67 ^ _349_/X (sky130_fd_sc_hd__xor2_1)
                                         net19 (net)
                  0.29    0.00    2.67 ^ output19/A (sky130_fd_sc_hd__clkdlybuf4s50_1)
     1    0.00    0.04    0.53    3.20 ^ output19/X (sky130_fd_sc_hd__clkdlybuf4s50_1)
                                         Qe (net)
                  0.04    0.00    3.20 ^ Qe (out)
                                  3.20   data arrival time
-----------------------------------------------------------------------------
(Path is unconstrained)



==========================================================================
cts final report_check_types -max_slew -max_cap -max_fanout -violators
--------------------------------------------------------------------------

==========================================================================
cts final max_slew_check_slack
--------------------------------------------------------------------------
0.573196530342102

==========================================================================
cts final max_slew_check_limit
--------------------------------------------------------------------------
1.4953149557113647

==========================================================================
cts final max_slew_check_slack_limit
--------------------------------------------------------------------------
0.3833

==========================================================================
cts final max_fanout_check_slack
--------------------------------------------------------------------------
1.0000000150474662e+30

==========================================================================
cts final max_fanout_check_limit
--------------------------------------------------------------------------
1.0000000150474662e+30

==========================================================================
cts final max_capacitance_check_slack
--------------------------------------------------------------------------
0.025707462802529335

==========================================================================
cts final max_capacitance_check_limit
--------------------------------------------------------------------------
0.02930700220167637

==========================================================================
cts final max_capacitance_check_slack_limit
--------------------------------------------------------------------------
0.8772

==========================================================================
cts final max_slew_violation_count
--------------------------------------------------------------------------
max slew violation count 0

==========================================================================
cts final max_fanout_violation_count
--------------------------------------------------------------------------
max fanout violation count 0

==========================================================================
cts final max_cap_violation_count
--------------------------------------------------------------------------
max cap violation count 0

==========================================================================
cts final setup_violation_count
--------------------------------------------------------------------------
setup violation count 0

==========================================================================
cts final hold_violation_count
--------------------------------------------------------------------------
hold violation count 0

==========================================================================
cts final critical path delay
--------------------------------------------------------------------------
-1

==========================================================================
cts final critical path slack
--------------------------------------------------------------------------
0

==========================================================================
cts final slack div critical path delay
--------------------------------------------------------------------------
0.000000

==========================================================================
cts final report_power
--------------------------------------------------------------------------
Group                  Internal  Switching    Leakage      Total
                          Power      Power      Power      Power (Watts)
----------------------------------------------------------------
Sequential             0.00e+00   0.00e+00   0.00e+00   0.00e+00   0.0%
Combinational          2.93e-04   3.53e-04   4.91e-10   6.46e-04 100.0%
Clock                  0.00e+00   0.00e+00   0.00e+00   0.00e+00   0.0%
Macro                  0.00e+00   0.00e+00   0.00e+00   0.00e+00   0.0%
Pad                    0.00e+00   0.00e+00   0.00e+00   0.00e+00   0.0%
----------------------------------------------------------------
Total                  2.93e-04   3.53e-04   4.91e-10   6.46e-04 100.0%
                          45.4%      54.6%       0.0%
