
==========================================================================
global route report_tns
--------------------------------------------------------------------------
tns max 0.00

==========================================================================
global route report_wns
--------------------------------------------------------------------------
wns max 0.00

==========================================================================
global route report_worst_slack
--------------------------------------------------------------------------
worst slack max INF

==========================================================================
global route report_clock_min_period
--------------------------------------------------------------------------

==========================================================================
global route report_clock_skew
--------------------------------------------------------------------------

==========================================================================
global route report_checks -path_delay min
--------------------------------------------------------------------------
No paths found.

==========================================================================
global route report_checks -path_delay max
--------------------------------------------------------------------------
No paths found.

==========================================================================
global route report_checks -unconstrained
--------------------------------------------------------------------------
Startpoint: V2 (input port)
Endpoint: Qf (output port)
Path Group: unconstrained
Path Type: max

Fanout     Cap    Slew   Delay    Time   Description
-----------------------------------------------------------------------------
                          0.00    0.00 v input external delay
     1    0.01    0.00    0.00    0.00 v V2 (in)
                                         V2 (net)
                  0.00    0.00    0.00 v input11/A (sky130_fd_sc_hd__clkdlybuf4s50_1)
    26    0.10    0.72    0.93    0.93 v input11/X (sky130_fd_sc_hd__clkdlybuf4s50_1)
                                         net11 (net)
                  0.72    0.00    0.93 v _210_/C_N (sky130_fd_sc_hd__nor3b_2)
     5    0.02    0.20    0.45    1.38 v _210_/Y (sky130_fd_sc_hd__nor3b_2)
                                         _133_ (net)
                  0.20    0.00    1.38 v _215_/A1 (sky130_fd_sc_hd__a32oi_1)
     1    0.00    0.17    0.25    1.63 ^ _215_/Y (sky130_fd_sc_hd__a32oi_1)
                                         _138_ (net)
                  0.17    0.00    1.63 ^ _216_/B1 (sky130_fd_sc_hd__o21ai_1)
     2    0.01    0.11    0.14    1.77 v _216_/Y (sky130_fd_sc_hd__o21ai_1)
                                         _139_ (net)
                  0.11    0.00    1.77 v _221_/B (sky130_fd_sc_hd__nor3_1)
     2    0.01    0.40    0.38    2.15 ^ _221_/Y (sky130_fd_sc_hd__nor3_1)
                                         _144_ (net)
                  0.40    0.00    2.15 ^ _265_/A (sky130_fd_sc_hd__nand4_2)
     5    0.03    0.25    0.28    2.43 v _265_/Y (sky130_fd_sc_hd__nand4_2)
                                         _004_ (net)
                  0.25    0.00    2.43 v _361_/A1 (sky130_fd_sc_hd__a31oi_1)
     1    0.01    0.26    0.31    2.74 ^ _361_/Y (sky130_fd_sc_hd__a31oi_1)
                                         _095_ (net)
                  0.26    0.00    2.74 ^ _362_/B (sky130_fd_sc_hd__xnor2_1)
     1    0.00    0.17    0.17    2.91 ^ _362_/Y (sky130_fd_sc_hd__xnor2_1)
                                         net20 (net)
                  0.17    0.00    2.91 ^ output20/A (sky130_fd_sc_hd__clkdlybuf4s50_1)
     1    0.00    0.04    0.49    3.40 ^ output20/X (sky130_fd_sc_hd__clkdlybuf4s50_1)
                                         Qf (net)
                  0.04    0.00    3.40 ^ Qf (out)
                                  3.40   data arrival time
-----------------------------------------------------------------------------
(Path is unconstrained)



==========================================================================
global route report_check_types -max_slew -max_cap -max_fanout -violators
--------------------------------------------------------------------------

==========================================================================
global route max_slew_check_slack
--------------------------------------------------------------------------
0.5118849873542786

==========================================================================
global route max_slew_check_limit
--------------------------------------------------------------------------
1.4953149557113647

==========================================================================
global route max_slew_check_slack_limit
--------------------------------------------------------------------------
0.3423

==========================================================================
global route max_fanout_check_slack
--------------------------------------------------------------------------
1.0000000150474662e+30

==========================================================================
global route max_fanout_check_limit
--------------------------------------------------------------------------
1.0000000150474662e+30

==========================================================================
global route max_capacitance_check_slack
--------------------------------------------------------------------------
0.024479588493704796

==========================================================================
global route max_capacitance_check_limit
--------------------------------------------------------------------------
0.02930700220167637

==========================================================================
global route max_capacitance_check_slack_limit
--------------------------------------------------------------------------
0.8353

==========================================================================
global route max_slew_violation_count
--------------------------------------------------------------------------
max slew violation count 0

==========================================================================
global route max_fanout_violation_count
--------------------------------------------------------------------------
max fanout violation count 0

==========================================================================
global route max_cap_violation_count
--------------------------------------------------------------------------
max cap violation count 0

==========================================================================
global route setup_violation_count
--------------------------------------------------------------------------
setup violation count 0

==========================================================================
global route hold_violation_count
--------------------------------------------------------------------------
hold violation count 0

==========================================================================
global route critical path delay
--------------------------------------------------------------------------
-1

==========================================================================
global route critical path slack
--------------------------------------------------------------------------
0

==========================================================================
global route slack div critical path delay
--------------------------------------------------------------------------
0.000000

==========================================================================
global route report_power
--------------------------------------------------------------------------
Group                  Internal  Switching    Leakage      Total
                          Power      Power      Power      Power (Watts)
----------------------------------------------------------------
Sequential             0.00e+00   0.00e+00   0.00e+00   0.00e+00   0.0%
Combinational          2.94e-04   4.13e-04   4.91e-10   7.07e-04 100.0%
Clock                  0.00e+00   0.00e+00   0.00e+00   0.00e+00   0.0%
Macro                  0.00e+00   0.00e+00   0.00e+00   0.00e+00   0.0%
Pad                    0.00e+00   0.00e+00   0.00e+00   0.00e+00   0.0%
----------------------------------------------------------------
Total                  2.94e-04   4.13e-04   4.91e-10   7.07e-04 100.0%
                          41.6%      58.4%       0.0%
