
==========================================================================
floorplan final report_tns
--------------------------------------------------------------------------
tns max 0.00

==========================================================================
floorplan final report_wns
--------------------------------------------------------------------------
wns max 0.00

==========================================================================
floorplan final report_worst_slack
--------------------------------------------------------------------------
worst slack max 6.01

==========================================================================
floorplan final report_clock_min_period
--------------------------------------------------------------------------
clk period_min = 3.99 fmax = 250.47

==========================================================================
floorplan final report_checks -path_delay min
--------------------------------------------------------------------------
Startpoint: core.score1.active_digit$_SDFF_PP0_
            (rising edge-triggered flip-flop clocked by clk)
Endpoint: core.score1.digits[1]$_DFF_P_
          (rising edge-triggered flip-flop clocked by clk)
Path Group: clk
Path Type: min

Fanout     Cap    Slew   Delay    Time   Description
-----------------------------------------------------------------------------
                  0.00    0.00    0.00   clock clk (rise edge)
                          0.00    0.00   clock network delay (ideal)
                  0.00    0.00    0.00 ^ core.score1.active_digit$_SDFF_PP0_/CLK (sky130_fd_sc_hd__dfxtp_1)
     2    0.00    0.05    0.29    0.29 ^ core.score1.active_digit$_SDFF_PP0_/Q (sky130_fd_sc_hd__dfxtp_1)
                                         core.score1.active_digit (net)
                  0.05    0.00    0.29 ^ core.score1.digits[1]$_DFF_P_/D (sky130_fd_sc_hd__dfxtp_1)
                                  0.29   data arrival time

                  0.00    0.00    0.00   clock clk (rise edge)
                          0.00    0.00   clock network delay (ideal)
                          0.00    0.00   clock reconvergence pessimism
                                  0.00 ^ core.score1.digits[1]$_DFF_P_/CLK (sky130_fd_sc_hd__dfxtp_1)
                         -0.04   -0.04   library hold time
                                 -0.04   data required time
-----------------------------------------------------------------------------
                                 -0.04   data required time
                                 -0.29   data arrival time
-----------------------------------------------------------------------------
                                  0.33   slack (MET)



==========================================================================
floorplan final report_checks -path_delay max
--------------------------------------------------------------------------
Startpoint: core.play1.tick_counter[0]$_SDFFE_PN0N_
            (rising edge-triggered flip-flop clocked by clk)
Endpoint: core.play1.tick_counter[29]$_SDFFE_PN0N_
          (rising edge-triggered flip-flop clocked by clk)
Path Group: clk
Path Type: max

Fanout     Cap    Slew   Delay    Time   Description
-----------------------------------------------------------------------------
                  0.00    0.00    0.00   clock clk (rise edge)
                          0.00    0.00   clock network delay (ideal)
                  0.00    0.00    0.00 ^ core.play1.tick_counter[0]$_SDFFE_PN0N_/CLK (sky130_fd_sc_hd__dfxtp_1)
     2    0.01    0.04    0.29    0.29 v core.play1.tick_counter[0]$_SDFFE_PN0N_/Q (sky130_fd_sc_hd__dfxtp_1)
                                         core.play1.tick_counter[0] (net)
                  0.04    0.00    0.29 v _1894_/A (sky130_fd_sc_hd__ha_1)
     2    0.01    0.06    0.21    0.49 v _1894_/COUT (sky130_fd_sc_hd__ha_1)
                                         _0042_ (net)
                  0.06    0.00    0.49 v _1888_/CIN (sky130_fd_sc_hd__fa_1)
     2    0.01    0.09    0.39    0.88 v _1888_/COUT (sky130_fd_sc_hd__fa_1)
                                         _0043_ (net)
                  0.09    0.00    0.88 v _1146_/A1 (sky130_fd_sc_hd__a21o_1)
     3    0.01    0.05    0.19    1.07 v _1146_/X (sky130_fd_sc_hd__a21o_1)
                                         _0604_ (net)
                  0.05    0.00    1.07 v _1436_/B2 (sky130_fd_sc_hd__a221o_1)
     3    0.01    0.09    0.36    1.43 v _1436_/X (sky130_fd_sc_hd__a221o_1)
                                         _0831_ (net)
                  0.09    0.00    1.43 v _1490_/S (sky130_fd_sc_hd__mux2_4)
     1    0.00    0.05    0.30    1.73 v _1490_/X (sky130_fd_sc_hd__mux2_4)
                                         _0884_ (net)
                  0.05    0.00    1.73 v _1491_/C1 (sky130_fd_sc_hd__o311a_2)
     2    0.01    0.08    0.13    1.86 v _1491_/X (sky130_fd_sc_hd__o311a_2)
                                         _0885_ (net)
                  0.08    0.00    1.86 v _1507_/C1 (sky130_fd_sc_hd__a2111oi_4)
     6    0.02    0.40    0.39    2.25 ^ _1507_/Y (sky130_fd_sc_hd__a2111oi_4)
                                         _0900_ (net)
                  0.40    0.00    2.25 ^ _1544_/A2 (sky130_fd_sc_hd__a32oi_2)
     6    0.01    0.15    0.22    2.48 v _1544_/Y (sky130_fd_sc_hd__a32oi_2)
                                         _0934_ (net)
                  0.15    0.00    2.48 v _1652_/A (sky130_fd_sc_hd__or4b_1)
     1    0.00    0.07    0.53    3.00 v _1652_/X (sky130_fd_sc_hd__or4b_1)
                                         _0289_ (net)
                  0.07    0.00    3.00 v _1653_/A (sky130_fd_sc_hd__buf_2)
     7    0.02    0.05    0.16    3.16 v _1653_/X (sky130_fd_sc_hd__buf_2)
                                         _0290_ (net)
                  0.05    0.00    3.16 v _1702_/B (sky130_fd_sc_hd__or4b_1)
     1    0.00    0.10    0.51    3.68 v _1702_/X (sky130_fd_sc_hd__or4b_1)
                                         _0335_ (net)
                  0.10    0.00    3.68 v _1703_/B1 (sky130_fd_sc_hd__o21ai_2)
     1    0.00    0.11    0.08    3.75 ^ _1703_/Y (sky130_fd_sc_hd__o21ai_2)
                                         _0336_ (net)
                  0.11    0.00    3.75 ^ _1704_/S (sky130_fd_sc_hd__mux2i_1)
     1    0.00    0.09    0.17    3.92 ^ _1704_/Y (sky130_fd_sc_hd__mux2i_1)
                                         _0156_ (net)
                  0.09    0.00    3.92 ^ core.play1.tick_counter[29]$_SDFFE_PN0N_/D (sky130_fd_sc_hd__dfxtp_1)
                                  3.92   data arrival time

                  0.00   10.00   10.00   clock clk (rise edge)
                          0.00   10.00   clock network delay (ideal)
                          0.00   10.00   clock reconvergence pessimism
                                 10.00 ^ core.play1.tick_counter[29]$_SDFFE_PN0N_/CLK (sky130_fd_sc_hd__dfxtp_1)
                         -0.07    9.93   library setup time
                                  9.93   data required time
-----------------------------------------------------------------------------
                                  9.93   data required time
                                 -3.92   data arrival time
-----------------------------------------------------------------------------
                                  6.01   slack (MET)



==========================================================================
floorplan final report_checks -unconstrained
--------------------------------------------------------------------------
Startpoint: core.play1.tick_counter[0]$_SDFFE_PN0N_
            (rising edge-triggered flip-flop clocked by clk)
Endpoint: core.play1.tick_counter[29]$_SDFFE_PN0N_
          (rising edge-triggered flip-flop clocked by clk)
Path Group: clk
Path Type: max

Fanout     Cap    Slew   Delay    Time   Description
-----------------------------------------------------------------------------
                  0.00    0.00    0.00   clock clk (rise edge)
                          0.00    0.00   clock network delay (ideal)
                  0.00    0.00    0.00 ^ core.play1.tick_counter[0]$_SDFFE_PN0N_/CLK (sky130_fd_sc_hd__dfxtp_1)
     2    0.01    0.04    0.29    0.29 v core.play1.tick_counter[0]$_SDFFE_PN0N_/Q (sky130_fd_sc_hd__dfxtp_1)
                                         core.play1.tick_counter[0] (net)
                  0.04    0.00    0.29 v _1894_/A (sky130_fd_sc_hd__ha_1)
     2    0.01    0.06    0.21    0.49 v _1894_/COUT (sky130_fd_sc_hd__ha_1)
                                         _0042_ (net)
                  0.06    0.00    0.49 v _1888_/CIN (sky130_fd_sc_hd__fa_1)
     2    0.01    0.09    0.39    0.88 v _1888_/COUT (sky130_fd_sc_hd__fa_1)
                                         _0043_ (net)
                  0.09    0.00    0.88 v _1146_/A1 (sky130_fd_sc_hd__a21o_1)
     3    0.01    0.05    0.19    1.07 v _1146_/X (sky130_fd_sc_hd__a21o_1)
                                         _0604_ (net)
                  0.05    0.00    1.07 v _1436_/B2 (sky130_fd_sc_hd__a221o_1)
     3    0.01    0.09    0.36    1.43 v _1436_/X (sky130_fd_sc_hd__a221o_1)
                                         _0831_ (net)
                  0.09    0.00    1.43 v _1490_/S (sky130_fd_sc_hd__mux2_4)
     1    0.00    0.05    0.30    1.73 v _1490_/X (sky130_fd_sc_hd__mux2_4)
                                         _0884_ (net)
                  0.05    0.00    1.73 v _1491_/C1 (sky130_fd_sc_hd__o311a_2)
     2    0.01    0.08    0.13    1.86 v _1491_/X (sky130_fd_sc_hd__o311a_2)
                                         _0885_ (net)
                  0.08    0.00    1.86 v _1507_/C1 (sky130_fd_sc_hd__a2111oi_4)
     6    0.02    0.40    0.39    2.25 ^ _1507_/Y (sky130_fd_sc_hd__a2111oi_4)
                                         _0900_ (net)
                  0.40    0.00    2.25 ^ _1544_/A2 (sky130_fd_sc_hd__a32oi_2)
     6    0.01    0.15    0.22    2.48 v _1544_/Y (sky130_fd_sc_hd__a32oi_2)
                                         _0934_ (net)
                  0.15    0.00    2.48 v _1652_/A (sky130_fd_sc_hd__or4b_1)
     1    0.00    0.07    0.53    3.00 v _1652_/X (sky130_fd_sc_hd__or4b_1)
                                         _0289_ (net)
                  0.07    0.00    3.00 v _1653_/A (sky130_fd_sc_hd__buf_2)
     7    0.02    0.05    0.16    3.16 v _1653_/X (sky130_fd_sc_hd__buf_2)
                                         _0290_ (net)
                  0.05    0.00    3.16 v _1702_/B (sky130_fd_sc_hd__or4b_1)
     1    0.00    0.10    0.51    3.68 v _1702_/X (sky130_fd_sc_hd__or4b_1)
                                         _0335_ (net)
                  0.10    0.00    3.68 v _1703_/B1 (sky130_fd_sc_hd__o21ai_2)
     1    0.00    0.11    0.08    3.75 ^ _1703_/Y (sky130_fd_sc_hd__o21ai_2)
                                         _0336_ (net)
                  0.11    0.00    3.75 ^ _1704_/S (sky130_fd_sc_hd__mux2i_1)
     1    0.00    0.09    0.17    3.92 ^ _1704_/Y (sky130_fd_sc_hd__mux2i_1)
                                         _0156_ (net)
                  0.09    0.00    3.92 ^ core.play1.tick_counter[29]$_SDFFE_PN0N_/D (sky130_fd_sc_hd__dfxtp_1)
                                  3.92   data arrival time

                  0.00   10.00   10.00   clock clk (rise edge)
                          0.00   10.00   clock network delay (ideal)
                          0.00   10.00   clock reconvergence pessimism
                                 10.00 ^ core.play1.tick_counter[29]$_SDFFE_PN0N_/CLK (sky130_fd_sc_hd__dfxtp_1)
                         -0.07    9.93   library setup time
                                  9.93   data required time
-----------------------------------------------------------------------------
                                  9.93   data required time
                                 -3.92   data arrival time
-----------------------------------------------------------------------------
                                  6.01   slack (MET)



==========================================================================
floorplan final report_power
--------------------------------------------------------------------------
Group                  Internal  Switching    Leakage      Total
                          Power      Power      Power      Power (Watts)
----------------------------------------------------------------
Sequential             8.98e-04   5.13e-05   1.57e-09   9.50e-04  49.3%
Combinational          4.84e-04   4.94e-04   2.04e-09   9.77e-04  50.7%
Clock                  0.00e+00   0.00e+00   0.00e+00   0.00e+00   0.0%
Macro                  0.00e+00   0.00e+00   0.00e+00   0.00e+00   0.0%
Pad                    0.00e+00   0.00e+00   0.00e+00   0.00e+00   0.0%
----------------------------------------------------------------
Total                  1.38e-03   5.45e-04   3.61e-09   1.93e-03 100.0%
                          71.7%      28.3%       0.0%
