
==========================================================================
global place report_tns
--------------------------------------------------------------------------
tns max 0.00

==========================================================================
global place report_wns
--------------------------------------------------------------------------
wns max 0.00

==========================================================================
global place report_worst_slack
--------------------------------------------------------------------------
worst slack max 5.63

==========================================================================
global place report_clock_min_period
--------------------------------------------------------------------------
clk period_min = 4.37 fmax = 228.90

==========================================================================
global place report_checks -path_delay min
--------------------------------------------------------------------------
Startpoint: core.next_random[0]$_SDFF_PN0_
            (rising edge-triggered flip-flop clocked by clk)
Endpoint: core.next_random[0]$_SDFF_PN0_
          (rising edge-triggered flip-flop clocked by clk)
Path Group: clk
Path Type: min

Fanout     Cap    Slew   Delay    Time   Description
-----------------------------------------------------------------------------
                  0.00    0.00    0.00   clock clk (rise edge)
                          0.00    0.00   clock network delay (ideal)
                  0.00    0.00    0.00 ^ core.next_random[0]$_SDFF_PN0_/CLK (sky130_fd_sc_hd__dfxtp_1)
     3    0.01    0.05    0.30    0.30 v core.next_random[0]$_SDFF_PN0_/Q (sky130_fd_sc_hd__dfxtp_1)
                                         core.next_random[0] (net)
                  0.05    0.00    0.30 v _1426_/A (sky130_fd_sc_hd__nor2_1)
     1    0.00    0.06    0.09    0.39 ^ _1426_/Y (sky130_fd_sc_hd__nor2_1)
                                         _0132_ (net)
                  0.06    0.00    0.39 ^ core.next_random[0]$_SDFF_PN0_/D (sky130_fd_sc_hd__dfxtp_1)
                                  0.39   data arrival time

                  0.00    0.00    0.00   clock clk (rise edge)
                          0.00    0.00   clock network delay (ideal)
                          0.00    0.00   clock reconvergence pessimism
                                  0.00 ^ core.next_random[0]$_SDFF_PN0_/CLK (sky130_fd_sc_hd__dfxtp_1)
                         -0.04   -0.04   library hold time
                                 -0.04   data required time
-----------------------------------------------------------------------------
                                 -0.04   data required time
                                 -0.39   data arrival time
-----------------------------------------------------------------------------
                                  0.43   slack (MET)



==========================================================================
global place report_checks -path_delay max
--------------------------------------------------------------------------
Startpoint: core.sound_freq[0]$_SDFFE_PN0P_
            (rising edge-triggered flip-flop clocked by clk)
Endpoint: core.play1.tick_counter[29]$_SDFFE_PN0N_
          (rising edge-triggered flip-flop clocked by clk)
Path Group: clk
Path Type: max

Fanout     Cap    Slew   Delay    Time   Description
-----------------------------------------------------------------------------
                  0.00    0.00    0.00   clock clk (rise edge)
                          0.00    0.00   clock network delay (ideal)
                  0.00    0.00    0.00 ^ core.sound_freq[0]$_SDFFE_PN0P_/CLK (sky130_fd_sc_hd__dfxtp_1)
     3    0.01    0.06    0.31    0.31 v core.sound_freq[0]$_SDFFE_PN0P_/Q (sky130_fd_sc_hd__dfxtp_1)
                                         core.play1.freq[0] (net)
                  0.06    0.00    0.31 v _1894_/B (sky130_fd_sc_hd__ha_1)
     2    0.01    0.07    0.21    0.52 v _1894_/COUT (sky130_fd_sc_hd__ha_1)
                                         _0042_ (net)
                  0.07    0.00    0.52 v _1888_/CIN (sky130_fd_sc_hd__fa_1)
     2    0.01    0.10    0.41    0.93 v _1888_/COUT (sky130_fd_sc_hd__fa_1)
                                         _0043_ (net)
                  0.10    0.00    0.93 v _1146_/A1 (sky130_fd_sc_hd__a21o_1)
     3    0.01    0.07    0.21    1.13 v _1146_/X (sky130_fd_sc_hd__a21o_1)
                                         _0604_ (net)
                  0.07    0.00    1.13 v _1452_/B2 (sky130_fd_sc_hd__a221oi_1)
     4    0.02    0.65    0.59    1.73 ^ _1452_/Y (sky130_fd_sc_hd__a221oi_1)
                                         _0847_ (net)
                  0.65    0.00    1.73 ^ _1453_/B (sky130_fd_sc_hd__xnor2_1)
     6    0.01    0.18    0.25    1.97 v _1453_/Y (sky130_fd_sc_hd__xnor2_1)
                                         _0848_ (net)
                  0.18    0.00    1.97 v _1484_/A1 (sky130_fd_sc_hd__o2111ai_1)
     5    0.02    0.45    0.46    2.43 ^ _1484_/Y (sky130_fd_sc_hd__o2111ai_1)
                                         _0878_ (net)
                  0.45    0.00    2.43 ^ _1544_/A1 (sky130_fd_sc_hd__a32oi_2)
     6    0.02    0.22    0.29    2.72 v _1544_/Y (sky130_fd_sc_hd__a32oi_2)
                                         _0934_ (net)
                  0.22    0.00    2.72 v _1652_/A (sky130_fd_sc_hd__or4b_1)
     7    0.02    0.20    0.71    3.43 v _1652_/X (sky130_fd_sc_hd__or4b_1)
                                         _0289_ (net)
                  0.20    0.00    3.43 v _1702_/B (sky130_fd_sc_hd__or4b_1)
     1    0.01    0.10    0.57    4.00 v _1702_/X (sky130_fd_sc_hd__or4b_1)
                                         _0335_ (net)
                  0.10    0.00    4.00 v _1703_/B1 (sky130_fd_sc_hd__o21ai_2)
     1    0.01    0.12    0.09    4.09 ^ _1703_/Y (sky130_fd_sc_hd__o21ai_2)
                                         _0336_ (net)
                  0.12    0.00    4.09 ^ _1704_/S (sky130_fd_sc_hd__mux2i_1)
     1    0.00    0.13    0.20    4.29 ^ _1704_/Y (sky130_fd_sc_hd__mux2i_1)
                                         _0156_ (net)
                  0.13    0.00    4.29 ^ core.play1.tick_counter[29]$_SDFFE_PN0N_/D (sky130_fd_sc_hd__dfxtp_1)
                                  4.29   data arrival time

                  0.00   10.00   10.00   clock clk (rise edge)
                          0.00   10.00   clock network delay (ideal)
                          0.00   10.00   clock reconvergence pessimism
                                 10.00 ^ core.play1.tick_counter[29]$_SDFFE_PN0N_/CLK (sky130_fd_sc_hd__dfxtp_1)
                         -0.08    9.92   library setup time
                                  9.92   data required time
-----------------------------------------------------------------------------
                                  9.92   data required time
                                 -4.29   data arrival time
-----------------------------------------------------------------------------
                                  5.63   slack (MET)



==========================================================================
global place report_checks -unconstrained
--------------------------------------------------------------------------
Startpoint: core.sound_freq[0]$_SDFFE_PN0P_
            (rising edge-triggered flip-flop clocked by clk)
Endpoint: core.play1.tick_counter[29]$_SDFFE_PN0N_
          (rising edge-triggered flip-flop clocked by clk)
Path Group: clk
Path Type: max

Fanout     Cap    Slew   Delay    Time   Description
-----------------------------------------------------------------------------
                  0.00    0.00    0.00   clock clk (rise edge)
                          0.00    0.00   clock network delay (ideal)
                  0.00    0.00    0.00 ^ core.sound_freq[0]$_SDFFE_PN0P_/CLK (sky130_fd_sc_hd__dfxtp_1)
     3    0.01    0.06    0.31    0.31 v core.sound_freq[0]$_SDFFE_PN0P_/Q (sky130_fd_sc_hd__dfxtp_1)
                                         core.play1.freq[0] (net)
                  0.06    0.00    0.31 v _1894_/B (sky130_fd_sc_hd__ha_1)
     2    0.01    0.07    0.21    0.52 v _1894_/COUT (sky130_fd_sc_hd__ha_1)
                                         _0042_ (net)
                  0.07    0.00    0.52 v _1888_/CIN (sky130_fd_sc_hd__fa_1)
     2    0.01    0.10    0.41    0.93 v _1888_/COUT (sky130_fd_sc_hd__fa_1)
                                         _0043_ (net)
                  0.10    0.00    0.93 v _1146_/A1 (sky130_fd_sc_hd__a21o_1)
     3    0.01    0.07    0.21    1.13 v _1146_/X (sky130_fd_sc_hd__a21o_1)
                                         _0604_ (net)
                  0.07    0.00    1.13 v _1452_/B2 (sky130_fd_sc_hd__a221oi_1)
     4    0.02    0.65    0.59    1.73 ^ _1452_/Y (sky130_fd_sc_hd__a221oi_1)
                                         _0847_ (net)
                  0.65    0.00    1.73 ^ _1453_/B (sky130_fd_sc_hd__xnor2_1)
     6    0.01    0.18    0.25    1.97 v _1453_/Y (sky130_fd_sc_hd__xnor2_1)
                                         _0848_ (net)
                  0.18    0.00    1.97 v _1484_/A1 (sky130_fd_sc_hd__o2111ai_1)
     5    0.02    0.45    0.46    2.43 ^ _1484_/Y (sky130_fd_sc_hd__o2111ai_1)
                                         _0878_ (net)
                  0.45    0.00    2.43 ^ _1544_/A1 (sky130_fd_sc_hd__a32oi_2)
     6    0.02    0.22    0.29    2.72 v _1544_/Y (sky130_fd_sc_hd__a32oi_2)
                                         _0934_ (net)
                  0.22    0.00    2.72 v _1652_/A (sky130_fd_sc_hd__or4b_1)
     7    0.02    0.20    0.71    3.43 v _1652_/X (sky130_fd_sc_hd__or4b_1)
                                         _0289_ (net)
                  0.20    0.00    3.43 v _1702_/B (sky130_fd_sc_hd__or4b_1)
     1    0.01    0.10    0.57    4.00 v _1702_/X (sky130_fd_sc_hd__or4b_1)
                                         _0335_ (net)
                  0.10    0.00    4.00 v _1703_/B1 (sky130_fd_sc_hd__o21ai_2)
     1    0.01    0.12    0.09    4.09 ^ _1703_/Y (sky130_fd_sc_hd__o21ai_2)
                                         _0336_ (net)
                  0.12    0.00    4.09 ^ _1704_/S (sky130_fd_sc_hd__mux2i_1)
     1    0.00    0.13    0.20    4.29 ^ _1704_/Y (sky130_fd_sc_hd__mux2i_1)
                                         _0156_ (net)
                  0.13    0.00    4.29 ^ core.play1.tick_counter[29]$_SDFFE_PN0N_/D (sky130_fd_sc_hd__dfxtp_1)
                                  4.29   data arrival time

                  0.00   10.00   10.00   clock clk (rise edge)
                          0.00   10.00   clock network delay (ideal)
                          0.00   10.00   clock reconvergence pessimism
                                 10.00 ^ core.play1.tick_counter[29]$_SDFFE_PN0N_/CLK (sky130_fd_sc_hd__dfxtp_1)
                         -0.08    9.92   library setup time
                                  9.92   data required time
-----------------------------------------------------------------------------
                                  9.92   data required time
                                 -4.29   data arrival time
-----------------------------------------------------------------------------
                                  5.63   slack (MET)



==========================================================================
global place report_power
--------------------------------------------------------------------------
Group                  Internal  Switching    Leakage      Total
                          Power      Power      Power      Power (Watts)
----------------------------------------------------------------
Sequential             9.00e-04   1.14e-04   1.57e-09   1.01e-03  45.3%
Combinational          5.27e-04   6.97e-04   2.11e-09   1.22e-03  54.7%
Clock                  0.00e+00   0.00e+00   0.00e+00   0.00e+00   0.0%
Macro                  0.00e+00   0.00e+00   0.00e+00   0.00e+00   0.0%
Pad                    0.00e+00   0.00e+00   0.00e+00   0.00e+00   0.0%
----------------------------------------------------------------
Total                  1.43e-03   8.12e-04   3.68e-09   2.24e-03 100.0%
                          63.8%      36.2%       0.0%
