
==========================================================================
global route report_tns
--------------------------------------------------------------------------
tns max 0.00

==========================================================================
global route report_wns
--------------------------------------------------------------------------
wns max 0.00

==========================================================================
global route report_worst_slack
--------------------------------------------------------------------------
worst slack max 5.27

==========================================================================
global route report_clock_min_period
--------------------------------------------------------------------------
clk period_min = 4.73 fmax = 211.26

==========================================================================
global route report_clock_skew
--------------------------------------------------------------------------
Clock clk
   0.44 source latency core.tick_counter[6]$_SDFF_PP0_/CLK ^
  -0.46 target latency core.millis_counter[2]$_SDFF_PN0_/CLK ^
   0.00 CRPR
--------------
  -0.02 setup skew


==========================================================================
global route report_checks -path_delay min
--------------------------------------------------------------------------
Startpoint: core.next_random[0]$_SDFF_PN0_
            (rising edge-triggered flip-flop clocked by clk)
Endpoint: core.next_random[0]$_SDFF_PN0_
          (rising edge-triggered flip-flop clocked by clk)
Path Group: clk
Path Type: min

Fanout     Cap    Slew   Delay    Time   Description
-----------------------------------------------------------------------------
                          0.00    0.00   clock clk (rise edge)
                          0.00    0.00   clock source latency
     1    0.03    0.00    0.00    0.00 ^ clk (in)
                                         clk (net)
                  0.00    0.00    0.00 ^ clkbuf_0_clk/A (sky130_fd_sc_hd__clkbuf_16)
    16    0.19    0.21    0.23    0.23 ^ clkbuf_0_clk/X (sky130_fd_sc_hd__clkbuf_16)
                                         clknet_0_clk (net)
                  0.21    0.00    0.24 ^ clkbuf_4_6_0_clk/A (sky130_fd_sc_hd__clkbuf_16)
     9    0.05    0.07    0.21    0.44 ^ clkbuf_4_6_0_clk/X (sky130_fd_sc_hd__clkbuf_16)
                                         clknet_4_6_0_clk (net)
                  0.07    0.00    0.45 ^ core.next_random[0]$_SDFF_PN0_/CLK (sky130_fd_sc_hd__dfxtp_1)
     3    0.01    0.07    0.34    0.79 v core.next_random[0]$_SDFF_PN0_/Q (sky130_fd_sc_hd__dfxtp_1)
                                         core.next_random[0] (net)
                  0.07    0.00    0.79 v _1426_/A (sky130_fd_sc_hd__nor2_1)
     1    0.00    0.07    0.10    0.89 ^ _1426_/Y (sky130_fd_sc_hd__nor2_1)
                                         _0132_ (net)
                  0.07    0.00    0.89 ^ core.next_random[0]$_SDFF_PN0_/D (sky130_fd_sc_hd__dfxtp_1)
                                  0.89   data arrival time

                          0.00    0.00   clock clk (rise edge)
                          0.00    0.00   clock source latency
     1    0.03    0.00    0.00    0.00 ^ clk (in)
                                         clk (net)
                  0.00    0.00    0.00 ^ clkbuf_0_clk/A (sky130_fd_sc_hd__clkbuf_16)
    16    0.19    0.21    0.23    0.23 ^ clkbuf_0_clk/X (sky130_fd_sc_hd__clkbuf_16)
                                         clknet_0_clk (net)
                  0.21    0.00    0.24 ^ clkbuf_4_6_0_clk/A (sky130_fd_sc_hd__clkbuf_16)
     9    0.05    0.07    0.21    0.44 ^ clkbuf_4_6_0_clk/X (sky130_fd_sc_hd__clkbuf_16)
                                         clknet_4_6_0_clk (net)
                  0.07    0.00    0.45 ^ core.next_random[0]$_SDFF_PN0_/CLK (sky130_fd_sc_hd__dfxtp_1)
                          0.00    0.45   clock reconvergence pessimism
                         -0.03    0.41   library hold time
                                  0.41   data required time
-----------------------------------------------------------------------------
                                  0.41   data required time
                                 -0.89   data arrival time
-----------------------------------------------------------------------------
                                  0.48   slack (MET)



==========================================================================
global route report_checks -path_delay max
--------------------------------------------------------------------------
Startpoint: core.sound_freq[0]$_SDFFE_PN0P_
            (rising edge-triggered flip-flop clocked by clk)
Endpoint: core.play1.tick_counter[29]$_SDFFE_PN0N_
          (rising edge-triggered flip-flop clocked by clk)
Path Group: clk
Path Type: max

Fanout     Cap    Slew   Delay    Time   Description
-----------------------------------------------------------------------------
                          0.00    0.00   clock clk (rise edge)
                          0.00    0.00   clock source latency
     1    0.03    0.00    0.00    0.00 ^ clk (in)
                                         clk (net)
                  0.00    0.00    0.00 ^ clkbuf_0_clk/A (sky130_fd_sc_hd__clkbuf_16)
    16    0.19    0.21    0.23    0.23 ^ clkbuf_0_clk/X (sky130_fd_sc_hd__clkbuf_16)
                                         clknet_0_clk (net)
                  0.21    0.01    0.24 ^ clkbuf_4_3_0_clk/A (sky130_fd_sc_hd__clkbuf_16)
    11    0.05    0.07    0.20    0.44 ^ clkbuf_4_3_0_clk/X (sky130_fd_sc_hd__clkbuf_16)
                                         clknet_4_3_0_clk (net)
                  0.07    0.00    0.44 ^ core.sound_freq[0]$_SDFFE_PN0P_/CLK (sky130_fd_sc_hd__dfxtp_1)
     3    0.01    0.07    0.34    0.78 v core.sound_freq[0]$_SDFFE_PN0P_/Q (sky130_fd_sc_hd__dfxtp_1)
                                         core.play1.freq[0] (net)
                  0.07    0.00    0.78 v _1894_/B (sky130_fd_sc_hd__ha_1)
     2    0.01    0.07    0.22    1.00 v _1894_/COUT (sky130_fd_sc_hd__ha_1)
                                         _0042_ (net)
                  0.07    0.00    1.00 v _1888_/CIN (sky130_fd_sc_hd__fa_1)
     2    0.01    0.11    0.42    1.42 v _1888_/COUT (sky130_fd_sc_hd__fa_1)
                                         _0043_ (net)
                  0.11    0.00    1.42 v _1146_/A1 (sky130_fd_sc_hd__a21o_1)
     3    0.01    0.07    0.21    1.63 v _1146_/X (sky130_fd_sc_hd__a21o_1)
                                         _0604_ (net)
                  0.07    0.00    1.63 v _1452_/B2 (sky130_fd_sc_hd__a221oi_1)
     4    0.02    0.79    0.69    2.33 ^ _1452_/Y (sky130_fd_sc_hd__a221oi_1)
                                         _0847_ (net)
                  0.79    0.00    2.33 ^ _1453_/B (sky130_fd_sc_hd__xnor2_1)
     6    0.02    0.24    0.32    2.65 v _1453_/Y (sky130_fd_sc_hd__xnor2_1)
                                         _0848_ (net)
                  0.24    0.00    2.65 v _1484_/A1 (sky130_fd_sc_hd__o2111ai_1)
     5    0.02    0.51    0.53    3.18 ^ _1484_/Y (sky130_fd_sc_hd__o2111ai_1)
                                         _0878_ (net)
                  0.51    0.00    3.18 ^ _1544_/A1 (sky130_fd_sc_hd__a32oi_2)
     6    0.03    0.24    0.31    3.50 v _1544_/Y (sky130_fd_sc_hd__a32oi_2)
                                         _0934_ (net)
                  0.24    0.00    3.50 v _1652_/A (sky130_fd_sc_hd__or4b_1)
     7    0.03    0.21    0.74    4.24 v _1652_/X (sky130_fd_sc_hd__or4b_1)
                                         _0289_ (net)
                  0.21    0.00    4.24 v _1702_/B (sky130_fd_sc_hd__or4b_1)
     1    0.01    0.10    0.58    4.82 v _1702_/X (sky130_fd_sc_hd__or4b_1)
                                         _0335_ (net)
                  0.10    0.00    4.82 v _1703_/B1 (sky130_fd_sc_hd__o21ai_2)
     1    0.01    0.12    0.09    4.90 ^ _1703_/Y (sky130_fd_sc_hd__o21ai_2)
                                         _0336_ (net)
                  0.12    0.00    4.91 ^ _1704_/S (sky130_fd_sc_hd__mux2i_1)
     1    0.00    0.13    0.21    5.11 ^ _1704_/Y (sky130_fd_sc_hd__mux2i_1)
                                         _0156_ (net)
                  0.13    0.00    5.11 ^ core.play1.tick_counter[29]$_SDFFE_PN0N_/D (sky130_fd_sc_hd__dfxtp_1)
                                  5.11   data arrival time

                         10.00   10.00   clock clk (rise edge)
                          0.00   10.00   clock source latency
     1    0.03    0.00    0.00   10.00 ^ clk (in)
                                         clk (net)
                  0.00    0.00   10.00 ^ clkbuf_0_clk/A (sky130_fd_sc_hd__clkbuf_16)
    16    0.19    0.21    0.23   10.23 ^ clkbuf_0_clk/X (sky130_fd_sc_hd__clkbuf_16)
                                         clknet_0_clk (net)
                  0.21    0.01   10.24 ^ clkbuf_4_4_0_clk/A (sky130_fd_sc_hd__clkbuf_16)
     8    0.06    0.08    0.21   10.45 ^ clkbuf_4_4_0_clk/X (sky130_fd_sc_hd__clkbuf_16)
                                         clknet_4_4_0_clk (net)
                  0.08    0.00   10.45 ^ core.play1.tick_counter[29]$_SDFFE_PN0N_/CLK (sky130_fd_sc_hd__dfxtp_1)
                          0.00   10.45   clock reconvergence pessimism
                         -0.07   10.38   library setup time
                                 10.38   data required time
-----------------------------------------------------------------------------
                                 10.38   data required time
                                 -5.11   data arrival time
-----------------------------------------------------------------------------
                                  5.27   slack (MET)



==========================================================================
global route report_checks -unconstrained
--------------------------------------------------------------------------
Startpoint: core.sound_freq[0]$_SDFFE_PN0P_
            (rising edge-triggered flip-flop clocked by clk)
Endpoint: core.play1.tick_counter[29]$_SDFFE_PN0N_
          (rising edge-triggered flip-flop clocked by clk)
Path Group: clk
Path Type: max

Fanout     Cap    Slew   Delay    Time   Description
-----------------------------------------------------------------------------
                          0.00    0.00   clock clk (rise edge)
                          0.00    0.00   clock source latency
     1    0.03    0.00    0.00    0.00 ^ clk (in)
                                         clk (net)
                  0.00    0.00    0.00 ^ clkbuf_0_clk/A (sky130_fd_sc_hd__clkbuf_16)
    16    0.19    0.21    0.23    0.23 ^ clkbuf_0_clk/X (sky130_fd_sc_hd__clkbuf_16)
                                         clknet_0_clk (net)
                  0.21    0.01    0.24 ^ clkbuf_4_3_0_clk/A (sky130_fd_sc_hd__clkbuf_16)
    11    0.05    0.07    0.20    0.44 ^ clkbuf_4_3_0_clk/X (sky130_fd_sc_hd__clkbuf_16)
                                         clknet_4_3_0_clk (net)
                  0.07    0.00    0.44 ^ core.sound_freq[0]$_SDFFE_PN0P_/CLK (sky130_fd_sc_hd__dfxtp_1)
     3    0.01    0.07    0.34    0.78 v core.sound_freq[0]$_SDFFE_PN0P_/Q (sky130_fd_sc_hd__dfxtp_1)
                                         core.play1.freq[0] (net)
                  0.07    0.00    0.78 v _1894_/B (sky130_fd_sc_hd__ha_1)
     2    0.01    0.07    0.22    1.00 v _1894_/COUT (sky130_fd_sc_hd__ha_1)
                                         _0042_ (net)
                  0.07    0.00    1.00 v _1888_/CIN (sky130_fd_sc_hd__fa_1)
     2    0.01    0.11    0.42    1.42 v _1888_/COUT (sky130_fd_sc_hd__fa_1)
                                         _0043_ (net)
                  0.11    0.00    1.42 v _1146_/A1 (sky130_fd_sc_hd__a21o_1)
     3    0.01    0.07    0.21    1.63 v _1146_/X (sky130_fd_sc_hd__a21o_1)
                                         _0604_ (net)
                  0.07    0.00    1.63 v _1452_/B2 (sky130_fd_sc_hd__a221oi_1)
     4    0.02    0.79    0.69    2.33 ^ _1452_/Y (sky130_fd_sc_hd__a221oi_1)
                                         _0847_ (net)
                  0.79    0.00    2.33 ^ _1453_/B (sky130_fd_sc_hd__xnor2_1)
     6    0.02    0.24    0.32    2.65 v _1453_/Y (sky130_fd_sc_hd__xnor2_1)
                                         _0848_ (net)
                  0.24    0.00    2.65 v _1484_/A1 (sky130_fd_sc_hd__o2111ai_1)
     5    0.02    0.51    0.53    3.18 ^ _1484_/Y (sky130_fd_sc_hd__o2111ai_1)
                                         _0878_ (net)
                  0.51    0.00    3.18 ^ _1544_/A1 (sky130_fd_sc_hd__a32oi_2)
     6    0.03    0.24    0.31    3.50 v _1544_/Y (sky130_fd_sc_hd__a32oi_2)
                                         _0934_ (net)
                  0.24    0.00    3.50 v _1652_/A (sky130_fd_sc_hd__or4b_1)
     7    0.03    0.21    0.74    4.24 v _1652_/X (sky130_fd_sc_hd__or4b_1)
                                         _0289_ (net)
                  0.21    0.00    4.24 v _1702_/B (sky130_fd_sc_hd__or4b_1)
     1    0.01    0.10    0.58    4.82 v _1702_/X (sky130_fd_sc_hd__or4b_1)
                                         _0335_ (net)
                  0.10    0.00    4.82 v _1703_/B1 (sky130_fd_sc_hd__o21ai_2)
     1    0.01    0.12    0.09    4.90 ^ _1703_/Y (sky130_fd_sc_hd__o21ai_2)
                                         _0336_ (net)
                  0.12    0.00    4.91 ^ _1704_/S (sky130_fd_sc_hd__mux2i_1)
     1    0.00    0.13    0.21    5.11 ^ _1704_/Y (sky130_fd_sc_hd__mux2i_1)
                                         _0156_ (net)
                  0.13    0.00    5.11 ^ core.play1.tick_counter[29]$_SDFFE_PN0N_/D (sky130_fd_sc_hd__dfxtp_1)
                                  5.11   data arrival time

                         10.00   10.00   clock clk (rise edge)
                          0.00   10.00   clock source latency
     1    0.03    0.00    0.00   10.00 ^ clk (in)
                                         clk (net)
                  0.00    0.00   10.00 ^ clkbuf_0_clk/A (sky130_fd_sc_hd__clkbuf_16)
    16    0.19    0.21    0.23   10.23 ^ clkbuf_0_clk/X (sky130_fd_sc_hd__clkbuf_16)
                                         clknet_0_clk (net)
                  0.21    0.01   10.24 ^ clkbuf_4_4_0_clk/A (sky130_fd_sc_hd__clkbuf_16)
     8    0.06    0.08    0.21   10.45 ^ clkbuf_4_4_0_clk/X (sky130_fd_sc_hd__clkbuf_16)
                                         clknet_4_4_0_clk (net)
                  0.08    0.00   10.45 ^ core.play1.tick_counter[29]$_SDFFE_PN0N_/CLK (sky130_fd_sc_hd__dfxtp_1)
                          0.00   10.45   clock reconvergence pessimism
                         -0.07   10.38   library setup time
                                 10.38   data required time
-----------------------------------------------------------------------------
                                 10.38   data required time
                                 -5.11   data arrival time
-----------------------------------------------------------------------------
                                  5.27   slack (MET)



==========================================================================
global route report_check_types -max_slew -max_cap -max_fanout -violators
--------------------------------------------------------------------------

==========================================================================
global route max_slew_check_slack
--------------------------------------------------------------------------
0.6018025875091553

==========================================================================
global route max_slew_check_limit
--------------------------------------------------------------------------
1.4979510307312012

==========================================================================
global route max_slew_check_slack_limit
--------------------------------------------------------------------------
0.4018

==========================================================================
global route max_fanout_check_slack
--------------------------------------------------------------------------
1.0000000150474662e+30

==========================================================================
global route max_fanout_check_limit
--------------------------------------------------------------------------
1.0000000150474662e+30

==========================================================================
global route max_capacitance_check_slack
--------------------------------------------------------------------------
0.011521649546921253

==========================================================================
global route max_capacitance_check_limit
--------------------------------------------------------------------------
0.021067000925540924

==========================================================================
global route max_capacitance_check_slack_limit
--------------------------------------------------------------------------
0.5469

==========================================================================
global route max_slew_violation_count
--------------------------------------------------------------------------
max slew violation count 0

==========================================================================
global route max_fanout_violation_count
--------------------------------------------------------------------------
max fanout violation count 0

==========================================================================
global route max_cap_violation_count
--------------------------------------------------------------------------
max cap violation count 0

==========================================================================
global route setup_violation_count
--------------------------------------------------------------------------
setup violation count 0

==========================================================================
global route hold_violation_count
--------------------------------------------------------------------------
hold violation count 0

==========================================================================
global route report_checks -path_delay max reg to reg
--------------------------------------------------------------------------
Startpoint: core.sound_freq[0]$_SDFFE_PN0P_
            (rising edge-triggered flip-flop clocked by clk)
Endpoint: core.play1.tick_counter[29]$_SDFFE_PN0N_
          (rising edge-triggered flip-flop clocked by clk)
Path Group: clk
Path Type: max

  Delay    Time   Description
---------------------------------------------------------
   0.00    0.00   clock clk (rise edge)
   0.00    0.00   clock source latency
   0.00    0.00 ^ clk (in)
   0.23    0.23 ^ clkbuf_0_clk/X (sky130_fd_sc_hd__clkbuf_16)
   0.21    0.44 ^ clkbuf_4_3_0_clk/X (sky130_fd_sc_hd__clkbuf_16)
   0.00    0.44 ^ core.sound_freq[0]$_SDFFE_PN0P_/CLK (sky130_fd_sc_hd__dfxtp_1)
   0.34    0.78 v core.sound_freq[0]$_SDFFE_PN0P_/Q (sky130_fd_sc_hd__dfxtp_1)
   0.22    1.00 v _1894_/COUT (sky130_fd_sc_hd__ha_1)
   0.42    1.42 v _1888_/COUT (sky130_fd_sc_hd__fa_1)
   0.22    1.63 v _1146_/X (sky130_fd_sc_hd__a21o_1)
   0.69    2.33 ^ _1452_/Y (sky130_fd_sc_hd__a221oi_1)
   0.32    2.65 v _1453_/Y (sky130_fd_sc_hd__xnor2_1)
   0.53    3.18 ^ _1484_/Y (sky130_fd_sc_hd__o2111ai_1)
   0.31    3.50 v _1544_/Y (sky130_fd_sc_hd__a32oi_2)
   0.74    4.24 v _1652_/X (sky130_fd_sc_hd__or4b_1)
   0.58    4.82 v _1702_/X (sky130_fd_sc_hd__or4b_1)
   0.09    4.90 ^ _1703_/Y (sky130_fd_sc_hd__o21ai_2)
   0.21    5.11 ^ _1704_/Y (sky130_fd_sc_hd__mux2i_1)
   0.00    5.11 ^ core.play1.tick_counter[29]$_SDFFE_PN0N_/D (sky130_fd_sc_hd__dfxtp_1)
           5.11   data arrival time

  10.00   10.00   clock clk (rise edge)
   0.00   10.00   clock source latency
   0.00   10.00 ^ clk (in)
   0.23   10.23 ^ clkbuf_0_clk/X (sky130_fd_sc_hd__clkbuf_16)
   0.21   10.45 ^ clkbuf_4_4_0_clk/X (sky130_fd_sc_hd__clkbuf_16)
   0.00   10.45 ^ core.play1.tick_counter[29]$_SDFFE_PN0N_/CLK (sky130_fd_sc_hd__dfxtp_1)
   0.00   10.45   clock reconvergence pessimism
  -0.07   10.38   library setup time
          10.38   data required time
---------------------------------------------------------
          10.38   data required time
          -5.11   data arrival time
---------------------------------------------------------
           5.27   slack (MET)



==========================================================================
global route report_checks -path_delay min reg to reg
--------------------------------------------------------------------------
Startpoint: core.next_random[0]$_SDFF_PN0_
            (rising edge-triggered flip-flop clocked by clk)
Endpoint: core.next_random[0]$_SDFF_PN0_
          (rising edge-triggered flip-flop clocked by clk)
Path Group: clk
Path Type: min

  Delay    Time   Description
---------------------------------------------------------
   0.00    0.00   clock clk (rise edge)
   0.00    0.00   clock source latency
   0.00    0.00 ^ clk (in)
   0.23    0.23 ^ clkbuf_0_clk/X (sky130_fd_sc_hd__clkbuf_16)
   0.21    0.44 ^ clkbuf_4_6_0_clk/X (sky130_fd_sc_hd__clkbuf_16)
   0.00    0.45 ^ core.next_random[0]$_SDFF_PN0_/CLK (sky130_fd_sc_hd__dfxtp_1)
   0.34    0.79 v core.next_random[0]$_SDFF_PN0_/Q (sky130_fd_sc_hd__dfxtp_1)
   0.10    0.89 ^ _1426_/Y (sky130_fd_sc_hd__nor2_1)
   0.00    0.89 ^ core.next_random[0]$_SDFF_PN0_/D (sky130_fd_sc_hd__dfxtp_1)
           0.89   data arrival time

   0.00    0.00   clock clk (rise edge)
   0.00    0.00   clock source latency
   0.00    0.00 ^ clk (in)
   0.23    0.23 ^ clkbuf_0_clk/X (sky130_fd_sc_hd__clkbuf_16)
   0.21    0.44 ^ clkbuf_4_6_0_clk/X (sky130_fd_sc_hd__clkbuf_16)
   0.00    0.45 ^ core.next_random[0]$_SDFF_PN0_/CLK (sky130_fd_sc_hd__dfxtp_1)
   0.00    0.45   clock reconvergence pessimism
  -0.03    0.41   library hold time
           0.41   data required time
---------------------------------------------------------
           0.41   data required time
          -0.89   data arrival time
---------------------------------------------------------
           0.48   slack (MET)



==========================================================================
global route critical path target clock latency max path
--------------------------------------------------------------------------
0

==========================================================================
global route critical path target clock latency min path
--------------------------------------------------------------------------
0

==========================================================================
global route critical path source clock latency min path
--------------------------------------------------------------------------
0

==========================================================================
global route critical path delay
--------------------------------------------------------------------------
5.1120

==========================================================================
global route critical path slack
--------------------------------------------------------------------------
5.2665

==========================================================================
global route slack div critical path delay
--------------------------------------------------------------------------
103.022300

==========================================================================
global route report_power
--------------------------------------------------------------------------
Group                  Internal  Switching    Leakage      Total
                          Power      Power      Power      Power (Watts)
----------------------------------------------------------------
Sequential             8.82e-04   1.41e-04   1.57e-09   1.02e-03  32.6%
Combinational          5.33e-04   8.61e-04   2.11e-09   1.39e-03  44.4%
Clock                  3.65e-04   3.60e-04   2.88e-10   7.25e-04  23.1%
Macro                  0.00e+00   0.00e+00   0.00e+00   0.00e+00   0.0%
Pad                    0.00e+00   0.00e+00   0.00e+00   0.00e+00   0.0%
----------------------------------------------------------------
Total                  1.78e-03   1.36e-03   3.97e-09   3.14e-03 100.0%
                          56.6%      43.4%       0.0%
