
==========================================================================
floorplan final report_tns
--------------------------------------------------------------------------
tns max 0.00

==========================================================================
floorplan final report_wns
--------------------------------------------------------------------------
wns max 0.00

==========================================================================
floorplan final report_worst_slack
--------------------------------------------------------------------------
worst slack max INF

==========================================================================
floorplan final report_clock_min_period
--------------------------------------------------------------------------

==========================================================================
floorplan final report_checks -path_delay min
--------------------------------------------------------------------------
No paths found.

==========================================================================
floorplan final report_checks -path_delay max
--------------------------------------------------------------------------
No paths found.

==========================================================================
floorplan final report_checks -unconstrained
--------------------------------------------------------------------------
Startpoint: Q[2]$_DFFE_PP_ (rising edge-triggered flip-flop)
Endpoint: Q[3]$_DFFE_PP_ (rising edge-triggered flip-flop)
Path Group: unconstrained
Path Type: max

Fanout     Cap    Slew   Delay    Time   Description
-----------------------------------------------------------------------------
                  0.00    0.00    0.00 ^ Q[2]$_DFFE_PP_/CLK (sky130_fd_sc_hd__edfxtp_1)
     4    0.01    0.10    0.38    0.38 v Q[2]$_DFFE_PP_/Q (sky130_fd_sc_hd__edfxtp_1)
                                         Q[2] (net)
                  0.10    0.00    0.38 v _45_/A (sky130_fd_sc_hd__ha_1)
     3    0.01    0.08    0.34    0.72 v _45_/SUM (sky130_fd_sc_hd__ha_1)
                                         _11_ (net)
                  0.08    0.00    0.72 v _33_/A1 (sky130_fd_sc_hd__a21oi_1)
     2    0.00    0.15    0.16    0.88 ^ _33_/Y (sky130_fd_sc_hd__a21oi_1)
                                         _17_ (net)
                  0.15    0.00    0.88 ^ _35_/A2 (sky130_fd_sc_hd__a211oi_1)
     1    0.00    0.06    0.09    0.97 v _35_/Y (sky130_fd_sc_hd__a211oi_1)
                                         _19_ (net)
                  0.06    0.00    0.97 v _37_/B1 (sky130_fd_sc_hd__a211o_1)
     1    0.00    0.04    0.25    1.23 v _37_/X (sky130_fd_sc_hd__a211o_1)
                                         _03_ (net)
                  0.04    0.00    1.23 v Q[3]$_DFFE_PP_/D (sky130_fd_sc_hd__edfxtp_1)
                                  1.23   data arrival time
-----------------------------------------------------------------------------
(Path is unconstrained)



==========================================================================
floorplan final report_power
--------------------------------------------------------------------------
Group                  Internal  Switching    Leakage      Total
                          Power      Power      Power      Power (Watts)
----------------------------------------------------------------
Sequential             2.18e-05   3.86e-06   4.01e-11   2.56e-05  35.8%
Combinational          2.64e-05   1.95e-05   6.81e-11   4.59e-05  64.2%
Clock                  0.00e+00   0.00e+00   0.00e+00   0.00e+00   0.0%
Macro                  0.00e+00   0.00e+00   0.00e+00   0.00e+00   0.0%
Pad                    0.00e+00   0.00e+00   0.00e+00   0.00e+00   0.0%
----------------------------------------------------------------
Total                  4.81e-05   2.34e-05   1.08e-10   7.15e-05 100.0%
                          67.3%      32.7%       0.0%
