
==========================================================================
global place report_tns
--------------------------------------------------------------------------
tns max 0.00

==========================================================================
global place report_wns
--------------------------------------------------------------------------
wns max 0.00

==========================================================================
global place report_worst_slack
--------------------------------------------------------------------------
worst slack max INF

==========================================================================
global place report_clock_min_period
--------------------------------------------------------------------------

==========================================================================
global place report_checks -path_delay min
--------------------------------------------------------------------------
No paths found.

==========================================================================
global place report_checks -path_delay max
--------------------------------------------------------------------------
No paths found.

==========================================================================
global place report_checks -unconstrained
--------------------------------------------------------------------------
Startpoint: U_DB (input port)
Endpoint: Q[3]$_DFFE_PP_ (rising edge-triggered flip-flop)
Path Group: unconstrained
Path Type: max

Fanout     Cap    Slew   Delay    Time   Description
-----------------------------------------------------------------------------
                          0.00    0.00 ^ input external delay
     1    0.00    0.00    0.00    0.00 ^ U_DB (in)
                                         U_DB (net)
                  0.00    0.00    0.00 ^ input9/A (sky130_fd_sc_hd__clkdlybuf4s50_1)
     2    0.01    0.09    0.49    0.49 ^ input9/X (sky130_fd_sc_hd__clkdlybuf4s50_1)
                                         net9 (net)
                  0.09    0.00    0.49 ^ _38_/A (sky130_fd_sc_hd__inv_1)
     5    0.02    0.09    0.11    0.60 v _38_/Y (sky130_fd_sc_hd__inv_1)
                                         _05_ (net)
                  0.09    0.00    0.60 v _45_/B (sky130_fd_sc_hd__ha_1)
     3    0.01    0.09    0.34    0.94 v _45_/SUM (sky130_fd_sc_hd__ha_1)
                                         _11_ (net)
                  0.09    0.00    0.94 v _33_/A1 (sky130_fd_sc_hd__a21oi_1)
     2    0.01    0.18    0.19    1.13 ^ _33_/Y (sky130_fd_sc_hd__a21oi_1)
                                         _17_ (net)
                  0.18    0.00    1.13 ^ _35_/A2 (sky130_fd_sc_hd__a211oi_1)
     1    0.00    0.06    0.10    1.23 v _35_/Y (sky130_fd_sc_hd__a211oi_1)
                                         _19_ (net)
                  0.06    0.00    1.23 v _37_/B1 (sky130_fd_sc_hd__a211o_1)
     1    0.00    0.05    0.27    1.50 v _37_/X (sky130_fd_sc_hd__a211o_1)
                                         _03_ (net)
                  0.05    0.00    1.50 v Q[3]$_DFFE_PP_/D (sky130_fd_sc_hd__edfxtp_1)
                                  1.50   data arrival time
-----------------------------------------------------------------------------
(Path is unconstrained)



==========================================================================
global place report_power
--------------------------------------------------------------------------
Group                  Internal  Switching    Leakage      Total
                          Power      Power      Power      Power (Watts)
----------------------------------------------------------------
Sequential             2.16e-05   6.87e-06   4.01e-11   2.85e-05  22.0%
Combinational          6.50e-05   3.61e-05   1.23e-10   1.01e-04  78.0%
Clock                  0.00e+00   0.00e+00   0.00e+00   0.00e+00   0.0%
Macro                  0.00e+00   0.00e+00   0.00e+00   0.00e+00   0.0%
Pad                    0.00e+00   0.00e+00   0.00e+00   0.00e+00   0.0%
----------------------------------------------------------------
Total                  8.67e-05   4.30e-05   1.63e-10   1.30e-04 100.0%
                          66.8%      33.2%       0.0%
