
==========================================================================
resizer report_tns
--------------------------------------------------------------------------
tns max 0.00

==========================================================================
resizer report_wns
--------------------------------------------------------------------------
wns max 0.00

==========================================================================
resizer report_worst_slack
--------------------------------------------------------------------------
worst slack max INF

==========================================================================
resizer report_clock_min_period
--------------------------------------------------------------------------

==========================================================================
resizer report_checks -path_delay min
--------------------------------------------------------------------------
No paths found.

==========================================================================
resizer report_checks -path_delay max
--------------------------------------------------------------------------
No paths found.

==========================================================================
resizer report_checks -unconstrained
--------------------------------------------------------------------------
Startpoint: U_DB (input port)
Endpoint: Q[3]$_DFFE_PP_ (rising edge-triggered flip-flop)
Path Group: unconstrained
Path Type: max

Fanout     Cap    Slew   Delay    Time   Description
-----------------------------------------------------------------------------
                          0.00    0.00 ^ input external delay
     1    0.00    0.00    0.00    0.00 ^ U_DB (in)
                                         U_DB (net)
                  0.00    0.00    0.00 ^ input9/A (sky130_fd_sc_hd__clkdlybuf4s50_1)
     2    0.01    0.09    0.49    0.49 ^ input9/X (sky130_fd_sc_hd__clkdlybuf4s50_1)
                                         net9 (net)
                  0.09    0.00    0.49 ^ _38_/A (sky130_fd_sc_hd__inv_1)
     5    0.02    0.09    0.11    0.60 v _38_/Y (sky130_fd_sc_hd__inv_1)
                                         _05_ (net)
                  0.09    0.00    0.60 v _45_/B (sky130_fd_sc_hd__ha_1)
     3    0.01    0.09    0.34    0.94 v _45_/SUM (sky130_fd_sc_hd__ha_1)
                                         _11_ (net)
                  0.09    0.00    0.94 v _33_/A1 (sky130_fd_sc_hd__a21oi_1)
     2    0.01    0.18    0.19    1.13 ^ _33_/Y (sky130_fd_sc_hd__a21oi_1)
                                         _17_ (net)
                  0.18    0.00    1.13 ^ _35_/A2 (sky130_fd_sc_hd__a211oi_1)
     1    0.00    0.06    0.10    1.23 v _35_/Y (sky130_fd_sc_hd__a211oi_1)
                                         _19_ (net)
                  0.06    0.00    1.23 v _37_/B1 (sky130_fd_sc_hd__a211o_1)
     1    0.00    0.05    0.27    1.50 v _37_/X (sky130_fd_sc_hd__a211o_1)
                                         _03_ (net)
                  0.05    0.00    1.50 v Q[3]$_DFFE_PP_/D (sky130_fd_sc_hd__edfxtp_1)
                                  1.50   data arrival time
-----------------------------------------------------------------------------
(Path is unconstrained)



==========================================================================
resizer report_check_types -max_slew -max_cap -max_fanout -violators
--------------------------------------------------------------------------

==========================================================================
resizer max_slew_check_slack
--------------------------------------------------------------------------
0.90157550573349

==========================================================================
resizer max_slew_check_limit
--------------------------------------------------------------------------
1.48431396484375

==========================================================================
resizer max_slew_check_slack_limit
--------------------------------------------------------------------------
0.6074

==========================================================================
resizer max_fanout_check_slack
--------------------------------------------------------------------------
1.0000000150474662e+30

==========================================================================
resizer max_fanout_check_limit
--------------------------------------------------------------------------
1.0000000150474662e+30

==========================================================================
resizer max_capacitance_check_slack
--------------------------------------------------------------------------
0.031242545694112778

==========================================================================
resizer max_capacitance_check_limit
--------------------------------------------------------------------------
0.05036399886012077

==========================================================================
resizer max_capacitance_check_slack_limit
--------------------------------------------------------------------------
0.6203

==========================================================================
resizer max_slew_violation_count
--------------------------------------------------------------------------
max slew violation count 0

==========================================================================
resizer max_fanout_violation_count
--------------------------------------------------------------------------
max fanout violation count 0

==========================================================================
resizer max_cap_violation_count
--------------------------------------------------------------------------
max cap violation count 0

==========================================================================
resizer setup_violation_count
--------------------------------------------------------------------------
setup violation count 0

==========================================================================
resizer hold_violation_count
--------------------------------------------------------------------------
hold violation count 0

==========================================================================
resizer report_checks -path_delay max reg to reg
--------------------------------------------------------------------------
No paths found.

==========================================================================
resizer report_checks -path_delay min reg to reg
--------------------------------------------------------------------------
No paths found.

==========================================================================
resizer critical path target clock latency max path
--------------------------------------------------------------------------
0

==========================================================================
resizer critical path target clock latency min path
--------------------------------------------------------------------------
0

==========================================================================
resizer critical path source clock latency min path
--------------------------------------------------------------------------
0

==========================================================================
resizer critical path delay
--------------------------------------------------------------------------
-1

==========================================================================
resizer critical path slack
--------------------------------------------------------------------------
0

==========================================================================
resizer slack div critical path delay
--------------------------------------------------------------------------
0.000000

==========================================================================
resizer report_power
--------------------------------------------------------------------------
Group                  Internal  Switching    Leakage      Total
                          Power      Power      Power      Power (Watts)
----------------------------------------------------------------
Sequential             2.16e-05   6.87e-06   4.01e-11   2.85e-05  22.0%
Combinational          6.50e-05   3.61e-05   1.23e-10   1.01e-04  78.0%
Clock                  0.00e+00   0.00e+00   0.00e+00   0.00e+00   0.0%
Macro                  0.00e+00   0.00e+00   0.00e+00   0.00e+00   0.0%
Pad                    0.00e+00   0.00e+00   0.00e+00   0.00e+00   0.0%
----------------------------------------------------------------
Total                  8.67e-05   4.30e-05   1.63e-10   1.30e-04 100.0%
                          66.8%      33.2%       0.0%
