
==========================================================================
global route report_tns
--------------------------------------------------------------------------
tns max 0.00

==========================================================================
global route report_wns
--------------------------------------------------------------------------
wns max 0.00

==========================================================================
global route report_worst_slack
--------------------------------------------------------------------------
worst slack max INF

==========================================================================
global route report_clock_min_period
--------------------------------------------------------------------------

==========================================================================
global route report_clock_skew
--------------------------------------------------------------------------

==========================================================================
global route report_checks -path_delay min
--------------------------------------------------------------------------
No paths found.

==========================================================================
global route report_checks -path_delay max
--------------------------------------------------------------------------
No paths found.

==========================================================================
global route report_checks -unconstrained
--------------------------------------------------------------------------
Startpoint: U_DB (input port)
Endpoint: Q[3]$_DFFE_PP_ (rising edge-triggered flip-flop)
Path Group: unconstrained
Path Type: max

Fanout     Cap    Slew   Delay    Time   Description
-----------------------------------------------------------------------------
                          0.00    0.00 ^ input external delay
     1    0.01    0.00    0.00    0.00 ^ U_DB (in)
                                         U_DB (net)
                  0.00    0.00    0.00 ^ input9/A (sky130_fd_sc_hd__clkdlybuf4s50_1)
     2    0.01    0.11    0.50    0.50 ^ input9/X (sky130_fd_sc_hd__clkdlybuf4s50_1)
                                         net9 (net)
                  0.11    0.00    0.50 ^ _38_/A (sky130_fd_sc_hd__inv_1)
     5    0.02    0.10    0.12    0.62 v _38_/Y (sky130_fd_sc_hd__inv_1)
                                         _05_ (net)
                  0.10    0.00    0.62 v _45_/B (sky130_fd_sc_hd__ha_1)
     3    0.02    0.11    0.36    0.98 v _45_/SUM (sky130_fd_sc_hd__ha_1)
                                         _11_ (net)
                  0.11    0.00    0.98 v _33_/A1 (sky130_fd_sc_hd__a21oi_1)
     2    0.01    0.22    0.23    1.22 ^ _33_/Y (sky130_fd_sc_hd__a21oi_1)
                                         _17_ (net)
                  0.22    0.00    1.22 ^ _35_/A2 (sky130_fd_sc_hd__a211oi_1)
     1    0.00    0.08    0.12    1.34 v _35_/Y (sky130_fd_sc_hd__a211oi_1)
                                         _19_ (net)
                  0.08    0.00    1.34 v _37_/B1 (sky130_fd_sc_hd__a211o_1)
     1    0.00    0.05    0.28    1.62 v _37_/X (sky130_fd_sc_hd__a211o_1)
                                         _03_ (net)
                  0.05    0.00    1.62 v Q[3]$_DFFE_PP_/D (sky130_fd_sc_hd__edfxtp_1)
                                  1.62   data arrival time
-----------------------------------------------------------------------------
(Path is unconstrained)



==========================================================================
global route report_check_types -max_slew -max_cap -max_fanout -violators
--------------------------------------------------------------------------

==========================================================================
global route max_slew_check_slack
--------------------------------------------------------------------------
0.8227265477180481

==========================================================================
global route max_slew_check_limit
--------------------------------------------------------------------------
1.48431396484375

==========================================================================
global route max_slew_check_slack_limit
--------------------------------------------------------------------------
0.5543

==========================================================================
global route max_fanout_check_slack
--------------------------------------------------------------------------
1.0000000150474662e+30

==========================================================================
global route max_fanout_check_limit
--------------------------------------------------------------------------
1.0000000150474662e+30

==========================================================================
global route max_capacitance_check_slack
--------------------------------------------------------------------------
0.028435058891773224

==========================================================================
global route max_capacitance_check_limit
--------------------------------------------------------------------------
0.05036399886012077

==========================================================================
global route max_capacitance_check_slack_limit
--------------------------------------------------------------------------
0.5646

==========================================================================
global route max_slew_violation_count
--------------------------------------------------------------------------
max slew violation count 0

==========================================================================
global route max_fanout_violation_count
--------------------------------------------------------------------------
max fanout violation count 0

==========================================================================
global route max_cap_violation_count
--------------------------------------------------------------------------
max cap violation count 0

==========================================================================
global route setup_violation_count
--------------------------------------------------------------------------
setup violation count 0

==========================================================================
global route hold_violation_count
--------------------------------------------------------------------------
hold violation count 0

==========================================================================
global route report_checks -path_delay max reg to reg
--------------------------------------------------------------------------
No paths found.

==========================================================================
global route report_checks -path_delay min reg to reg
--------------------------------------------------------------------------
No paths found.

==========================================================================
global route critical path target clock latency max path
--------------------------------------------------------------------------
0

==========================================================================
global route critical path target clock latency min path
--------------------------------------------------------------------------
0

==========================================================================
global route critical path source clock latency min path
--------------------------------------------------------------------------
0

==========================================================================
global route critical path delay
--------------------------------------------------------------------------
-1

==========================================================================
global route critical path slack
--------------------------------------------------------------------------
0

==========================================================================
global route slack div critical path delay
--------------------------------------------------------------------------
0.000000

==========================================================================
global route report_power
--------------------------------------------------------------------------
Group                  Internal  Switching    Leakage      Total
                          Power      Power      Power      Power (Watts)
----------------------------------------------------------------
Sequential             2.16e-05   7.25e-06   4.01e-11   2.89e-05  20.3%
Combinational          6.65e-05   4.71e-05   1.23e-10   1.14e-04  79.7%
Clock                  0.00e+00   0.00e+00   0.00e+00   0.00e+00   0.0%
Macro                  0.00e+00   0.00e+00   0.00e+00   0.00e+00   0.0%
Pad                    0.00e+00   0.00e+00   0.00e+00   0.00e+00   0.0%
----------------------------------------------------------------
Total                  8.81e-05   5.43e-05   1.63e-10   1.42e-04 100.0%
                          61.9%      38.1%       0.0%
