
==========================================================================
floorplan final report_tns
--------------------------------------------------------------------------
tns max 0.00

==========================================================================
floorplan final report_wns
--------------------------------------------------------------------------
wns max 0.00

==========================================================================
floorplan final report_worst_slack
--------------------------------------------------------------------------
worst slack max INF

==========================================================================
floorplan final report_clock_min_period
--------------------------------------------------------------------------
clk period_min = 0.00 fmax = inf

==========================================================================
floorplan final report_checks -path_delay min
--------------------------------------------------------------------------
No paths found.

==========================================================================
floorplan final report_checks -path_delay max
--------------------------------------------------------------------------
No paths found.

==========================================================================
floorplan final report_checks -unconstrained
--------------------------------------------------------------------------
Startpoint: x[4] (input port)
Endpoint: y[7] (output port)
Path Group: unconstrained
Path Type: max

Fanout     Cap    Slew   Delay    Time   Description
-----------------------------------------------------------------------------
                          0.00    0.00 v input external delay
     2    0.00    0.00    0.00    0.00 v x[4] (in)
                                         x[4] (net)
                  0.00    0.00    0.00 v _0524_/A (sky130_fd_sc_hd__buf_4)
    10    0.03    0.05    0.14    0.14 v _0524_/X (sky130_fd_sc_hd__buf_4)
                                         _0157_ (net)
                  0.05    0.00    0.14 v _0535_/A (sky130_fd_sc_hd__buf_6)
    10    0.03    0.04    0.14    0.28 v _0535_/X (sky130_fd_sc_hd__buf_6)
                                         _0276_ (net)
                  0.04    0.00    0.28 v _0741_/A (sky130_fd_sc_hd__nor2_2)
     7    0.02    0.20    0.19    0.46 ^ _0741_/Y (sky130_fd_sc_hd__nor2_2)
                                         _0149_ (net)
                  0.20    0.00    0.46 ^ _1003_/A2 (sky130_fd_sc_hd__o21ai_0)
     1    0.00    0.09    0.10    0.56 v _1003_/Y (sky130_fd_sc_hd__o21ai_0)
                                         _0431_ (net)
                  0.09    0.00    0.56 v _1004_/A2 (sky130_fd_sc_hd__a21oi_1)
     1    0.00    0.10    0.15    0.71 ^ _1004_/Y (sky130_fd_sc_hd__a21oi_1)
                                         _0432_ (net)
                  0.10    0.00    0.71 ^ _1010_/A1 (sky130_fd_sc_hd__o31ai_1)
     1    0.00    0.06    0.07    0.78 v _1010_/Y (sky130_fd_sc_hd__o31ai_1)
                                         _0439_ (net)
                  0.06    0.00    0.78 v _1039_/A (sky130_fd_sc_hd__or4_1)
     2    0.00    0.09    0.53    1.31 v _1039_/X (sky130_fd_sc_hd__or4_1)
                                         m7.y (net)
                  0.09    0.00    1.31 v _1047_/A (sky130_fd_sc_hd__buf_4)
     1    0.00    0.02    0.14    1.45 v _1047_/X (sky130_fd_sc_hd__buf_4)
                                         y[7] (net)
                  0.02    0.00    1.45 v y[7] (out)
                                  1.45   data arrival time
-----------------------------------------------------------------------------
(Path is unconstrained)



==========================================================================
floorplan final report_power
--------------------------------------------------------------------------
Group                  Internal  Switching    Leakage      Total
                          Power      Power      Power      Power (Watts)
----------------------------------------------------------------
Sequential             3.79e-05   0.00e+00   6.74e-11   3.79e-05  24.8%
Combinational          5.75e-05   5.74e-05   1.14e-09   1.15e-04  75.2%
Clock                  0.00e+00   0.00e+00   0.00e+00   0.00e+00   0.0%
Macro                  0.00e+00   0.00e+00   0.00e+00   0.00e+00   0.0%
Pad                    0.00e+00   0.00e+00   0.00e+00   0.00e+00   0.0%
----------------------------------------------------------------
Total                  9.54e-05   5.74e-05   1.20e-09   1.53e-04 100.0%
                          62.4%      37.6%       0.0%
