
==========================================================================
global place report_tns
--------------------------------------------------------------------------
tns max 0.00

==========================================================================
global place report_wns
--------------------------------------------------------------------------
wns max 0.00

==========================================================================
global place report_worst_slack
--------------------------------------------------------------------------
worst slack max INF

==========================================================================
global place report_clock_min_period
--------------------------------------------------------------------------
clk period_min = 0.00 fmax = inf

==========================================================================
global place report_checks -path_delay min
--------------------------------------------------------------------------
No paths found.

==========================================================================
global place report_checks -path_delay max
--------------------------------------------------------------------------
No paths found.

==========================================================================
global place report_checks -unconstrained
--------------------------------------------------------------------------
Startpoint: x[4] (input port)
Endpoint: y[1] (output port)
Path Group: unconstrained
Path Type: max

Fanout     Cap    Slew   Delay    Time   Description
-----------------------------------------------------------------------------
                          0.00    0.00 ^ input external delay
     1    0.01    0.00    0.00    0.00 ^ x[4] (in)
                                         x[4] (net)
                  0.00    0.00    0.00 ^ input5/A (sky130_fd_sc_hd__buf_2)
     1    0.00    0.03    0.08    0.08 ^ input5/X (sky130_fd_sc_hd__buf_2)
                                         net5 (net)
                  0.03    0.00    0.08 ^ place28/A (sky130_fd_sc_hd__buf_4)
    92    0.35    0.93    0.73    0.80 ^ place28/X (sky130_fd_sc_hd__buf_4)
                                         net28 (net)
                  0.93    0.01    0.81 ^ _0525_/B_N (sky130_fd_sc_hd__nor2b_1)
    14    0.07    1.26    1.07    1.88 ^ _0525_/Y (sky130_fd_sc_hd__nor2b_1)
                                         _0167_ (net)
                  1.26    0.00    1.88 ^ _0695_/A1 (sky130_fd_sc_hd__a221oi_1)
     1    0.00    0.22    0.23    2.11 v _0695_/Y (sky130_fd_sc_hd__a221oi_1)
                                         _0098_ (net)
                  0.22    0.00    2.11 v _0696_/B1 (sky130_fd_sc_hd__a31oi_1)
     1    0.00    0.12    0.19    2.30 ^ _0696_/Y (sky130_fd_sc_hd__a31oi_1)
                                         _0099_ (net)
                  0.12    0.00    2.30 ^ _0697_/A2 (sky130_fd_sc_hd__o21ai_0)
     1    0.01    0.14    0.12    2.42 v _0697_/Y (sky130_fd_sc_hd__o21ai_0)
                                         _0100_ (net)
                  0.14    0.00    2.42 v _0698_/B1 (sky130_fd_sc_hd__o31a_1)
     1    0.00    0.05    0.14    2.56 v _0698_/X (sky130_fd_sc_hd__o31a_1)
                                         _0101_ (net)
                  0.05    0.00    2.56 v _0750_/A2 (sky130_fd_sc_hd__o2111ai_1)
     2    0.03    0.58    0.49    3.05 ^ _0750_/Y (sky130_fd_sc_hd__o2111ai_1)
                                         net18 (net)
                  0.58    0.00    3.06 ^ output18/A (sky130_fd_sc_hd__clkdlybuf4s50_1)
     1    0.00    0.03    0.58    3.63 ^ output18/X (sky130_fd_sc_hd__clkdlybuf4s50_1)
                                         y[1] (net)
                  0.03    0.00    3.63 ^ y[1] (out)
                                  3.63   data arrival time
-----------------------------------------------------------------------------
(Path is unconstrained)



==========================================================================
global place report_power
--------------------------------------------------------------------------
Group                  Internal  Switching    Leakage      Total
                          Power      Power      Power      Power (Watts)
----------------------------------------------------------------
Sequential             3.81e-05   1.04e-06   6.74e-11   3.92e-05  18.6%
Combinational          5.91e-05   1.12e-04   9.61e-10   1.71e-04  81.4%
Clock                  0.00e+00   0.00e+00   0.00e+00   0.00e+00   0.0%
Macro                  0.00e+00   0.00e+00   0.00e+00   0.00e+00   0.0%
Pad                    0.00e+00   0.00e+00   0.00e+00   0.00e+00   0.0%
----------------------------------------------------------------
Total                  9.72e-05   1.13e-04   1.03e-09   2.10e-04 100.0%
                          46.2%      53.8%       0.0%
