
==========================================================================
cts final report_tns
--------------------------------------------------------------------------
tns max 0.00

==========================================================================
cts final report_wns
--------------------------------------------------------------------------
wns max 0.00

==========================================================================
cts final report_worst_slack
--------------------------------------------------------------------------
worst slack max INF

==========================================================================
cts final report_clock_min_period
--------------------------------------------------------------------------
clk period_min = 0.00 fmax = inf

==========================================================================
cts final report_clock_skew
--------------------------------------------------------------------------
Clock clk
No launch/capture paths found.


==========================================================================
cts final report_checks -path_delay min
--------------------------------------------------------------------------
No paths found.

==========================================================================
cts final report_checks -path_delay max
--------------------------------------------------------------------------
No paths found.

==========================================================================
cts final report_checks -unconstrained
--------------------------------------------------------------------------
Startpoint: x[4] (input port)
Endpoint: y[1] (output port)
Path Group: unconstrained
Path Type: max

Fanout     Cap    Slew   Delay    Time   Description
-----------------------------------------------------------------------------
                          0.00    0.00 ^ input external delay
     1    0.01    0.00    0.00    0.00 ^ x[4] (in)
                                         x[4] (net)
                  0.00    0.00    0.00 ^ input5/A (sky130_fd_sc_hd__buf_2)
     1    0.00    0.03    0.08    0.08 ^ input5/X (sky130_fd_sc_hd__buf_2)
                                         net5 (net)
                  0.03    0.00    0.08 ^ place28/A (sky130_fd_sc_hd__buf_4)
    92    0.33    0.88    0.69    0.76 ^ place28/X (sky130_fd_sc_hd__buf_4)
                                         net28 (net)
                  0.88    0.01    0.78 ^ _0525_/B_N (sky130_fd_sc_hd__nor2b_1)
    14    0.06    1.15    0.99    1.76 ^ _0525_/Y (sky130_fd_sc_hd__nor2b_1)
                                         _0167_ (net)
                  1.15    0.00    1.77 ^ _0695_/A1 (sky130_fd_sc_hd__a221oi_1)
     1    0.00    0.21    0.23    1.99 v _0695_/Y (sky130_fd_sc_hd__a221oi_1)
                                         _0098_ (net)
                  0.21    0.00    1.99 v _0696_/B1 (sky130_fd_sc_hd__a31oi_1)
     1    0.00    0.12    0.19    2.18 ^ _0696_/Y (sky130_fd_sc_hd__a31oi_1)
                                         _0099_ (net)
                  0.12    0.00    2.18 ^ _0697_/A2 (sky130_fd_sc_hd__o21ai_0)
     1    0.01    0.13    0.12    2.30 v _0697_/Y (sky130_fd_sc_hd__o21ai_0)
                                         _0100_ (net)
                  0.13    0.00    2.30 v _0698_/B1 (sky130_fd_sc_hd__o31a_1)
     1    0.00    0.05    0.14    2.44 v _0698_/X (sky130_fd_sc_hd__o31a_1)
                                         _0101_ (net)
                  0.05    0.00    2.44 v _0750_/A2 (sky130_fd_sc_hd__o2111ai_1)
     2    0.02    0.57    0.49    2.92 ^ _0750_/Y (sky130_fd_sc_hd__o2111ai_1)
                                         net18 (net)
                  0.57    0.00    2.92 ^ output18/A (sky130_fd_sc_hd__clkdlybuf4s50_1)
     1    0.00    0.04    0.58    3.50 ^ output18/X (sky130_fd_sc_hd__clkdlybuf4s50_1)
                                         y[1] (net)
                  0.04    0.00    3.50 ^ y[1] (out)
                                  3.50   data arrival time
-----------------------------------------------------------------------------
(Path is unconstrained)



==========================================================================
cts final report_check_types -max_slew -max_cap -max_fanout -violators
--------------------------------------------------------------------------

==========================================================================
cts final max_slew_check_slack
--------------------------------------------------------------------------
0.34933724999427795

==========================================================================
cts final max_slew_check_limit
--------------------------------------------------------------------------
1.49691903591156

==========================================================================
cts final max_slew_check_slack_limit
--------------------------------------------------------------------------
0.2334

==========================================================================
cts final max_fanout_check_slack
--------------------------------------------------------------------------
1.0000000150474662e+30

==========================================================================
cts final max_fanout_check_limit
--------------------------------------------------------------------------
1.0000000150474662e+30

==========================================================================
cts final max_capacitance_check_slack
--------------------------------------------------------------------------
0.01136414147913456

==========================================================================
cts final max_capacitance_check_limit
--------------------------------------------------------------------------
0.021067000925540924

==========================================================================
cts final max_capacitance_check_slack_limit
--------------------------------------------------------------------------
0.5394

==========================================================================
cts final max_slew_violation_count
--------------------------------------------------------------------------
max slew violation count 0

==========================================================================
cts final max_fanout_violation_count
--------------------------------------------------------------------------
max fanout violation count 0

==========================================================================
cts final max_cap_violation_count
--------------------------------------------------------------------------
max cap violation count 0

==========================================================================
cts final setup_violation_count
--------------------------------------------------------------------------
setup violation count 0

==========================================================================
cts final hold_violation_count
--------------------------------------------------------------------------
hold violation count 0

==========================================================================
cts final report_checks -path_delay max reg to reg
--------------------------------------------------------------------------
No paths found.

==========================================================================
cts final report_checks -path_delay min reg to reg
--------------------------------------------------------------------------
No paths found.

==========================================================================
cts final critical path target clock latency max path
--------------------------------------------------------------------------
0

==========================================================================
cts final critical path target clock latency min path
--------------------------------------------------------------------------
0

==========================================================================
cts final critical path source clock latency min path
--------------------------------------------------------------------------
0

==========================================================================
cts final critical path delay
--------------------------------------------------------------------------
-1

==========================================================================
cts final critical path slack
--------------------------------------------------------------------------
0

==========================================================================
cts final slack div critical path delay
--------------------------------------------------------------------------
0.000000

==========================================================================
cts final report_power
--------------------------------------------------------------------------
Group                  Internal  Switching    Leakage      Total
                          Power      Power      Power      Power (Watts)
----------------------------------------------------------------
Sequential             3.75e-05   1.03e-06   6.74e-11   3.85e-05  13.6%
Combinational          5.91e-05   1.07e-04   9.61e-10   1.67e-04  58.7%
Clock                  5.26e-05   2.63e-05   3.70e-11   7.89e-05  27.8%
Macro                  0.00e+00   0.00e+00   0.00e+00   0.00e+00   0.0%
Pad                    0.00e+00   0.00e+00   0.00e+00   0.00e+00   0.0%
----------------------------------------------------------------
Total                  1.49e-04   1.35e-04   1.07e-09   2.84e-04 100.0%
                          52.5%      47.5%       0.0%
