
==========================================================================
global route report_tns
--------------------------------------------------------------------------
tns max 0.00

==========================================================================
global route report_wns
--------------------------------------------------------------------------
wns max 0.00

==========================================================================
global route report_worst_slack
--------------------------------------------------------------------------
worst slack max INF

==========================================================================
global route report_clock_min_period
--------------------------------------------------------------------------
clk period_min = 0.00 fmax = inf

==========================================================================
global route report_clock_skew
--------------------------------------------------------------------------
Clock clk
No launch/capture paths found.


==========================================================================
global route report_checks -path_delay min
--------------------------------------------------------------------------
No paths found.

==========================================================================
global route report_checks -path_delay max
--------------------------------------------------------------------------
No paths found.

==========================================================================
global route report_checks -unconstrained
--------------------------------------------------------------------------
Startpoint: x[4] (input port)
Endpoint: y[1] (output port)
Path Group: unconstrained
Path Type: max

Fanout     Cap    Slew   Delay    Time   Description
-----------------------------------------------------------------------------
                          0.00    0.00 ^ input external delay
     1    0.01    0.00    0.00    0.00 ^ x[4] (in)
                                         x[4] (net)
                  0.00    0.00    0.00 ^ input5/A (sky130_fd_sc_hd__buf_2)
     1    0.01    0.04    0.09    0.09 ^ input5/X (sky130_fd_sc_hd__buf_2)
                                         net5 (net)
                  0.04    0.00    0.09 ^ place28/A (sky130_fd_sc_hd__buf_4)
    92    0.37    0.99    0.77    0.86 ^ place28/X (sky130_fd_sc_hd__buf_4)
                                         net28 (net)
                  0.99    0.02    0.88 ^ _0525_/B_N (sky130_fd_sc_hd__nor2b_1)
    14    0.07    1.24    1.06    1.94 ^ _0525_/Y (sky130_fd_sc_hd__nor2b_1)
                                         _0167_ (net)
                  1.24    0.00    1.94 ^ _0695_/A1 (sky130_fd_sc_hd__a221oi_1)
     1    0.00    0.23    0.24    2.18 v _0695_/Y (sky130_fd_sc_hd__a221oi_1)
                                         _0098_ (net)
                  0.23    0.00    2.18 v _0696_/B1 (sky130_fd_sc_hd__a31oi_1)
     1    0.00    0.17    0.23    2.42 ^ _0696_/Y (sky130_fd_sc_hd__a31oi_1)
                                         _0099_ (net)
                  0.17    0.00    2.42 ^ _0697_/A2 (sky130_fd_sc_hd__o21ai_0)
     1    0.01    0.16    0.14    2.56 v _0697_/Y (sky130_fd_sc_hd__o21ai_0)
                                         _0100_ (net)
                  0.16    0.00    2.56 v _0698_/B1 (sky130_fd_sc_hd__o31a_1)
     1    0.00    0.05    0.15    2.71 v _0698_/X (sky130_fd_sc_hd__o31a_1)
                                         _0101_ (net)
                  0.05    0.00    2.71 v _0750_/A2 (sky130_fd_sc_hd__o2111ai_1)
     2    0.02    0.57    0.48    3.20 ^ _0750_/Y (sky130_fd_sc_hd__o2111ai_1)
                                         net18 (net)
                  0.57    0.00    3.20 ^ output18/A (sky130_fd_sc_hd__clkdlybuf4s50_1)
     1    0.00    0.04    0.59    3.78 ^ output18/X (sky130_fd_sc_hd__clkdlybuf4s50_1)
                                         y[1] (net)
                  0.04    0.00    3.78 ^ y[1] (out)
                                  3.78   data arrival time
-----------------------------------------------------------------------------
(Path is unconstrained)



==========================================================================
global route report_check_types -max_slew -max_cap -max_fanout -violators
--------------------------------------------------------------------------

==========================================================================
global route max_slew_check_slack
--------------------------------------------------------------------------
0.25734591484069824

==========================================================================
global route max_slew_check_limit
--------------------------------------------------------------------------
1.49691903591156

==========================================================================
global route max_slew_check_slack_limit
--------------------------------------------------------------------------
0.1719

==========================================================================
global route max_fanout_check_slack
--------------------------------------------------------------------------
1.0000000150474662e+30

==========================================================================
global route max_fanout_check_limit
--------------------------------------------------------------------------
1.0000000150474662e+30

==========================================================================
global route max_capacitance_check_slack
--------------------------------------------------------------------------
0.00925422552973032

==========================================================================
global route max_capacitance_check_limit
--------------------------------------------------------------------------
0.021067000925540924

==========================================================================
global route max_capacitance_check_slack_limit
--------------------------------------------------------------------------
0.4393

==========================================================================
global route max_slew_violation_count
--------------------------------------------------------------------------
max slew violation count 0

==========================================================================
global route max_fanout_violation_count
--------------------------------------------------------------------------
max fanout violation count 0

==========================================================================
global route max_cap_violation_count
--------------------------------------------------------------------------
max cap violation count 0

==========================================================================
global route setup_violation_count
--------------------------------------------------------------------------
setup violation count 0

==========================================================================
global route hold_violation_count
--------------------------------------------------------------------------
hold violation count 0

==========================================================================
global route report_checks -path_delay max reg to reg
--------------------------------------------------------------------------
No paths found.

==========================================================================
global route report_checks -path_delay min reg to reg
--------------------------------------------------------------------------
No paths found.

==========================================================================
global route critical path target clock latency max path
--------------------------------------------------------------------------
0

==========================================================================
global route critical path target clock latency min path
--------------------------------------------------------------------------
0

==========================================================================
global route critical path source clock latency min path
--------------------------------------------------------------------------
0

==========================================================================
global route critical path delay
--------------------------------------------------------------------------
-1

==========================================================================
global route critical path slack
--------------------------------------------------------------------------
0

==========================================================================
global route slack div critical path delay
--------------------------------------------------------------------------
0.000000

==========================================================================
global route report_power
--------------------------------------------------------------------------
Group                  Internal  Switching    Leakage      Total
                          Power      Power      Power      Power (Watts)
----------------------------------------------------------------
Sequential             3.75e-05   1.49e-06   6.74e-11   3.90e-05  12.9%
Combinational          5.95e-05   1.25e-04   9.61e-10   1.85e-04  61.0%
Clock                  5.26e-05   2.65e-05   3.70e-11   7.92e-05  26.1%
Macro                  0.00e+00   0.00e+00   0.00e+00   0.00e+00   0.0%
Pad                    0.00e+00   0.00e+00   0.00e+00   0.00e+00   0.0%
----------------------------------------------------------------
Total                  1.50e-04   1.53e-04   1.07e-09   3.03e-04 100.0%
                          49.4%      50.6%       0.0%
