
==========================================================================
finish report_tns
--------------------------------------------------------------------------
tns max 0.00

==========================================================================
finish report_wns
--------------------------------------------------------------------------
wns max 0.00

==========================================================================
finish report_worst_slack
--------------------------------------------------------------------------
worst slack max INF

==========================================================================
finish report_clock_min_period
--------------------------------------------------------------------------
clk period_min = 0.00 fmax = inf

==========================================================================
finish report_clock_skew
--------------------------------------------------------------------------
Clock clk
No launch/capture paths found.


==========================================================================
finish report_checks -path_delay min
--------------------------------------------------------------------------
No paths found.

==========================================================================
finish report_checks -path_delay max
--------------------------------------------------------------------------
No paths found.

==========================================================================
finish report_checks -unconstrained
--------------------------------------------------------------------------
Startpoint: x[4] (input port)
Endpoint: y[1] (output port)
Path Group: unconstrained
Path Type: max

Fanout     Cap    Slew   Delay    Time   Description
-----------------------------------------------------------------------------
                          0.00    0.00 ^ input external delay
     1    0.01    0.00    0.00    0.00 ^ x[4] (in)
                                         x[4] (net)
                  0.00    0.00    0.00 ^ input5/A (sky130_fd_sc_hd__buf_2)
     1    0.00    0.03    0.08    0.08 ^ input5/X (sky130_fd_sc_hd__buf_2)
                                         net5 (net)
                  0.03    0.00    0.08 ^ place28/A (sky130_fd_sc_hd__buf_4)
    92    0.35    0.94    0.71    0.79 ^ place28/X (sky130_fd_sc_hd__buf_4)
                                         net28 (net)
                  0.94    0.03    0.81 ^ _0525_/B_N (sky130_fd_sc_hd__nor2b_1)
    14    0.07    1.24    1.06    1.87 ^ _0525_/Y (sky130_fd_sc_hd__nor2b_1)
                                         _0167_ (net)
                  1.24    0.00    1.87 ^ _0695_/A1 (sky130_fd_sc_hd__a221oi_1)
     1    0.00    0.22    0.23    2.10 v _0695_/Y (sky130_fd_sc_hd__a221oi_1)
                                         _0098_ (net)
                  0.22    0.00    2.10 v _0696_/B1 (sky130_fd_sc_hd__a31oi_1)
     1    0.00    0.12    0.19    2.30 ^ _0696_/Y (sky130_fd_sc_hd__a31oi_1)
                                         _0099_ (net)
                  0.12    0.00    2.30 ^ _0697_/A2 (sky130_fd_sc_hd__o21ai_0)
     1    0.01    0.15    0.13    2.42 v _0697_/Y (sky130_fd_sc_hd__o21ai_0)
                                         _0100_ (net)
                  0.15    0.00    2.42 v _0698_/B1 (sky130_fd_sc_hd__o31a_1)
     1    0.00    0.05    0.15    2.57 v _0698_/X (sky130_fd_sc_hd__o31a_1)
                                         _0101_ (net)
                  0.05    0.00    2.57 v _0750_/A2 (sky130_fd_sc_hd__o2111ai_1)
     2    0.02    0.47    0.41    2.98 ^ _0750_/Y (sky130_fd_sc_hd__o2111ai_1)
                                         net18 (net)
                  0.47    0.00    2.98 ^ output18/A (sky130_fd_sc_hd__clkdlybuf4s50_1)
     1    0.00    0.03    0.56    3.53 ^ output18/X (sky130_fd_sc_hd__clkdlybuf4s50_1)
                                         y[1] (net)
                  0.03    0.00    3.53 ^ y[1] (out)
                                  3.53   data arrival time
-----------------------------------------------------------------------------
(Path is unconstrained)



==========================================================================
finish report_check_types -max_slew -max_cap -max_fanout -violators
--------------------------------------------------------------------------

==========================================================================
finish max_slew_check_slack
--------------------------------------------------------------------------
0.2570492923259735

==========================================================================
finish max_slew_check_limit
--------------------------------------------------------------------------
1.49691903591156

==========================================================================
finish max_slew_check_slack_limit
--------------------------------------------------------------------------
0.1717

==========================================================================
finish max_fanout_check_slack
--------------------------------------------------------------------------
1.0000000150474662e+30

==========================================================================
finish max_fanout_check_limit
--------------------------------------------------------------------------
1.0000000150474662e+30

==========================================================================
finish max_capacitance_check_slack
--------------------------------------------------------------------------
0.009855764918029308

==========================================================================
finish max_capacitance_check_limit
--------------------------------------------------------------------------
0.021067000925540924

==========================================================================
finish max_capacitance_check_slack_limit
--------------------------------------------------------------------------
0.4678

==========================================================================
finish max_slew_violation_count
--------------------------------------------------------------------------
max slew violation count 0

==========================================================================
finish max_fanout_violation_count
--------------------------------------------------------------------------
max fanout violation count 0

==========================================================================
finish max_cap_violation_count
--------------------------------------------------------------------------
max cap violation count 0

==========================================================================
finish setup_violation_count
--------------------------------------------------------------------------
setup violation count 0

==========================================================================
finish hold_violation_count
--------------------------------------------------------------------------
hold violation count 0

==========================================================================
finish report_checks -path_delay max reg to reg
--------------------------------------------------------------------------
No paths found.

==========================================================================
finish report_checks -path_delay min reg to reg
--------------------------------------------------------------------------
No paths found.

==========================================================================
finish critical path target clock latency max path
--------------------------------------------------------------------------
0

==========================================================================
finish critical path target clock latency min path
--------------------------------------------------------------------------
0

==========================================================================
finish critical path source clock latency min path
--------------------------------------------------------------------------
0

==========================================================================
finish critical path delay
--------------------------------------------------------------------------
-1

==========================================================================
finish critical path slack
--------------------------------------------------------------------------
0

==========================================================================
finish slack div critical path delay
--------------------------------------------------------------------------
0.000000

==========================================================================
finish report_power
--------------------------------------------------------------------------
Group                  Internal  Switching    Leakage      Total
                          Power      Power      Power      Power (Watts)
----------------------------------------------------------------
Sequential             3.75e-05   1.02e-06   6.74e-11   3.86e-05  13.6%
Combinational          5.91e-05   1.13e-04   9.61e-10   1.72e-04  60.9%
Clock                  5.20e-05   2.03e-05   3.70e-11   7.23e-05  25.5%
Macro                  0.00e+00   0.00e+00   0.00e+00   0.00e+00   0.0%
Pad                    0.00e+00   0.00e+00   0.00e+00   0.00e+00   0.0%
----------------------------------------------------------------
Total                  1.49e-04   1.35e-04   1.07e-09   2.83e-04 100.0%
                          52.5%      47.5%       0.0%
