
==========================================================================
floorplan final report_tns
--------------------------------------------------------------------------
tns max 0.00

==========================================================================
floorplan final report_wns
--------------------------------------------------------------------------
wns max 0.00

==========================================================================
floorplan final report_worst_slack
--------------------------------------------------------------------------
worst slack max 7.65

==========================================================================
floorplan final report_clock_min_period
--------------------------------------------------------------------------
clk period_min = 2.35 fmax = 425.80

==========================================================================
floorplan final report_checks -path_delay min
--------------------------------------------------------------------------
Startpoint: core.datapath.lut_ff57$_SDFF_PN0_
            (rising edge-triggered flip-flop clocked by clk)
Endpoint: core.datapath.lut_ff56$_SDFF_PN0_
          (rising edge-triggered flip-flop clocked by clk)
Path Group: clk
Path Type: min

Fanout     Cap    Slew   Delay    Time   Description
-----------------------------------------------------------------------------
                  0.00    0.00    0.00   clock clk (rise edge)
                          0.00    0.00   clock network delay (ideal)
                  0.00    0.00    0.00 ^ core.datapath.lut_ff57$_SDFF_PN0_/CLK (sky130_fd_sc_hd__dfxtp_1)
     1    0.00    0.03    0.27    0.27 ^ core.datapath.lut_ff57$_SDFF_PN0_/Q (sky130_fd_sc_hd__dfxtp_1)
                                         core.datapath.lut_ff57 (net)
                  0.03    0.00    0.27 ^ _0821_/B (sky130_fd_sc_hd__and2_1)
     1    0.00    0.04    0.10    0.38 ^ _0821_/X (sky130_fd_sc_hd__and2_1)
                                         _0032_ (net)
                  0.04    0.00    0.38 ^ core.datapath.lut_ff56$_SDFF_PN0_/D (sky130_fd_sc_hd__dfxtp_1)
                                  0.38   data arrival time

                  0.00    0.00    0.00   clock clk (rise edge)
                          0.00    0.00   clock network delay (ideal)
                          0.00    0.00   clock reconvergence pessimism
                                  0.00 ^ core.datapath.lut_ff56$_SDFF_PN0_/CLK (sky130_fd_sc_hd__dfxtp_1)
                         -0.04   -0.04   library hold time
                                 -0.04   data required time
-----------------------------------------------------------------------------
                                 -0.04   data required time
                                 -0.38   data arrival time
-----------------------------------------------------------------------------
                                  0.41   slack (MET)



==========================================================================
floorplan final report_checks -path_delay max
--------------------------------------------------------------------------
Startpoint: core.key_exp.round_counter[2]$_SDFFE_PN0P_
            (rising edge-triggered flip-flop clocked by clk)
Endpoint: core.key_exp.lut_ff3$_SDFFE_PN0P_
          (rising edge-triggered flip-flop clocked by clk)
Path Group: clk
Path Type: max

Fanout     Cap    Slew   Delay    Time   Description
-----------------------------------------------------------------------------
                  0.00    0.00    0.00   clock clk (rise edge)
                          0.00    0.00   clock network delay (ideal)
                  0.00    0.00    0.00 ^ core.key_exp.round_counter[2]$_SDFFE_PN0P_/CLK (sky130_fd_sc_hd__dfxtp_1)
     5    0.01    0.13    0.35    0.35 ^ core.key_exp.round_counter[2]$_SDFFE_PN0P_/Q (sky130_fd_sc_hd__dfxtp_1)
                                         core.datapath.round_counter[2] (net)
                  0.13    0.00    0.35 ^ _0753_/A (sky130_fd_sc_hd__buf_2)
    10    0.03    0.15    0.21    0.56 ^ _0753_/X (sky130_fd_sc_hd__buf_2)
                                         _0487_ (net)
                  0.15    0.00    0.56 ^ _0754_/A (sky130_fd_sc_hd__inv_1)
     4    0.01    0.08    0.11    0.67 v _0754_/Y (sky130_fd_sc_hd__inv_1)
                                         _0000_ (net)
                  0.08    0.00    0.67 v _1488_/A (sky130_fd_sc_hd__ha_1)
     1    0.00    0.04    0.28    0.96 ^ _1488_/SUM (sky130_fd_sc_hd__ha_1)
                                         _0003_ (net)
                  0.04    0.00    0.96 ^ _1129_/A (sky130_fd_sc_hd__buf_4)
     9    0.02    0.07    0.13    1.09 ^ _1129_/X (sky130_fd_sc_hd__buf_4)
                                         _0708_ (net)
                  0.07    0.00    1.09 ^ _1151_/C_N (sky130_fd_sc_hd__or3b_2)
     1    0.00    0.07    0.43    1.52 v _1151_/X (sky130_fd_sc_hd__or3b_2)
                                         _0730_ (net)
                  0.07    0.00    1.52 v _1153_/B (sky130_fd_sc_hd__nand3_1)
     1    0.00    0.06    0.09    1.61 ^ _1153_/Y (sky130_fd_sc_hd__nand3_1)
                                         _0732_ (net)
                  0.06    0.00    1.61 ^ _1156_/A3 (sky130_fd_sc_hd__a311oi_1)
     1    0.00    0.09    0.08    1.69 v _1156_/Y (sky130_fd_sc_hd__a311oi_1)
                                         _0735_ (net)
                  0.09    0.00    1.69 v _1160_/A2 (sky130_fd_sc_hd__o21a_1)
     3    0.01    0.05    0.20    1.89 v _1160_/X (sky130_fd_sc_hd__o21a_1)
                                         _0739_ (net)
                  0.05    0.00    1.89 v _1169_/B (sky130_fd_sc_hd__nor4b_1)
     1    0.00    0.23    0.26    2.15 ^ _1169_/Y (sky130_fd_sc_hd__nor4b_1)
                                         _0301_ (net)
                  0.23    0.00    2.15 ^ _1171_/B (sky130_fd_sc_hd__nor3b_1)
     1    0.00    0.06    0.07    2.22 v _1171_/Y (sky130_fd_sc_hd__nor3b_1)
                                         _0167_ (net)
                  0.06    0.00    2.22 v core.key_exp.lut_ff3$_SDFFE_PN0P_/D (sky130_fd_sc_hd__dfxtp_1)
                                  2.22   data arrival time

                  0.00   10.00   10.00   clock clk (rise edge)
                          0.00   10.00   clock network delay (ideal)
                          0.00   10.00   clock reconvergence pessimism
                                 10.00 ^ core.key_exp.lut_ff3$_SDFFE_PN0P_/CLK (sky130_fd_sc_hd__dfxtp_1)
                         -0.13    9.87   library setup time
                                  9.87   data required time
-----------------------------------------------------------------------------
                                  9.87   data required time
                                 -2.22   data arrival time
-----------------------------------------------------------------------------
                                  7.65   slack (MET)



==========================================================================
floorplan final report_checks -unconstrained
--------------------------------------------------------------------------
Startpoint: core.key_exp.round_counter[2]$_SDFFE_PN0P_
            (rising edge-triggered flip-flop clocked by clk)
Endpoint: core.key_exp.lut_ff3$_SDFFE_PN0P_
          (rising edge-triggered flip-flop clocked by clk)
Path Group: clk
Path Type: max

Fanout     Cap    Slew   Delay    Time   Description
-----------------------------------------------------------------------------
                  0.00    0.00    0.00   clock clk (rise edge)
                          0.00    0.00   clock network delay (ideal)
                  0.00    0.00    0.00 ^ core.key_exp.round_counter[2]$_SDFFE_PN0P_/CLK (sky130_fd_sc_hd__dfxtp_1)
     5    0.01    0.13    0.35    0.35 ^ core.key_exp.round_counter[2]$_SDFFE_PN0P_/Q (sky130_fd_sc_hd__dfxtp_1)
                                         core.datapath.round_counter[2] (net)
                  0.13    0.00    0.35 ^ _0753_/A (sky130_fd_sc_hd__buf_2)
    10    0.03    0.15    0.21    0.56 ^ _0753_/X (sky130_fd_sc_hd__buf_2)
                                         _0487_ (net)
                  0.15    0.00    0.56 ^ _0754_/A (sky130_fd_sc_hd__inv_1)
     4    0.01    0.08    0.11    0.67 v _0754_/Y (sky130_fd_sc_hd__inv_1)
                                         _0000_ (net)
                  0.08    0.00    0.67 v _1488_/A (sky130_fd_sc_hd__ha_1)
     1    0.00    0.04    0.28    0.96 ^ _1488_/SUM (sky130_fd_sc_hd__ha_1)
                                         _0003_ (net)
                  0.04    0.00    0.96 ^ _1129_/A (sky130_fd_sc_hd__buf_4)
     9    0.02    0.07    0.13    1.09 ^ _1129_/X (sky130_fd_sc_hd__buf_4)
                                         _0708_ (net)
                  0.07    0.00    1.09 ^ _1151_/C_N (sky130_fd_sc_hd__or3b_2)
     1    0.00    0.07    0.43    1.52 v _1151_/X (sky130_fd_sc_hd__or3b_2)
                                         _0730_ (net)
                  0.07    0.00    1.52 v _1153_/B (sky130_fd_sc_hd__nand3_1)
     1    0.00    0.06    0.09    1.61 ^ _1153_/Y (sky130_fd_sc_hd__nand3_1)
                                         _0732_ (net)
                  0.06    0.00    1.61 ^ _1156_/A3 (sky130_fd_sc_hd__a311oi_1)
     1    0.00    0.09    0.08    1.69 v _1156_/Y (sky130_fd_sc_hd__a311oi_1)
                                         _0735_ (net)
                  0.09    0.00    1.69 v _1160_/A2 (sky130_fd_sc_hd__o21a_1)
     3    0.01    0.05    0.20    1.89 v _1160_/X (sky130_fd_sc_hd__o21a_1)
                                         _0739_ (net)
                  0.05    0.00    1.89 v _1169_/B (sky130_fd_sc_hd__nor4b_1)
     1    0.00    0.23    0.26    2.15 ^ _1169_/Y (sky130_fd_sc_hd__nor4b_1)
                                         _0301_ (net)
                  0.23    0.00    2.15 ^ _1171_/B (sky130_fd_sc_hd__nor3b_1)
     1    0.00    0.06    0.07    2.22 v _1171_/Y (sky130_fd_sc_hd__nor3b_1)
                                         _0167_ (net)
                  0.06    0.00    2.22 v core.key_exp.lut_ff3$_SDFFE_PN0P_/D (sky130_fd_sc_hd__dfxtp_1)
                                  2.22   data arrival time

                  0.00   10.00   10.00   clock clk (rise edge)
                          0.00   10.00   clock network delay (ideal)
                          0.00   10.00   clock reconvergence pessimism
                                 10.00 ^ core.key_exp.lut_ff3$_SDFFE_PN0P_/CLK (sky130_fd_sc_hd__dfxtp_1)
                         -0.13    9.87   library setup time
                                  9.87   data required time
-----------------------------------------------------------------------------
                                  9.87   data required time
                                 -2.22   data arrival time
-----------------------------------------------------------------------------
                                  7.65   slack (MET)



==========================================================================
floorplan final report_power
--------------------------------------------------------------------------
Group                  Internal  Switching    Leakage      Total
                          Power      Power      Power      Power (Watts)
----------------------------------------------------------------
Sequential             1.15e-03   1.16e-06   2.26e-09   1.15e-03  94.4%
Combinational          3.00e-05   3.79e-05   2.44e-09   6.79e-05   5.6%
Clock                  0.00e+00   0.00e+00   0.00e+00   0.00e+00   0.0%
Macro                  0.00e+00   0.00e+00   0.00e+00   0.00e+00   0.0%
Pad                    0.00e+00   0.00e+00   0.00e+00   0.00e+00   0.0%
----------------------------------------------------------------
Total                  1.18e-03   3.91e-05   4.70e-09   1.22e-03 100.0%
                          96.8%       3.2%       0.0%
