
==========================================================================
finish report_tns
--------------------------------------------------------------------------
tns max 0.00

==========================================================================
finish report_wns
--------------------------------------------------------------------------
wns max 0.00

==========================================================================
finish report_worst_slack
--------------------------------------------------------------------------
worst slack max 7.27

==========================================================================
finish report_clock_min_period
--------------------------------------------------------------------------
clk period_min = 2.73 fmax = 366.14

==========================================================================
finish report_clock_skew
--------------------------------------------------------------------------
Clock clk
   0.52 source latency core.datapath.shifter1[40]$_SDFFE_PN0P_/CLK ^
  -0.54 target latency core.datapath.shifter1[39]$_SDFFE_PN0P_/CLK ^
   0.00 CRPR
--------------
  -0.02 setup skew


==========================================================================
finish report_checks -path_delay min
--------------------------------------------------------------------------
Startpoint: core.datapath.lut_ff59$_SDFF_PN0_
            (rising edge-triggered flip-flop clocked by clk)
Endpoint: core.datapath.lut_ff58$_SDFF_PN0_
          (rising edge-triggered flip-flop clocked by clk)
Path Group: clk
Path Type: min

Fanout     Cap    Slew   Delay    Time   Description
-----------------------------------------------------------------------------
                          0.00    0.00   clock clk (rise edge)
                          0.00    0.00   clock source latency
     1    0.04    0.00    0.00    0.00 ^ clk (in)
                                         clk (net)
                  0.00    0.00    0.00 ^ clkbuf_0_clk/A (sky130_fd_sc_hd__clkbuf_16)
     2    0.03    0.05    0.12    0.12 ^ clkbuf_0_clk/X (sky130_fd_sc_hd__clkbuf_16)
                                         clknet_0_clk (net)
                  0.05    0.00    0.12 ^ clkbuf_1_0__f_clk/A (sky130_fd_sc_hd__clkbuf_16)
    14    0.17    0.18    0.23    0.35 ^ clkbuf_1_0__f_clk/X (sky130_fd_sc_hd__clkbuf_16)
                                         clknet_1_0__leaf_clk (net)
                  0.18    0.01    0.36 ^ clkbuf_leaf_23_clk/A (sky130_fd_sc_hd__clkbuf_16)
    12    0.04    0.06    0.19    0.54 ^ clkbuf_leaf_23_clk/X (sky130_fd_sc_hd__clkbuf_16)
                                         clknet_leaf_23_clk (net)
                  0.06    0.00    0.54 ^ core.datapath.lut_ff59$_SDFF_PN0_/CLK (sky130_fd_sc_hd__dfxtp_1)
     1    0.00    0.04    0.30    0.84 ^ core.datapath.lut_ff59$_SDFF_PN0_/Q (sky130_fd_sc_hd__dfxtp_1)
                                         core.datapath.lut_ff59 (net)
                  0.04    0.00    0.84 ^ _0823_/B (sky130_fd_sc_hd__and2_1)
     1    0.00    0.04    0.11    0.95 ^ _0823_/X (sky130_fd_sc_hd__and2_1)
                                         _0034_ (net)
                  0.04    0.00    0.95 ^ core.datapath.lut_ff58$_SDFF_PN0_/D (sky130_fd_sc_hd__dfxtp_1)
                                  0.95   data arrival time

                          0.00    0.00   clock clk (rise edge)
                          0.00    0.00   clock source latency
     1    0.04    0.00    0.00    0.00 ^ clk (in)
                                         clk (net)
                  0.00    0.00    0.00 ^ clkbuf_0_clk/A (sky130_fd_sc_hd__clkbuf_16)
     2    0.03    0.05    0.12    0.12 ^ clkbuf_0_clk/X (sky130_fd_sc_hd__clkbuf_16)
                                         clknet_0_clk (net)
                  0.05    0.00    0.12 ^ clkbuf_1_0__f_clk/A (sky130_fd_sc_hd__clkbuf_16)
    14    0.17    0.18    0.23    0.35 ^ clkbuf_1_0__f_clk/X (sky130_fd_sc_hd__clkbuf_16)
                                         clknet_1_0__leaf_clk (net)
                  0.18    0.01    0.36 ^ clkbuf_leaf_23_clk/A (sky130_fd_sc_hd__clkbuf_16)
    12    0.04    0.06    0.19    0.54 ^ clkbuf_leaf_23_clk/X (sky130_fd_sc_hd__clkbuf_16)
                                         clknet_leaf_23_clk (net)
                  0.06    0.00    0.54 ^ core.datapath.lut_ff58$_SDFF_PN0_/CLK (sky130_fd_sc_hd__dfxtp_1)
                          0.00    0.54   clock reconvergence pessimism
                         -0.03    0.51   library hold time
                                  0.51   data required time
-----------------------------------------------------------------------------
                                  0.51   data required time
                                 -0.95   data arrival time
-----------------------------------------------------------------------------
                                  0.43   slack (MET)



==========================================================================
finish report_checks -path_delay max
--------------------------------------------------------------------------
Startpoint: core.key_exp.round_counter[2]$_SDFFE_PN0P_
            (rising edge-triggered flip-flop clocked by clk)
Endpoint: core.key_exp.lut_ff3$_SDFFE_PN0P_
          (rising edge-triggered flip-flop clocked by clk)
Path Group: clk
Path Type: max

Fanout     Cap    Slew   Delay    Time   Description
-----------------------------------------------------------------------------
                          0.00    0.00   clock clk (rise edge)
                          0.00    0.00   clock source latency
     1    0.04    0.00    0.00    0.00 ^ clk (in)
                                         clk (net)
                  0.00    0.00    0.00 ^ clkbuf_0_clk/A (sky130_fd_sc_hd__clkbuf_16)
     2    0.03    0.05    0.12    0.12 ^ clkbuf_0_clk/X (sky130_fd_sc_hd__clkbuf_16)
                                         clknet_0_clk (net)
                  0.05    0.00    0.12 ^ clkbuf_1_0__f_clk/A (sky130_fd_sc_hd__clkbuf_16)
    14    0.17    0.18    0.23    0.35 ^ clkbuf_1_0__f_clk/X (sky130_fd_sc_hd__clkbuf_16)
                                         clknet_1_0__leaf_clk (net)
                  0.18    0.01    0.36 ^ clkbuf_leaf_20_clk/A (sky130_fd_sc_hd__clkbuf_16)
     9    0.04    0.06    0.19    0.55 ^ clkbuf_leaf_20_clk/X (sky130_fd_sc_hd__clkbuf_16)
                                         clknet_leaf_20_clk (net)
                  0.06    0.00    0.55 ^ core.key_exp.round_counter[2]$_SDFFE_PN0P_/CLK (sky130_fd_sc_hd__dfxtp_1)
    14    0.05    0.51    0.64    1.19 ^ core.key_exp.round_counter[2]$_SDFFE_PN0P_/Q (sky130_fd_sc_hd__dfxtp_1)
                                         core.datapath.round_counter[2] (net)
                  0.51    0.00    1.19 ^ _0754_/A (sky130_fd_sc_hd__inv_1)
     4    0.02    0.17    0.21    1.40 v _0754_/Y (sky130_fd_sc_hd__inv_1)
                                         _0000_ (net)
                  0.17    0.00    1.40 v _1488_/A (sky130_fd_sc_hd__ha_1)
     9    0.03    0.27    0.50    1.90 ^ _1488_/SUM (sky130_fd_sc_hd__ha_1)
                                         _0003_ (net)
                  0.27    0.00    1.90 ^ _1151_/C_N (sky130_fd_sc_hd__or3b_2)
     1    0.00    0.08    0.47    2.37 v _1151_/X (sky130_fd_sc_hd__or3b_2)
                                         _0730_ (net)
                  0.08    0.00    2.37 v _1153_/B (sky130_fd_sc_hd__nand3_1)
     1    0.00    0.09    0.09    2.46 ^ _1153_/Y (sky130_fd_sc_hd__nand3_1)
                                         _0732_ (net)
                  0.09    0.00    2.46 ^ _1156_/A3 (sky130_fd_sc_hd__a311oi_1)
     1    0.00    0.11    0.10    2.57 v _1156_/Y (sky130_fd_sc_hd__a311oi_1)
                                         _0735_ (net)
                  0.11    0.00    2.57 v _1160_/A2 (sky130_fd_sc_hd__o21a_1)
     3    0.01    0.06    0.22    2.78 v _1160_/X (sky130_fd_sc_hd__o21a_1)
                                         _0739_ (net)
                  0.06    0.00    2.78 v _1169_/B (sky130_fd_sc_hd__nor4b_1)
     1    0.00    0.26    0.29    3.07 ^ _1169_/Y (sky130_fd_sc_hd__nor4b_1)
                                         _0301_ (net)
                  0.26    0.00    3.07 ^ _1171_/B (sky130_fd_sc_hd__nor3b_1)
     1    0.00    0.06    0.08    3.16 v _1171_/Y (sky130_fd_sc_hd__nor3b_1)
                                         _0167_ (net)
                  0.06    0.00    3.16 v core.key_exp.lut_ff3$_SDFFE_PN0P_/D (sky130_fd_sc_hd__dfxtp_1)
                                  3.16   data arrival time

                         10.00   10.00   clock clk (rise edge)
                          0.00   10.00   clock source latency
     1    0.04    0.00    0.00   10.00 ^ clk (in)
                                         clk (net)
                  0.00    0.00   10.00 ^ clkbuf_0_clk/A (sky130_fd_sc_hd__clkbuf_16)
     2    0.03    0.05    0.12   10.12 ^ clkbuf_0_clk/X (sky130_fd_sc_hd__clkbuf_16)
                                         clknet_0_clk (net)
                  0.05    0.00   10.12 ^ clkbuf_1_0__f_clk/A (sky130_fd_sc_hd__clkbuf_16)
    14    0.17    0.18    0.23   10.35 ^ clkbuf_1_0__f_clk/X (sky130_fd_sc_hd__clkbuf_16)
                                         clknet_1_0__leaf_clk (net)
                  0.18    0.00   10.35 ^ clkbuf_leaf_21_clk/A (sky130_fd_sc_hd__clkbuf_16)
    11    0.04    0.06    0.19   10.54 ^ clkbuf_leaf_21_clk/X (sky130_fd_sc_hd__clkbuf_16)
                                         clknet_leaf_21_clk (net)
                  0.06    0.00   10.54 ^ core.key_exp.lut_ff3$_SDFFE_PN0P_/CLK (sky130_fd_sc_hd__dfxtp_1)
                          0.00   10.54   clock reconvergence pessimism
                         -0.12   10.42   library setup time
                                 10.42   data required time
-----------------------------------------------------------------------------
                                 10.42   data required time
                                 -3.16   data arrival time
-----------------------------------------------------------------------------
                                  7.27   slack (MET)



==========================================================================
finish report_checks -unconstrained
--------------------------------------------------------------------------
Startpoint: core.key_exp.round_counter[2]$_SDFFE_PN0P_
            (rising edge-triggered flip-flop clocked by clk)
Endpoint: core.key_exp.lut_ff3$_SDFFE_PN0P_
          (rising edge-triggered flip-flop clocked by clk)
Path Group: clk
Path Type: max

Fanout     Cap    Slew   Delay    Time   Description
-----------------------------------------------------------------------------
                          0.00    0.00   clock clk (rise edge)
                          0.00    0.00   clock source latency
     1    0.04    0.00    0.00    0.00 ^ clk (in)
                                         clk (net)
                  0.00    0.00    0.00 ^ clkbuf_0_clk/A (sky130_fd_sc_hd__clkbuf_16)
     2    0.03    0.05    0.12    0.12 ^ clkbuf_0_clk/X (sky130_fd_sc_hd__clkbuf_16)
                                         clknet_0_clk (net)
                  0.05    0.00    0.12 ^ clkbuf_1_0__f_clk/A (sky130_fd_sc_hd__clkbuf_16)
    14    0.17    0.18    0.23    0.35 ^ clkbuf_1_0__f_clk/X (sky130_fd_sc_hd__clkbuf_16)
                                         clknet_1_0__leaf_clk (net)
                  0.18    0.01    0.36 ^ clkbuf_leaf_20_clk/A (sky130_fd_sc_hd__clkbuf_16)
     9    0.04    0.06    0.19    0.55 ^ clkbuf_leaf_20_clk/X (sky130_fd_sc_hd__clkbuf_16)
                                         clknet_leaf_20_clk (net)
                  0.06    0.00    0.55 ^ core.key_exp.round_counter[2]$_SDFFE_PN0P_/CLK (sky130_fd_sc_hd__dfxtp_1)
    14    0.05    0.51    0.64    1.19 ^ core.key_exp.round_counter[2]$_SDFFE_PN0P_/Q (sky130_fd_sc_hd__dfxtp_1)
                                         core.datapath.round_counter[2] (net)
                  0.51    0.00    1.19 ^ _0754_/A (sky130_fd_sc_hd__inv_1)
     4    0.02    0.17    0.21    1.40 v _0754_/Y (sky130_fd_sc_hd__inv_1)
                                         _0000_ (net)
                  0.17    0.00    1.40 v _1488_/A (sky130_fd_sc_hd__ha_1)
     9    0.03    0.27    0.50    1.90 ^ _1488_/SUM (sky130_fd_sc_hd__ha_1)
                                         _0003_ (net)
                  0.27    0.00    1.90 ^ _1151_/C_N (sky130_fd_sc_hd__or3b_2)
     1    0.00    0.08    0.47    2.37 v _1151_/X (sky130_fd_sc_hd__or3b_2)
                                         _0730_ (net)
                  0.08    0.00    2.37 v _1153_/B (sky130_fd_sc_hd__nand3_1)
     1    0.00    0.09    0.09    2.46 ^ _1153_/Y (sky130_fd_sc_hd__nand3_1)
                                         _0732_ (net)
                  0.09    0.00    2.46 ^ _1156_/A3 (sky130_fd_sc_hd__a311oi_1)
     1    0.00    0.11    0.10    2.57 v _1156_/Y (sky130_fd_sc_hd__a311oi_1)
                                         _0735_ (net)
                  0.11    0.00    2.57 v _1160_/A2 (sky130_fd_sc_hd__o21a_1)
     3    0.01    0.06    0.22    2.78 v _1160_/X (sky130_fd_sc_hd__o21a_1)
                                         _0739_ (net)
                  0.06    0.00    2.78 v _1169_/B (sky130_fd_sc_hd__nor4b_1)
     1    0.00    0.26    0.29    3.07 ^ _1169_/Y (sky130_fd_sc_hd__nor4b_1)
                                         _0301_ (net)
                  0.26    0.00    3.07 ^ _1171_/B (sky130_fd_sc_hd__nor3b_1)
     1    0.00    0.06    0.08    3.16 v _1171_/Y (sky130_fd_sc_hd__nor3b_1)
                                         _0167_ (net)
                  0.06    0.00    3.16 v core.key_exp.lut_ff3$_SDFFE_PN0P_/D (sky130_fd_sc_hd__dfxtp_1)
                                  3.16   data arrival time

                         10.00   10.00   clock clk (rise edge)
                          0.00   10.00   clock source latency
     1    0.04    0.00    0.00   10.00 ^ clk (in)
                                         clk (net)
                  0.00    0.00   10.00 ^ clkbuf_0_clk/A (sky130_fd_sc_hd__clkbuf_16)
     2    0.03    0.05    0.12   10.12 ^ clkbuf_0_clk/X (sky130_fd_sc_hd__clkbuf_16)
                                         clknet_0_clk (net)
                  0.05    0.00   10.12 ^ clkbuf_1_0__f_clk/A (sky130_fd_sc_hd__clkbuf_16)
    14    0.17    0.18    0.23   10.35 ^ clkbuf_1_0__f_clk/X (sky130_fd_sc_hd__clkbuf_16)
                                         clknet_1_0__leaf_clk (net)
                  0.18    0.00   10.35 ^ clkbuf_leaf_21_clk/A (sky130_fd_sc_hd__clkbuf_16)
    11    0.04    0.06    0.19   10.54 ^ clkbuf_leaf_21_clk/X (sky130_fd_sc_hd__clkbuf_16)
                                         clknet_leaf_21_clk (net)
                  0.06    0.00   10.54 ^ core.key_exp.lut_ff3$_SDFFE_PN0P_/CLK (sky130_fd_sc_hd__dfxtp_1)
                          0.00   10.54   clock reconvergence pessimism
                         -0.12   10.42   library setup time
                                 10.42   data required time
-----------------------------------------------------------------------------
                                 10.42   data required time
                                 -3.16   data arrival time
-----------------------------------------------------------------------------
                                  7.27   slack (MET)



==========================================================================
finish report_check_types -max_slew -max_cap -max_fanout -violators
--------------------------------------------------------------------------

==========================================================================
finish max_slew_check_slack
--------------------------------------------------------------------------
0.7645281553268433

==========================================================================
finish max_slew_check_limit
--------------------------------------------------------------------------
1.5

==========================================================================
finish max_slew_check_slack_limit
--------------------------------------------------------------------------
0.5097

==========================================================================
finish max_fanout_check_slack
--------------------------------------------------------------------------
1.0000000150474662e+30

==========================================================================
finish max_fanout_check_limit
--------------------------------------------------------------------------
1.0000000150474662e+30

==========================================================================
finish max_capacitance_check_slack
--------------------------------------------------------------------------
0.022785773500800133

==========================================================================
finish max_capacitance_check_limit
--------------------------------------------------------------------------
0.03663099929690361

==========================================================================
finish max_capacitance_check_slack_limit
--------------------------------------------------------------------------
0.6220

==========================================================================
finish max_slew_violation_count
--------------------------------------------------------------------------
max slew violation count 0

==========================================================================
finish max_fanout_violation_count
--------------------------------------------------------------------------
max fanout violation count 0

==========================================================================
finish max_cap_violation_count
--------------------------------------------------------------------------
max cap violation count 0

==========================================================================
finish setup_violation_count
--------------------------------------------------------------------------
setup violation count 0

==========================================================================
finish hold_violation_count
--------------------------------------------------------------------------
hold violation count 0

==========================================================================
finish report_checks -path_delay max reg to reg
--------------------------------------------------------------------------
Startpoint: core.key_exp.round_counter[2]$_SDFFE_PN0P_
            (rising edge-triggered flip-flop clocked by clk)
Endpoint: core.key_exp.lut_ff3$_SDFFE_PN0P_
          (rising edge-triggered flip-flop clocked by clk)
Path Group: clk
Path Type: max

  Delay    Time   Description
---------------------------------------------------------
   0.00    0.00   clock clk (rise edge)
   0.00    0.00   clock source latency
   0.00    0.00 ^ clk (in)
   0.12    0.12 ^ clkbuf_0_clk/X (sky130_fd_sc_hd__clkbuf_16)
   0.23    0.35 ^ clkbuf_1_0__f_clk/X (sky130_fd_sc_hd__clkbuf_16)
   0.20    0.55 ^ clkbuf_leaf_20_clk/X (sky130_fd_sc_hd__clkbuf_16)
   0.00    0.55 ^ core.key_exp.round_counter[2]$_SDFFE_PN0P_/CLK (sky130_fd_sc_hd__dfxtp_1)
   0.64    1.19 ^ core.key_exp.round_counter[2]$_SDFFE_PN0P_/Q (sky130_fd_sc_hd__dfxtp_1)
   0.21    1.40 v _0754_/Y (sky130_fd_sc_hd__inv_1)
   0.50    1.90 ^ _1488_/SUM (sky130_fd_sc_hd__ha_1)
   0.47    2.37 v _1151_/X (sky130_fd_sc_hd__or3b_2)
   0.09    2.46 ^ _1153_/Y (sky130_fd_sc_hd__nand3_1)
   0.10    2.57 v _1156_/Y (sky130_fd_sc_hd__a311oi_1)
   0.22    2.78 v _1160_/X (sky130_fd_sc_hd__o21a_1)
   0.29    3.07 ^ _1169_/Y (sky130_fd_sc_hd__nor4b_1)
   0.08    3.16 v _1171_/Y (sky130_fd_sc_hd__nor3b_1)
   0.00    3.16 v core.key_exp.lut_ff3$_SDFFE_PN0P_/D (sky130_fd_sc_hd__dfxtp_1)
           3.16   data arrival time

  10.00   10.00   clock clk (rise edge)
   0.00   10.00   clock source latency
   0.00   10.00 ^ clk (in)
   0.12   10.12 ^ clkbuf_0_clk/X (sky130_fd_sc_hd__clkbuf_16)
   0.23   10.35 ^ clkbuf_1_0__f_clk/X (sky130_fd_sc_hd__clkbuf_16)
   0.19   10.54 ^ clkbuf_leaf_21_clk/X (sky130_fd_sc_hd__clkbuf_16)
   0.00   10.54 ^ core.key_exp.lut_ff3$_SDFFE_PN0P_/CLK (sky130_fd_sc_hd__dfxtp_1)
   0.00   10.54   clock reconvergence pessimism
  -0.12   10.42   library setup time
          10.42   data required time
---------------------------------------------------------
          10.42   data required time
          -3.16   data arrival time
---------------------------------------------------------
           7.27   slack (MET)



==========================================================================
finish report_checks -path_delay min reg to reg
--------------------------------------------------------------------------
Startpoint: core.datapath.lut_ff59$_SDFF_PN0_
            (rising edge-triggered flip-flop clocked by clk)
Endpoint: core.datapath.lut_ff58$_SDFF_PN0_
          (rising edge-triggered flip-flop clocked by clk)
Path Group: clk
Path Type: min

  Delay    Time   Description
---------------------------------------------------------
   0.00    0.00   clock clk (rise edge)
   0.00    0.00   clock source latency
   0.00    0.00 ^ clk (in)
   0.12    0.12 ^ clkbuf_0_clk/X (sky130_fd_sc_hd__clkbuf_16)
   0.23    0.35 ^ clkbuf_1_0__f_clk/X (sky130_fd_sc_hd__clkbuf_16)
   0.19    0.54 ^ clkbuf_leaf_23_clk/X (sky130_fd_sc_hd__clkbuf_16)
   0.00    0.54 ^ core.datapath.lut_ff59$_SDFF_PN0_/CLK (sky130_fd_sc_hd__dfxtp_1)
   0.30    0.84 ^ core.datapath.lut_ff59$_SDFF_PN0_/Q (sky130_fd_sc_hd__dfxtp_1)
   0.11    0.95 ^ _0823_/X (sky130_fd_sc_hd__and2_1)
   0.00    0.95 ^ core.datapath.lut_ff58$_SDFF_PN0_/D (sky130_fd_sc_hd__dfxtp_1)
           0.95   data arrival time

   0.00    0.00   clock clk (rise edge)
   0.00    0.00   clock source latency
   0.00    0.00 ^ clk (in)
   0.12    0.12 ^ clkbuf_0_clk/X (sky130_fd_sc_hd__clkbuf_16)
   0.23    0.35 ^ clkbuf_1_0__f_clk/X (sky130_fd_sc_hd__clkbuf_16)
   0.19    0.54 ^ clkbuf_leaf_23_clk/X (sky130_fd_sc_hd__clkbuf_16)
   0.00    0.54 ^ core.datapath.lut_ff58$_SDFF_PN0_/CLK (sky130_fd_sc_hd__dfxtp_1)
   0.00    0.54   clock reconvergence pessimism
  -0.03    0.51   library hold time
           0.51   data required time
---------------------------------------------------------
           0.51   data required time
          -0.95   data arrival time
---------------------------------------------------------
           0.43   slack (MET)



==========================================================================
finish critical path target clock latency max path
--------------------------------------------------------------------------
0

==========================================================================
finish critical path target clock latency min path
--------------------------------------------------------------------------
0

==========================================================================
finish critical path source clock latency min path
--------------------------------------------------------------------------
0

==========================================================================
finish critical path delay
--------------------------------------------------------------------------
3.1552

==========================================================================
finish critical path slack
--------------------------------------------------------------------------
7.2688

==========================================================================
finish slack div critical path delay
--------------------------------------------------------------------------
230.375254

==========================================================================
finish report_power
--------------------------------------------------------------------------
Group                  Internal  Switching    Leakage      Total
                          Power      Power      Power      Power (Watts)
----------------------------------------------------------------
Sequential             1.12e-03   1.58e-06   2.26e-09   1.12e-03  46.9%
Combinational          2.80e-05   4.84e-05   2.29e-09   7.64e-05   3.2%
Clock                  7.65e-04   4.29e-04   5.37e-10   1.19e-03  49.9%
Macro                  0.00e+00   0.00e+00   0.00e+00   0.00e+00   0.0%
Pad                    0.00e+00   0.00e+00   0.00e+00   0.00e+00   0.0%
----------------------------------------------------------------
Total                  1.91e-03   4.79e-04   5.10e-09   2.39e-03 100.0%
                          80.0%      20.0%       0.0%
