
==========================================================================
detailed place report_tns
--------------------------------------------------------------------------
tns max 0.00

==========================================================================
detailed place report_wns
--------------------------------------------------------------------------
wns max 0.00

==========================================================================
detailed place report_worst_slack
--------------------------------------------------------------------------
worst slack max 7.61

==========================================================================
detailed place report_clock_min_period
--------------------------------------------------------------------------
clk period_min = 2.39 fmax = 419.10

==========================================================================
detailed place report_checks -path_delay min
--------------------------------------------------------------------------
Startpoint: timer[31]$_DFF_PN0_ (rising edge-triggered flip-flop clocked by clk)
Endpoint: timer[31]$_DFF_PN0_ (rising edge-triggered flip-flop clocked by clk)
Path Group: clk
Path Type: min

Fanout     Cap    Slew   Delay    Time   Description
-----------------------------------------------------------------------------
                  0.00    0.00    0.00   clock clk (rise edge)
                          0.00    0.00   clock network delay (ideal)
                  0.00    0.00    0.00 ^ timer[31]$_DFF_PN0_/CLK (sky130_fd_sc_hd__dfrtp_1)
     3    0.01    0.09    0.34    0.34 ^ timer[31]$_DFF_PN0_/Q (sky130_fd_sc_hd__dfrtp_1)
                                         timer[31] (net)
                  0.09    0.00    0.34 ^ _269_/A0 (sky130_fd_sc_hd__mux2_2)
     1    0.00    0.04    0.15    0.49 ^ _269_/X (sky130_fd_sc_hd__mux2_2)
                                         _024_ (net)
                  0.04    0.00    0.49 ^ timer[31]$_DFF_PN0_/D (sky130_fd_sc_hd__dfrtp_1)
                                  0.49   data arrival time

                  0.00    0.00    0.00   clock clk (rise edge)
                          0.00    0.00   clock network delay (ideal)
                          0.00    0.00   clock reconvergence pessimism
                                  0.00 ^ timer[31]$_DFF_PN0_/CLK (sky130_fd_sc_hd__dfrtp_1)
                         -0.04   -0.04   library hold time
                                 -0.04   data required time
-----------------------------------------------------------------------------
                                 -0.04   data required time
                                 -0.49   data arrival time
-----------------------------------------------------------------------------
                                  0.53   slack (MET)



==========================================================================
detailed place report_checks -path_delay max
--------------------------------------------------------------------------
Startpoint: timer[4]$_DFF_PN0_ (rising edge-triggered flip-flop clocked by clk)
Endpoint: _276_ (rising edge-triggered flip-flop clocked by clk)
Path Group: clk
Path Type: max

Fanout     Cap    Slew   Delay    Time   Description
-----------------------------------------------------------------------------
                  0.00    0.00    0.00   clock clk (rise edge)
                          0.00    0.00   clock network delay (ideal)
                  0.00    0.00    0.00 ^ timer[4]$_DFF_PN0_/CLK (sky130_fd_sc_hd__dfrtp_1)
     5    0.02    0.13    0.43    0.43 v timer[4]$_DFF_PN0_/Q (sky130_fd_sc_hd__dfrtp_1)
                                         timer[4] (net)
                  0.13    0.00    0.43 v _142_/A (sky130_fd_sc_hd__nor4_4)
    11    0.04    0.61    0.62    1.04 ^ _142_/Y (sky130_fd_sc_hd__nor4_4)
                                         _121_ (net)
                  0.61    0.00    1.04 ^ _144_/C (sky130_fd_sc_hd__nand4_4)
    10    0.05    0.26    0.31    1.35 v _144_/Y (sky130_fd_sc_hd__nand4_4)
                                         _123_ (net)
                  0.26    0.00    1.35 v _151_/A (sky130_fd_sc_hd__nor3_4)
     1    0.00    0.12    0.24    1.59 ^ _151_/Y (sky130_fd_sc_hd__nor3_4)
                                         _130_ (net)
                  0.12    0.00    1.59 ^ place7/A (sky130_fd_sc_hd__buf_4)
    23    0.10    0.26    0.30    1.89 ^ place7/X (sky130_fd_sc_hd__buf_4)
                                         net7 (net)
                  0.26    0.00    1.89 ^ _271_/S (sky130_fd_sc_hd__mux2_2)
     1    0.00    0.05    0.37    2.26 v _271_/X (sky130_fd_sc_hd__mux2_2)
                                         _037_ (net)
                  0.05    0.00    2.26 v _276_/D (sky130_fd_sc_hd__dfrtp_1)
                                  2.26   data arrival time

                  0.00   10.00   10.00   clock clk (rise edge)
                          0.00   10.00   clock network delay (ideal)
                          0.00   10.00   clock reconvergence pessimism
                                 10.00 ^ _276_/CLK (sky130_fd_sc_hd__dfrtp_1)
                         -0.13    9.87   library setup time
                                  9.87   data required time
-----------------------------------------------------------------------------
                                  9.87   data required time
                                 -2.26   data arrival time
-----------------------------------------------------------------------------
                                  7.61   slack (MET)



==========================================================================
detailed place report_checks -unconstrained
--------------------------------------------------------------------------
Startpoint: timer[4]$_DFF_PN0_ (rising edge-triggered flip-flop clocked by clk)
Endpoint: _276_ (rising edge-triggered flip-flop clocked by clk)
Path Group: clk
Path Type: max

Fanout     Cap    Slew   Delay    Time   Description
-----------------------------------------------------------------------------
                  0.00    0.00    0.00   clock clk (rise edge)
                          0.00    0.00   clock network delay (ideal)
                  0.00    0.00    0.00 ^ timer[4]$_DFF_PN0_/CLK (sky130_fd_sc_hd__dfrtp_1)
     5    0.02    0.13    0.43    0.43 v timer[4]$_DFF_PN0_/Q (sky130_fd_sc_hd__dfrtp_1)
                                         timer[4] (net)
                  0.13    0.00    0.43 v _142_/A (sky130_fd_sc_hd__nor4_4)
    11    0.04    0.61    0.62    1.04 ^ _142_/Y (sky130_fd_sc_hd__nor4_4)
                                         _121_ (net)
                  0.61    0.00    1.04 ^ _144_/C (sky130_fd_sc_hd__nand4_4)
    10    0.05    0.26    0.31    1.35 v _144_/Y (sky130_fd_sc_hd__nand4_4)
                                         _123_ (net)
                  0.26    0.00    1.35 v _151_/A (sky130_fd_sc_hd__nor3_4)
     1    0.00    0.12    0.24    1.59 ^ _151_/Y (sky130_fd_sc_hd__nor3_4)
                                         _130_ (net)
                  0.12    0.00    1.59 ^ place7/A (sky130_fd_sc_hd__buf_4)
    23    0.10    0.26    0.30    1.89 ^ place7/X (sky130_fd_sc_hd__buf_4)
                                         net7 (net)
                  0.26    0.00    1.89 ^ _271_/S (sky130_fd_sc_hd__mux2_2)
     1    0.00    0.05    0.37    2.26 v _271_/X (sky130_fd_sc_hd__mux2_2)
                                         _037_ (net)
                  0.05    0.00    2.26 v _276_/D (sky130_fd_sc_hd__dfrtp_1)
                                  2.26   data arrival time

                  0.00   10.00   10.00   clock clk (rise edge)
                          0.00   10.00   clock network delay (ideal)
                          0.00   10.00   clock reconvergence pessimism
                                 10.00 ^ _276_/CLK (sky130_fd_sc_hd__dfrtp_1)
                         -0.13    9.87   library setup time
                                  9.87   data required time
-----------------------------------------------------------------------------
                                  9.87   data required time
                                 -2.26   data arrival time
-----------------------------------------------------------------------------
                                  7.61   slack (MET)



==========================================================================
detailed place report_check_types -max_slew -max_cap -max_fanout -violators
--------------------------------------------------------------------------

==========================================================================
detailed place max_slew_check_slack
--------------------------------------------------------------------------
0.8837178945541382

==========================================================================
detailed place max_slew_check_limit
--------------------------------------------------------------------------
1.4888180494308472

==========================================================================
detailed place max_slew_check_slack_limit
--------------------------------------------------------------------------
0.5936

==========================================================================
detailed place max_fanout_check_slack
--------------------------------------------------------------------------
1.0000000150474662e+30

==========================================================================
detailed place max_fanout_check_limit
--------------------------------------------------------------------------
1.0000000150474662e+30

==========================================================================
detailed place max_capacitance_check_slack
--------------------------------------------------------------------------
0.0230643842369318

==========================================================================
detailed place max_capacitance_check_limit
--------------------------------------------------------------------------
0.03663099929690361

==========================================================================
detailed place max_capacitance_check_slack_limit
--------------------------------------------------------------------------
0.6296

==========================================================================
detailed place max_slew_violation_count
--------------------------------------------------------------------------
max slew violation count 0

==========================================================================
detailed place max_fanout_violation_count
--------------------------------------------------------------------------
max fanout violation count 0

==========================================================================
detailed place max_cap_violation_count
--------------------------------------------------------------------------
max cap violation count 0

==========================================================================
detailed place setup_violation_count
--------------------------------------------------------------------------
setup violation count 0

==========================================================================
detailed place hold_violation_count
--------------------------------------------------------------------------
hold violation count 0

==========================================================================
detailed place report_checks -path_delay max reg to reg
--------------------------------------------------------------------------
Startpoint: timer[4]$_DFF_PN0_ (rising edge-triggered flip-flop clocked by clk)
Endpoint: _276_ (rising edge-triggered flip-flop clocked by clk)
Path Group: clk
Path Type: max

  Delay    Time   Description
---------------------------------------------------------
   0.00    0.00   clock clk (rise edge)
   0.00    0.00   clock network delay (ideal)
   0.00    0.00 ^ timer[4]$_DFF_PN0_/CLK (sky130_fd_sc_hd__dfrtp_1)
   0.43    0.43 v timer[4]$_DFF_PN0_/Q (sky130_fd_sc_hd__dfrtp_1)
   0.62    1.04 ^ _142_/Y (sky130_fd_sc_hd__nor4_4)
   0.31    1.35 v _144_/Y (sky130_fd_sc_hd__nand4_4)
   0.24    1.59 ^ _151_/Y (sky130_fd_sc_hd__nor3_4)
   0.30    1.89 ^ place7/X (sky130_fd_sc_hd__buf_4)
   0.37    2.26 v _271_/X (sky130_fd_sc_hd__mux2_2)
   0.00    2.26 v _276_/D (sky130_fd_sc_hd__dfrtp_1)
           2.26   data arrival time

  10.00   10.00   clock clk (rise edge)
   0.00   10.00   clock network delay (ideal)
   0.00   10.00   clock reconvergence pessimism
          10.00 ^ _276_/CLK (sky130_fd_sc_hd__dfrtp_1)
  -0.13    9.87   library setup time
           9.87   data required time
---------------------------------------------------------
           9.87   data required time
          -2.26   data arrival time
---------------------------------------------------------
           7.61   slack (MET)



==========================================================================
detailed place report_checks -path_delay min reg to reg
--------------------------------------------------------------------------
Startpoint: timer[31]$_DFF_PN0_ (rising edge-triggered flip-flop clocked by clk)
Endpoint: timer[31]$_DFF_PN0_ (rising edge-triggered flip-flop clocked by clk)
Path Group: clk
Path Type: min

  Delay    Time   Description
---------------------------------------------------------
   0.00    0.00   clock clk (rise edge)
   0.00    0.00   clock network delay (ideal)
   0.00    0.00 ^ timer[31]$_DFF_PN0_/CLK (sky130_fd_sc_hd__dfrtp_1)
   0.34    0.34 ^ timer[31]$_DFF_PN0_/Q (sky130_fd_sc_hd__dfrtp_1)
   0.15    0.49 ^ _269_/X (sky130_fd_sc_hd__mux2_2)
   0.00    0.49 ^ timer[31]$_DFF_PN0_/D (sky130_fd_sc_hd__dfrtp_1)
           0.49   data arrival time

   0.00    0.00   clock clk (rise edge)
   0.00    0.00   clock network delay (ideal)
   0.00    0.00   clock reconvergence pessimism
           0.00 ^ timer[31]$_DFF_PN0_/CLK (sky130_fd_sc_hd__dfrtp_1)
  -0.04   -0.04   library hold time
          -0.04   data required time
---------------------------------------------------------
          -0.04   data required time
          -0.49   data arrival time
---------------------------------------------------------
           0.53   slack (MET)



==========================================================================
detailed place critical path target clock latency max path
--------------------------------------------------------------------------
0

==========================================================================
detailed place critical path target clock latency min path
--------------------------------------------------------------------------
0

==========================================================================
detailed place critical path source clock latency min path
--------------------------------------------------------------------------
0

==========================================================================
detailed place critical path delay
--------------------------------------------------------------------------
2.2594

==========================================================================
detailed place critical path slack
--------------------------------------------------------------------------
7.6139

==========================================================================
detailed place slack div critical path delay
--------------------------------------------------------------------------
336.987696

==========================================================================
detailed place report_power
--------------------------------------------------------------------------
Group                  Internal  Switching    Leakage      Total
                          Power      Power      Power      Power (Watts)
----------------------------------------------------------------
Sequential             1.44e-04   0.00e+00   4.77e-10   1.44e-04  97.7%
Combinational          3.96e-07   3.01e-06   6.03e-10   3.40e-06   2.3%
Clock                  0.00e+00   0.00e+00   0.00e+00   0.00e+00   0.0%
Macro                  0.00e+00   0.00e+00   0.00e+00   0.00e+00   0.0%
Pad                    0.00e+00   0.00e+00   0.00e+00   0.00e+00   0.0%
----------------------------------------------------------------
Total                  1.45e-04   3.01e-06   1.08e-09   1.48e-04 100.0%
                          98.0%       2.0%       0.0%
