
==========================================================================
resizer report_tns
--------------------------------------------------------------------------
tns max 0.00

==========================================================================
resizer report_wns
--------------------------------------------------------------------------
wns max 0.00

==========================================================================
resizer report_worst_slack
--------------------------------------------------------------------------
worst slack max 7.65

==========================================================================
resizer report_clock_min_period
--------------------------------------------------------------------------
clk period_min = 2.35 fmax = 425.72

==========================================================================
resizer report_checks -path_delay min
--------------------------------------------------------------------------
Startpoint: timer[30]$_DFF_PN0_ (rising edge-triggered flip-flop clocked by clk)
Endpoint: timer[30]$_DFF_PN0_ (rising edge-triggered flip-flop clocked by clk)
Path Group: clk
Path Type: min

Fanout     Cap    Slew   Delay    Time   Description
-----------------------------------------------------------------------------
                  0.00    0.00    0.00   clock clk (rise edge)
                          0.00    0.00   clock network delay (ideal)
                  0.00    0.00    0.00 ^ timer[30]$_DFF_PN0_/CLK (sky130_fd_sc_hd__dfrtp_1)
     3    0.01    0.09    0.33    0.33 ^ timer[30]$_DFF_PN0_/Q (sky130_fd_sc_hd__dfrtp_1)
                                         timer[30] (net)
                  0.09    0.00    0.33 ^ _265_/A0 (sky130_fd_sc_hd__mux2_2)
     1    0.00    0.04    0.15    0.48 ^ _265_/X (sky130_fd_sc_hd__mux2_2)
                                         _023_ (net)
                  0.04    0.00    0.48 ^ timer[30]$_DFF_PN0_/D (sky130_fd_sc_hd__dfrtp_1)
                                  0.48   data arrival time

                  0.00    0.00    0.00   clock clk (rise edge)
                          0.00    0.00   clock network delay (ideal)
                          0.00    0.00   clock reconvergence pessimism
                                  0.00 ^ timer[30]$_DFF_PN0_/CLK (sky130_fd_sc_hd__dfrtp_1)
                         -0.04   -0.04   library hold time
                                 -0.04   data required time
-----------------------------------------------------------------------------
                                 -0.04   data required time
                                 -0.48   data arrival time
-----------------------------------------------------------------------------
                                  0.52   slack (MET)



==========================================================================
resizer report_checks -path_delay max
--------------------------------------------------------------------------
Startpoint: timer[4]$_DFF_PN0_ (rising edge-triggered flip-flop clocked by clk)
Endpoint: _277_ (rising edge-triggered flip-flop clocked by clk)
Path Group: clk
Path Type: max

Fanout     Cap    Slew   Delay    Time   Description
-----------------------------------------------------------------------------
                  0.00    0.00    0.00   clock clk (rise edge)
                          0.00    0.00   clock network delay (ideal)
                  0.00    0.00    0.00 ^ timer[4]$_DFF_PN0_/CLK (sky130_fd_sc_hd__dfrtp_1)
     5    0.02    0.12    0.42    0.42 v timer[4]$_DFF_PN0_/Q (sky130_fd_sc_hd__dfrtp_1)
                                         timer[4] (net)
                  0.12    0.00    0.42 v _142_/A (sky130_fd_sc_hd__nor4_4)
    11    0.04    0.59    0.60    1.03 ^ _142_/Y (sky130_fd_sc_hd__nor4_4)
                                         _121_ (net)
                  0.59    0.00    1.03 ^ _144_/C (sky130_fd_sc_hd__nand4_4)
    10    0.04    0.25    0.30    1.32 v _144_/Y (sky130_fd_sc_hd__nand4_4)
                                         _123_ (net)
                  0.25    0.00    1.32 v _151_/A (sky130_fd_sc_hd__nor3_4)
     1    0.00    0.13    0.24    1.57 ^ _151_/Y (sky130_fd_sc_hd__nor3_4)
                                         _130_ (net)
                  0.13    0.00    1.57 ^ place7/A (sky130_fd_sc_hd__buf_4)
    23    0.09    0.25    0.29    1.86 ^ place7/X (sky130_fd_sc_hd__buf_4)
                                         net7 (net)
                  0.25    0.00    1.86 ^ _272_/S (sky130_fd_sc_hd__mux2_2)
     1    0.00    0.05    0.36    2.22 v _272_/X (sky130_fd_sc_hd__mux2_2)
                                         _038_ (net)
                  0.05    0.00    2.22 v _277_/D (sky130_fd_sc_hd__dfrtp_1)
                                  2.22   data arrival time

                  0.00   10.00   10.00   clock clk (rise edge)
                          0.00   10.00   clock network delay (ideal)
                          0.00   10.00   clock reconvergence pessimism
                                 10.00 ^ _277_/CLK (sky130_fd_sc_hd__dfrtp_1)
                         -0.12    9.88   library setup time
                                  9.88   data required time
-----------------------------------------------------------------------------
                                  9.88   data required time
                                 -2.22   data arrival time
-----------------------------------------------------------------------------
                                  7.65   slack (MET)



==========================================================================
resizer report_checks -unconstrained
--------------------------------------------------------------------------
Startpoint: timer[4]$_DFF_PN0_ (rising edge-triggered flip-flop clocked by clk)
Endpoint: _277_ (rising edge-triggered flip-flop clocked by clk)
Path Group: clk
Path Type: max

Fanout     Cap    Slew   Delay    Time   Description
-----------------------------------------------------------------------------
                  0.00    0.00    0.00   clock clk (rise edge)
                          0.00    0.00   clock network delay (ideal)
                  0.00    0.00    0.00 ^ timer[4]$_DFF_PN0_/CLK (sky130_fd_sc_hd__dfrtp_1)
     5    0.02    0.12    0.42    0.42 v timer[4]$_DFF_PN0_/Q (sky130_fd_sc_hd__dfrtp_1)
                                         timer[4] (net)
                  0.12    0.00    0.42 v _142_/A (sky130_fd_sc_hd__nor4_4)
    11    0.04    0.59    0.60    1.03 ^ _142_/Y (sky130_fd_sc_hd__nor4_4)
                                         _121_ (net)
                  0.59    0.00    1.03 ^ _144_/C (sky130_fd_sc_hd__nand4_4)
    10    0.04    0.25    0.30    1.32 v _144_/Y (sky130_fd_sc_hd__nand4_4)
                                         _123_ (net)
                  0.25    0.00    1.32 v _151_/A (sky130_fd_sc_hd__nor3_4)
     1    0.00    0.13    0.24    1.57 ^ _151_/Y (sky130_fd_sc_hd__nor3_4)
                                         _130_ (net)
                  0.13    0.00    1.57 ^ place7/A (sky130_fd_sc_hd__buf_4)
    23    0.09    0.25    0.29    1.86 ^ place7/X (sky130_fd_sc_hd__buf_4)
                                         net7 (net)
                  0.25    0.00    1.86 ^ _272_/S (sky130_fd_sc_hd__mux2_2)
     1    0.00    0.05    0.36    2.22 v _272_/X (sky130_fd_sc_hd__mux2_2)
                                         _038_ (net)
                  0.05    0.00    2.22 v _277_/D (sky130_fd_sc_hd__dfrtp_1)
                                  2.22   data arrival time

                  0.00   10.00   10.00   clock clk (rise edge)
                          0.00   10.00   clock network delay (ideal)
                          0.00   10.00   clock reconvergence pessimism
                                 10.00 ^ _277_/CLK (sky130_fd_sc_hd__dfrtp_1)
                         -0.12    9.88   library setup time
                                  9.88   data required time
-----------------------------------------------------------------------------
                                  9.88   data required time
                                 -2.22   data arrival time
-----------------------------------------------------------------------------
                                  7.65   slack (MET)



==========================================================================
resizer report_check_types -max_slew -max_cap -max_fanout -violators
--------------------------------------------------------------------------

==========================================================================
resizer max_slew_check_slack
--------------------------------------------------------------------------
0.8945104479789734

==========================================================================
resizer max_slew_check_limit
--------------------------------------------------------------------------
1.4862940311431885

==========================================================================
resizer max_slew_check_slack_limit
--------------------------------------------------------------------------
0.6018

==========================================================================
resizer max_fanout_check_slack
--------------------------------------------------------------------------
1.0000000150474662e+30

==========================================================================
resizer max_fanout_check_limit
--------------------------------------------------------------------------
1.0000000150474662e+30

==========================================================================
resizer max_capacitance_check_slack
--------------------------------------------------------------------------
0.02326519973576069

==========================================================================
resizer max_capacitance_check_limit
--------------------------------------------------------------------------
0.03663099929690361

==========================================================================
resizer max_capacitance_check_slack_limit
--------------------------------------------------------------------------
0.6351

==========================================================================
resizer max_slew_violation_count
--------------------------------------------------------------------------
max slew violation count 0

==========================================================================
resizer max_fanout_violation_count
--------------------------------------------------------------------------
max fanout violation count 0

==========================================================================
resizer max_cap_violation_count
--------------------------------------------------------------------------
max cap violation count 0

==========================================================================
resizer setup_violation_count
--------------------------------------------------------------------------
setup violation count 0

==========================================================================
resizer hold_violation_count
--------------------------------------------------------------------------
hold violation count 0

==========================================================================
resizer report_checks -path_delay max reg to reg
--------------------------------------------------------------------------
Startpoint: timer[4]$_DFF_PN0_ (rising edge-triggered flip-flop clocked by clk)
Endpoint: _277_ (rising edge-triggered flip-flop clocked by clk)
Path Group: clk
Path Type: max

  Delay    Time   Description
---------------------------------------------------------
   0.00    0.00   clock clk (rise edge)
   0.00    0.00   clock network delay (ideal)
   0.00    0.00 ^ timer[4]$_DFF_PN0_/CLK (sky130_fd_sc_hd__dfrtp_1)
   0.42    0.42 v timer[4]$_DFF_PN0_/Q (sky130_fd_sc_hd__dfrtp_1)
   0.60    1.03 ^ _142_/Y (sky130_fd_sc_hd__nor4_4)
   0.30    1.32 v _144_/Y (sky130_fd_sc_hd__nand4_4)
   0.24    1.57 ^ _151_/Y (sky130_fd_sc_hd__nor3_4)
   0.29    1.86 ^ place7/X (sky130_fd_sc_hd__buf_4)
   0.36    2.22 v _272_/X (sky130_fd_sc_hd__mux2_2)
   0.00    2.22 v _277_/D (sky130_fd_sc_hd__dfrtp_1)
           2.22   data arrival time

  10.00   10.00   clock clk (rise edge)
   0.00   10.00   clock network delay (ideal)
   0.00   10.00   clock reconvergence pessimism
          10.00 ^ _277_/CLK (sky130_fd_sc_hd__dfrtp_1)
  -0.12    9.88   library setup time
           9.88   data required time
---------------------------------------------------------
           9.88   data required time
          -2.22   data arrival time
---------------------------------------------------------
           7.65   slack (MET)



==========================================================================
resizer report_checks -path_delay min reg to reg
--------------------------------------------------------------------------
Startpoint: timer[30]$_DFF_PN0_ (rising edge-triggered flip-flop clocked by clk)
Endpoint: timer[30]$_DFF_PN0_ (rising edge-triggered flip-flop clocked by clk)
Path Group: clk
Path Type: min

  Delay    Time   Description
---------------------------------------------------------
   0.00    0.00   clock clk (rise edge)
   0.00    0.00   clock network delay (ideal)
   0.00    0.00 ^ timer[30]$_DFF_PN0_/CLK (sky130_fd_sc_hd__dfrtp_1)
   0.33    0.33 ^ timer[30]$_DFF_PN0_/Q (sky130_fd_sc_hd__dfrtp_1)
   0.15    0.48 ^ _265_/X (sky130_fd_sc_hd__mux2_2)
   0.00    0.48 ^ timer[30]$_DFF_PN0_/D (sky130_fd_sc_hd__dfrtp_1)
           0.48   data arrival time

   0.00    0.00   clock clk (rise edge)
   0.00    0.00   clock network delay (ideal)
   0.00    0.00   clock reconvergence pessimism
           0.00 ^ timer[30]$_DFF_PN0_/CLK (sky130_fd_sc_hd__dfrtp_1)
  -0.04   -0.04   library hold time
          -0.04   data required time
---------------------------------------------------------
          -0.04   data required time
          -0.48   data arrival time
---------------------------------------------------------
           0.52   slack (MET)



==========================================================================
resizer critical path target clock latency max path
--------------------------------------------------------------------------
0

==========================================================================
resizer critical path target clock latency min path
--------------------------------------------------------------------------
0

==========================================================================
resizer critical path source clock latency min path
--------------------------------------------------------------------------
0

==========================================================================
resizer critical path delay
--------------------------------------------------------------------------
2.2240

==========================================================================
resizer critical path slack
--------------------------------------------------------------------------
7.6511

==========================================================================
resizer slack div critical path delay
--------------------------------------------------------------------------
344.024281

==========================================================================
resizer report_power
--------------------------------------------------------------------------
Group                  Internal  Switching    Leakage      Total
                          Power      Power      Power      Power (Watts)
----------------------------------------------------------------
Sequential             1.44e-04   0.00e+00   4.77e-10   1.44e-04  97.7%
Combinational          3.96e-07   2.99e-06   6.03e-10   3.39e-06   2.3%
Clock                  0.00e+00   0.00e+00   0.00e+00   0.00e+00   0.0%
Macro                  0.00e+00   0.00e+00   0.00e+00   0.00e+00   0.0%
Pad                    0.00e+00   0.00e+00   0.00e+00   0.00e+00   0.0%
----------------------------------------------------------------
Total                  1.45e-04   2.99e-06   1.08e-09   1.48e-04 100.0%
                          98.0%       2.0%       0.0%
