
==========================================================================
cts final report_tns
--------------------------------------------------------------------------
tns max 0.00

==========================================================================
cts final report_wns
--------------------------------------------------------------------------
wns max 0.00

==========================================================================
cts final report_worst_slack
--------------------------------------------------------------------------
worst slack max 7.61

==========================================================================
cts final report_clock_min_period
--------------------------------------------------------------------------
clk period_min = 2.39 fmax = 418.48

==========================================================================
cts final report_clock_skew
--------------------------------------------------------------------------
Clock clk
   0.28 source latency timer[1]$_DFF_PN1_/CLK ^
  -0.28 target latency timer[28]$_DFF_PN0_/CLK ^
   0.00 CRPR
--------------
   0.00 setup skew


==========================================================================
cts final report_checks -path_delay min
--------------------------------------------------------------------------
Startpoint: timer[28]$_DFF_PN0_ (rising edge-triggered flip-flop clocked by clk)
Endpoint: timer[28]$_DFF_PN0_ (rising edge-triggered flip-flop clocked by clk)
Path Group: clk
Path Type: min

Fanout     Cap    Slew   Delay    Time   Description
-----------------------------------------------------------------------------
                          0.00    0.00   clock clk (rise edge)
                          0.00    0.00   clock source latency
     1    0.02    0.00    0.00    0.00 ^ clk (in)
                                         clk (net)
                  0.00    0.00    0.00 ^ clkbuf_0_clk/A (sky130_fd_sc_hd__clkbuf_16)
     4    0.05    0.07    0.13    0.13 ^ clkbuf_0_clk/X (sky130_fd_sc_hd__clkbuf_16)
                                         clknet_0_clk (net)
                  0.07    0.00    0.13 ^ clkbuf_2_2__f_clk/A (sky130_fd_sc_hd__clkbuf_16)
     7    0.03    0.05    0.14    0.28 ^ clkbuf_2_2__f_clk/X (sky130_fd_sc_hd__clkbuf_16)
                                         clknet_2_2__leaf_clk (net)
                  0.05    0.00    0.28 ^ timer[28]$_DFF_PN0_/CLK (sky130_fd_sc_hd__dfrtp_1)
     5    0.02    0.14    0.40    0.67 ^ timer[28]$_DFF_PN0_/Q (sky130_fd_sc_hd__dfrtp_1)
                                         timer[28] (net)
                  0.14    0.00    0.67 ^ _259_/A1 (sky130_fd_sc_hd__o41ai_1)
     1    0.00    0.03    0.10    0.77 v _259_/Y (sky130_fd_sc_hd__o41ai_1)
                                         _020_ (net)
                  0.03    0.00    0.77 v timer[28]$_DFF_PN0_/D (sky130_fd_sc_hd__dfrtp_1)
                                  0.77   data arrival time

                          0.00    0.00   clock clk (rise edge)
                          0.00    0.00   clock source latency
     1    0.02    0.00    0.00    0.00 ^ clk (in)
                                         clk (net)
                  0.00    0.00    0.00 ^ clkbuf_0_clk/A (sky130_fd_sc_hd__clkbuf_16)
     4    0.05    0.07    0.13    0.13 ^ clkbuf_0_clk/X (sky130_fd_sc_hd__clkbuf_16)
                                         clknet_0_clk (net)
                  0.07    0.00    0.13 ^ clkbuf_2_2__f_clk/A (sky130_fd_sc_hd__clkbuf_16)
     7    0.03    0.05    0.14    0.28 ^ clkbuf_2_2__f_clk/X (sky130_fd_sc_hd__clkbuf_16)
                                         clknet_2_2__leaf_clk (net)
                  0.05    0.00    0.28 ^ timer[28]$_DFF_PN0_/CLK (sky130_fd_sc_hd__dfrtp_1)
                          0.00    0.28   clock reconvergence pessimism
                         -0.04    0.24   library hold time
                                  0.24   data required time
-----------------------------------------------------------------------------
                                  0.24   data required time
                                 -0.77   data arrival time
-----------------------------------------------------------------------------
                                  0.53   slack (MET)



==========================================================================
cts final report_checks -path_delay max
--------------------------------------------------------------------------
Startpoint: timer[4]$_DFF_PN0_ (rising edge-triggered flip-flop clocked by clk)
Endpoint: _276_ (rising edge-triggered flip-flop clocked by clk)
Path Group: clk
Path Type: max

Fanout     Cap    Slew   Delay    Time   Description
-----------------------------------------------------------------------------
                          0.00    0.00   clock clk (rise edge)
                          0.00    0.00   clock source latency
     1    0.02    0.00    0.00    0.00 ^ clk (in)
                                         clk (net)
                  0.00    0.00    0.00 ^ clkbuf_0_clk/A (sky130_fd_sc_hd__clkbuf_16)
     4    0.05    0.07    0.13    0.13 ^ clkbuf_0_clk/X (sky130_fd_sc_hd__clkbuf_16)
                                         clknet_0_clk (net)
                  0.07    0.00    0.13 ^ clkbuf_2_0__f_clk/A (sky130_fd_sc_hd__clkbuf_16)
    11    0.03    0.06    0.15    0.28 ^ clkbuf_2_0__f_clk/X (sky130_fd_sc_hd__clkbuf_16)
                                         clknet_2_0__leaf_clk (net)
                  0.06    0.00    0.28 ^ timer[4]$_DFF_PN0_/CLK (sky130_fd_sc_hd__dfrtp_1)
     5    0.02    0.13    0.45    0.73 v timer[4]$_DFF_PN0_/Q (sky130_fd_sc_hd__dfrtp_1)
                                         timer[4] (net)
                  0.13    0.00    0.73 v _142_/A (sky130_fd_sc_hd__nor4_4)
    11    0.04    0.61    0.62    1.34 ^ _142_/Y (sky130_fd_sc_hd__nor4_4)
                                         _121_ (net)
                  0.61    0.00    1.34 ^ _144_/C (sky130_fd_sc_hd__nand4_4)
    10    0.05    0.26    0.31    1.65 v _144_/Y (sky130_fd_sc_hd__nand4_4)
                                         _123_ (net)
                  0.26    0.00    1.65 v _151_/A (sky130_fd_sc_hd__nor3_4)
     1    0.00    0.12    0.24    1.89 ^ _151_/Y (sky130_fd_sc_hd__nor3_4)
                                         _130_ (net)
                  0.12    0.00    1.89 ^ place7/A (sky130_fd_sc_hd__buf_4)
    23    0.09    0.26    0.30    2.18 ^ place7/X (sky130_fd_sc_hd__buf_4)
                                         net7 (net)
                  0.26    0.00    2.19 ^ _271_/S (sky130_fd_sc_hd__mux2_2)
     1    0.00    0.05    0.37    2.56 v _271_/X (sky130_fd_sc_hd__mux2_2)
                                         _037_ (net)
                  0.05    0.00    2.56 v _276_/D (sky130_fd_sc_hd__dfrtp_1)
                                  2.56   data arrival time

                         10.00   10.00   clock clk (rise edge)
                          0.00   10.00   clock source latency
     1    0.02    0.00    0.00   10.00 ^ clk (in)
                                         clk (net)
                  0.00    0.00   10.00 ^ clkbuf_0_clk/A (sky130_fd_sc_hd__clkbuf_16)
     4    0.05    0.07    0.13   10.13 ^ clkbuf_0_clk/X (sky130_fd_sc_hd__clkbuf_16)
                                         clknet_0_clk (net)
                  0.07    0.00   10.13 ^ clkbuf_2_0__f_clk/A (sky130_fd_sc_hd__clkbuf_16)
    11    0.03    0.06    0.15   10.28 ^ clkbuf_2_0__f_clk/X (sky130_fd_sc_hd__clkbuf_16)
                                         clknet_2_0__leaf_clk (net)
                  0.06    0.00   10.28 ^ _276_/CLK (sky130_fd_sc_hd__dfrtp_1)
                          0.00   10.28   clock reconvergence pessimism
                         -0.11   10.17   library setup time
                                 10.17   data required time
-----------------------------------------------------------------------------
                                 10.17   data required time
                                 -2.56   data arrival time
-----------------------------------------------------------------------------
                                  7.61   slack (MET)



==========================================================================
cts final report_checks -unconstrained
--------------------------------------------------------------------------
Startpoint: timer[4]$_DFF_PN0_ (rising edge-triggered flip-flop clocked by clk)
Endpoint: _276_ (rising edge-triggered flip-flop clocked by clk)
Path Group: clk
Path Type: max

Fanout     Cap    Slew   Delay    Time   Description
-----------------------------------------------------------------------------
                          0.00    0.00   clock clk (rise edge)
                          0.00    0.00   clock source latency
     1    0.02    0.00    0.00    0.00 ^ clk (in)
                                         clk (net)
                  0.00    0.00    0.00 ^ clkbuf_0_clk/A (sky130_fd_sc_hd__clkbuf_16)
     4    0.05    0.07    0.13    0.13 ^ clkbuf_0_clk/X (sky130_fd_sc_hd__clkbuf_16)
                                         clknet_0_clk (net)
                  0.07    0.00    0.13 ^ clkbuf_2_0__f_clk/A (sky130_fd_sc_hd__clkbuf_16)
    11    0.03    0.06    0.15    0.28 ^ clkbuf_2_0__f_clk/X (sky130_fd_sc_hd__clkbuf_16)
                                         clknet_2_0__leaf_clk (net)
                  0.06    0.00    0.28 ^ timer[4]$_DFF_PN0_/CLK (sky130_fd_sc_hd__dfrtp_1)
     5    0.02    0.13    0.45    0.73 v timer[4]$_DFF_PN0_/Q (sky130_fd_sc_hd__dfrtp_1)
                                         timer[4] (net)
                  0.13    0.00    0.73 v _142_/A (sky130_fd_sc_hd__nor4_4)
    11    0.04    0.61    0.62    1.34 ^ _142_/Y (sky130_fd_sc_hd__nor4_4)
                                         _121_ (net)
                  0.61    0.00    1.34 ^ _144_/C (sky130_fd_sc_hd__nand4_4)
    10    0.05    0.26    0.31    1.65 v _144_/Y (sky130_fd_sc_hd__nand4_4)
                                         _123_ (net)
                  0.26    0.00    1.65 v _151_/A (sky130_fd_sc_hd__nor3_4)
     1    0.00    0.12    0.24    1.89 ^ _151_/Y (sky130_fd_sc_hd__nor3_4)
                                         _130_ (net)
                  0.12    0.00    1.89 ^ place7/A (sky130_fd_sc_hd__buf_4)
    23    0.09    0.26    0.30    2.18 ^ place7/X (sky130_fd_sc_hd__buf_4)
                                         net7 (net)
                  0.26    0.00    2.19 ^ _271_/S (sky130_fd_sc_hd__mux2_2)
     1    0.00    0.05    0.37    2.56 v _271_/X (sky130_fd_sc_hd__mux2_2)
                                         _037_ (net)
                  0.05    0.00    2.56 v _276_/D (sky130_fd_sc_hd__dfrtp_1)
                                  2.56   data arrival time

                         10.00   10.00   clock clk (rise edge)
                          0.00   10.00   clock source latency
     1    0.02    0.00    0.00   10.00 ^ clk (in)
                                         clk (net)
                  0.00    0.00   10.00 ^ clkbuf_0_clk/A (sky130_fd_sc_hd__clkbuf_16)
     4    0.05    0.07    0.13   10.13 ^ clkbuf_0_clk/X (sky130_fd_sc_hd__clkbuf_16)
                                         clknet_0_clk (net)
                  0.07    0.00   10.13 ^ clkbuf_2_0__f_clk/A (sky130_fd_sc_hd__clkbuf_16)
    11    0.03    0.06    0.15   10.28 ^ clkbuf_2_0__f_clk/X (sky130_fd_sc_hd__clkbuf_16)
                                         clknet_2_0__leaf_clk (net)
                  0.06    0.00   10.28 ^ _276_/CLK (sky130_fd_sc_hd__dfrtp_1)
                          0.00   10.28   clock reconvergence pessimism
                         -0.11   10.17   library setup time
                                 10.17   data required time
-----------------------------------------------------------------------------
                                 10.17   data required time
                                 -2.56   data arrival time
-----------------------------------------------------------------------------
                                  7.61   slack (MET)



==========================================================================
cts final report_check_types -max_slew -max_cap -max_fanout -violators
--------------------------------------------------------------------------

==========================================================================
cts final max_slew_check_slack
--------------------------------------------------------------------------
0.8834643363952637

==========================================================================
cts final max_slew_check_limit
--------------------------------------------------------------------------
1.4888180494308472

==========================================================================
cts final max_slew_check_slack_limit
--------------------------------------------------------------------------
0.5934

==========================================================================
cts final max_fanout_check_slack
--------------------------------------------------------------------------
1.0000000150474662e+30

==========================================================================
cts final max_fanout_check_limit
--------------------------------------------------------------------------
1.0000000150474662e+30

==========================================================================
cts final max_capacitance_check_slack
--------------------------------------------------------------------------
0.0230643842369318

==========================================================================
cts final max_capacitance_check_limit
--------------------------------------------------------------------------
0.03663099929690361

==========================================================================
cts final max_capacitance_check_slack_limit
--------------------------------------------------------------------------
0.6296

==========================================================================
cts final max_slew_violation_count
--------------------------------------------------------------------------
max slew violation count 0

==========================================================================
cts final max_fanout_violation_count
--------------------------------------------------------------------------
max fanout violation count 0

==========================================================================
cts final max_cap_violation_count
--------------------------------------------------------------------------
max cap violation count 0

==========================================================================
cts final setup_violation_count
--------------------------------------------------------------------------
setup violation count 0

==========================================================================
cts final hold_violation_count
--------------------------------------------------------------------------
hold violation count 0

==========================================================================
cts final report_checks -path_delay max reg to reg
--------------------------------------------------------------------------
Startpoint: timer[4]$_DFF_PN0_ (rising edge-triggered flip-flop clocked by clk)
Endpoint: _276_ (rising edge-triggered flip-flop clocked by clk)
Path Group: clk
Path Type: max

  Delay    Time   Description
---------------------------------------------------------
   0.00    0.00   clock clk (rise edge)
   0.00    0.00   clock source latency
   0.00    0.00 ^ clk (in)
   0.13    0.13 ^ clkbuf_0_clk/X (sky130_fd_sc_hd__clkbuf_16)
   0.15    0.28 ^ clkbuf_2_0__f_clk/X (sky130_fd_sc_hd__clkbuf_16)
   0.00    0.28 ^ timer[4]$_DFF_PN0_/CLK (sky130_fd_sc_hd__dfrtp_1)
   0.45    0.73 v timer[4]$_DFF_PN0_/Q (sky130_fd_sc_hd__dfrtp_1)
   0.62    1.34 ^ _142_/Y (sky130_fd_sc_hd__nor4_4)
   0.31    1.65 v _144_/Y (sky130_fd_sc_hd__nand4_4)
   0.24    1.89 ^ _151_/Y (sky130_fd_sc_hd__nor3_4)
   0.30    2.18 ^ place7/X (sky130_fd_sc_hd__buf_4)
   0.37    2.56 v _271_/X (sky130_fd_sc_hd__mux2_2)
   0.00    2.56 v _276_/D (sky130_fd_sc_hd__dfrtp_1)
           2.56   data arrival time

  10.00   10.00   clock clk (rise edge)
   0.00   10.00   clock source latency
   0.00   10.00 ^ clk (in)
   0.13   10.13 ^ clkbuf_0_clk/X (sky130_fd_sc_hd__clkbuf_16)
   0.15   10.28 ^ clkbuf_2_0__f_clk/X (sky130_fd_sc_hd__clkbuf_16)
   0.00   10.28 ^ _276_/CLK (sky130_fd_sc_hd__dfrtp_1)
   0.00   10.28   clock reconvergence pessimism
  -0.11   10.17   library setup time
          10.17   data required time
---------------------------------------------------------
          10.17   data required time
          -2.56   data arrival time
---------------------------------------------------------
           7.61   slack (MET)



==========================================================================
cts final report_checks -path_delay min reg to reg
--------------------------------------------------------------------------
Startpoint: timer[28]$_DFF_PN0_ (rising edge-triggered flip-flop clocked by clk)
Endpoint: timer[28]$_DFF_PN0_ (rising edge-triggered flip-flop clocked by clk)
Path Group: clk
Path Type: min

  Delay    Time   Description
---------------------------------------------------------
   0.00    0.00   clock clk (rise edge)
   0.00    0.00   clock source latency
   0.00    0.00 ^ clk (in)
   0.13    0.13 ^ clkbuf_0_clk/X (sky130_fd_sc_hd__clkbuf_16)
   0.14    0.28 ^ clkbuf_2_2__f_clk/X (sky130_fd_sc_hd__clkbuf_16)
   0.00    0.28 ^ timer[28]$_DFF_PN0_/CLK (sky130_fd_sc_hd__dfrtp_1)
   0.40    0.67 ^ timer[28]$_DFF_PN0_/Q (sky130_fd_sc_hd__dfrtp_1)
   0.10    0.77 v _259_/Y (sky130_fd_sc_hd__o41ai_1)
   0.00    0.77 v timer[28]$_DFF_PN0_/D (sky130_fd_sc_hd__dfrtp_1)
           0.77   data arrival time

   0.00    0.00   clock clk (rise edge)
   0.00    0.00   clock source latency
   0.00    0.00 ^ clk (in)
   0.13    0.13 ^ clkbuf_0_clk/X (sky130_fd_sc_hd__clkbuf_16)
   0.14    0.28 ^ clkbuf_2_2__f_clk/X (sky130_fd_sc_hd__clkbuf_16)
   0.00    0.28 ^ timer[28]$_DFF_PN0_/CLK (sky130_fd_sc_hd__dfrtp_1)
   0.00    0.28   clock reconvergence pessimism
  -0.04    0.24   library hold time
           0.24   data required time
---------------------------------------------------------
           0.24   data required time
          -0.77   data arrival time
---------------------------------------------------------
           0.53   slack (MET)



==========================================================================
cts final critical path target clock latency max path
--------------------------------------------------------------------------
0

==========================================================================
cts final critical path target clock latency min path
--------------------------------------------------------------------------
0

==========================================================================
cts final critical path source clock latency min path
--------------------------------------------------------------------------
0

==========================================================================
cts final critical path delay
--------------------------------------------------------------------------
2.5560

==========================================================================
cts final critical path slack
--------------------------------------------------------------------------
7.6104

==========================================================================
cts final slack div critical path delay
--------------------------------------------------------------------------
297.746479

==========================================================================
cts final report_power
--------------------------------------------------------------------------
Group                  Internal  Switching    Leakage      Total
                          Power      Power      Power      Power (Watts)
----------------------------------------------------------------
Sequential             1.42e-04   0.00e+00   4.77e-10   1.42e-04  45.8%
Combinational          3.96e-07   3.04e-06   6.03e-10   3.43e-06   1.1%
Clock                  1.06e-04   5.88e-05   7.61e-11   1.65e-04  53.1%
Macro                  0.00e+00   0.00e+00   0.00e+00   0.00e+00   0.0%
Pad                    0.00e+00   0.00e+00   0.00e+00   0.00e+00   0.0%
----------------------------------------------------------------
Total                  2.48e-04   6.18e-05   1.16e-09   3.10e-04 100.0%
                          80.0%      20.0%       0.0%
