
==========================================================================
cts final report_tns
--------------------------------------------------------------------------
tns max 0.00

==========================================================================
cts final report_wns
--------------------------------------------------------------------------
wns max 0.00

==========================================================================
cts final report_worst_slack
--------------------------------------------------------------------------
worst slack max 6.88

==========================================================================
cts final report_clock_min_period
--------------------------------------------------------------------------
clk period_min = 13.12 fmax = 76.23

==========================================================================
cts final report_clock_skew
--------------------------------------------------------------------------
Clock clk
   0.28 source latency duty_reg[0]$_SDFFE_PN0P_/CLK ^
  -0.28 target latency counter[11]$_SDFFE_PP0P_/CLK ^
   0.00 CRPR
--------------
   0.00 setup skew


==========================================================================
cts final report_checks -path_delay min
--------------------------------------------------------------------------
Startpoint: counter[10]$_SDFFE_PP0P_
            (rising edge-triggered flip-flop clocked by clk)
Endpoint: counter[10]$_SDFFE_PP0P_
          (rising edge-triggered flip-flop clocked by clk)
Path Group: clk
Path Type: min

Fanout     Cap    Slew   Delay    Time   Description
-----------------------------------------------------------------------------
                          0.00    0.00   clock clk (rise edge)
                          0.00    0.00   clock source latency
     1    0.02    0.00    0.00    0.00 ^ clk (in)
                                         clk (net)
                  0.00    0.00    0.00 ^ clkbuf_0_clk/A (sky130_fd_sc_hd__clkbuf_16)
     4    0.05    0.07    0.13    0.13 ^ clkbuf_0_clk/X (sky130_fd_sc_hd__clkbuf_16)
                                         clknet_0_clk (net)
                  0.07    0.00    0.13 ^ clkbuf_2_3__f_clk/A (sky130_fd_sc_hd__clkbuf_16)
     8    0.03    0.05    0.14    0.28 ^ clkbuf_2_3__f_clk/X (sky130_fd_sc_hd__clkbuf_16)
                                         clknet_2_3__leaf_clk (net)
                  0.05    0.00    0.28 ^ counter[10]$_SDFFE_PP0P_/CLK (sky130_fd_sc_hd__dfxtp_1)
     4    0.02    0.09    0.35    0.63 v counter[10]$_SDFFE_PP0P_/Q (sky130_fd_sc_hd__dfxtp_1)
                                         counter[10] (net)
                  0.09    0.00    0.63 v _1920_/A (sky130_fd_sc_hd__xnor2_1)
     1    0.00    0.05    0.16    0.79 ^ _1920_/Y (sky130_fd_sc_hd__xnor2_1)
                                         _0391_ (net)
                  0.05    0.00    0.79 ^ _1921_/B (sky130_fd_sc_hd__nor2_1)
     1    0.00    0.02    0.04    0.82 v _1921_/Y (sky130_fd_sc_hd__nor2_1)
                                         _0276_ (net)
                  0.02    0.00    0.82 v counter[10]$_SDFFE_PP0P_/D (sky130_fd_sc_hd__dfxtp_1)
                                  0.82   data arrival time

                          0.00    0.00   clock clk (rise edge)
                          0.00    0.00   clock source latency
     1    0.02    0.00    0.00    0.00 ^ clk (in)
                                         clk (net)
                  0.00    0.00    0.00 ^ clkbuf_0_clk/A (sky130_fd_sc_hd__clkbuf_16)
     4    0.05    0.07    0.13    0.13 ^ clkbuf_0_clk/X (sky130_fd_sc_hd__clkbuf_16)
                                         clknet_0_clk (net)
                  0.07    0.00    0.13 ^ clkbuf_2_3__f_clk/A (sky130_fd_sc_hd__clkbuf_16)
     8    0.03    0.05    0.14    0.28 ^ clkbuf_2_3__f_clk/X (sky130_fd_sc_hd__clkbuf_16)
                                         clknet_2_3__leaf_clk (net)
                  0.05    0.00    0.28 ^ counter[10]$_SDFFE_PP0P_/CLK (sky130_fd_sc_hd__dfxtp_1)
                          0.00    0.28   clock reconvergence pessimism
                         -0.04    0.23   library hold time
                                  0.23   data required time
-----------------------------------------------------------------------------
                                  0.23   data required time
                                 -0.82   data arrival time
-----------------------------------------------------------------------------
                                  0.59   slack (MET)



==========================================================================
cts final report_checks -path_delay max
--------------------------------------------------------------------------
Startpoint: duty_reg[6]$_SDFFE_PN0P_
            (rising edge-triggered flip-flop clocked by clk)
Endpoint: pwm_out_s$_DFF_P_ (rising edge-triggered flip-flop clocked by clk)
Path Group: clk
Path Type: max

Fanout     Cap    Slew   Delay    Time   Description
-----------------------------------------------------------------------------
                          0.00    0.00   clock clk (rise edge)
                          0.00    0.00   clock source latency
     1    0.02    0.00    0.00    0.00 ^ clk (in)
                                         clk (net)
                  0.00    0.00    0.00 ^ clkbuf_0_clk/A (sky130_fd_sc_hd__clkbuf_16)
     4    0.05    0.07    0.13    0.13 ^ clkbuf_0_clk/X (sky130_fd_sc_hd__clkbuf_16)
                                         clknet_0_clk (net)
                  0.07    0.00    0.13 ^ clkbuf_2_1__f_clk/A (sky130_fd_sc_hd__clkbuf_16)
    10    0.03    0.05    0.14    0.28 ^ clkbuf_2_1__f_clk/X (sky130_fd_sc_hd__clkbuf_16)
                                         clknet_2_1__leaf_clk (net)
                  0.05    0.00    0.28 ^ duty_reg[6]$_SDFFE_PN0P_/CLK (sky130_fd_sc_hd__dfxtp_1)
    14    0.05    0.23    0.45    0.73 v duty_reg[6]$_SDFFE_PN0P_/Q (sky130_fd_sc_hd__dfxtp_1)
                                         duty_reg[6] (net)
                  0.23    0.00    0.73 v _1815_/B (sky130_fd_sc_hd__and2_1)
     1    0.01    0.05    0.26    0.99 v _1815_/X (sky130_fd_sc_hd__and2_1)
                                         _0043_ (net)
                  0.05    0.00    0.99 v _2024_/A (sky130_fd_sc_hd__fa_1)
     1    0.00    0.06    0.54    1.53 ^ _2024_/SUM (sky130_fd_sc_hd__fa_1)
                                         _0047_ (net)
                  0.06    0.00    1.53 ^ _1766_/A (sky130_fd_sc_hd__inv_1)
     1    0.01    0.05    0.06    1.59 v _1766_/Y (sky130_fd_sc_hd__inv_1)
                                         _0054_ (net)
                  0.05    0.00    1.59 v _2027_/A (sky130_fd_sc_hd__fa_1)
     1    0.00    0.05    0.53    2.12 ^ _2027_/SUM (sky130_fd_sc_hd__fa_1)
                                         _0058_ (net)
                  0.05    0.00    2.12 ^ _1799_/A (sky130_fd_sc_hd__inv_1)
     1    0.01    0.04    0.05    2.17 v _1799_/Y (sky130_fd_sc_hd__inv_1)
                                         _0066_ (net)
                  0.04    0.00    2.17 v _2030_/A (sky130_fd_sc_hd__fa_1)
     1    0.00    0.06    0.53    2.70 ^ _2030_/SUM (sky130_fd_sc_hd__fa_1)
                                         _0067_ (net)
                  0.06    0.00    2.70 ^ _1767_/A (sky130_fd_sc_hd__inv_1)
     1    0.01    0.04    0.05    2.76 v _1767_/Y (sky130_fd_sc_hd__inv_1)
                                         _0074_ (net)
                  0.04    0.00    2.76 v _2034_/A (sky130_fd_sc_hd__fa_1)
     1    0.00    0.05    0.53    3.28 ^ _2034_/SUM (sky130_fd_sc_hd__fa_1)
                                         _0078_ (net)
                  0.05    0.00    3.28 ^ _1821_/A (sky130_fd_sc_hd__inv_1)
     1    0.00    0.03    0.05    3.33 v _1821_/Y (sky130_fd_sc_hd__inv_1)
                                         _0192_ (net)
                  0.03    0.00    3.33 v _2083_/A (sky130_fd_sc_hd__ha_1)
     8    0.03    0.16    0.40    3.73 v _2083_/SUM (sky130_fd_sc_hd__ha_1)
                                         _0195_ (net)
                  0.16    0.00    3.73 v _1202_/A1 (sky130_fd_sc_hd__a21oi_1)
     3    0.01    0.30    0.31    4.04 ^ _1202_/Y (sky130_fd_sc_hd__a21oi_1)
                                         _0491_ (net)
                  0.30    0.00    4.04 ^ _1221_/A2 (sky130_fd_sc_hd__o21ai_1)
     2    0.01    0.10    0.13    4.16 v _1221_/Y (sky130_fd_sc_hd__o21ai_1)
                                         _0510_ (net)
                  0.10    0.00    4.16 v _1262_/B (sky130_fd_sc_hd__or4_4)
     2    0.01    0.10    0.55    4.72 v _1262_/X (sky130_fd_sc_hd__or4_4)
                                         _0551_ (net)
                  0.10    0.00    4.72 v _1264_/A2 (sky130_fd_sc_hd__o21ai_4)
     6    0.03    0.23    0.23    4.95 ^ _1264_/Y (sky130_fd_sc_hd__o21ai_4)
                                         _0553_ (net)
                  0.23    0.00    4.95 ^ _1322_/A2 (sky130_fd_sc_hd__o21ai_0)
     1    0.00    0.11    0.11    5.06 v _1322_/Y (sky130_fd_sc_hd__o21ai_0)
                                         _0609_ (net)
                  0.11    0.00    5.06 v _1325_/A3 (sky130_fd_sc_hd__o32ai_1)
     2    0.01    0.39    0.38    5.43 ^ _1325_/Y (sky130_fd_sc_hd__o32ai_1)
                                         _0612_ (net)
                  0.39    0.00    5.43 ^ _1328_/B_N (sky130_fd_sc_hd__and4bb_1)
    11    0.04    0.19    0.40    5.84 v _1328_/X (sky130_fd_sc_hd__and4bb_1)
                                         _0615_ (net)
                  0.19    0.00    5.84 v _1394_/B (sky130_fd_sc_hd__or3_1)
     3    0.01    0.10    0.44    6.28 v _1394_/X (sky130_fd_sc_hd__or3_1)
                                         _0680_ (net)
                  0.10    0.00    6.28 v _1416_/B1_N (sky130_fd_sc_hd__a21boi_0)
     1    0.01    0.26    0.18    6.46 v _1416_/Y (sky130_fd_sc_hd__a21boi_0)
                                         _0701_ (net)
                  0.26    0.00    6.46 v _1418_/A2 (sky130_fd_sc_hd__a2111oi_4)
     1    0.01    0.32    0.47    6.93 ^ _1418_/Y (sky130_fd_sc_hd__a2111oi_4)
                                         _0703_ (net)
                  0.32    0.00    6.93 ^ _1419_/C1 (sky130_fd_sc_hd__a221oi_4)
     4    0.02    0.12    0.10    7.03 v _1419_/Y (sky130_fd_sc_hd__a221oi_4)
                                         _0704_ (net)
                  0.12    0.00    7.03 v _1499_/A1 (sky130_fd_sc_hd__a211oi_2)
     2    0.01    0.28    0.30    7.33 ^ _1499_/Y (sky130_fd_sc_hd__a211oi_2)
                                         _0783_ (net)
                  0.28    0.00    7.33 ^ _1500_/S (sky130_fd_sc_hd__mux2_2)
    12    0.05    0.14    0.49    7.83 v _1500_/X (sky130_fd_sc_hd__mux2_2)
                                         _0784_ (net)
                  0.14    0.00    7.83 v _1503_/B1 (sky130_fd_sc_hd__a21oi_1)
     3    0.01    0.25    0.26    8.09 ^ _1503_/Y (sky130_fd_sc_hd__a21oi_1)
                                         _0786_ (net)
                  0.25    0.00    8.09 ^ _1510_/A2 (sky130_fd_sc_hd__a32o_1)
     2    0.01    0.14    0.28    8.37 ^ _1510_/X (sky130_fd_sc_hd__a32o_1)
                                         _0793_ (net)
                  0.14    0.00    8.37 ^ _1514_/A (sky130_fd_sc_hd__nor2_4)
     9    0.04    0.10    0.10    8.46 v _1514_/Y (sky130_fd_sc_hd__nor2_4)
                                         _0797_ (net)
                  0.10    0.00    8.46 v _1535_/A1 (sky130_fd_sc_hd__a21oi_1)
     5    0.02    0.42    0.37    8.83 ^ _1535_/Y (sky130_fd_sc_hd__a21oi_1)
                                         _0817_ (net)
                  0.42    0.00    8.83 ^ _1582_/A1 (sky130_fd_sc_hd__a22oi_1)
     1    0.01    0.13    0.18    9.02 v _1582_/Y (sky130_fd_sc_hd__a22oi_1)
                                         _0863_ (net)
                  0.13    0.00    9.02 v _1600_/A1 (sky130_fd_sc_hd__o32a_4)
     8    0.03    0.09    0.46    9.47 v _1600_/X (sky130_fd_sc_hd__o32a_4)
                                         _0881_ (net)
                  0.09    0.00    9.47 v _1648_/A1 (sky130_fd_sc_hd__o311ai_4)
     5    0.02    0.33    0.39    9.86 ^ _1648_/Y (sky130_fd_sc_hd__o311ai_4)
                                         _0928_ (net)
                  0.33    0.00    9.86 ^ _1652_/B (sky130_fd_sc_hd__nand3_2)
     3    0.01    0.15    0.17   10.03 v _1652_/Y (sky130_fd_sc_hd__nand3_2)
                                         _0932_ (net)
                  0.15    0.00   10.03 v _1663_/A2 (sky130_fd_sc_hd__o211a_4)
     7    0.02    0.06    0.30   10.32 v _1663_/X (sky130_fd_sc_hd__o211a_4)
                                         _0943_ (net)
                  0.06    0.00   10.32 v _1678_/C (sky130_fd_sc_hd__or4_4)
     3    0.01    0.10    0.50   10.82 v _1678_/X (sky130_fd_sc_hd__or4_4)
                                         _0957_ (net)
                  0.10    0.00   10.82 v _1697_/C (sky130_fd_sc_hd__nand4_1)
     4    0.01    0.16    0.18   11.00 ^ _1697_/Y (sky130_fd_sc_hd__nand4_1)
                                         _0975_ (net)
                  0.16    0.00   11.00 ^ _1699_/A (sky130_fd_sc_hd__nand2_1)
     1    0.00    0.07    0.08   11.08 v _1699_/Y (sky130_fd_sc_hd__nand2_1)
                                         _0977_ (net)
                  0.07    0.00   11.08 v _1700_/C (sky130_fd_sc_hd__maj3_1)
     3    0.01    0.11    0.41   11.49 v _1700_/X (sky130_fd_sc_hd__maj3_1)
                                         _0978_ (net)
                  0.11    0.00   11.49 v _1707_/A2 (sky130_fd_sc_hd__o21ai_0)
     2    0.01    0.22    0.23   11.72 ^ _1707_/Y (sky130_fd_sc_hd__o21ai_0)
                                         _0985_ (net)
                  0.22    0.00   11.72 ^ _1712_/A2 (sky130_fd_sc_hd__a21oi_1)
     1    0.00    0.10    0.11   11.82 v _1712_/Y (sky130_fd_sc_hd__a21oi_1)
                                         _0272_ (net)
                  0.10    0.00   11.82 v _2113_/B (sky130_fd_sc_hd__ha_1)
     1    0.00    0.04    0.19   12.02 v _2113_/COUT (sky130_fd_sc_hd__ha_1)
                                         _0273_ (net)
                  0.04    0.00   12.02 v _1736_/B2 (sky130_fd_sc_hd__a221oi_1)
     1    0.01    0.29    0.31   12.32 ^ _1736_/Y (sky130_fd_sc_hd__a221oi_1)
                                         _1013_ (net)
                  0.29    0.00   12.32 ^ _1744_/A2 (sky130_fd_sc_hd__o221ai_1)
     2    0.01    0.13    0.18   12.51 v _1744_/Y (sky130_fd_sc_hd__o221ai_1)
                                         _1021_ (net)
                  0.13    0.00   12.51 v _1746_/B1 (sky130_fd_sc_hd__a2111oi_0)
     1    0.00    0.33    0.38   12.89 ^ _1746_/Y (sky130_fd_sc_hd__a2111oi_0)
                                         _1023_ (net)
                  0.33    0.00   12.89 ^ _1747_/B1 (sky130_fd_sc_hd__o21ai_1)
     1    0.00    0.09    0.12   13.00 v _1747_/Y (sky130_fd_sc_hd__o21ai_1)
                                         _1024_ (net)
                  0.09    0.00   13.00 v _1763_/A1 (sky130_fd_sc_hd__o32ai_1)
     1    0.00    0.23    0.30   13.30 ^ _1763_/Y (sky130_fd_sc_hd__o32ai_1)
                                         _0000_ (net)
                  0.23    0.00   13.30 ^ pwm_out_s$_DFF_P_/D (sky130_fd_sc_hd__dfxtp_1)
                                 13.30   data arrival time

                         20.00   20.00   clock clk (rise edge)
                          0.00   20.00   clock source latency
     1    0.02    0.00    0.00   20.00 ^ clk (in)
                                         clk (net)
                  0.00    0.00   20.00 ^ clkbuf_0_clk/A (sky130_fd_sc_hd__clkbuf_16)
     4    0.05    0.07    0.13   20.13 ^ clkbuf_0_clk/X (sky130_fd_sc_hd__clkbuf_16)
                                         clknet_0_clk (net)
                  0.07    0.00   20.13 ^ clkbuf_2_3__f_clk/A (sky130_fd_sc_hd__clkbuf_16)
     8    0.03    0.05    0.14   20.28 ^ clkbuf_2_3__f_clk/X (sky130_fd_sc_hd__clkbuf_16)
                                         clknet_2_3__leaf_clk (net)
                  0.05    0.00   20.28 ^ pwm_out_s$_DFF_P_/CLK (sky130_fd_sc_hd__dfxtp_1)
                          0.00   20.28   clock reconvergence pessimism
                         -0.10   20.18   library setup time
                                 20.18   data required time
-----------------------------------------------------------------------------
                                 20.18   data required time
                                -13.30   data arrival time
-----------------------------------------------------------------------------
                                  6.88   slack (MET)



==========================================================================
cts final report_checks -unconstrained
--------------------------------------------------------------------------
Startpoint: duty_reg[6]$_SDFFE_PN0P_
            (rising edge-triggered flip-flop clocked by clk)
Endpoint: pwm_out_s$_DFF_P_ (rising edge-triggered flip-flop clocked by clk)
Path Group: clk
Path Type: max

Fanout     Cap    Slew   Delay    Time   Description
-----------------------------------------------------------------------------
                          0.00    0.00   clock clk (rise edge)
                          0.00    0.00   clock source latency
     1    0.02    0.00    0.00    0.00 ^ clk (in)
                                         clk (net)
                  0.00    0.00    0.00 ^ clkbuf_0_clk/A (sky130_fd_sc_hd__clkbuf_16)
     4    0.05    0.07    0.13    0.13 ^ clkbuf_0_clk/X (sky130_fd_sc_hd__clkbuf_16)
                                         clknet_0_clk (net)
                  0.07    0.00    0.13 ^ clkbuf_2_1__f_clk/A (sky130_fd_sc_hd__clkbuf_16)
    10    0.03    0.05    0.14    0.28 ^ clkbuf_2_1__f_clk/X (sky130_fd_sc_hd__clkbuf_16)
                                         clknet_2_1__leaf_clk (net)
                  0.05    0.00    0.28 ^ duty_reg[6]$_SDFFE_PN0P_/CLK (sky130_fd_sc_hd__dfxtp_1)
    14    0.05    0.23    0.45    0.73 v duty_reg[6]$_SDFFE_PN0P_/Q (sky130_fd_sc_hd__dfxtp_1)
                                         duty_reg[6] (net)
                  0.23    0.00    0.73 v _1815_/B (sky130_fd_sc_hd__and2_1)
     1    0.01    0.05    0.26    0.99 v _1815_/X (sky130_fd_sc_hd__and2_1)
                                         _0043_ (net)
                  0.05    0.00    0.99 v _2024_/A (sky130_fd_sc_hd__fa_1)
     1    0.00    0.06    0.54    1.53 ^ _2024_/SUM (sky130_fd_sc_hd__fa_1)
                                         _0047_ (net)
                  0.06    0.00    1.53 ^ _1766_/A (sky130_fd_sc_hd__inv_1)
     1    0.01    0.05    0.06    1.59 v _1766_/Y (sky130_fd_sc_hd__inv_1)
                                         _0054_ (net)
                  0.05    0.00    1.59 v _2027_/A (sky130_fd_sc_hd__fa_1)
     1    0.00    0.05    0.53    2.12 ^ _2027_/SUM (sky130_fd_sc_hd__fa_1)
                                         _0058_ (net)
                  0.05    0.00    2.12 ^ _1799_/A (sky130_fd_sc_hd__inv_1)
     1    0.01    0.04    0.05    2.17 v _1799_/Y (sky130_fd_sc_hd__inv_1)
                                         _0066_ (net)
                  0.04    0.00    2.17 v _2030_/A (sky130_fd_sc_hd__fa_1)
     1    0.00    0.06    0.53    2.70 ^ _2030_/SUM (sky130_fd_sc_hd__fa_1)
                                         _0067_ (net)
                  0.06    0.00    2.70 ^ _1767_/A (sky130_fd_sc_hd__inv_1)
     1    0.01    0.04    0.05    2.76 v _1767_/Y (sky130_fd_sc_hd__inv_1)
                                         _0074_ (net)
                  0.04    0.00    2.76 v _2034_/A (sky130_fd_sc_hd__fa_1)
     1    0.00    0.05    0.53    3.28 ^ _2034_/SUM (sky130_fd_sc_hd__fa_1)
                                         _0078_ (net)
                  0.05    0.00    3.28 ^ _1821_/A (sky130_fd_sc_hd__inv_1)
     1    0.00    0.03    0.05    3.33 v _1821_/Y (sky130_fd_sc_hd__inv_1)
                                         _0192_ (net)
                  0.03    0.00    3.33 v _2083_/A (sky130_fd_sc_hd__ha_1)
     8    0.03    0.16    0.40    3.73 v _2083_/SUM (sky130_fd_sc_hd__ha_1)
                                         _0195_ (net)
                  0.16    0.00    3.73 v _1202_/A1 (sky130_fd_sc_hd__a21oi_1)
     3    0.01    0.30    0.31    4.04 ^ _1202_/Y (sky130_fd_sc_hd__a21oi_1)
                                         _0491_ (net)
                  0.30    0.00    4.04 ^ _1221_/A2 (sky130_fd_sc_hd__o21ai_1)
     2    0.01    0.10    0.13    4.16 v _1221_/Y (sky130_fd_sc_hd__o21ai_1)
                                         _0510_ (net)
                  0.10    0.00    4.16 v _1262_/B (sky130_fd_sc_hd__or4_4)
     2    0.01    0.10    0.55    4.72 v _1262_/X (sky130_fd_sc_hd__or4_4)
                                         _0551_ (net)
                  0.10    0.00    4.72 v _1264_/A2 (sky130_fd_sc_hd__o21ai_4)
     6    0.03    0.23    0.23    4.95 ^ _1264_/Y (sky130_fd_sc_hd__o21ai_4)
                                         _0553_ (net)
                  0.23    0.00    4.95 ^ _1322_/A2 (sky130_fd_sc_hd__o21ai_0)
     1    0.00    0.11    0.11    5.06 v _1322_/Y (sky130_fd_sc_hd__o21ai_0)
                                         _0609_ (net)
                  0.11    0.00    5.06 v _1325_/A3 (sky130_fd_sc_hd__o32ai_1)
     2    0.01    0.39    0.38    5.43 ^ _1325_/Y (sky130_fd_sc_hd__o32ai_1)
                                         _0612_ (net)
                  0.39    0.00    5.43 ^ _1328_/B_N (sky130_fd_sc_hd__and4bb_1)
    11    0.04    0.19    0.40    5.84 v _1328_/X (sky130_fd_sc_hd__and4bb_1)
                                         _0615_ (net)
                  0.19    0.00    5.84 v _1394_/B (sky130_fd_sc_hd__or3_1)
     3    0.01    0.10    0.44    6.28 v _1394_/X (sky130_fd_sc_hd__or3_1)
                                         _0680_ (net)
                  0.10    0.00    6.28 v _1416_/B1_N (sky130_fd_sc_hd__a21boi_0)
     1    0.01    0.26    0.18    6.46 v _1416_/Y (sky130_fd_sc_hd__a21boi_0)
                                         _0701_ (net)
                  0.26    0.00    6.46 v _1418_/A2 (sky130_fd_sc_hd__a2111oi_4)
     1    0.01    0.32    0.47    6.93 ^ _1418_/Y (sky130_fd_sc_hd__a2111oi_4)
                                         _0703_ (net)
                  0.32    0.00    6.93 ^ _1419_/C1 (sky130_fd_sc_hd__a221oi_4)
     4    0.02    0.12    0.10    7.03 v _1419_/Y (sky130_fd_sc_hd__a221oi_4)
                                         _0704_ (net)
                  0.12    0.00    7.03 v _1499_/A1 (sky130_fd_sc_hd__a211oi_2)
     2    0.01    0.28    0.30    7.33 ^ _1499_/Y (sky130_fd_sc_hd__a211oi_2)
                                         _0783_ (net)
                  0.28    0.00    7.33 ^ _1500_/S (sky130_fd_sc_hd__mux2_2)
    12    0.05    0.14    0.49    7.83 v _1500_/X (sky130_fd_sc_hd__mux2_2)
                                         _0784_ (net)
                  0.14    0.00    7.83 v _1503_/B1 (sky130_fd_sc_hd__a21oi_1)
     3    0.01    0.25    0.26    8.09 ^ _1503_/Y (sky130_fd_sc_hd__a21oi_1)
                                         _0786_ (net)
                  0.25    0.00    8.09 ^ _1510_/A2 (sky130_fd_sc_hd__a32o_1)
     2    0.01    0.14    0.28    8.37 ^ _1510_/X (sky130_fd_sc_hd__a32o_1)
                                         _0793_ (net)
                  0.14    0.00    8.37 ^ _1514_/A (sky130_fd_sc_hd__nor2_4)
     9    0.04    0.10    0.10    8.46 v _1514_/Y (sky130_fd_sc_hd__nor2_4)
                                         _0797_ (net)
                  0.10    0.00    8.46 v _1535_/A1 (sky130_fd_sc_hd__a21oi_1)
     5    0.02    0.42    0.37    8.83 ^ _1535_/Y (sky130_fd_sc_hd__a21oi_1)
                                         _0817_ (net)
                  0.42    0.00    8.83 ^ _1582_/A1 (sky130_fd_sc_hd__a22oi_1)
     1    0.01    0.13    0.18    9.02 v _1582_/Y (sky130_fd_sc_hd__a22oi_1)
                                         _0863_ (net)
                  0.13    0.00    9.02 v _1600_/A1 (sky130_fd_sc_hd__o32a_4)
     8    0.03    0.09    0.46    9.47 v _1600_/X (sky130_fd_sc_hd__o32a_4)
                                         _0881_ (net)
                  0.09    0.00    9.47 v _1648_/A1 (sky130_fd_sc_hd__o311ai_4)
     5    0.02    0.33    0.39    9.86 ^ _1648_/Y (sky130_fd_sc_hd__o311ai_4)
                                         _0928_ (net)
                  0.33    0.00    9.86 ^ _1652_/B (sky130_fd_sc_hd__nand3_2)
     3    0.01    0.15    0.17   10.03 v _1652_/Y (sky130_fd_sc_hd__nand3_2)
                                         _0932_ (net)
                  0.15    0.00   10.03 v _1663_/A2 (sky130_fd_sc_hd__o211a_4)
     7    0.02    0.06    0.30   10.32 v _1663_/X (sky130_fd_sc_hd__o211a_4)
                                         _0943_ (net)
                  0.06    0.00   10.32 v _1678_/C (sky130_fd_sc_hd__or4_4)
     3    0.01    0.10    0.50   10.82 v _1678_/X (sky130_fd_sc_hd__or4_4)
                                         _0957_ (net)
                  0.10    0.00   10.82 v _1697_/C (sky130_fd_sc_hd__nand4_1)
     4    0.01    0.16    0.18   11.00 ^ _1697_/Y (sky130_fd_sc_hd__nand4_1)
                                         _0975_ (net)
                  0.16    0.00   11.00 ^ _1699_/A (sky130_fd_sc_hd__nand2_1)
     1    0.00    0.07    0.08   11.08 v _1699_/Y (sky130_fd_sc_hd__nand2_1)
                                         _0977_ (net)
                  0.07    0.00   11.08 v _1700_/C (sky130_fd_sc_hd__maj3_1)
     3    0.01    0.11    0.41   11.49 v _1700_/X (sky130_fd_sc_hd__maj3_1)
                                         _0978_ (net)
                  0.11    0.00   11.49 v _1707_/A2 (sky130_fd_sc_hd__o21ai_0)
     2    0.01    0.22    0.23   11.72 ^ _1707_/Y (sky130_fd_sc_hd__o21ai_0)
                                         _0985_ (net)
                  0.22    0.00   11.72 ^ _1712_/A2 (sky130_fd_sc_hd__a21oi_1)
     1    0.00    0.10    0.11   11.82 v _1712_/Y (sky130_fd_sc_hd__a21oi_1)
                                         _0272_ (net)
                  0.10    0.00   11.82 v _2113_/B (sky130_fd_sc_hd__ha_1)
     1    0.00    0.04    0.19   12.02 v _2113_/COUT (sky130_fd_sc_hd__ha_1)
                                         _0273_ (net)
                  0.04    0.00   12.02 v _1736_/B2 (sky130_fd_sc_hd__a221oi_1)
     1    0.01    0.29    0.31   12.32 ^ _1736_/Y (sky130_fd_sc_hd__a221oi_1)
                                         _1013_ (net)
                  0.29    0.00   12.32 ^ _1744_/A2 (sky130_fd_sc_hd__o221ai_1)
     2    0.01    0.13    0.18   12.51 v _1744_/Y (sky130_fd_sc_hd__o221ai_1)
                                         _1021_ (net)
                  0.13    0.00   12.51 v _1746_/B1 (sky130_fd_sc_hd__a2111oi_0)
     1    0.00    0.33    0.38   12.89 ^ _1746_/Y (sky130_fd_sc_hd__a2111oi_0)
                                         _1023_ (net)
                  0.33    0.00   12.89 ^ _1747_/B1 (sky130_fd_sc_hd__o21ai_1)
     1    0.00    0.09    0.12   13.00 v _1747_/Y (sky130_fd_sc_hd__o21ai_1)
                                         _1024_ (net)
                  0.09    0.00   13.00 v _1763_/A1 (sky130_fd_sc_hd__o32ai_1)
     1    0.00    0.23    0.30   13.30 ^ _1763_/Y (sky130_fd_sc_hd__o32ai_1)
                                         _0000_ (net)
                  0.23    0.00   13.30 ^ pwm_out_s$_DFF_P_/D (sky130_fd_sc_hd__dfxtp_1)
                                 13.30   data arrival time

                         20.00   20.00   clock clk (rise edge)
                          0.00   20.00   clock source latency
     1    0.02    0.00    0.00   20.00 ^ clk (in)
                                         clk (net)
                  0.00    0.00   20.00 ^ clkbuf_0_clk/A (sky130_fd_sc_hd__clkbuf_16)
     4    0.05    0.07    0.13   20.13 ^ clkbuf_0_clk/X (sky130_fd_sc_hd__clkbuf_16)
                                         clknet_0_clk (net)
                  0.07    0.00   20.13 ^ clkbuf_2_3__f_clk/A (sky130_fd_sc_hd__clkbuf_16)
     8    0.03    0.05    0.14   20.28 ^ clkbuf_2_3__f_clk/X (sky130_fd_sc_hd__clkbuf_16)
                                         clknet_2_3__leaf_clk (net)
                  0.05    0.00   20.28 ^ pwm_out_s$_DFF_P_/CLK (sky130_fd_sc_hd__dfxtp_1)
                          0.00   20.28   clock reconvergence pessimism
                         -0.10   20.18   library setup time
                                 20.18   data required time
-----------------------------------------------------------------------------
                                 20.18   data required time
                                -13.30   data arrival time
-----------------------------------------------------------------------------
                                  6.88   slack (MET)



==========================================================================
cts final report_check_types -max_slew -max_cap -max_fanout -violators
--------------------------------------------------------------------------

==========================================================================
cts final max_slew_check_slack
--------------------------------------------------------------------------
0.6538761854171753

==========================================================================
cts final max_slew_check_limit
--------------------------------------------------------------------------
1.4892979860305786

==========================================================================
cts final max_slew_check_slack_limit
--------------------------------------------------------------------------
0.4390

==========================================================================
cts final max_fanout_check_slack
--------------------------------------------------------------------------
1.0000000150474662e+30

==========================================================================
cts final max_fanout_check_limit
--------------------------------------------------------------------------
1.0000000150474662e+30

==========================================================================
cts final max_capacitance_check_slack
--------------------------------------------------------------------------
0.017113812267780304

==========================================================================
cts final max_capacitance_check_limit
--------------------------------------------------------------------------
0.021067000925540924

==========================================================================
cts final max_capacitance_check_slack_limit
--------------------------------------------------------------------------
0.8124

==========================================================================
cts final max_slew_violation_count
--------------------------------------------------------------------------
max slew violation count 0

==========================================================================
cts final max_fanout_violation_count
--------------------------------------------------------------------------
max fanout violation count 0

==========================================================================
cts final max_cap_violation_count
--------------------------------------------------------------------------
max cap violation count 0

==========================================================================
cts final setup_violation_count
--------------------------------------------------------------------------
setup violation count 0

==========================================================================
cts final hold_violation_count
--------------------------------------------------------------------------
hold violation count 0

==========================================================================
cts final report_checks -path_delay max reg to reg
--------------------------------------------------------------------------
Startpoint: duty_reg[6]$_SDFFE_PN0P_
            (rising edge-triggered flip-flop clocked by clk)
Endpoint: pwm_out_s$_DFF_P_ (rising edge-triggered flip-flop clocked by clk)
Path Group: clk
Path Type: max

  Delay    Time   Description
---------------------------------------------------------
   0.00    0.00   clock clk (rise edge)
   0.00    0.00   clock source latency
   0.00    0.00 ^ clk (in)
   0.13    0.13 ^ clkbuf_0_clk/X (sky130_fd_sc_hd__clkbuf_16)
   0.15    0.28 ^ clkbuf_2_1__f_clk/X (sky130_fd_sc_hd__clkbuf_16)
   0.00    0.28 ^ duty_reg[6]$_SDFFE_PN0P_/CLK (sky130_fd_sc_hd__dfxtp_1)
   0.45    0.73 v duty_reg[6]$_SDFFE_PN0P_/Q (sky130_fd_sc_hd__dfxtp_1)
   0.26    0.99 v _1815_/X (sky130_fd_sc_hd__and2_1)
   0.54    1.53 ^ _2024_/SUM (sky130_fd_sc_hd__fa_1)
   0.06    1.59 v _1766_/Y (sky130_fd_sc_hd__inv_1)
   0.53    2.12 ^ _2027_/SUM (sky130_fd_sc_hd__fa_1)
   0.05    2.17 v _1799_/Y (sky130_fd_sc_hd__inv_1)
   0.53    2.70 ^ _2030_/SUM (sky130_fd_sc_hd__fa_1)
   0.05    2.76 v _1767_/Y (sky130_fd_sc_hd__inv_1)
   0.53    3.28 ^ _2034_/SUM (sky130_fd_sc_hd__fa_1)
   0.05    3.33 v _1821_/Y (sky130_fd_sc_hd__inv_1)
   0.40    3.73 v _2083_/SUM (sky130_fd_sc_hd__ha_1)
   0.31    4.04 ^ _1202_/Y (sky130_fd_sc_hd__a21oi_1)
   0.13    4.16 v _1221_/Y (sky130_fd_sc_hd__o21ai_1)
   0.55    4.72 v _1262_/X (sky130_fd_sc_hd__or4_4)
   0.23    4.95 ^ _1264_/Y (sky130_fd_sc_hd__o21ai_4)
   0.11    5.06 v _1322_/Y (sky130_fd_sc_hd__o21ai_0)
   0.38    5.43 ^ _1325_/Y (sky130_fd_sc_hd__o32ai_1)
   0.40    5.84 v _1328_/X (sky130_fd_sc_hd__and4bb_1)
   0.44    6.28 v _1394_/X (sky130_fd_sc_hd__or3_1)
   0.18    6.46 v _1416_/Y (sky130_fd_sc_hd__a21boi_0)
   0.47    6.93 ^ _1418_/Y (sky130_fd_sc_hd__a2111oi_4)
   0.10    7.03 v _1419_/Y (sky130_fd_sc_hd__a221oi_4)
   0.30    7.33 ^ _1499_/Y (sky130_fd_sc_hd__a211oi_2)
   0.49    7.83 v _1500_/X (sky130_fd_sc_hd__mux2_2)
   0.26    8.09 ^ _1503_/Y (sky130_fd_sc_hd__a21oi_1)
   0.28    8.37 ^ _1510_/X (sky130_fd_sc_hd__a32o_1)
   0.10    8.46 v _1514_/Y (sky130_fd_sc_hd__nor2_4)
   0.37    8.83 ^ _1535_/Y (sky130_fd_sc_hd__a21oi_1)
   0.18    9.02 v _1582_/Y (sky130_fd_sc_hd__a22oi_1)
   0.46    9.47 v _1600_/X (sky130_fd_sc_hd__o32a_4)
   0.39    9.86 ^ _1648_/Y (sky130_fd_sc_hd__o311ai_4)
   0.17   10.03 v _1652_/Y (sky130_fd_sc_hd__nand3_2)
   0.30   10.32 v _1663_/X (sky130_fd_sc_hd__o211a_4)
   0.50   10.82 v _1678_/X (sky130_fd_sc_hd__or4_4)
   0.18   11.00 ^ _1697_/Y (sky130_fd_sc_hd__nand4_1)
   0.08   11.08 v _1699_/Y (sky130_fd_sc_hd__nand2_1)
   0.41   11.49 v _1700_/X (sky130_fd_sc_hd__maj3_1)
   0.23   11.72 ^ _1707_/Y (sky130_fd_sc_hd__o21ai_0)
   0.11   11.82 v _1712_/Y (sky130_fd_sc_hd__a21oi_1)
   0.19   12.02 v _2113_/COUT (sky130_fd_sc_hd__ha_1)
   0.31   12.32 ^ _1736_/Y (sky130_fd_sc_hd__a221oi_1)
   0.18   12.51 v _1744_/Y (sky130_fd_sc_hd__o221ai_1)
   0.38   12.89 ^ _1746_/Y (sky130_fd_sc_hd__a2111oi_0)
   0.12   13.00 v _1747_/Y (sky130_fd_sc_hd__o21ai_1)
   0.30   13.30 ^ _1763_/Y (sky130_fd_sc_hd__o32ai_1)
   0.00   13.30 ^ pwm_out_s$_DFF_P_/D (sky130_fd_sc_hd__dfxtp_1)
          13.30   data arrival time

  20.00   20.00   clock clk (rise edge)
   0.00   20.00   clock source latency
   0.00   20.00 ^ clk (in)
   0.13   20.13 ^ clkbuf_0_clk/X (sky130_fd_sc_hd__clkbuf_16)
   0.14   20.28 ^ clkbuf_2_3__f_clk/X (sky130_fd_sc_hd__clkbuf_16)
   0.00   20.28 ^ pwm_out_s$_DFF_P_/CLK (sky130_fd_sc_hd__dfxtp_1)
   0.00   20.28   clock reconvergence pessimism
  -0.10   20.18   library setup time
          20.18   data required time
---------------------------------------------------------
          20.18   data required time
         -13.30   data arrival time
---------------------------------------------------------
           6.88   slack (MET)



==========================================================================
cts final report_checks -path_delay min reg to reg
--------------------------------------------------------------------------
Startpoint: counter[10]$_SDFFE_PP0P_
            (rising edge-triggered flip-flop clocked by clk)
Endpoint: counter[10]$_SDFFE_PP0P_
          (rising edge-triggered flip-flop clocked by clk)
Path Group: clk
Path Type: min

  Delay    Time   Description
---------------------------------------------------------
   0.00    0.00   clock clk (rise edge)
   0.00    0.00   clock source latency
   0.00    0.00 ^ clk (in)
   0.13    0.13 ^ clkbuf_0_clk/X (sky130_fd_sc_hd__clkbuf_16)
   0.14    0.28 ^ clkbuf_2_3__f_clk/X (sky130_fd_sc_hd__clkbuf_16)
   0.00    0.28 ^ counter[10]$_SDFFE_PP0P_/CLK (sky130_fd_sc_hd__dfxtp_1)
   0.35    0.63 v counter[10]$_SDFFE_PP0P_/Q (sky130_fd_sc_hd__dfxtp_1)
   0.16    0.79 ^ _1920_/Y (sky130_fd_sc_hd__xnor2_1)
   0.04    0.82 v _1921_/Y (sky130_fd_sc_hd__nor2_1)
   0.00    0.82 v counter[10]$_SDFFE_PP0P_/D (sky130_fd_sc_hd__dfxtp_1)
           0.82   data arrival time

   0.00    0.00   clock clk (rise edge)
   0.00    0.00   clock source latency
   0.00    0.00 ^ clk (in)
   0.13    0.13 ^ clkbuf_0_clk/X (sky130_fd_sc_hd__clkbuf_16)
   0.14    0.28 ^ clkbuf_2_3__f_clk/X (sky130_fd_sc_hd__clkbuf_16)
   0.00    0.28 ^ counter[10]$_SDFFE_PP0P_/CLK (sky130_fd_sc_hd__dfxtp_1)
   0.00    0.28   clock reconvergence pessimism
  -0.04    0.23   library hold time
           0.23   data required time
---------------------------------------------------------
           0.23   data required time
          -0.82   data arrival time
---------------------------------------------------------
           0.59   slack (MET)



==========================================================================
cts final critical path target clock latency max path
--------------------------------------------------------------------------
0

==========================================================================
cts final critical path target clock latency min path
--------------------------------------------------------------------------
0

==========================================================================
cts final critical path source clock latency min path
--------------------------------------------------------------------------
0

==========================================================================
cts final critical path delay
--------------------------------------------------------------------------
13.2969

==========================================================================
cts final critical path slack
--------------------------------------------------------------------------
6.8819

==========================================================================
cts final slack div critical path delay
--------------------------------------------------------------------------
51.755672

==========================================================================
cts final report_power
--------------------------------------------------------------------------
Group                  Internal  Switching    Leakage      Total
                          Power      Power      Power      Power (Watts)
----------------------------------------------------------------
Sequential             6.91e-05   9.21e-06   2.69e-10   7.83e-05  18.2%
Combinational          1.11e-04   1.59e-04   3.18e-09   2.70e-04  62.8%
Clock                  5.27e-05   2.92e-05   7.99e-11   8.19e-05  19.0%
Macro                  0.00e+00   0.00e+00   0.00e+00   0.00e+00   0.0%
Pad                    0.00e+00   0.00e+00   0.00e+00   0.00e+00   0.0%
----------------------------------------------------------------
Total                  2.33e-04   1.97e-04   3.53e-09   4.30e-04 100.0%
                          54.2%      45.8%       0.0%
