
==========================================================================
global route report_tns
--------------------------------------------------------------------------
tns max 0.00

==========================================================================
global route report_wns
--------------------------------------------------------------------------
wns max 0.00

==========================================================================
global route report_worst_slack
--------------------------------------------------------------------------
worst slack max 6.00

==========================================================================
global route report_clock_min_period
--------------------------------------------------------------------------
clk period_min = 14.00 fmax = 71.44

==========================================================================
global route report_clock_skew
--------------------------------------------------------------------------
Clock clk
   0.29 source latency duty_reg[0]$_SDFFE_PN0P_/CLK ^
  -0.28 target latency counter[11]$_SDFFE_PP0P_/CLK ^
   0.00 CRPR
--------------
   0.01 setup skew


==========================================================================
global route report_checks -path_delay min
--------------------------------------------------------------------------
Startpoint: counter[12]$_SDFFE_PP0P_
            (rising edge-triggered flip-flop clocked by clk)
Endpoint: counter[12]$_SDFFE_PP0P_
          (rising edge-triggered flip-flop clocked by clk)
Path Group: clk
Path Type: min

Fanout     Cap    Slew   Delay    Time   Description
-----------------------------------------------------------------------------
                          0.00    0.00   clock clk (rise edge)
                          0.00    0.00   clock source latency
     1    0.02    0.00    0.00    0.00 ^ clk (in)
                                         clk (net)
                  0.00    0.00    0.00 ^ clkbuf_0_clk/A (sky130_fd_sc_hd__clkbuf_16)
     4    0.05    0.07    0.13    0.13 ^ clkbuf_0_clk/X (sky130_fd_sc_hd__clkbuf_16)
                                         clknet_0_clk (net)
                  0.07    0.00    0.13 ^ clkbuf_2_3__f_clk/A (sky130_fd_sc_hd__clkbuf_16)
     8    0.03    0.05    0.15    0.28 ^ clkbuf_2_3__f_clk/X (sky130_fd_sc_hd__clkbuf_16)
                                         clknet_2_3__leaf_clk (net)
                  0.05    0.00    0.28 ^ counter[12]$_SDFFE_PP0P_/CLK (sky130_fd_sc_hd__dfxtp_1)
     3    0.02    0.10    0.36    0.64 v counter[12]$_SDFFE_PP0P_/Q (sky130_fd_sc_hd__dfxtp_1)
                                         counter[12] (net)
                  0.10    0.00    0.64 v _1929_/A (sky130_fd_sc_hd__xnor2_1)
     1    0.00    0.05    0.15    0.79 v _1929_/Y (sky130_fd_sc_hd__xnor2_1)
                                         _0398_ (net)
                  0.05    0.00    0.79 v _1930_/B (sky130_fd_sc_hd__nor2_1)
     1    0.00    0.08    0.09    0.88 ^ _1930_/Y (sky130_fd_sc_hd__nor2_1)
                                         _0278_ (net)
                  0.08    0.00    0.88 ^ counter[12]$_SDFFE_PP0P_/D (sky130_fd_sc_hd__dfxtp_1)
                                  0.88   data arrival time

                          0.00    0.00   clock clk (rise edge)
                          0.00    0.00   clock source latency
     1    0.02    0.00    0.00    0.00 ^ clk (in)
                                         clk (net)
                  0.00    0.00    0.00 ^ clkbuf_0_clk/A (sky130_fd_sc_hd__clkbuf_16)
     4    0.05    0.07    0.13    0.13 ^ clkbuf_0_clk/X (sky130_fd_sc_hd__clkbuf_16)
                                         clknet_0_clk (net)
                  0.07    0.00    0.13 ^ clkbuf_2_3__f_clk/A (sky130_fd_sc_hd__clkbuf_16)
     8    0.03    0.05    0.15    0.28 ^ clkbuf_2_3__f_clk/X (sky130_fd_sc_hd__clkbuf_16)
                                         clknet_2_3__leaf_clk (net)
                  0.05    0.00    0.28 ^ counter[12]$_SDFFE_PP0P_/CLK (sky130_fd_sc_hd__dfxtp_1)
                          0.00    0.28   clock reconvergence pessimism
                         -0.04    0.24   library hold time
                                  0.24   data required time
-----------------------------------------------------------------------------
                                  0.24   data required time
                                 -0.88   data arrival time
-----------------------------------------------------------------------------
                                  0.64   slack (MET)



==========================================================================
global route report_checks -path_delay max
--------------------------------------------------------------------------
Startpoint: duty_reg[5]$_SDFFE_PN0P_
            (rising edge-triggered flip-flop clocked by clk)
Endpoint: pwm_out_s$_DFF_P_ (rising edge-triggered flip-flop clocked by clk)
Path Group: clk
Path Type: max

Fanout     Cap    Slew   Delay    Time   Description
-----------------------------------------------------------------------------
                          0.00    0.00   clock clk (rise edge)
                          0.00    0.00   clock source latency
     1    0.02    0.00    0.00    0.00 ^ clk (in)
                                         clk (net)
                  0.00    0.00    0.00 ^ clkbuf_0_clk/A (sky130_fd_sc_hd__clkbuf_16)
     4    0.05    0.07    0.13    0.13 ^ clkbuf_0_clk/X (sky130_fd_sc_hd__clkbuf_16)
                                         clknet_0_clk (net)
                  0.07    0.00    0.13 ^ clkbuf_2_1__f_clk/A (sky130_fd_sc_hd__clkbuf_16)
    10    0.04    0.06    0.15    0.28 ^ clkbuf_2_1__f_clk/X (sky130_fd_sc_hd__clkbuf_16)
                                         clknet_2_1__leaf_clk (net)
                  0.06    0.00    0.28 ^ duty_reg[5]$_SDFFE_PN0P_/CLK (sky130_fd_sc_hd__dfxtp_1)
    14    0.06    0.58    0.68    0.97 ^ duty_reg[5]$_SDFFE_PN0P_/Q (sky130_fd_sc_hd__dfxtp_1)
                                         duty_reg[5] (net)
                  0.58    0.00    0.97 ^ _1132_/B (sky130_fd_sc_hd__and2_1)
     1    0.01    0.11    0.25    1.22 ^ _1132_/X (sky130_fd_sc_hd__and2_1)
                                         _0060_ (net)
                  0.11    0.00    1.22 ^ _2028_/B (sky130_fd_sc_hd__fa_1)
     1    0.01    0.11    0.46    1.69 v _2028_/SUM (sky130_fd_sc_hd__fa_1)
                                         _1039_ (net)
                  0.11    0.00    1.69 v _2031_/A (sky130_fd_sc_hd__fa_1)
     1    0.01    0.10    0.53    2.21 v _2031_/SUM (sky130_fd_sc_hd__fa_1)
                                         _1045_ (net)
                  0.10    0.00    2.21 v _2035_/A (sky130_fd_sc_hd__fa_1)
     1    0.00    0.06    0.55    2.76 ^ _2035_/SUM (sky130_fd_sc_hd__fa_1)
                                         _0080_ (net)
                  0.06    0.00    2.76 ^ _1768_/A (sky130_fd_sc_hd__inv_1)
     1    0.01    0.04    0.06    2.82 v _1768_/Y (sky130_fd_sc_hd__inv_1)
                                         _0087_ (net)
                  0.04    0.00    2.82 v _2039_/A (sky130_fd_sc_hd__fa_1)
     1    0.00    0.07    0.54    3.37 ^ _2039_/SUM (sky130_fd_sc_hd__fa_1)
                                         _0091_ (net)
                  0.07    0.00    3.37 ^ _1828_/A (sky130_fd_sc_hd__inv_1)
     1    0.01    0.03    0.05    3.42 v _1828_/Y (sky130_fd_sc_hd__inv_1)
                                         _0226_ (net)
                  0.03    0.00    3.42 v _2098_/A (sky130_fd_sc_hd__ha_1)
     8    0.04    0.33    0.48    3.90 ^ _2098_/SUM (sky130_fd_sc_hd__ha_1)
                                         _0229_ (net)
                  0.33    0.00    3.90 ^ _1214_/A (sky130_fd_sc_hd__and3_1)
     5    0.02    0.19    0.32    4.21 ^ _1214_/X (sky130_fd_sc_hd__and3_1)
                                         _0503_ (net)
                  0.19    0.00    4.21 ^ _1215_/B1 (sky130_fd_sc_hd__o211ai_1)
     2    0.01    0.16    0.17    4.38 v _1215_/Y (sky130_fd_sc_hd__o211ai_1)
                                         _0504_ (net)
                  0.16    0.00    4.38 v _1216_/B1 (sky130_fd_sc_hd__a21oi_1)
     4    0.02    0.49    0.44    4.82 ^ _1216_/Y (sky130_fd_sc_hd__a21oi_1)
                                         _0505_ (net)
                  0.49    0.00    4.82 ^ _1264_/A1 (sky130_fd_sc_hd__o21ai_4)
     6    0.03    0.15    0.16    4.98 v _1264_/Y (sky130_fd_sc_hd__o21ai_4)
                                         _0553_ (net)
                  0.15    0.00    4.98 v _1286_/B (sky130_fd_sc_hd__nor3_1)
     5    0.02    0.56    0.51    5.49 ^ _1286_/Y (sky130_fd_sc_hd__nor3_1)
                                         _0575_ (net)
                  0.56    0.00    5.49 ^ _1321_/A1 (sky130_fd_sc_hd__a211oi_1)
     2    0.01    0.18    0.22    5.71 v _1321_/Y (sky130_fd_sc_hd__a211oi_1)
                                         _0608_ (net)
                  0.18    0.00    5.71 v _1328_/A_N (sky130_fd_sc_hd__and4bb_1)
    11    0.05    0.46    0.61    6.32 ^ _1328_/X (sky130_fd_sc_hd__and4bb_1)
                                         _0615_ (net)
                  0.46    0.00    6.32 ^ _1391_/C (sky130_fd_sc_hd__nand3_1)
     3    0.01    0.22    0.20    6.52 v _1391_/Y (sky130_fd_sc_hd__nand3_1)
                                         _0677_ (net)
                  0.22    0.00    6.52 v _1414_/A (sky130_fd_sc_hd__or3_1)
     1    0.01    0.11    0.48    7.00 v _1414_/X (sky130_fd_sc_hd__or3_1)
                                         _0699_ (net)
                  0.11    0.00    7.00 v _1418_/A1 (sky130_fd_sc_hd__a2111oi_4)
     1    0.01    0.33    0.38    7.37 ^ _1418_/Y (sky130_fd_sc_hd__a2111oi_4)
                                         _0703_ (net)
                  0.33    0.00    7.38 ^ _1419_/C1 (sky130_fd_sc_hd__a221oi_4)
     4    0.03    0.13    0.10    7.48 v _1419_/Y (sky130_fd_sc_hd__a221oi_4)
                                         _0704_ (net)
                  0.13    0.00    7.48 v _1499_/A1 (sky130_fd_sc_hd__a211oi_2)
     2    0.01    0.28    0.31    7.79 ^ _1499_/Y (sky130_fd_sc_hd__a211oi_2)
                                         _0783_ (net)
                  0.28    0.00    7.79 ^ _1500_/S (sky130_fd_sc_hd__mux2_2)
    12    0.05    0.15    0.50    8.29 v _1500_/X (sky130_fd_sc_hd__mux2_2)
                                         _0784_ (net)
                  0.15    0.00    8.30 v _1503_/B1 (sky130_fd_sc_hd__a21oi_1)
     3    0.01    0.29    0.29    8.58 ^ _1503_/Y (sky130_fd_sc_hd__a21oi_1)
                                         _0786_ (net)
                  0.29    0.00    8.58 ^ _1510_/A2 (sky130_fd_sc_hd__a32o_1)
     2    0.01    0.16    0.30    8.88 ^ _1510_/X (sky130_fd_sc_hd__a32o_1)
                                         _0793_ (net)
                  0.16    0.00    8.88 ^ _1514_/A (sky130_fd_sc_hd__nor2_4)
     9    0.04    0.11    0.10    8.99 v _1514_/Y (sky130_fd_sc_hd__nor2_4)
                                         _0797_ (net)
                  0.11    0.00    8.99 v _1535_/A1 (sky130_fd_sc_hd__a21oi_1)
     5    0.02    0.48    0.42    9.41 ^ _1535_/Y (sky130_fd_sc_hd__a21oi_1)
                                         _0817_ (net)
                  0.48    0.00    9.41 ^ _1582_/A1 (sky130_fd_sc_hd__a22oi_1)
     1    0.01    0.16    0.21    9.63 v _1582_/Y (sky130_fd_sc_hd__a22oi_1)
                                         _0863_ (net)
                  0.16    0.00    9.63 v _1600_/A1 (sky130_fd_sc_hd__o32a_4)
     8    0.04    0.10    0.48   10.10 v _1600_/X (sky130_fd_sc_hd__o32a_4)
                                         _0881_ (net)
                  0.10    0.00   10.10 v _1648_/A1 (sky130_fd_sc_hd__o311ai_4)
     5    0.02    0.36    0.41   10.52 ^ _1648_/Y (sky130_fd_sc_hd__o311ai_4)
                                         _0928_ (net)
                  0.36    0.00   10.52 ^ _1652_/B (sky130_fd_sc_hd__nand3_2)
     3    0.02    0.18    0.19   10.71 v _1652_/Y (sky130_fd_sc_hd__nand3_2)
                                         _0932_ (net)
                  0.18    0.00   10.71 v _1663_/A2 (sky130_fd_sc_hd__o211a_4)
     7    0.03    0.06    0.31   11.03 v _1663_/X (sky130_fd_sc_hd__o211a_4)
                                         _0943_ (net)
                  0.06    0.00   11.03 v _1678_/C (sky130_fd_sc_hd__or4_4)
     3    0.01    0.10    0.51   11.54 v _1678_/X (sky130_fd_sc_hd__or4_4)
                                         _0957_ (net)
                  0.10    0.00   11.54 v _1697_/C (sky130_fd_sc_hd__nand4_1)
     4    0.01    0.18    0.19   11.73 ^ _1697_/Y (sky130_fd_sc_hd__nand4_1)
                                         _0975_ (net)
                  0.18    0.00   11.73 ^ _1699_/A (sky130_fd_sc_hd__nand2_1)
     1    0.00    0.08    0.09   11.82 v _1699_/Y (sky130_fd_sc_hd__nand2_1)
                                         _0977_ (net)
                  0.08    0.00   11.82 v _1700_/C (sky130_fd_sc_hd__maj3_1)
     3    0.01    0.11    0.42   12.23 v _1700_/X (sky130_fd_sc_hd__maj3_1)
                                         _0978_ (net)
                  0.11    0.00   12.23 v _1707_/A2 (sky130_fd_sc_hd__o21ai_0)
     2    0.01    0.25    0.25   12.48 ^ _1707_/Y (sky130_fd_sc_hd__o21ai_0)
                                         _0985_ (net)
                  0.25    0.00   12.48 ^ _1712_/A2 (sky130_fd_sc_hd__a21oi_1)
     1    0.01    0.13    0.13   12.61 v _1712_/Y (sky130_fd_sc_hd__a21oi_1)
                                         _0272_ (net)
                  0.13    0.00   12.61 v _2113_/B (sky130_fd_sc_hd__ha_1)
     1    0.00    0.04    0.21   12.82 v _2113_/COUT (sky130_fd_sc_hd__ha_1)
                                         _0273_ (net)
                  0.04    0.00   12.82 v _1736_/B2 (sky130_fd_sc_hd__a221oi_1)
     1    0.01    0.33    0.34   13.16 ^ _1736_/Y (sky130_fd_sc_hd__a221oi_1)
                                         _1013_ (net)
                  0.33    0.00   13.16 ^ _1744_/A2 (sky130_fd_sc_hd__o221ai_1)
     2    0.01    0.15    0.20   13.36 v _1744_/Y (sky130_fd_sc_hd__o221ai_1)
                                         _1021_ (net)
                  0.15    0.00   13.36 v _1746_/B1 (sky130_fd_sc_hd__a2111oi_0)
     1    0.00    0.34    0.39   13.76 ^ _1746_/Y (sky130_fd_sc_hd__a2111oi_0)
                                         _1023_ (net)
                  0.34    0.00   13.76 ^ _1747_/B1 (sky130_fd_sc_hd__o21ai_1)
     1    0.00    0.09    0.12   13.88 v _1747_/Y (sky130_fd_sc_hd__o21ai_1)
                                         _1024_ (net)
                  0.09    0.00   13.88 v _1763_/A1 (sky130_fd_sc_hd__o32ai_1)
     1    0.00    0.24    0.30   14.18 ^ _1763_/Y (sky130_fd_sc_hd__o32ai_1)
                                         _0000_ (net)
                  0.24    0.00   14.18 ^ pwm_out_s$_DFF_P_/D (sky130_fd_sc_hd__dfxtp_1)
                                 14.18   data arrival time

                         20.00   20.00   clock clk (rise edge)
                          0.00   20.00   clock source latency
     1    0.02    0.00    0.00   20.00 ^ clk (in)
                                         clk (net)
                  0.00    0.00   20.00 ^ clkbuf_0_clk/A (sky130_fd_sc_hd__clkbuf_16)
     4    0.05    0.07    0.13   20.13 ^ clkbuf_0_clk/X (sky130_fd_sc_hd__clkbuf_16)
                                         clknet_0_clk (net)
                  0.07    0.00   20.13 ^ clkbuf_2_3__f_clk/A (sky130_fd_sc_hd__clkbuf_16)
     8    0.03    0.05    0.15   20.28 ^ clkbuf_2_3__f_clk/X (sky130_fd_sc_hd__clkbuf_16)
                                         clknet_2_3__leaf_clk (net)
                  0.05    0.00   20.28 ^ pwm_out_s$_DFF_P_/CLK (sky130_fd_sc_hd__dfxtp_1)
                          0.00   20.28   clock reconvergence pessimism
                         -0.10   20.18   library setup time
                                 20.18   data required time
-----------------------------------------------------------------------------
                                 20.18   data required time
                                -14.18   data arrival time
-----------------------------------------------------------------------------
                                  6.00   slack (MET)



==========================================================================
global route report_checks -unconstrained
--------------------------------------------------------------------------
Startpoint: duty_reg[5]$_SDFFE_PN0P_
            (rising edge-triggered flip-flop clocked by clk)
Endpoint: pwm_out_s$_DFF_P_ (rising edge-triggered flip-flop clocked by clk)
Path Group: clk
Path Type: max

Fanout     Cap    Slew   Delay    Time   Description
-----------------------------------------------------------------------------
                          0.00    0.00   clock clk (rise edge)
                          0.00    0.00   clock source latency
     1    0.02    0.00    0.00    0.00 ^ clk (in)
                                         clk (net)
                  0.00    0.00    0.00 ^ clkbuf_0_clk/A (sky130_fd_sc_hd__clkbuf_16)
     4    0.05    0.07    0.13    0.13 ^ clkbuf_0_clk/X (sky130_fd_sc_hd__clkbuf_16)
                                         clknet_0_clk (net)
                  0.07    0.00    0.13 ^ clkbuf_2_1__f_clk/A (sky130_fd_sc_hd__clkbuf_16)
    10    0.04    0.06    0.15    0.28 ^ clkbuf_2_1__f_clk/X (sky130_fd_sc_hd__clkbuf_16)
                                         clknet_2_1__leaf_clk (net)
                  0.06    0.00    0.28 ^ duty_reg[5]$_SDFFE_PN0P_/CLK (sky130_fd_sc_hd__dfxtp_1)
    14    0.06    0.58    0.68    0.97 ^ duty_reg[5]$_SDFFE_PN0P_/Q (sky130_fd_sc_hd__dfxtp_1)
                                         duty_reg[5] (net)
                  0.58    0.00    0.97 ^ _1132_/B (sky130_fd_sc_hd__and2_1)
     1    0.01    0.11    0.25    1.22 ^ _1132_/X (sky130_fd_sc_hd__and2_1)
                                         _0060_ (net)
                  0.11    0.00    1.22 ^ _2028_/B (sky130_fd_sc_hd__fa_1)
     1    0.01    0.11    0.46    1.69 v _2028_/SUM (sky130_fd_sc_hd__fa_1)
                                         _1039_ (net)
                  0.11    0.00    1.69 v _2031_/A (sky130_fd_sc_hd__fa_1)
     1    0.01    0.10    0.53    2.21 v _2031_/SUM (sky130_fd_sc_hd__fa_1)
                                         _1045_ (net)
                  0.10    0.00    2.21 v _2035_/A (sky130_fd_sc_hd__fa_1)
     1    0.00    0.06    0.55    2.76 ^ _2035_/SUM (sky130_fd_sc_hd__fa_1)
                                         _0080_ (net)
                  0.06    0.00    2.76 ^ _1768_/A (sky130_fd_sc_hd__inv_1)
     1    0.01    0.04    0.06    2.82 v _1768_/Y (sky130_fd_sc_hd__inv_1)
                                         _0087_ (net)
                  0.04    0.00    2.82 v _2039_/A (sky130_fd_sc_hd__fa_1)
     1    0.00    0.07    0.54    3.37 ^ _2039_/SUM (sky130_fd_sc_hd__fa_1)
                                         _0091_ (net)
                  0.07    0.00    3.37 ^ _1828_/A (sky130_fd_sc_hd__inv_1)
     1    0.01    0.03    0.05    3.42 v _1828_/Y (sky130_fd_sc_hd__inv_1)
                                         _0226_ (net)
                  0.03    0.00    3.42 v _2098_/A (sky130_fd_sc_hd__ha_1)
     8    0.04    0.33    0.48    3.90 ^ _2098_/SUM (sky130_fd_sc_hd__ha_1)
                                         _0229_ (net)
                  0.33    0.00    3.90 ^ _1214_/A (sky130_fd_sc_hd__and3_1)
     5    0.02    0.19    0.32    4.21 ^ _1214_/X (sky130_fd_sc_hd__and3_1)
                                         _0503_ (net)
                  0.19    0.00    4.21 ^ _1215_/B1 (sky130_fd_sc_hd__o211ai_1)
     2    0.01    0.16    0.17    4.38 v _1215_/Y (sky130_fd_sc_hd__o211ai_1)
                                         _0504_ (net)
                  0.16    0.00    4.38 v _1216_/B1 (sky130_fd_sc_hd__a21oi_1)
     4    0.02    0.49    0.44    4.82 ^ _1216_/Y (sky130_fd_sc_hd__a21oi_1)
                                         _0505_ (net)
                  0.49    0.00    4.82 ^ _1264_/A1 (sky130_fd_sc_hd__o21ai_4)
     6    0.03    0.15    0.16    4.98 v _1264_/Y (sky130_fd_sc_hd__o21ai_4)
                                         _0553_ (net)
                  0.15    0.00    4.98 v _1286_/B (sky130_fd_sc_hd__nor3_1)
     5    0.02    0.56    0.51    5.49 ^ _1286_/Y (sky130_fd_sc_hd__nor3_1)
                                         _0575_ (net)
                  0.56    0.00    5.49 ^ _1321_/A1 (sky130_fd_sc_hd__a211oi_1)
     2    0.01    0.18    0.22    5.71 v _1321_/Y (sky130_fd_sc_hd__a211oi_1)
                                         _0608_ (net)
                  0.18    0.00    5.71 v _1328_/A_N (sky130_fd_sc_hd__and4bb_1)
    11    0.05    0.46    0.61    6.32 ^ _1328_/X (sky130_fd_sc_hd__and4bb_1)
                                         _0615_ (net)
                  0.46    0.00    6.32 ^ _1391_/C (sky130_fd_sc_hd__nand3_1)
     3    0.01    0.22    0.20    6.52 v _1391_/Y (sky130_fd_sc_hd__nand3_1)
                                         _0677_ (net)
                  0.22    0.00    6.52 v _1414_/A (sky130_fd_sc_hd__or3_1)
     1    0.01    0.11    0.48    7.00 v _1414_/X (sky130_fd_sc_hd__or3_1)
                                         _0699_ (net)
                  0.11    0.00    7.00 v _1418_/A1 (sky130_fd_sc_hd__a2111oi_4)
     1    0.01    0.33    0.38    7.37 ^ _1418_/Y (sky130_fd_sc_hd__a2111oi_4)
                                         _0703_ (net)
                  0.33    0.00    7.38 ^ _1419_/C1 (sky130_fd_sc_hd__a221oi_4)
     4    0.03    0.13    0.10    7.48 v _1419_/Y (sky130_fd_sc_hd__a221oi_4)
                                         _0704_ (net)
                  0.13    0.00    7.48 v _1499_/A1 (sky130_fd_sc_hd__a211oi_2)
     2    0.01    0.28    0.31    7.79 ^ _1499_/Y (sky130_fd_sc_hd__a211oi_2)
                                         _0783_ (net)
                  0.28    0.00    7.79 ^ _1500_/S (sky130_fd_sc_hd__mux2_2)
    12    0.05    0.15    0.50    8.29 v _1500_/X (sky130_fd_sc_hd__mux2_2)
                                         _0784_ (net)
                  0.15    0.00    8.30 v _1503_/B1 (sky130_fd_sc_hd__a21oi_1)
     3    0.01    0.29    0.29    8.58 ^ _1503_/Y (sky130_fd_sc_hd__a21oi_1)
                                         _0786_ (net)
                  0.29    0.00    8.58 ^ _1510_/A2 (sky130_fd_sc_hd__a32o_1)
     2    0.01    0.16    0.30    8.88 ^ _1510_/X (sky130_fd_sc_hd__a32o_1)
                                         _0793_ (net)
                  0.16    0.00    8.88 ^ _1514_/A (sky130_fd_sc_hd__nor2_4)
     9    0.04    0.11    0.10    8.99 v _1514_/Y (sky130_fd_sc_hd__nor2_4)
                                         _0797_ (net)
                  0.11    0.00    8.99 v _1535_/A1 (sky130_fd_sc_hd__a21oi_1)
     5    0.02    0.48    0.42    9.41 ^ _1535_/Y (sky130_fd_sc_hd__a21oi_1)
                                         _0817_ (net)
                  0.48    0.00    9.41 ^ _1582_/A1 (sky130_fd_sc_hd__a22oi_1)
     1    0.01    0.16    0.21    9.63 v _1582_/Y (sky130_fd_sc_hd__a22oi_1)
                                         _0863_ (net)
                  0.16    0.00    9.63 v _1600_/A1 (sky130_fd_sc_hd__o32a_4)
     8    0.04    0.10    0.48   10.10 v _1600_/X (sky130_fd_sc_hd__o32a_4)
                                         _0881_ (net)
                  0.10    0.00   10.10 v _1648_/A1 (sky130_fd_sc_hd__o311ai_4)
     5    0.02    0.36    0.41   10.52 ^ _1648_/Y (sky130_fd_sc_hd__o311ai_4)
                                         _0928_ (net)
                  0.36    0.00   10.52 ^ _1652_/B (sky130_fd_sc_hd__nand3_2)
     3    0.02    0.18    0.19   10.71 v _1652_/Y (sky130_fd_sc_hd__nand3_2)
                                         _0932_ (net)
                  0.18    0.00   10.71 v _1663_/A2 (sky130_fd_sc_hd__o211a_4)
     7    0.03    0.06    0.31   11.03 v _1663_/X (sky130_fd_sc_hd__o211a_4)
                                         _0943_ (net)
                  0.06    0.00   11.03 v _1678_/C (sky130_fd_sc_hd__or4_4)
     3    0.01    0.10    0.51   11.54 v _1678_/X (sky130_fd_sc_hd__or4_4)
                                         _0957_ (net)
                  0.10    0.00   11.54 v _1697_/C (sky130_fd_sc_hd__nand4_1)
     4    0.01    0.18    0.19   11.73 ^ _1697_/Y (sky130_fd_sc_hd__nand4_1)
                                         _0975_ (net)
                  0.18    0.00   11.73 ^ _1699_/A (sky130_fd_sc_hd__nand2_1)
     1    0.00    0.08    0.09   11.82 v _1699_/Y (sky130_fd_sc_hd__nand2_1)
                                         _0977_ (net)
                  0.08    0.00   11.82 v _1700_/C (sky130_fd_sc_hd__maj3_1)
     3    0.01    0.11    0.42   12.23 v _1700_/X (sky130_fd_sc_hd__maj3_1)
                                         _0978_ (net)
                  0.11    0.00   12.23 v _1707_/A2 (sky130_fd_sc_hd__o21ai_0)
     2    0.01    0.25    0.25   12.48 ^ _1707_/Y (sky130_fd_sc_hd__o21ai_0)
                                         _0985_ (net)
                  0.25    0.00   12.48 ^ _1712_/A2 (sky130_fd_sc_hd__a21oi_1)
     1    0.01    0.13    0.13   12.61 v _1712_/Y (sky130_fd_sc_hd__a21oi_1)
                                         _0272_ (net)
                  0.13    0.00   12.61 v _2113_/B (sky130_fd_sc_hd__ha_1)
     1    0.00    0.04    0.21   12.82 v _2113_/COUT (sky130_fd_sc_hd__ha_1)
                                         _0273_ (net)
                  0.04    0.00   12.82 v _1736_/B2 (sky130_fd_sc_hd__a221oi_1)
     1    0.01    0.33    0.34   13.16 ^ _1736_/Y (sky130_fd_sc_hd__a221oi_1)
                                         _1013_ (net)
                  0.33    0.00   13.16 ^ _1744_/A2 (sky130_fd_sc_hd__o221ai_1)
     2    0.01    0.15    0.20   13.36 v _1744_/Y (sky130_fd_sc_hd__o221ai_1)
                                         _1021_ (net)
                  0.15    0.00   13.36 v _1746_/B1 (sky130_fd_sc_hd__a2111oi_0)
     1    0.00    0.34    0.39   13.76 ^ _1746_/Y (sky130_fd_sc_hd__a2111oi_0)
                                         _1023_ (net)
                  0.34    0.00   13.76 ^ _1747_/B1 (sky130_fd_sc_hd__o21ai_1)
     1    0.00    0.09    0.12   13.88 v _1747_/Y (sky130_fd_sc_hd__o21ai_1)
                                         _1024_ (net)
                  0.09    0.00   13.88 v _1763_/A1 (sky130_fd_sc_hd__o32ai_1)
     1    0.00    0.24    0.30   14.18 ^ _1763_/Y (sky130_fd_sc_hd__o32ai_1)
                                         _0000_ (net)
                  0.24    0.00   14.18 ^ pwm_out_s$_DFF_P_/D (sky130_fd_sc_hd__dfxtp_1)
                                 14.18   data arrival time

                         20.00   20.00   clock clk (rise edge)
                          0.00   20.00   clock source latency
     1    0.02    0.00    0.00   20.00 ^ clk (in)
                                         clk (net)
                  0.00    0.00   20.00 ^ clkbuf_0_clk/A (sky130_fd_sc_hd__clkbuf_16)
     4    0.05    0.07    0.13   20.13 ^ clkbuf_0_clk/X (sky130_fd_sc_hd__clkbuf_16)
                                         clknet_0_clk (net)
                  0.07    0.00   20.13 ^ clkbuf_2_3__f_clk/A (sky130_fd_sc_hd__clkbuf_16)
     8    0.03    0.05    0.15   20.28 ^ clkbuf_2_3__f_clk/X (sky130_fd_sc_hd__clkbuf_16)
                                         clknet_2_3__leaf_clk (net)
                  0.05    0.00   20.28 ^ pwm_out_s$_DFF_P_/CLK (sky130_fd_sc_hd__dfxtp_1)
                          0.00   20.28   clock reconvergence pessimism
                         -0.10   20.18   library setup time
                                 20.18   data required time
-----------------------------------------------------------------------------
                                 20.18   data required time
                                -14.18   data arrival time
-----------------------------------------------------------------------------
                                  6.00   slack (MET)



==========================================================================
global route report_check_types -max_slew -max_cap -max_fanout -violators
--------------------------------------------------------------------------

==========================================================================
global route max_slew_check_slack
--------------------------------------------------------------------------
0.5726274847984314

==========================================================================
global route max_slew_check_limit
--------------------------------------------------------------------------
1.4892979860305786

==========================================================================
global route max_slew_check_slack_limit
--------------------------------------------------------------------------
0.3845

==========================================================================
global route max_fanout_check_slack
--------------------------------------------------------------------------
1.0000000150474662e+30

==========================================================================
global route max_fanout_check_limit
--------------------------------------------------------------------------
1.0000000150474662e+30

==========================================================================
global route max_capacitance_check_slack
--------------------------------------------------------------------------
0.015722574666142464

==========================================================================
global route max_capacitance_check_limit
--------------------------------------------------------------------------
0.021067000925540924

==========================================================================
global route max_capacitance_check_slack_limit
--------------------------------------------------------------------------
0.7463

==========================================================================
global route max_slew_violation_count
--------------------------------------------------------------------------
max slew violation count 0

==========================================================================
global route max_fanout_violation_count
--------------------------------------------------------------------------
max fanout violation count 0

==========================================================================
global route max_cap_violation_count
--------------------------------------------------------------------------
max cap violation count 0

==========================================================================
global route setup_violation_count
--------------------------------------------------------------------------
setup violation count 0

==========================================================================
global route hold_violation_count
--------------------------------------------------------------------------
hold violation count 0

==========================================================================
global route report_checks -path_delay max reg to reg
--------------------------------------------------------------------------
Startpoint: duty_reg[5]$_SDFFE_PN0P_
            (rising edge-triggered flip-flop clocked by clk)
Endpoint: pwm_out_s$_DFF_P_ (rising edge-triggered flip-flop clocked by clk)
Path Group: clk
Path Type: max

  Delay    Time   Description
---------------------------------------------------------
   0.00    0.00   clock clk (rise edge)
   0.00    0.00   clock source latency
   0.00    0.00 ^ clk (in)
   0.13    0.13 ^ clkbuf_0_clk/X (sky130_fd_sc_hd__clkbuf_16)
   0.15    0.28 ^ clkbuf_2_1__f_clk/X (sky130_fd_sc_hd__clkbuf_16)
   0.00    0.28 ^ duty_reg[5]$_SDFFE_PN0P_/CLK (sky130_fd_sc_hd__dfxtp_1)
   0.68    0.97 ^ duty_reg[5]$_SDFFE_PN0P_/Q (sky130_fd_sc_hd__dfxtp_1)
   0.26    1.22 ^ _1132_/X (sky130_fd_sc_hd__and2_1)
   0.46    1.69 v _2028_/SUM (sky130_fd_sc_hd__fa_1)
   0.53    2.21 v _2031_/SUM (sky130_fd_sc_hd__fa_1)
   0.55    2.76 ^ _2035_/SUM (sky130_fd_sc_hd__fa_1)
   0.06    2.82 v _1768_/Y (sky130_fd_sc_hd__inv_1)
   0.54    3.37 ^ _2039_/SUM (sky130_fd_sc_hd__fa_1)
   0.05    3.42 v _1828_/Y (sky130_fd_sc_hd__inv_1)
   0.48    3.90 ^ _2098_/SUM (sky130_fd_sc_hd__ha_1)
   0.32    4.21 ^ _1214_/X (sky130_fd_sc_hd__and3_1)
   0.17    4.38 v _1215_/Y (sky130_fd_sc_hd__o211ai_1)
   0.44    4.82 ^ _1216_/Y (sky130_fd_sc_hd__a21oi_1)
   0.16    4.98 v _1264_/Y (sky130_fd_sc_hd__o21ai_4)
   0.51    5.49 ^ _1286_/Y (sky130_fd_sc_hd__nor3_1)
   0.22    5.71 v _1321_/Y (sky130_fd_sc_hd__a211oi_1)
   0.61    6.32 ^ _1328_/X (sky130_fd_sc_hd__and4bb_1)
   0.21    6.52 v _1391_/Y (sky130_fd_sc_hd__nand3_1)
   0.48    7.00 v _1414_/X (sky130_fd_sc_hd__or3_1)
   0.38    7.37 ^ _1418_/Y (sky130_fd_sc_hd__a2111oi_4)
   0.10    7.48 v _1419_/Y (sky130_fd_sc_hd__a221oi_4)
   0.31    7.79 ^ _1499_/Y (sky130_fd_sc_hd__a211oi_2)
   0.50    8.29 v _1500_/X (sky130_fd_sc_hd__mux2_2)
   0.29    8.58 ^ _1503_/Y (sky130_fd_sc_hd__a21oi_1)
   0.30    8.88 ^ _1510_/X (sky130_fd_sc_hd__a32o_1)
   0.10    8.99 v _1514_/Y (sky130_fd_sc_hd__nor2_4)
   0.43    9.41 ^ _1535_/Y (sky130_fd_sc_hd__a21oi_1)
   0.22    9.63 v _1582_/Y (sky130_fd_sc_hd__a22oi_1)
   0.48   10.10 v _1600_/X (sky130_fd_sc_hd__o32a_4)
   0.41   10.52 ^ _1648_/Y (sky130_fd_sc_hd__o311ai_4)
   0.20   10.71 v _1652_/Y (sky130_fd_sc_hd__nand3_2)
   0.32   11.03 v _1663_/X (sky130_fd_sc_hd__o211a_4)
   0.51   11.54 v _1678_/X (sky130_fd_sc_hd__or4_4)
   0.19   11.73 ^ _1697_/Y (sky130_fd_sc_hd__nand4_1)
   0.09   11.82 v _1699_/Y (sky130_fd_sc_hd__nand2_1)
   0.42   12.23 v _1700_/X (sky130_fd_sc_hd__maj3_1)
   0.25   12.48 ^ _1707_/Y (sky130_fd_sc_hd__o21ai_0)
   0.13   12.61 v _1712_/Y (sky130_fd_sc_hd__a21oi_1)
   0.21   12.82 v _2113_/COUT (sky130_fd_sc_hd__ha_1)
   0.34   13.16 ^ _1736_/Y (sky130_fd_sc_hd__a221oi_1)
   0.20   13.36 v _1744_/Y (sky130_fd_sc_hd__o221ai_1)
   0.39   13.76 ^ _1746_/Y (sky130_fd_sc_hd__a2111oi_0)
   0.12   13.88 v _1747_/Y (sky130_fd_sc_hd__o21ai_1)
   0.30   14.18 ^ _1763_/Y (sky130_fd_sc_hd__o32ai_1)
   0.00   14.18 ^ pwm_out_s$_DFF_P_/D (sky130_fd_sc_hd__dfxtp_1)
          14.18   data arrival time

  20.00   20.00   clock clk (rise edge)
   0.00   20.00   clock source latency
   0.00   20.00 ^ clk (in)
   0.13   20.13 ^ clkbuf_0_clk/X (sky130_fd_sc_hd__clkbuf_16)
   0.15   20.28 ^ clkbuf_2_3__f_clk/X (sky130_fd_sc_hd__clkbuf_16)
   0.00   20.28 ^ pwm_out_s$_DFF_P_/CLK (sky130_fd_sc_hd__dfxtp_1)
   0.00   20.28   clock reconvergence pessimism
  -0.10   20.18   library setup time
          20.18   data required time
---------------------------------------------------------
          20.18   data required time
         -14.18   data arrival time
---------------------------------------------------------
           6.00   slack (MET)



==========================================================================
global route report_checks -path_delay min reg to reg
--------------------------------------------------------------------------
Startpoint: counter[12]$_SDFFE_PP0P_
            (rising edge-triggered flip-flop clocked by clk)
Endpoint: counter[12]$_SDFFE_PP0P_
          (rising edge-triggered flip-flop clocked by clk)
Path Group: clk
Path Type: min

  Delay    Time   Description
---------------------------------------------------------
   0.00    0.00   clock clk (rise edge)
   0.00    0.00   clock source latency
   0.00    0.00 ^ clk (in)
   0.13    0.13 ^ clkbuf_0_clk/X (sky130_fd_sc_hd__clkbuf_16)
   0.15    0.28 ^ clkbuf_2_3__f_clk/X (sky130_fd_sc_hd__clkbuf_16)
   0.00    0.28 ^ counter[12]$_SDFFE_PP0P_/CLK (sky130_fd_sc_hd__dfxtp_1)
   0.36    0.64 v counter[12]$_SDFFE_PP0P_/Q (sky130_fd_sc_hd__dfxtp_1)
   0.15    0.79 v _1929_/Y (sky130_fd_sc_hd__xnor2_1)
   0.09    0.88 ^ _1930_/Y (sky130_fd_sc_hd__nor2_1)
   0.00    0.88 ^ counter[12]$_SDFFE_PP0P_/D (sky130_fd_sc_hd__dfxtp_1)
           0.88   data arrival time

   0.00    0.00   clock clk (rise edge)
   0.00    0.00   clock source latency
   0.00    0.00 ^ clk (in)
   0.13    0.13 ^ clkbuf_0_clk/X (sky130_fd_sc_hd__clkbuf_16)
   0.15    0.28 ^ clkbuf_2_3__f_clk/X (sky130_fd_sc_hd__clkbuf_16)
   0.00    0.28 ^ counter[12]$_SDFFE_PP0P_/CLK (sky130_fd_sc_hd__dfxtp_1)
   0.00    0.28   clock reconvergence pessimism
  -0.04    0.24   library hold time
           0.24   data required time
---------------------------------------------------------
           0.24   data required time
          -0.88   data arrival time
---------------------------------------------------------
           0.64   slack (MET)



==========================================================================
global route critical path target clock latency max path
--------------------------------------------------------------------------
0

==========================================================================
global route critical path target clock latency min path
--------------------------------------------------------------------------
0

==========================================================================
global route critical path source clock latency min path
--------------------------------------------------------------------------
0

==========================================================================
global route critical path delay
--------------------------------------------------------------------------
14.1801

==========================================================================
global route critical path slack
--------------------------------------------------------------------------
6.0032

==========================================================================
global route slack div critical path delay
--------------------------------------------------------------------------
42.335386

==========================================================================
global route report_power
--------------------------------------------------------------------------
Group                  Internal  Switching    Leakage      Total
                          Power      Power      Power      Power (Watts)
----------------------------------------------------------------
Sequential             6.90e-05   1.02e-05   2.69e-10   7.92e-05  17.0%
Combinational          1.12e-04   1.90e-04   3.18e-09   3.03e-04  64.8%
Clock                  5.28e-05   3.23e-05   7.99e-11   8.51e-05  18.2%
Macro                  0.00e+00   0.00e+00   0.00e+00   0.00e+00   0.0%
Pad                    0.00e+00   0.00e+00   0.00e+00   0.00e+00   0.0%
----------------------------------------------------------------
Total                  2.34e-04   2.33e-04   3.53e-09   4.67e-04 100.0%
                          50.1%      49.9%       0.0%
