#! /c/Source/iverilog-install/bin/vvp
:ivl_version "12.0 (devel)" "(s20150603-1110-g18392a46)";
:ivl_delay_selection "TYPICAL";
:vpi_time_precision + 0;
:vpi_module "C:\iverilog\lib\ivl\system.vpi";
:vpi_module "C:\iverilog\lib\ivl\vhdl_sys.vpi";
:vpi_module "C:\iverilog\lib\ivl\vhdl_textio.vpi";
:vpi_module "C:\iverilog\lib\ivl\v2005_math.vpi";
:vpi_module "C:\iverilog\lib\ivl\va_math.vpi";
:vpi_module "C:\iverilog\lib\ivl\v2009.vpi";
S_00000190cf77a600 .scope package, "$unit" "$unit" 2 1;
 .timescale 0 0;
S_00000190cf77bd60 .scope module, "tb" "tb" 3 1;
 .timescale 0 0;
v00000190cf7b9900_0 .var "clk", 0 0;
v00000190cf7b99a0_0 .net "out", 3 0, v00000190cf7c65b0_0;  1 drivers
v00000190cf77ad40_0 .var "rst", 0 0;
v00000190cf77ade0_0 .var/i "test_passed", 31 0;
S_00000190cf77aa20 .scope begin, "$ivl_for_loop0" "$ivl_for_loop0" 3 49, 3 49 0, S_00000190cf77bd60;
 .timescale 0 0;
v00000190cf77bef0_0 .var/i "i", 31 0;
E_00000190cf7bc2e0 .event posedge, v00000190cf776f50_0;
S_00000190cf7b9770 .scope begin, "$ivl_for_loop1" "$ivl_for_loop1" 3 70, 3 70 0, S_00000190cf77bd60;
 .timescale 0 0;
v00000190cf776d30_0 .var/i "i", 31 0;
S_00000190cf77abb0 .scope module, "dut" "counter" 3 14, 4 2 0, S_00000190cf77bd60;
 .timescale 0 0;
    .port_info 0 /INPUT 1 "clk";
    .port_info 1 /INPUT 1 "rst";
    .port_info 2 /OUTPUT 4 "out";
v00000190cf776f50_0 .net "clk", 0 0, v00000190cf7b9900_0;  1 drivers
v00000190cf7c65b0_0 .var "out", 3 0;
v00000190cf776a80_0 .net "rst", 0 0, v00000190cf77ad40_0;  1 drivers
E_00000190cf7bbba0 .event posedge, v00000190cf776a80_0, v00000190cf776f50_0;
    .scope S_00000190cf77abb0;
T_0 ;
    %wait E_00000190cf7bbba0;
    %load/vec4 v00000190cf776a80_0;
    %flag_set/vec4 8;
    %jmp/0xz  T_0.0, 8;
    %pushi/vec4 0, 0, 4;
    %assign/vec4 v00000190cf7c65b0_0, 0;
    %jmp T_0.1;
T_0.0 ;
    %load/vec4 v00000190cf7c65b0_0;
    %addi 1, 0, 4;
    %assign/vec4 v00000190cf7c65b0_0, 0;
T_0.1 ;
    %jmp T_0;
    .thread T_0;
    .scope S_00000190cf77bd60;
T_1 ;
    %pushi/vec4 1, 0, 32;
    %store/vec4 v00000190cf77ade0_0, 0, 32;
    %end;
    .thread T_1, $init;
    .scope S_00000190cf77bd60;
T_2 ;
    %pushi/vec4 0, 0, 1;
    %store/vec4 v00000190cf7b9900_0, 0, 1;
T_2.0 ;
    %delay 5, 0;
    %load/vec4 v00000190cf7b9900_0;
    %inv;
    %store/vec4 v00000190cf7b9900_0, 0, 1;
    %jmp T_2.0;
    %end;
    .thread T_2;
    .scope S_00000190cf77bd60;
T_3 ;
    %vpi_call/w 3 28 "$display", "Starting test..." {0 0 0};
    %vpi_call/w 3 31 "$display", "Step 1: Testing asynchronous reset..." {0 0 0};
    %pushi/vec4 1, 0, 1;
    %store/vec4 v00000190cf77ad40_0, 0, 1;
    %delay 10, 0;
    %delay 1, 0;
    %load/vec4 v00000190cf7b99a0_0;
    %cmpi/ne 0, 0, 4;
    %jmp/0xz  T_3.0, 6;
    %vpi_call/w 3 36 "$display", "ERROR: Reset failed. Expected 0, got %d", v00000190cf7b99a0_0 {0 0 0};
    %pushi/vec4 0, 0, 32;
    %store/vec4 v00000190cf77ade0_0, 0, 32;
T_3.0 ;
    %pushi/vec4 0, 0, 1;
    %store/vec4 v00000190cf77ad40_0, 0, 1;
    %delay 1, 0;
    %load/vec4 v00000190cf7b99a0_0;
    %cmpi/ne 0, 0, 4;
    %jmp/0xz  T_3.2, 6;
    %vpi_call/w 3 43 "$display", "ERROR: Output changed on reset de-assertion. Expected 0, got %d", v00000190cf7b99a0_0 {0 0 0};
    %pushi/vec4 0, 0, 32;
    %store/vec4 v00000190cf77ade0_0, 0, 32;
T_3.2 ;
    %vpi_call/w 3 48 "$display", "Step 2: Testing normal counting..." {0 0 0};
    %fork t_1, S_00000190cf77aa20;
    %jmp t_0;
    .scope S_00000190cf77aa20;
t_1 ;
    %pushi/vec4 1, 0, 32;
    %store/vec4 v00000190cf77bef0_0, 0, 32;
T_3.4 ;
    %load/vec4 v00000190cf77bef0_0;
    %cmpi/s 15, 0, 32;
    %flag_or 5, 4;
    %jmp/0xz T_3.5, 5;
    %wait E_00000190cf7bc2e0;
    %delay 1, 0;
    %load/vec4 v00000190cf7b99a0_0;
    %pad/u 32;
    %load/vec4 v00000190cf77bef0_0;
    %cmp/ne;
    %jmp/0xz  T_3.6, 6;
    %vpi_call/w 3 53 "$display", "ERROR: Count mismatch at time %0t. Expected %d, got %d", $time, v00000190cf77bef0_0, v00000190cf7b99a0_0 {0 0 0};
    %pushi/vec4 0, 0, 32;
    %store/vec4 v00000190cf77ade0_0, 0, 32;
T_3.6 ;
    %load/vec4 v00000190cf77bef0_0;
    %addi 1, 0, 32;
    %store/vec4 v00000190cf77bef0_0, 0, 32;
    %jmp T_3.4;
T_3.5 ;
    %end;
    .scope S_00000190cf77bd60;
t_0 %join;
    %vpi_call/w 3 59 "$display", "Step 3: Testing rollover..." {0 0 0};
    %wait E_00000190cf7bc2e0;
    %delay 1, 0;
    %load/vec4 v00000190cf7b99a0_0;
    %cmpi/ne 0, 0, 4;
    %jmp/0xz  T_3.8, 6;
    %vpi_call/w 3 63 "$display", "ERROR: Rollover from 15 to 0 failed. Expected 0, got %d", v00000190cf7b99a0_0 {0 0 0};
    %pushi/vec4 0, 0, 32;
    %store/vec4 v00000190cf77ade0_0, 0, 32;
T_3.8 ;
    %vpi_call/w 3 68 "$display", "Step 4: Testing reset during operation..." {0 0 0};
    %fork t_3, S_00000190cf7b9770;
    %jmp t_2;
    .scope S_00000190cf7b9770;
t_3 ;
    %pushi/vec4 1, 0, 32;
    %store/vec4 v00000190cf776d30_0, 0, 32;
T_3.10 ;
    %load/vec4 v00000190cf776d30_0;
    %cmpi/s 5, 0, 32;
    %flag_or 5, 4;
    %jmp/0xz T_3.11, 5;
    %wait E_00000190cf7bc2e0;
    %load/vec4 v00000190cf776d30_0;
    %addi 1, 0, 32;
    %store/vec4 v00000190cf776d30_0, 0, 32;
    %jmp T_3.10;
T_3.11 ;
    %end;
    .scope S_00000190cf77bd60;
t_2 %join;
    %delay 1, 0;
    %load/vec4 v00000190cf7b99a0_0;
    %pad/u 32;
    %cmpi/ne 5, 0, 32;
    %jmp/0xz  T_3.12, 6;
    %vpi_call/w 3 75 "$display", "ERROR: Pre-reset count mismatch. Expected 5, got %d", v00000190cf7b99a0_0 {0 0 0};
    %pushi/vec4 0, 0, 32;
    %store/vec4 v00000190cf77ade0_0, 0, 32;
T_3.12 ;
    %pushi/vec4 1, 0, 1;
    %store/vec4 v00000190cf77ad40_0, 0, 1;
    %delay 2, 0;
    %load/vec4 v00000190cf7b99a0_0;
    %cmpi/ne 0, 0, 4;
    %jmp/0xz  T_3.14, 6;
    %vpi_call/w 3 83 "$display", "ERROR: Mid-operation reset failed. Expected 0, got %d", v00000190cf7b99a0_0 {0 0 0};
    %pushi/vec4 0, 0, 32;
    %store/vec4 v00000190cf77ade0_0, 0, 32;
T_3.14 ;
    %pushi/vec4 0, 0, 1;
    %store/vec4 v00000190cf77ad40_0, 0, 1;
    %wait E_00000190cf7bc2e0;
    %delay 1, 0;
    %load/vec4 v00000190cf7b99a0_0;
    %cmpi/ne 1, 0, 4;
    %jmp/0xz  T_3.16, 6;
    %vpi_call/w 3 92 "$display", "ERROR: Post-reset count failed. Expected 1, got %d", v00000190cf7b99a0_0 {0 0 0};
    %pushi/vec4 0, 0, 32;
    %store/vec4 v00000190cf77ade0_0, 0, 32;
T_3.16 ;
    %delay 20, 0;
    %load/vec4 v00000190cf77ade0_0;
    %cmpi/ne 0, 0, 32;
    %jmp/0xz  T_3.18, 4;
    %vpi_call/w 3 99 "$display", "TEST PASSED" {0 0 0};
    %jmp T_3.19;
T_3.18 ;
    %vpi_call/w 3 101 "$display", "TEST FAILED" {0 0 0};
T_3.19 ;
    %vpi_call/w 3 104 "$finish" {0 0 0};
    %end;
    .thread T_3;
# The file index is used to find the file name in the following table.
:file_names 5;
    "N/A";
    "<interactive>";
    "-";
    "C:\Users\naman\Desktop\Projects\RTL_AGENT\workspace\tb.v";
    "C:\Users\naman\Desktop\Projects\RTL_AGENT\workspace\design.v";
